==========================================
SLURM_JOB_ID = 6095975
SLURM_JOB_NODELIST = d05-07
TMPDIR = /tmp/SLURM_6095975
==========================================
Epoch 1: Loss = 0.34597, Training (Code) = 0.79521, Validation (Code) = 0.79158, Training (X) = 0.86628, Validation (X) = 0.8702, Training (Z) = 0.86484, Validation (Z) = 0.85893
Epoch 2: Loss = 0.28985, Training (Code) = 0.85708, Validation (Code) = 0.85858, Training (X) = 0.86663, Validation (X) = 0.86683, Training (Z) = 0.86733, Validation (Z) = 0.86606
Epoch 3: Loss = 0.26659, Training (Code) = 0.88808, Validation (Code) = 0.88658, Training (X) = 0.86765, Validation (X) = 0.86653, Training (Z) = 0.86809, Validation (Z) = 0.86662
Epoch 4: Loss = 0.25455, Training (Code) = 0.90265, Validation (Code) = 0.90242, Training (X) = 0.86893, Validation (X) = 0.86896, Training (Z) = 0.86805, Validation (Z) = 0.86582
Epoch 5: Loss = 0.2484, Training (Code) = 0.90808, Validation (Code) = 0.90758, Training (X) = 0.86921, Validation (X) = 0.87026, Training (Z) = 0.86923, Validation (Z) = 0.86732
Epoch 6: Loss = 0.2455, Training (Code) = 0.91267, Validation (Code) = 0.9125, Training (X) = 0.86984, Validation (X) = 0.87123, Training (Z) = 0.8698, Validation (Z) = 0.87114
Epoch 7: Loss = 0.24427, Training (Code) = 0.91581, Validation (Code) = 0.9145, Training (X) = 0.86829, Validation (X) = 0.87042, Training (Z) = 0.86981, Validation (Z) = 0.86978
Epoch 8: Loss = 0.24381, Training (Code) = 0.91577, Validation (Code) = 0.915, Training (X) = 0.87092, Validation (X) = 0.86767, Training (Z) = 0.86912, Validation (Z) = 0.86521
Epoch 9: Loss = 0.24368, Training (Code) = 0.91746, Validation (Code) = 0.91858, Training (X) = 0.8707, Validation (X) = 0.86682, Training (Z) = 0.86891, Validation (Z) = 0.86691
Epoch 10: Loss = 0.2437, Training (Code) = 0.92075, Validation (Code) = 0.9165, Training (X) = 0.86958, Validation (X) = 0.86825, Training (Z) = 0.86693, Validation (Z) = 0.8647
Epoch 11: Loss = 0.24378, Training (Code) = 0.91829, Validation (Code) = 0.91558, Training (X) = 0.87057, Validation (X) = 0.86693, Training (Z) = 0.86914, Validation (Z) = 0.86894
Epoch 12: Loss = 0.24388, Training (Code) = 0.91846, Validation (Code) = 0.917, Training (X) = 0.86928, Validation (X) = 0.86696, Training (Z) = 0.86948, Validation (Z) = 0.86805
Epoch 13: Loss = 0.244, Training (Code) = 0.9174, Validation (Code) = 0.92, Training (X) = 0.86947, Validation (X) = 0.86911, Training (Z) = 0.86795, Validation (Z) = 0.86775
Epoch 14: Loss = 0.24411, Training (Code) = 0.91904, Validation (Code) = 0.91358, Training (X) = 0.86825, Validation (X) = 0.8712, Training (Z) = 0.87015, Validation (Z) = 0.86838
Epoch 15: Loss = 0.24422, Training (Code) = 0.91987, Validation (Code) = 0.92025, Training (X) = 0.86937, Validation (X) = 0.8687, Training (Z) = 0.86656, Validation (Z) = 0.87014
Epoch 16: Loss = 0.24433, Training (Code) = 0.91748, Validation (Code) = 0.91633, Training (X) = 0.86975, Validation (X) = 0.86913, Training (Z) = 0.86932, Validation (Z) = 0.86841
Epoch 17: Loss = 0.24445, Training (Code) = 0.92, Validation (Code) = 0.92083, Training (X) = 0.86988, Validation (X) = 0.86652, Training (Z) = 0.86637, Validation (Z) = 0.86896
Epoch 18: Loss = 0.24457, Training (Code) = 0.92054, Validation (Code) = 0.91833, Training (X) = 0.86887, Validation (X) = 0.8676, Training (Z) = 0.86842, Validation (Z) = 0.87196
Epoch 19: Loss = 0.24469, Training (Code) = 0.91985, Validation (Code) = 0.91733, Training (X) = 0.86882, Validation (X) = 0.86682, Training (Z) = 0.86694, Validation (Z) = 0.86882
Epoch 20: Loss = 0.24482, Training (Code) = 0.91902, Validation (Code) = 0.92017, Training (X) = 0.86911, Validation (X) = 0.86868, Training (Z) = 0.86931, Validation (Z) = 0.86914
Epoch 21: Loss = 0.24495, Training (Code) = 0.91892, Validation (Code) = 0.91817, Training (X) = 0.86873, Validation (X) = 0.86676, Training (Z) = 0.86862, Validation (Z) = 0.86976
Epoch 22: Loss = 0.24508, Training (Code) = 0.9196, Validation (Code) = 0.91617, Training (X) = 0.86992, Validation (X) = 0.86947, Training (Z) = 0.86858, Validation (Z) = 0.86966
Epoch 23: Loss = 0.24521, Training (Code) = 0.91956, Validation (Code) = 0.92092, Training (X) = 0.87011, Validation (X) = 0.86463, Training (Z) = 0.86937, Validation (Z) = 0.86454
Epoch 24: Loss = 0.24534, Training (Code) = 0.91867, Validation (Code) = 0.9185, Training (X) = 0.86872, Validation (X) = 0.87162, Training (Z) = 0.86854, Validation (Z) = 0.87117
Epoch 25: Loss = 0.24546, Training (Code) = 0.91985, Validation (Code) = 0.9205, Training (X) = 0.86748, Validation (X) = 0.86991, Training (Z) = 0.86864, Validation (Z) = 0.8729
Epoch 26: Loss = 0.24558, Training (Code) = 0.92017, Validation (Code) = 0.91817, Training (X) = 0.87068, Validation (X) = 0.86731, Training (Z) = 0.87004, Validation (Z) = 0.86858
Epoch 27: Loss = 0.24569, Training (Code) = 0.91946, Validation (Code) = 0.91833, Training (X) = 0.86779, Validation (X) = 0.86388, Training (Z) = 0.86799, Validation (Z) = 0.86915
Epoch 28: Loss = 0.24579, Training (Code) = 0.92133, Validation (Code) = 0.9205, Training (X) = 0.86842, Validation (X) = 0.86973, Training (Z) = 0.86482, Validation (Z) = 0.87
Epoch 29: Loss = 0.24587, Training (Code) = 0.9215, Validation (Code) = 0.91958, Training (X) = 0.86797, Validation (X) = 0.86733, Training (Z) = 0.8686, Validation (Z) = 0.86434
Epoch 30: Loss = 0.24595, Training (Code) = 0.92094, Validation (Code) = 0.91592, Training (X) = 0.86784, Validation (X) = 0.86553, Training (Z) = 0.86787, Validation (Z) = 0.87108
Epoch 31: Loss = 0.24601, Training (Code) = 0.9194, Validation (Code) = 0.91992, Training (X) = 0.86839, Validation (X) = 0.86774, Training (Z) = 0.86751, Validation (Z) = 0.86575
Epoch 32: Loss = 0.24606, Training (Code) = 0.92198, Validation (Code) = 0.91708, Training (X) = 0.86928, Validation (X) = 0.86597, Training (Z) = 0.86874, Validation (Z) = 0.86697
Epoch 33: Loss = 0.2461, Training (Code) = 0.92112, Validation (Code) = 0.915, Training (X) = 0.86893, Validation (X) = 0.86794, Training (Z) = 0.86832, Validation (Z) = 0.86976
Epoch 34: Loss = 0.24613, Training (Code) = 0.92146, Validation (Code) = 0.92167, Training (X) = 0.86862, Validation (X) = 0.86826, Training (Z) = 0.86713, Validation (Z) = 0.86718
Epoch 35: Loss = 0.24615, Training (Code) = 0.91902, Validation (Code) = 0.91975, Training (X) = 0.86924, Validation (X) = 0.86908, Training (Z) = 0.86827, Validation (Z) = 0.86917
Epoch 36: Loss = 0.24616, Training (Code) = 0.91954, Validation (Code) = 0.9185, Training (X) = 0.87023, Validation (X) = 0.87008, Training (Z) = 0.86961, Validation (Z) = 0.86835
Epoch 37: Loss = 0.24616, Training (Code) = 0.9206, Validation (Code) = 0.91875, Training (X) = 0.86793, Validation (X) = 0.86993, Training (Z) = 0.86983, Validation (Z) = 0.87029
Epoch 38: Loss = 0.24615, Training (Code) = 0.92081, Validation (Code) = 0.91908, Training (X) = 0.86927, Validation (X) = 0.87279, Training (Z) = 0.86954, Validation (Z) = 0.86808
Epoch 39: Loss = 0.24614, Training (Code) = 0.92129, Validation (Code) = 0.92067, Training (X) = 0.86776, Validation (X) = 0.86821, Training (Z) = 0.86841, Validation (Z) = 0.86559
Epoch 40: Loss = 0.24612, Training (Code) = 0.92094, Validation (Code) = 0.92217, Training (X) = 0.8671, Validation (X) = 0.86626, Training (Z) = 0.86913, Validation (Z) = 0.86535
Epoch 41: Loss = 0.2461, Training (Code) = 0.92085, Validation (Code) = 0.91892, Training (X) = 0.86912, Validation (X) = 0.86769, Training (Z) = 0.86926, Validation (Z) = 0.87077
Epoch 42: Loss = 0.24607, Training (Code) = 0.91906, Validation (Code) = 0.91717, Training (X) = 0.868, Validation (X) = 0.86562, Training (Z) = 0.8688, Validation (Z) = 0.87098
Epoch 43: Loss = 0.24604, Training (Code) = 0.91944, Validation (Code) = 0.92025, Training (X) = 0.8689, Validation (X) = 0.86842, Training (Z) = 0.86638, Validation (Z) = 0.86851
Epoch 44: Loss = 0.246, Training (Code) = 0.92, Validation (Code) = 0.91858, Training (X) = 0.86891, Validation (X) = 0.86655, Training (Z) = 0.86739, Validation (Z) = 0.86664
Epoch 45: Loss = 0.24596, Training (Code) = 0.9196, Validation (Code) = 0.91933, Training (X) = 0.86967, Validation (X) = 0.86766, Training (Z) = 0.86833, Validation (Z) = 0.86784
Epoch 46: Loss = 0.24592, Training (Code) = 0.91969, Validation (Code) = 0.92142, Training (X) = 0.86907, Validation (X) = 0.86741, Training (Z) = 0.86884, Validation (Z) = 0.86841
Epoch 47: Loss = 0.24588, Training (Code) = 0.91956, Validation (Code) = 0.9215, Training (X) = 0.87, Validation (X) = 0.86598, Training (Z) = 0.86758, Validation (Z) = 0.86779
Epoch 48: Loss = 0.24584, Training (Code) = 0.92035, Validation (Code) = 0.91658, Training (X) = 0.86796, Validation (X) = 0.86881, Training (Z) = 0.86746, Validation (Z) = 0.86881
Epoch 49: Loss = 0.24579, Training (Code) = 0.92038, Validation (Code) = 0.92108, Training (X) = 0.86869, Validation (X) = 0.8651, Training (Z) = 0.86984, Validation (Z) = 0.86628
Epoch 50: Loss = 0.24574, Training (Code) = 0.92065, Validation (Code) = 0.91742, Training (X) = 0.86839, Validation (X) = 0.86838, Training (Z) = 0.86633, Validation (Z) = 0.86747
Epoch 51: Loss = 0.2457, Training (Code) = 0.92133, Validation (Code) = 0.91867, Training (X) = 0.86849, Validation (X) = 0.86339, Training (Z) = 0.86661, Validation (Z) = 0.86575
Epoch 52: Loss = 0.24565, Training (Code) = 0.92177, Validation (Code) = 0.91492, Training (X) = 0.86799, Validation (X) = 0.87212, Training (Z) = 0.86719, Validation (Z) = 0.87148
Epoch 53: Loss = 0.2456, Training (Code) = 0.91994, Validation (Code) = 0.91692, Training (X) = 0.86824, Validation (X) = 0.8664, Training (Z) = 0.87008, Validation (Z) = 0.87203
Epoch 54: Loss = 0.24555, Training (Code) = 0.92167, Validation (Code) = 0.92, Training (X) = 0.86987, Validation (X) = 0.86486, Training (Z) = 0.86817, Validation (Z) = 0.86884
Epoch 55: Loss = 0.24551, Training (Code) = 0.91854, Validation (Code) = 0.92225, Training (X) = 0.87051, Validation (X) = 0.86808, Training (Z) = 0.86841, Validation (Z) = 0.86726
Epoch 56: Loss = 0.24546, Training (Code) = 0.92044, Validation (Code) = 0.91783, Training (X) = 0.8697, Validation (X) = 0.86644, Training (Z) = 0.86947, Validation (Z) = 0.86808
Epoch 57: Loss = 0.24541, Training (Code) = 0.91904, Validation (Code) = 0.91933, Training (X) = 0.8687, Validation (X) = 0.86548, Training (Z) = 0.86904, Validation (Z) = 0.87001
Epoch 58: Loss = 0.24536, Training (Code) = 0.92196, Validation (Code) = 0.9185, Training (X) = 0.86783, Validation (X) = 0.86962, Training (Z) = 0.86959, Validation (Z) = 0.87108
Epoch 59: Loss = 0.24531, Training (Code) = 0.92206, Validation (Code) = 0.91933, Training (X) = 0.86739, Validation (X) = 0.86557, Training (Z) = 0.86742, Validation (Z) = 0.86893
Epoch 60: Loss = 0.24526, Training (Code) = 0.92104, Validation (Code) = 0.91833, Training (X) = 0.8689, Validation (X) = 0.86488, Training (Z) = 0.86919, Validation (Z) = 0.86797
Epoch 61: Loss = 0.24521, Training (Code) = 0.91958, Validation (Code) = 0.91658, Training (X) = 0.86778, Validation (X) = 0.86844, Training (Z) = 0.87077, Validation (Z) = 0.87008
Epoch 62: Loss = 0.24516, Training (Code) = 0.9196, Validation (Code) = 0.91875, Training (X) = 0.86878, Validation (X) = 0.8683, Training (Z) = 0.86838, Validation (Z) = 0.86703
Epoch 63: Loss = 0.2451, Training (Code) = 0.92194, Validation (Code) = 0.92058, Training (X) = 0.86706, Validation (X) = 0.86603, Training (Z) = 0.86853, Validation (Z) = 0.86829
Epoch 64: Loss = 0.24505, Training (Code) = 0.92012, Validation (Code) = 0.92308, Training (X) = 0.86845, Validation (X) = 0.86964, Training (Z) = 0.86881, Validation (Z) = 0.86395
Epoch 65: Loss = 0.245, Training (Code) = 0.92063, Validation (Code) = 0.92067, Training (X) = 0.86778, Validation (X) = 0.86731, Training (Z) = 0.86852, Validation (Z) = 0.86921
Epoch 66: Loss = 0.24495, Training (Code) = 0.92035, Validation (Code) = 0.922, Training (X) = 0.87039, Validation (X) = 0.8675, Training (Z) = 0.87025, Validation (Z) = 0.86659
Epoch 67: Loss = 0.24489, Training (Code) = 0.92223, Validation (Code) = 0.91808, Training (X) = 0.86622, Validation (X) = 0.86621, Training (Z) = 0.86801, Validation (Z) = 0.86721
Epoch 68: Loss = 0.24484, Training (Code) = 0.9189, Validation (Code) = 0.919, Training (X) = 0.86664, Validation (X) = 0.87115, Training (Z) = 0.86886, Validation (Z) = 0.86942
Epoch 69: Loss = 0.24478, Training (Code) = 0.92, Validation (Code) = 0.91983, Training (X) = 0.86678, Validation (X) = 0.86556, Training (Z) = 0.86852, Validation (Z) = 0.8671
Epoch 70: Loss = 0.24473, Training (Code) = 0.91994, Validation (Code) = 0.92058, Training (X) = 0.86985, Validation (X) = 0.86521, Training (Z) = 0.86711, Validation (Z) = 0.86757
Epoch 71: Loss = 0.24467, Training (Code) = 0.92146, Validation (Code) = 0.91925, Training (X) = 0.86686, Validation (X) = 0.86647, Training (Z) = 0.86787, Validation (Z) = 0.87127
Epoch 72: Loss = 0.24461, Training (Code) = 0.91931, Validation (Code) = 0.91825, Training (X) = 0.87031, Validation (X) = 0.8705, Training (Z) = 0.87253, Validation (Z) = 0.8734
Epoch 73: Loss = 0.24456, Training (Code) = 0.91894, Validation (Code) = 0.9195, Training (X) = 0.86774, Validation (X) = 0.8694, Training (Z) = 0.87082, Validation (Z) = 0.86759
Epoch 74: Loss = 0.24449, Training (Code) = 0.91933, Validation (Code) = 0.92008, Training (X) = 0.86988, Validation (X) = 0.86849, Training (Z) = 0.86974, Validation (Z) = 0.86813
Epoch 75: Loss = 0.24443, Training (Code) = 0.9204, Validation (Code) = 0.92158, Training (X) = 0.86697, Validation (X) = 0.86816, Training (Z) = 0.86801, Validation (Z) = 0.86997
