==========================================
SLURM_JOB_ID = 6095183
SLURM_JOB_NODELIST = d23-13
TMPDIR = /tmp/SLURM_6095183
==========================================
Epoch 1: Loss = 0.40611, Training (Code) = 0.72856, Validation (Code) = 0.72783, Training (X) = 0.86949, Validation (X) = 0.86432, Training (Z) = 0.8662, Validation (Z) = 0.86329
Epoch 2: Loss = 0.39581, Training (Code) = 0.74908, Validation (Code) = 0.74883, Training (X) = 0.87017, Validation (X) = 0.85989, Training (Z) = 0.86611, Validation (Z) = 0.86957
Epoch 3: Loss = 0.37632, Training (Code) = 0.76104, Validation (Code) = 0.77025, Training (X) = 0.86855, Validation (X) = 0.86325, Training (Z) = 0.86874, Validation (Z) = 0.86238
Epoch 4: Loss = 0.35295, Training (Code) = 0.78856, Validation (Code) = 0.78858, Training (X) = 0.87136, Validation (X) = 0.87108, Training (Z) = 0.86811, Validation (Z) = 0.86696
Epoch 5: Loss = 0.33344, Training (Code) = 0.80192, Validation (Code) = 0.7995, Training (X) = 0.87086, Validation (X) = 0.87294, Training (Z) = 0.87091, Validation (Z) = 0.87169
Epoch 6: Loss = 0.31809, Training (Code) = 0.81935, Validation (Code) = 0.8155, Training (X) = 0.87277, Validation (X) = 0.8644, Training (Z) = 0.87032, Validation (Z) = 0.86777
Epoch 7: Loss = 0.30622, Training (Code) = 0.832, Validation (Code) = 0.82942, Training (X) = 0.87222, Validation (X) = 0.86898, Training (Z) = 0.87002, Validation (Z) = 0.86637
Epoch 8: Loss = 0.29771, Training (Code) = 0.84283, Validation (Code) = 0.84158, Training (X) = 0.87226, Validation (X) = 0.86731, Training (Z) = 0.87191, Validation (Z) = 0.87187
Epoch 9: Loss = 0.29182, Training (Code) = 0.84925, Validation (Code) = 0.85117, Training (X) = 0.87177, Validation (X) = 0.87037, Training (Z) = 0.86937, Validation (Z) = 0.8692
Epoch 10: Loss = 0.28697, Training (Code) = 0.8535, Validation (Code) = 0.85025, Training (X) = 0.87122, Validation (X) = 0.87513, Training (Z) = 0.87244, Validation (Z) = 0.87533
Epoch 11: Loss = 0.28274, Training (Code) = 0.85792, Validation (Code) = 0.85408, Training (X) = 0.87088, Validation (X) = 0.87404, Training (Z) = 0.87334, Validation (Z) = 0.8757
Epoch 12: Loss = 0.27932, Training (Code) = 0.86069, Validation (Code) = 0.85925, Training (X) = 0.87263, Validation (X) = 0.87479, Training (Z) = 0.86929, Validation (Z) = 0.87043
Epoch 13: Loss = 0.2768, Training (Code) = 0.862, Validation (Code) = 0.86333, Training (X) = 0.87183, Validation (X) = 0.86708, Training (Z) = 0.87046, Validation (Z) = 0.86959
Epoch 14: Loss = 0.27483, Training (Code) = 0.86425, Validation (Code) = 0.86458, Training (X) = 0.87296, Validation (X) = 0.86959, Training (Z) = 0.86964, Validation (Z) = 0.87065
Epoch 15: Loss = 0.27316, Training (Code) = 0.86538, Validation (Code) = 0.86458, Training (X) = 0.87188, Validation (X) = 0.86814, Training (Z) = 0.87091, Validation (Z) = 0.87441
Epoch 16: Loss = 0.27167, Training (Code) = 0.86629, Validation (Code) = 0.86683, Training (X) = 0.87028, Validation (X) = 0.86964, Training (Z) = 0.87307, Validation (Z) = 0.86993
Epoch 17: Loss = 0.27042, Training (Code) = 0.86785, Validation (Code) = 0.86775, Training (X) = 0.87063, Validation (X) = 0.87141, Training (Z) = 0.87366, Validation (Z) = 0.87516
Epoch 18: Loss = 0.26936, Training (Code) = 0.86871, Validation (Code) = 0.86967, Training (X) = 0.87007, Validation (X) = 0.86594, Training (Z) = 0.8723, Validation (Z) = 0.86997
Epoch 19: Loss = 0.26847, Training (Code) = 0.86925, Validation (Code) = 0.87142, Training (X) = 0.86998, Validation (X) = 0.87004, Training (Z) = 0.87103, Validation (Z) = 0.87262
Epoch 20: Loss = 0.26762, Training (Code) = 0.86787, Validation (Code) = 0.86917, Training (X) = 0.87258, Validation (X) = 0.86932, Training (Z) = 0.87225, Validation (Z) = 0.87229
Epoch 21: Loss = 0.2666, Training (Code) = 0.87013, Validation (Code) = 0.86808, Training (X) = 0.87056, Validation (X) = 0.86637, Training (Z) = 0.87356, Validation (Z) = 0.86858
Epoch 22: Loss = 0.26575, Training (Code) = 0.8699, Validation (Code) = 0.87133, Training (X) = 0.87293, Validation (X) = 0.87127, Training (Z) = 0.87288, Validation (Z) = 0.87557
Epoch 23: Loss = 0.26501, Training (Code) = 0.86969, Validation (Code) = 0.871, Training (X) = 0.87158, Validation (X) = 0.86787, Training (Z) = 0.87218, Validation (Z) = 0.86931
Epoch 24: Loss = 0.26445, Training (Code) = 0.87194, Validation (Code) = 0.87, Training (X) = 0.86947, Validation (X) = 0.87347, Training (Z) = 0.87177, Validation (Z) = 0.86935
Epoch 25: Loss = 0.26399, Training (Code) = 0.87056, Validation (Code) = 0.87167, Training (X) = 0.87254, Validation (X) = 0.86998, Training (Z) = 0.87374, Validation (Z) = 0.87314
Epoch 26: Loss = 0.26357, Training (Code) = 0.87183, Validation (Code) = 0.87083, Training (X) = 0.87206, Validation (X) = 0.87187, Training (Z) = 0.87414, Validation (Z) = 0.87187
Epoch 27: Loss = 0.26315, Training (Code) = 0.87219, Validation (Code) = 0.87333, Training (X) = 0.87257, Validation (X) = 0.86737, Training (Z) = 0.87457, Validation (Z) = 0.87519
Epoch 28: Loss = 0.26279, Training (Code) = 0.8721, Validation (Code) = 0.87458, Training (X) = 0.87196, Validation (X) = 0.8687, Training (Z) = 0.87499, Validation (Z) = 0.87308
Epoch 29: Loss = 0.26233, Training (Code) = 0.87267, Validation (Code) = 0.87075, Training (X) = 0.86898, Validation (X) = 0.86927, Training (Z) = 0.87443, Validation (Z) = 0.87549
Epoch 30: Loss = 0.26184, Training (Code) = 0.87317, Validation (Code) = 0.87533, Training (X) = 0.87068, Validation (X) = 0.87053, Training (Z) = 0.87216, Validation (Z) = 0.87443
Epoch 31: Loss = 0.26104, Training (Code) = 0.8744, Validation (Code) = 0.8725, Training (X) = 0.86965, Validation (X) = 0.86982, Training (Z) = 0.87241, Validation (Z) = 0.86858
Epoch 32: Loss = 0.26028, Training (Code) = 0.87235, Validation (Code) = 0.87108, Training (X) = 0.87173, Validation (X) = 0.87516, Training (Z) = 0.87187, Validation (Z) = 0.87047
Epoch 33: Loss = 0.25962, Training (Code) = 0.87627, Validation (Code) = 0.87442, Training (X) = 0.87014, Validation (X) = 0.86477, Training (Z) = 0.87352, Validation (Z) = 0.87134
Epoch 34: Loss = 0.25901, Training (Code) = 0.87192, Validation (Code) = 0.8685, Training (X) = 0.87143, Validation (X) = 0.87123, Training (Z) = 0.87358, Validation (Z) = 0.87325
Epoch 35: Loss = 0.25843, Training (Code) = 0.87704, Validation (Code) = 0.86983, Training (X) = 0.8709, Validation (X) = 0.8699, Training (Z) = 0.87197, Validation (Z) = 0.87546
Epoch 36: Loss = 0.25791, Training (Code) = 0.87527, Validation (Code) = 0.87083, Training (X) = 0.87111, Validation (X) = 0.86909, Training (Z) = 0.87509, Validation (Z) = 0.86833
Epoch 37: Loss = 0.25743, Training (Code) = 0.87631, Validation (Code) = 0.87358, Training (X) = 0.87081, Validation (X) = 0.87017, Training (Z) = 0.87286, Validation (Z) = 0.87322
Epoch 38: Loss = 0.25694, Training (Code) = 0.87494, Validation (Code) = 0.86792, Training (X) = 0.87109, Validation (X) = 0.86952, Training (Z) = 0.8733, Validation (Z) = 0.87384
Epoch 39: Loss = 0.2563, Training (Code) = 0.8735, Validation (Code) = 0.87317, Training (X) = 0.8719, Validation (X) = 0.86734, Training (Z) = 0.87495, Validation (Z) = 0.87125
Epoch 40: Loss = 0.25554, Training (Code) = 0.87619, Validation (Code) = 0.87767, Training (X) = 0.87137, Validation (X) = 0.86745, Training (Z) = 0.87239, Validation (Z) = 0.87362
Epoch 41: Loss = 0.25483, Training (Code) = 0.8759, Validation (Code) = 0.87575, Training (X) = 0.87132, Validation (X) = 0.87144, Training (Z) = 0.87351, Validation (Z) = 0.87487
Epoch 42: Loss = 0.25436, Training (Code) = 0.8741, Validation (Code) = 0.8735, Training (X) = 0.87058, Validation (X) = 0.87149, Training (Z) = 0.87504, Validation (Z) = 0.87693
Epoch 43: Loss = 0.25398, Training (Code) = 0.87542, Validation (Code) = 0.87492, Training (X) = 0.86882, Validation (X) = 0.86865, Training (Z) = 0.87475, Validation (Z) = 0.86904
Epoch 44: Loss = 0.25365, Training (Code) = 0.87638, Validation (Code) = 0.87508, Training (X) = 0.86961, Validation (X) = 0.86992, Training (Z) = 0.87455, Validation (Z) = 0.8723
Epoch 45: Loss = 0.25335, Training (Code) = 0.87517, Validation (Code) = 0.87542, Training (X) = 0.87074, Validation (X) = 0.86873, Training (Z) = 0.87448, Validation (Z) = 0.87349
Epoch 46: Loss = 0.2531, Training (Code) = 0.87556, Validation (Code) = 0.877, Training (X) = 0.86861, Validation (X) = 0.87011, Training (Z) = 0.87196, Validation (Z) = 0.87011
Epoch 47: Loss = 0.2529, Training (Code) = 0.87535, Validation (Code) = 0.87817, Training (X) = 0.87046, Validation (X) = 0.86677, Training (Z) = 0.87429, Validation (Z) = 0.87123
Epoch 48: Loss = 0.25273, Training (Code) = 0.87729, Validation (Code) = 0.87642, Training (X) = 0.86994, Validation (X) = 0.8685, Training (Z) = 0.87193, Validation (Z) = 0.87164
Epoch 49: Loss = 0.25257, Training (Code) = 0.87521, Validation (Code) = 0.877, Training (X) = 0.8722, Validation (X) = 0.86688, Training (Z) = 0.87386, Validation (Z) = 0.87552
Epoch 50: Loss = 0.25247, Training (Code) = 0.87569, Validation (Code) = 0.88108, Training (X) = 0.87044, Validation (X) = 0.86948, Training (Z) = 0.87545, Validation (Z) = 0.87213
Epoch 51: Loss = 0.25237, Training (Code) = 0.87952, Validation (Code) = 0.87592, Training (X) = 0.87, Validation (X) = 0.86966, Training (Z) = 0.87467, Validation (Z) = 0.87385
Epoch 52: Loss = 0.25228, Training (Code) = 0.87527, Validation (Code) = 0.87717, Training (X) = 0.87168, Validation (X) = 0.867, Training (Z) = 0.87573, Validation (Z) = 0.87469
Epoch 53: Loss = 0.2522, Training (Code) = 0.87658, Validation (Code) = 0.8775, Training (X) = 0.86833, Validation (X) = 0.87056, Training (Z) = 0.87494, Validation (Z) = 0.87227
Epoch 54: Loss = 0.25211, Training (Code) = 0.87713, Validation (Code) = 0.875, Training (X) = 0.87108, Validation (X) = 0.87229, Training (Z) = 0.87321, Validation (Z) = 0.87429
Epoch 55: Loss = 0.25203, Training (Code) = 0.87435, Validation (Code) = 0.87108, Training (X) = 0.8716, Validation (X) = 0.87009, Training (Z) = 0.87474, Validation (Z) = 0.87458
Epoch 56: Loss = 0.25194, Training (Code) = 0.87694, Validation (Code) = 0.87408, Training (X) = 0.87285, Validation (X) = 0.87005, Training (Z) = 0.87516, Validation (Z) = 0.87673
Epoch 57: Loss = 0.25189, Training (Code) = 0.87529, Validation (Code) = 0.87375, Training (X) = 0.87211, Validation (X) = 0.87, Training (Z) = 0.87426, Validation (Z) = 0.87191
Epoch 58: Loss = 0.25185, Training (Code) = 0.8755, Validation (Code) = 0.87433, Training (X) = 0.87157, Validation (X) = 0.87104, Training (Z) = 0.87317, Validation (Z) = 0.872
Epoch 59: Loss = 0.2518, Training (Code) = 0.8785, Validation (Code) = 0.87267, Training (X) = 0.87116, Validation (X) = 0.86984, Training (Z) = 0.87545, Validation (Z) = 0.87156
Epoch 60: Loss = 0.25175, Training (Code) = 0.87798, Validation (Code) = 0.87775, Training (X) = 0.87006, Validation (X) = 0.86727, Training (Z) = 0.87519, Validation (Z) = 0.87392
Epoch 61: Loss = 0.25169, Training (Code) = 0.87885, Validation (Code) = 0.87758, Training (X) = 0.87024, Validation (X) = 0.86563, Training (Z) = 0.87301, Validation (Z) = 0.8757
Epoch 62: Loss = 0.25162, Training (Code) = 0.87896, Validation (Code) = 0.8775, Training (X) = 0.87051, Validation (X) = 0.86676, Training (Z) = 0.87457, Validation (Z) = 0.88015
Epoch 63: Loss = 0.25153, Training (Code) = 0.87683, Validation (Code) = 0.87042, Training (X) = 0.86965, Validation (X) = 0.87104, Training (Z) = 0.87391, Validation (Z) = 0.87803
Epoch 64: Loss = 0.25141, Training (Code) = 0.87796, Validation (Code) = 0.87692, Training (X) = 0.87091, Validation (X) = 0.87104, Training (Z) = 0.87575, Validation (Z) = 0.87722
Epoch 65: Loss = 0.25136, Training (Code) = 0.87621, Validation (Code) = 0.88058, Training (X) = 0.87049, Validation (X) = 0.86666, Training (Z) = 0.87465, Validation (Z) = 0.8712
Epoch 66: Loss = 0.25133, Training (Code) = 0.87502, Validation (Code) = 0.87883, Training (X) = 0.87334, Validation (X) = 0.87009, Training (Z) = 0.87498, Validation (Z) = 0.87455
Epoch 67: Loss = 0.25135, Training (Code) = 0.87713, Validation (Code) = 0.87158, Training (X) = 0.87157, Validation (X) = 0.87245, Training (Z) = 0.87369, Validation (Z) = 0.87723
Epoch 68: Loss = 0.25138, Training (Code) = 0.8759, Validation (Code) = 0.87842, Training (X) = 0.86833, Validation (X) = 0.87269, Training (Z) = 0.87598, Validation (Z) = 0.86918
Epoch 69: Loss = 0.25141, Training (Code) = 0.87798, Validation (Code) = 0.87867, Training (X) = 0.87044, Validation (X) = 0.87083, Training (Z) = 0.87519, Validation (Z) = 0.87064
Epoch 70: Loss = 0.25143, Training (Code) = 0.87529, Validation (Code) = 0.87608, Training (X) = 0.87123, Validation (X) = 0.87035, Training (Z) = 0.8758, Validation (Z) = 0.87378
Epoch 71: Loss = 0.25147, Training (Code) = 0.87648, Validation (Code) = 0.87658, Training (X) = 0.87046, Validation (X) = 0.87081, Training (Z) = 0.87464, Validation (Z) = 0.87271
Epoch 72: Loss = 0.25148, Training (Code) = 0.87733, Validation (Code) = 0.87825, Training (X) = 0.87087, Validation (X) = 0.86763, Training (Z) = 0.87559, Validation (Z) = 0.87228
Epoch 73: Loss = 0.25151, Training (Code) = 0.87706, Validation (Code) = 0.87542, Training (X) = 0.87009, Validation (X) = 0.87158, Training (Z) = 0.87463, Validation (Z) = 0.8752
Epoch 74: Loss = 0.25154, Training (Code) = 0.87756, Validation (Code) = 0.87542, Training (X) = 0.87325, Validation (X) = 0.87492, Training (Z) = 0.87339, Validation (Z) = 0.87815
Epoch 75: Loss = 0.25156, Training (Code) = 0.87921, Validation (Code) = 0.88042, Training (X) = 0.86948, Validation (X) = 0.87194, Training (Z) = 0.87306, Validation (Z) = 0.87014
Epoch 76: Loss = 0.25159, Training (Code) = 0.87608, Validation (Code) = 0.87967, Training (X) = 0.87049, Validation (X) = 0.86927, Training (Z) = 0.87425, Validation (Z) = 0.86974
Epoch 77: Loss = 0.25163, Training (Code) = 0.87733, Validation (Code) = 0.87558, Training (X) = 0.87244, Validation (X) = 0.86942, Training (Z) = 0.87455, Validation (Z) = 0.87209
Epoch 78: Loss = 0.25166, Training (Code) = 0.87702, Validation (Code) = 0.87275, Training (X) = 0.87184, Validation (X) = 0.86986, Training (Z) = 0.87519, Validation (Z) = 0.87568
Epoch 79: Loss = 0.25169, Training (Code) = 0.87829, Validation (Code) = 0.87733, Training (X) = 0.87044, Validation (X) = 0.8693, Training (Z) = 0.87144, Validation (Z) = 0.87576
Epoch 80: Loss = 0.25172, Training (Code) = 0.87871, Validation (Code) = 0.87567, Training (X) = 0.87292, Validation (X) = 0.87143, Training (Z) = 0.87543, Validation (Z) = 0.87248
Epoch 81: Loss = 0.25176, Training (Code) = 0.878, Validation (Code) = 0.87467, Training (X) = 0.8717, Validation (X) = 0.87138, Training (Z) = 0.87528, Validation (Z) = 0.87281
Epoch 82: Loss = 0.2518, Training (Code) = 0.87554, Validation (Code) = 0.87567, Training (X) = 0.87275, Validation (X) = 0.86953, Training (Z) = 0.87551, Validation (Z) = 0.8741
Epoch 83: Loss = 0.25187, Training (Code) = 0.87881, Validation (Code) = 0.87708, Training (X) = 0.87059, Validation (X) = 0.87259, Training (Z) = 0.87405, Validation (Z) = 0.87126
Epoch 84: Loss = 0.25191, Training (Code) = 0.8774, Validation (Code) = 0.87333, Training (X) = 0.8705, Validation (X) = 0.86994, Training (Z) = 0.87225, Validation (Z) = 0.87109
Epoch 85: Loss = 0.25195, Training (Code) = 0.8785, Validation (Code) = 0.87867, Training (X) = 0.87429, Validation (X) = 0.87083, Training (Z) = 0.87303, Validation (Z) = 0.87386
Epoch 86: Loss = 0.25199, Training (Code) = 0.87831, Validation (Code) = 0.88075, Training (X) = 0.8694, Validation (X) = 0.86631, Training (Z) = 0.87161, Validation (Z) = 0.87813
Epoch 87: Loss = 0.25203, Training (Code) = 0.8779, Validation (Code) = 0.875, Training (X) = 0.87204, Validation (X) = 0.87057, Training (Z) = 0.87328, Validation (Z) = 0.87924
Epoch 88: Loss = 0.25207, Training (Code) = 0.8769, Validation (Code) = 0.877, Training (X) = 0.87178, Validation (X) = 0.87647, Training (Z) = 0.87577, Validation (Z) = 0.87467
Epoch 89: Loss = 0.25208, Training (Code) = 0.87904, Validation (Code) = 0.87883, Training (X) = 0.86932, Validation (X) = 0.86943, Training (Z) = 0.87332, Validation (Z) = 0.8699
Epoch 90: Loss = 0.25209, Training (Code) = 0.87515, Validation (Code) = 0.87492, Training (X) = 0.87043, Validation (X) = 0.87285, Training (Z) = 0.8735, Validation (Z) = 0.87808
Epoch 91: Loss = 0.25208, Training (Code) = 0.8785, Validation (Code) = 0.88033, Training (X) = 0.87223, Validation (X) = 0.86757, Training (Z) = 0.87588, Validation (Z) = 0.8724
Epoch 92: Loss = 0.25209, Training (Code) = 0.87642, Validation (Code) = 0.87442, Training (X) = 0.87064, Validation (X) = 0.87058, Training (Z) = 0.87539, Validation (Z) = 0.87239
Epoch 93: Loss = 0.2521, Training (Code) = 0.87425, Validation (Code) = 0.88092, Training (X) = 0.87151, Validation (X) = 0.87049, Training (Z) = 0.87549, Validation (Z) = 0.87513
Epoch 94: Loss = 0.25211, Training (Code) = 0.87677, Validation (Code) = 0.87542, Training (X) = 0.87176, Validation (X) = 0.86597, Training (Z) = 0.87463, Validation (Z) = 0.87606
Epoch 95: Loss = 0.25212, Training (Code) = 0.87815, Validation (Code) = 0.87525, Training (X) = 0.86795, Validation (X) = 0.86699, Training (Z) = 0.87277, Validation (Z) = 0.87565
Epoch 96: Loss = 0.25213, Training (Code) = 0.87681, Validation (Code) = 0.87525, Training (X) = 0.87072, Validation (X) = 0.87023, Training (Z) = 0.87533, Validation (Z) = 0.88127
Epoch 97: Loss = 0.25214, Training (Code) = 0.87831, Validation (Code) = 0.87608, Training (X) = 0.87144, Validation (X) = 0.86997, Training (Z) = 0.87329, Validation (Z) = 0.87416
Epoch 98: Loss = 0.25215, Training (Code) = 0.87733, Validation (Code) = 0.877, Training (X) = 0.87063, Validation (X) = 0.87096, Training (Z) = 0.87574, Validation (Z) = 0.87362
Epoch 99: Loss = 0.25215, Training (Code) = 0.8779, Validation (Code) = 0.87617, Training (X) = 0.87081, Validation (X) = 0.86751, Training (Z) = 0.87496, Validation (Z) = 0.87455
Epoch 100: Loss = 0.25216, Training (Code) = 0.87862, Validation (Code) = 0.87717, Training (X) = 0.87101, Validation (X) = 0.87013, Training (Z) = 0.87208, Validation (Z) = 0.87536
