==========================================
SLURM_JOB_ID = 6096071
SLURM_JOB_NODELIST = d05-14
TMPDIR = /tmp/SLURM_6096071
==========================================
Epoch 1: Loss = 0.41559, Training (Code) = 0.60833, Validation (Code) = 0.60942, Training (X) = 0.89825, Validation (X) = 0.8943, Training (Z) = 0.89384, Validation (Z) = 0.88514
Epoch 2: Loss = 0.40306, Training (Code) = 0.63017, Validation (Code) = 0.62708, Training (X) = 0.89117, Validation (X) = 0.88159, Training (Z) = 0.88852, Validation (Z) = 0.89023
Epoch 3: Loss = 0.39354, Training (Code) = 0.64935, Validation (Code) = 0.64775, Training (X) = 0.88963, Validation (X) = 0.88679, Training (Z) = 0.88684, Validation (Z) = 0.88383
Epoch 4: Loss = 0.37985, Training (Code) = 0.66948, Validation (Code) = 0.6725, Training (X) = 0.88869, Validation (X) = 0.88563, Training (Z) = 0.88464, Validation (Z) = 0.88451
Epoch 5: Loss = 0.36039, Training (Code) = 0.69142, Validation (Code) = 0.6875, Training (X) = 0.88963, Validation (X) = 0.88291, Training (Z) = 0.88571, Validation (Z) = 0.87636
Epoch 6: Loss = 0.33811, Training (Code) = 0.71752, Validation (Code) = 0.71725, Training (X) = 0.88795, Validation (X) = 0.88684, Training (Z) = 0.88508, Validation (Z) = 0.88335
Epoch 7: Loss = 0.31602, Training (Code) = 0.74052, Validation (Code) = 0.74058, Training (X) = 0.88733, Validation (X) = 0.88635, Training (Z) = 0.88609, Validation (Z) = 0.88691
Epoch 8: Loss = 0.29648, Training (Code) = 0.76294, Validation (Code) = 0.76175, Training (X) = 0.88703, Validation (X) = 0.88732, Training (Z) = 0.887, Validation (Z) = 0.88316
Epoch 9: Loss = 0.28069, Training (Code) = 0.78627, Validation (Code) = 0.78775, Training (X) = 0.88593, Validation (X) = 0.88279, Training (Z) = 0.88395, Validation (Z) = 0.88363
Epoch 10: Loss = 0.26866, Training (Code) = 0.79694, Validation (Code) = 0.79758, Training (X) = 0.88858, Validation (X) = 0.88852, Training (Z) = 0.88707, Validation (Z) = 0.88852
Epoch 11: Loss = 0.25978, Training (Code) = 0.81315, Validation (Code) = 0.81033, Training (X) = 0.88758, Validation (X) = 0.88729, Training (Z) = 0.88435, Validation (Z) = 0.88914
Epoch 12: Loss = 0.25331, Training (Code) = 0.81769, Validation (Code) = 0.82217, Training (X) = 0.88777, Validation (X) = 0.88445, Training (Z) = 0.88418, Validation (Z) = 0.88273
Epoch 13: Loss = 0.24864, Training (Code) = 0.8271, Validation (Code) = 0.81933, Training (X) = 0.88779, Validation (X) = 0.89219, Training (Z) = 0.88383, Validation (Z) = 0.88588
Epoch 14: Loss = 0.24525, Training (Code) = 0.82652, Validation (Code) = 0.83392, Training (X) = 0.88655, Validation (X) = 0.88638, Training (Z) = 0.88458, Validation (Z) = 0.88708
Epoch 15: Loss = 0.24279, Training (Code) = 0.83154, Validation (Code) = 0.83467, Training (X) = 0.88696, Validation (X) = 0.88498, Training (Z) = 0.885, Validation (Z) = 0.88758
Epoch 16: Loss = 0.24099, Training (Code) = 0.83383, Validation (Code) = 0.8365, Training (X) = 0.88732, Validation (X) = 0.88553, Training (Z) = 0.88669, Validation (Z) = 0.88354
Epoch 17: Loss = 0.23967, Training (Code) = 0.83783, Validation (Code) = 0.83625, Training (X) = 0.88728, Validation (X) = 0.8871, Training (Z) = 0.88423, Validation (Z) = 0.8854
Epoch 18: Loss = 0.2387, Training (Code) = 0.83842, Validation (Code) = 0.84142, Training (X) = 0.8856, Validation (X) = 0.88442, Training (Z) = 0.88557, Validation (Z) = 0.88056
Epoch 19: Loss = 0.23798, Training (Code) = 0.83898, Validation (Code) = 0.8365, Training (X) = 0.8886, Validation (X) = 0.88673, Training (Z) = 0.88317, Validation (Z) = 0.88454
Epoch 20: Loss = 0.23744, Training (Code) = 0.84056, Validation (Code) = 0.83967, Training (X) = 0.88869, Validation (X) = 0.88537, Training (Z) = 0.88527, Validation (Z) = 0.88468
Epoch 21: Loss = 0.23703, Training (Code) = 0.84242, Validation (Code) = 0.83975, Training (X) = 0.88876, Validation (X) = 0.88459, Training (Z) = 0.88481, Validation (Z) = 0.88489
Epoch 22: Loss = 0.23672, Training (Code) = 0.84037, Validation (Code) = 0.84083, Training (X) = 0.88678, Validation (X) = 0.88325, Training (Z) = 0.88487, Validation (Z) = 0.87859
Epoch 23: Loss = 0.23649, Training (Code) = 0.84229, Validation (Code) = 0.84083, Training (X) = 0.8882, Validation (X) = 0.88672, Training (Z) = 0.88575, Validation (Z) = 0.88563
Epoch 24: Loss = 0.23631, Training (Code) = 0.84127, Validation (Code) = 0.83833, Training (X) = 0.88752, Validation (X) = 0.88628, Training (Z) = 0.88609, Validation (Z) = 0.8833
Epoch 25: Loss = 0.23617, Training (Code) = 0.84237, Validation (Code) = 0.84008, Training (X) = 0.88628, Validation (X) = 0.88612, Training (Z) = 0.88534, Validation (Z) = 0.88394
Epoch 26: Loss = 0.23606, Training (Code) = 0.84381, Validation (Code) = 0.84308, Training (X) = 0.88845, Validation (X) = 0.88821, Training (Z) = 0.88477, Validation (Z) = 0.88119
Epoch 27: Loss = 0.23598, Training (Code) = 0.84252, Validation (Code) = 0.84533, Training (X) = 0.88566, Validation (X) = 0.88841, Training (Z) = 0.8864, Validation (Z) = 0.8892
Epoch 28: Loss = 0.23591, Training (Code) = 0.844, Validation (Code) = 0.84717, Training (X) = 0.88761, Validation (X) = 0.88422, Training (Z) = 0.88547, Validation (Z) = 0.88491
Epoch 29: Loss = 0.23586, Training (Code) = 0.84573, Validation (Code) = 0.843, Training (X) = 0.8871, Validation (X) = 0.88563, Training (Z) = 0.8839, Validation (Z) = 0.88246
Epoch 30: Loss = 0.23582, Training (Code) = 0.84577, Validation (Code) = 0.84117, Training (X) = 0.88785, Validation (X) = 0.88498, Training (Z) = 0.88566, Validation (Z) = 0.88657
Epoch 31: Loss = 0.23579, Training (Code) = 0.84617, Validation (Code) = 0.84625, Training (X) = 0.88559, Validation (X) = 0.8837, Training (Z) = 0.88401, Validation (Z) = 0.8836
Epoch 32: Loss = 0.23576, Training (Code) = 0.84321, Validation (Code) = 0.8415, Training (X) = 0.88961, Validation (X) = 0.8873, Training (Z) = 0.88578, Validation (Z) = 0.88859
Epoch 33: Loss = 0.23574, Training (Code) = 0.84462, Validation (Code) = 0.84017, Training (X) = 0.88849, Validation (X) = 0.88742, Training (Z) = 0.88575, Validation (Z) = 0.88693
Epoch 34: Loss = 0.23573, Training (Code) = 0.84415, Validation (Code) = 0.84808, Training (X) = 0.88795, Validation (X) = 0.88729, Training (Z) = 0.88388, Validation (Z) = 0.88631
Epoch 35: Loss = 0.23572, Training (Code) = 0.84377, Validation (Code) = 0.84875, Training (X) = 0.88783, Validation (X) = 0.88827, Training (Z) = 0.88539, Validation (Z) = 0.88169
Epoch 36: Loss = 0.23572, Training (Code) = 0.84629, Validation (Code) = 0.84525, Training (X) = 0.88661, Validation (X) = 0.88248, Training (Z) = 0.88595, Validation (Z) = 0.88366
Epoch 37: Loss = 0.23572, Training (Code) = 0.84619, Validation (Code) = 0.841, Training (X) = 0.88805, Validation (X) = 0.88962, Training (Z) = 0.88534, Validation (Z) = 0.88615
Epoch 38: Loss = 0.23572, Training (Code) = 0.84785, Validation (Code) = 0.84783, Training (X) = 0.88628, Validation (X) = 0.88687, Training (Z) = 0.88395, Validation (Z) = 0.88402
Epoch 39: Loss = 0.23573, Training (Code) = 0.84717, Validation (Code) = 0.84558, Training (X) = 0.88639, Validation (X) = 0.88864, Training (Z) = 0.88535, Validation (Z) = 0.88509
Epoch 40: Loss = 0.23575, Training (Code) = 0.84529, Validation (Code) = 0.84342, Training (X) = 0.88581, Validation (X) = 0.88499, Training (Z) = 0.88421, Validation (Z) = 0.89299
Epoch 41: Loss = 0.23576, Training (Code) = 0.84608, Validation (Code) = 0.84825, Training (X) = 0.88752, Validation (X) = 0.88565, Training (Z) = 0.88521, Validation (Z) = 0.88339
Epoch 42: Loss = 0.23579, Training (Code) = 0.84933, Validation (Code) = 0.84808, Training (X) = 0.88677, Validation (X) = 0.88277, Training (Z) = 0.88412, Validation (Z) = 0.8872
Epoch 43: Loss = 0.23581, Training (Code) = 0.84825, Validation (Code) = 0.84558, Training (X) = 0.88751, Validation (X) = 0.88775, Training (Z) = 0.8853, Validation (Z) = 0.88667
Epoch 44: Loss = 0.23584, Training (Code) = 0.8465, Validation (Code) = 0.8445, Training (X) = 0.88814, Validation (X) = 0.88336, Training (Z) = 0.88359, Validation (Z) = 0.88356
Epoch 45: Loss = 0.23587, Training (Code) = 0.84669, Validation (Code) = 0.84325, Training (X) = 0.88994, Validation (X) = 0.88378, Training (Z) = 0.88635, Validation (Z) = 0.8826
Epoch 46: Loss = 0.2359, Training (Code) = 0.84658, Validation (Code) = 0.84467, Training (X) = 0.88744, Validation (X) = 0.88743, Training (Z) = 0.88601, Validation (Z) = 0.8894
Epoch 47: Loss = 0.23594, Training (Code) = 0.84702, Validation (Code) = 0.84575, Training (X) = 0.88885, Validation (X) = 0.89181, Training (Z) = 0.88782, Validation (Z) = 0.88501
Epoch 48: Loss = 0.23598, Training (Code) = 0.84394, Validation (Code) = 0.84658, Training (X) = 0.88919, Validation (X) = 0.88611, Training (Z) = 0.88753, Validation (Z) = 0.88326
Epoch 49: Loss = 0.23602, Training (Code) = 0.84827, Validation (Code) = 0.84908, Training (X) = 0.88587, Validation (X) = 0.88409, Training (Z) = 0.88489, Validation (Z) = 0.88704
Epoch 50: Loss = 0.23607, Training (Code) = 0.84744, Validation (Code) = 0.84533, Training (X) = 0.88743, Validation (X) = 0.88387, Training (Z) = 0.88426, Validation (Z) = 0.88752
Epoch 51: Loss = 0.23611, Training (Code) = 0.8499, Validation (Code) = 0.84683, Training (X) = 0.88729, Validation (X) = 0.88565, Training (Z) = 0.88479, Validation (Z) = 0.883
Epoch 52: Loss = 0.23616, Training (Code) = 0.84569, Validation (Code) = 0.84392, Training (X) = 0.88811, Validation (X) = 0.88901, Training (Z) = 0.88451, Validation (Z) = 0.88091
Epoch 53: Loss = 0.23621, Training (Code) = 0.84592, Validation (Code) = 0.8415, Training (X) = 0.88735, Validation (X) = 0.88671, Training (Z) = 0.88649, Validation (Z) = 0.88196
Epoch 54: Loss = 0.23626, Training (Code) = 0.8456, Validation (Code) = 0.84625, Training (X) = 0.88635, Validation (X) = 0.88754, Training (Z) = 0.88692, Validation (Z) = 0.8838
Epoch 55: Loss = 0.23631, Training (Code) = 0.84888, Validation (Code) = 0.84483, Training (X) = 0.88458, Validation (X) = 0.88676, Training (Z) = 0.88485, Validation (Z) = 0.8844
Epoch 56: Loss = 0.23636, Training (Code) = 0.84694, Validation (Code) = 0.8485, Training (X) = 0.8868, Validation (X) = 0.88558, Training (Z) = 0.88623, Validation (Z) = 0.88313
Epoch 57: Loss = 0.23641, Training (Code) = 0.84654, Validation (Code) = 0.84533, Training (X) = 0.88775, Validation (X) = 0.88851, Training (Z) = 0.88458, Validation (Z) = 0.88525
Epoch 58: Loss = 0.23646, Training (Code) = 0.84888, Validation (Code) = 0.84767, Training (X) = 0.88487, Validation (X) = 0.88193, Training (Z) = 0.88225, Validation (Z) = 0.88439
Epoch 59: Loss = 0.23651, Training (Code) = 0.84617, Validation (Code) = 0.84533, Training (X) = 0.88807, Validation (X) = 0.88397, Training (Z) = 0.88652, Validation (Z) = 0.88239
Epoch 60: Loss = 0.23656, Training (Code) = 0.84617, Validation (Code) = 0.84967, Training (X) = 0.88628, Validation (X) = 0.88672, Training (Z) = 0.8861, Validation (Z) = 0.88172
Epoch 61: Loss = 0.23661, Training (Code) = 0.84767, Validation (Code) = 0.84083, Training (X) = 0.88604, Validation (X) = 0.88603, Training (Z) = 0.88345, Validation (Z) = 0.8885
Epoch 62: Loss = 0.23665, Training (Code) = 0.84725, Validation (Code) = 0.847, Training (X) = 0.88819, Validation (X) = 0.89128, Training (Z) = 0.88532, Validation (Z) = 0.88144
Epoch 63: Loss = 0.2367, Training (Code) = 0.84783, Validation (Code) = 0.84325, Training (X) = 0.88689, Validation (X) = 0.88793, Training (Z) = 0.88397, Validation (Z) = 0.88408
Epoch 64: Loss = 0.23675, Training (Code) = 0.84575, Validation (Code) = 0.845, Training (X) = 0.88755, Validation (X) = 0.88945, Training (Z) = 0.88607, Validation (Z) = 0.88826
Epoch 65: Loss = 0.23679, Training (Code) = 0.848, Validation (Code) = 0.84958, Training (X) = 0.8876, Validation (X) = 0.88651, Training (Z) = 0.8866, Validation (Z) = 0.88524
Epoch 66: Loss = 0.23684, Training (Code) = 0.84894, Validation (Code) = 0.84667, Training (X) = 0.88559, Validation (X) = 0.88514, Training (Z) = 0.88331, Validation (Z) = 0.88514
Epoch 67: Loss = 0.23688, Training (Code) = 0.84777, Validation (Code) = 0.84933, Training (X) = 0.8847, Validation (X) = 0.8852, Training (Z) = 0.88413, Validation (Z) = 0.88854
Epoch 68: Loss = 0.23693, Training (Code) = 0.8484, Validation (Code) = 0.84892, Training (X) = 0.88854, Validation (X) = 0.88701, Training (Z) = 0.88486, Validation (Z) = 0.88839
Epoch 69: Loss = 0.23697, Training (Code) = 0.84881, Validation (Code) = 0.84158, Training (X) = 0.88648, Validation (X) = 0.88415, Training (Z) = 0.88626, Validation (Z) = 0.88563
Epoch 70: Loss = 0.23701, Training (Code) = 0.84723, Validation (Code) = 0.85133, Training (X) = 0.88627, Validation (X) = 0.88567, Training (Z) = 0.88379, Validation (Z) = 0.88381
Epoch 71: Loss = 0.23705, Training (Code) = 0.84767, Validation (Code) = 0.8515, Training (X) = 0.88721, Validation (X) = 0.8853, Training (Z) = 0.88542, Validation (Z) = 0.88765
Epoch 72: Loss = 0.23709, Training (Code) = 0.84829, Validation (Code) = 0.84592, Training (X) = 0.88597, Validation (X) = 0.8873, Training (Z) = 0.88524, Validation (Z) = 0.88927
Epoch 73: Loss = 0.23712, Training (Code) = 0.84802, Validation (Code) = 0.85033, Training (X) = 0.88785, Validation (X) = 0.88416, Training (Z) = 0.88512, Validation (Z) = 0.88162
Epoch 74: Loss = 0.23716, Training (Code) = 0.8479, Validation (Code) = 0.84658, Training (X) = 0.88707, Validation (X) = 0.88503, Training (Z) = 0.88506, Validation (Z) = 0.88591
Epoch 75: Loss = 0.2372, Training (Code) = 0.84654, Validation (Code) = 0.85, Training (X) = 0.8851, Validation (X) = 0.88353, Training (Z) = 0.88406, Validation (Z) = 0.88324
