==========================================
SLURM_JOB_ID = 6096057
SLURM_JOB_NODELIST = d17-33
TMPDIR = /tmp/SLURM_6096057
==========================================
Epoch 1: Loss = 0.2327, Training (Code) = 0.90823, Validation (Code) = 0.90892, Training (X) = 0.87297, Validation (X) = 0.87228, Training (Z) = 0.87232, Validation (Z) = 0.86898
Epoch 2: Loss = 0.23523, Training (Code) = 0.91019, Validation (Code) = 0.909, Training (X) = 0.87374, Validation (X) = 0.8756, Training (Z) = 0.87242, Validation (Z) = 0.86845
Epoch 3: Loss = 0.23038, Training (Code) = 0.9134, Validation (Code) = 0.91025, Training (X) = 0.87337, Validation (X) = 0.87412, Training (Z) = 0.87156, Validation (Z) = 0.87137
Epoch 4: Loss = 0.2267, Training (Code) = 0.91485, Validation (Code) = 0.91492, Training (X) = 0.87375, Validation (X) = 0.8744, Training (Z) = 0.87277, Validation (Z) = 0.87139
Epoch 5: Loss = 0.22608, Training (Code) = 0.91638, Validation (Code) = 0.91458, Training (X) = 0.8736, Validation (X) = 0.87371, Training (Z) = 0.87232, Validation (Z) = 0.8739
Epoch 6: Loss = 0.22597, Training (Code) = 0.91604, Validation (Code) = 0.91383, Training (X) = 0.87414, Validation (X) = 0.87489, Training (Z) = 0.87246, Validation (Z) = 0.87479
Epoch 7: Loss = 0.22595, Training (Code) = 0.91444, Validation (Code) = 0.91317, Training (X) = 0.87408, Validation (X) = 0.87233, Training (Z) = 0.87369, Validation (Z) = 0.87479
Epoch 8: Loss = 0.22594, Training (Code) = 0.91531, Validation (Code) = 0.91425, Training (X) = 0.87329, Validation (X) = 0.87111, Training (Z) = 0.87224, Validation (Z) = 0.87048
Epoch 9: Loss = 0.22592, Training (Code) = 0.91338, Validation (Code) = 0.91425, Training (X) = 0.87453, Validation (X) = 0.87394, Training (Z) = 0.87414, Validation (Z) = 0.8682
Epoch 10: Loss = 0.22592, Training (Code) = 0.91469, Validation (Code) = 0.91367, Training (X) = 0.87532, Validation (X) = 0.87058, Training (Z) = 0.87129, Validation (Z) = 0.87614
Epoch 11: Loss = 0.22591, Training (Code) = 0.9156, Validation (Code) = 0.91367, Training (X) = 0.87233, Validation (X) = 0.87432, Training (Z) = 0.87212, Validation (Z) = 0.8724
Epoch 12: Loss = 0.2259, Training (Code) = 0.91575, Validation (Code) = 0.9185, Training (X) = 0.8734, Validation (X) = 0.87325, Training (Z) = 0.87292, Validation (Z) = 0.87162
Epoch 13: Loss = 0.2259, Training (Code) = 0.91623, Validation (Code) = 0.91492, Training (X) = 0.87335, Validation (X) = 0.87002, Training (Z) = 0.87158, Validation (Z) = 0.87148
Epoch 14: Loss = 0.2259, Training (Code) = 0.9159, Validation (Code) = 0.91292, Training (X) = 0.87467, Validation (X) = 0.87293, Training (Z) = 0.87262, Validation (Z) = 0.8723
Epoch 15: Loss = 0.2259, Training (Code) = 0.91512, Validation (Code) = 0.91225, Training (X) = 0.87472, Validation (X) = 0.87293, Training (Z) = 0.87333, Validation (Z) = 0.87074
Epoch 16: Loss = 0.2259, Training (Code) = 0.91617, Validation (Code) = 0.91633, Training (X) = 0.8737, Validation (X) = 0.87495, Training (Z) = 0.87209, Validation (Z) = 0.8715
Epoch 17: Loss = 0.2259, Training (Code) = 0.91502, Validation (Code) = 0.91375, Training (X) = 0.87293, Validation (X) = 0.87223, Training (Z) = 0.8727, Validation (Z) = 0.87114
Epoch 18: Loss = 0.2259, Training (Code) = 0.91627, Validation (Code) = 0.91517, Training (X) = 0.87381, Validation (X) = 0.87671, Training (Z) = 0.8731, Validation (Z) = 0.87143
Epoch 19: Loss = 0.2259, Training (Code) = 0.914, Validation (Code) = 0.91408, Training (X) = 0.87495, Validation (X) = 0.86918, Training (Z) = 0.874, Validation (Z) = 0.87346
Epoch 20: Loss = 0.2259, Training (Code) = 0.91596, Validation (Code) = 0.91283, Training (X) = 0.87277, Validation (X) = 0.87548, Training (Z) = 0.87424, Validation (Z) = 0.8721
Epoch 21: Loss = 0.2259, Training (Code) = 0.91338, Validation (Code) = 0.91725, Training (X) = 0.87277, Validation (X) = 0.87354, Training (Z) = 0.87539, Validation (Z) = 0.87281
Epoch 22: Loss = 0.2259, Training (Code) = 0.91542, Validation (Code) = 0.91058, Training (X) = 0.87549, Validation (X) = 0.87728, Training (Z) = 0.87267, Validation (Z) = 0.87398
Epoch 23: Loss = 0.2259, Training (Code) = 0.91556, Validation (Code) = 0.91208, Training (X) = 0.87348, Validation (X) = 0.87529, Training (Z) = 0.87253, Validation (Z) = 0.86999
Epoch 24: Loss = 0.2259, Training (Code) = 0.91648, Validation (Code) = 0.91667, Training (X) = 0.87441, Validation (X) = 0.87327, Training (Z) = 0.87475, Validation (Z) = 0.87055
Epoch 25: Loss = 0.2259, Training (Code) = 0.91587, Validation (Code) = 0.9155, Training (X) = 0.87266, Validation (X) = 0.87402, Training (Z) = 0.87246, Validation (Z) = 0.87429
Epoch 26: Loss = 0.2259, Training (Code) = 0.91321, Validation (Code) = 0.91433, Training (X) = 0.87361, Validation (X) = 0.87295, Training (Z) = 0.87343, Validation (Z) = 0.86894
Epoch 27: Loss = 0.2259, Training (Code) = 0.91663, Validation (Code) = 0.91308, Training (X) = 0.87315, Validation (X) = 0.87487, Training (Z) = 0.87218, Validation (Z) = 0.87497
Epoch 28: Loss = 0.2259, Training (Code) = 0.91371, Validation (Code) = 0.91333, Training (X) = 0.87382, Validation (X) = 0.8771, Training (Z) = 0.87289, Validation (Z) = 0.87126
Epoch 29: Loss = 0.2259, Training (Code) = 0.91625, Validation (Code) = 0.91592, Training (X) = 0.87485, Validation (X) = 0.87481, Training (Z) = 0.8716, Validation (Z) = 0.87417
Epoch 30: Loss = 0.2259, Training (Code) = 0.91502, Validation (Code) = 0.9185, Training (X) = 0.87366, Validation (X) = 0.87226, Training (Z) = 0.87248, Validation (Z) = 0.87788
Epoch 31: Loss = 0.2259, Training (Code) = 0.91425, Validation (Code) = 0.91525, Training (X) = 0.87412, Validation (X) = 0.87198, Training (Z) = 0.87282, Validation (Z) = 0.87025
Epoch 32: Loss = 0.2259, Training (Code) = 0.91656, Validation (Code) = 0.91275, Training (X) = 0.87292, Validation (X) = 0.87355, Training (Z) = 0.87326, Validation (Z) = 0.87665
Epoch 33: Loss = 0.2259, Training (Code) = 0.91663, Validation (Code) = 0.91742, Training (X) = 0.87281, Validation (X) = 0.87256, Training (Z) = 0.87263, Validation (Z) = 0.87229
Epoch 34: Loss = 0.2259, Training (Code) = 0.91606, Validation (Code) = 0.9145, Training (X) = 0.87505, Validation (X) = 0.87215, Training (Z) = 0.87021, Validation (Z) = 0.87243
Epoch 35: Loss = 0.2259, Training (Code) = 0.91704, Validation (Code) = 0.91433, Training (X) = 0.86971, Validation (X) = 0.87186, Training (Z) = 0.87414, Validation (Z) = 0.87313
Epoch 36: Loss = 0.2259, Training (Code) = 0.91542, Validation (Code) = 0.91517, Training (X) = 0.87342, Validation (X) = 0.87443, Training (Z) = 0.87246, Validation (Z) = 0.86715
Epoch 37: Loss = 0.2259, Training (Code) = 0.9169, Validation (Code) = 0.91583, Training (X) = 0.87433, Validation (X) = 0.87288, Training (Z) = 0.87221, Validation (Z) = 0.86979
Epoch 38: Loss = 0.2259, Training (Code) = 0.91623, Validation (Code) = 0.914, Training (X) = 0.87305, Validation (X) = 0.87418, Training (Z) = 0.87317, Validation (Z) = 0.87309
Epoch 39: Loss = 0.2259, Training (Code) = 0.91554, Validation (Code) = 0.91367, Training (X) = 0.87437, Validation (X) = 0.86939, Training (Z) = 0.87248, Validation (Z) = 0.87267
Epoch 40: Loss = 0.2259, Training (Code) = 0.91581, Validation (Code) = 0.913, Training (X) = 0.8732, Validation (X) = 0.87212, Training (Z) = 0.87413, Validation (Z) = 0.87568
Epoch 41: Loss = 0.2259, Training (Code) = 0.91506, Validation (Code) = 0.91658, Training (X) = 0.87357, Validation (X) = 0.87408, Training (Z) = 0.87116, Validation (Z) = 0.87099
Epoch 42: Loss = 0.2259, Training (Code) = 0.91419, Validation (Code) = 0.9145, Training (X) = 0.87548, Validation (X) = 0.87334, Training (Z) = 0.8738, Validation (Z) = 0.86905
Epoch 43: Loss = 0.2259, Training (Code) = 0.91521, Validation (Code) = 0.9165, Training (X) = 0.87357, Validation (X) = 0.87452, Training (Z) = 0.87177, Validation (Z) = 0.86934
Epoch 44: Loss = 0.2259, Training (Code) = 0.91644, Validation (Code) = 0.91117, Training (X) = 0.8729, Validation (X) = 0.87251, Training (Z) = 0.87197, Validation (Z) = 0.87278
Epoch 45: Loss = 0.2259, Training (Code) = 0.91515, Validation (Code) = 0.91608, Training (X) = 0.87454, Validation (X) = 0.87419, Training (Z) = 0.87395, Validation (Z) = 0.8701
Epoch 46: Loss = 0.2259, Training (Code) = 0.91467, Validation (Code) = 0.91483, Training (X) = 0.87361, Validation (X) = 0.87466, Training (Z) = 0.87423, Validation (Z) = 0.87174
Epoch 47: Loss = 0.2259, Training (Code) = 0.9151, Validation (Code) = 0.91567, Training (X) = 0.87335, Validation (X) = 0.87186, Training (Z) = 0.87456, Validation (Z) = 0.87423
Epoch 48: Loss = 0.2259, Training (Code) = 0.9165, Validation (Code) = 0.91292, Training (X) = 0.87255, Validation (X) = 0.87677, Training (Z) = 0.87211, Validation (Z) = 0.87202
Epoch 49: Loss = 0.2259, Training (Code) = 0.91425, Validation (Code) = 0.91633, Training (X) = 0.87547, Validation (X) = 0.87814, Training (Z) = 0.87214, Validation (Z) = 0.87132
Epoch 50: Loss = 0.2259, Training (Code) = 0.91419, Validation (Code) = 0.91842, Training (X) = 0.87354, Validation (X) = 0.87215, Training (Z) = 0.87359, Validation (Z) = 0.87116
Epoch 51: Loss = 0.2259, Training (Code) = 0.91575, Validation (Code) = 0.91308, Training (X) = 0.87381, Validation (X) = 0.87122, Training (Z) = 0.87233, Validation (Z) = 0.87004
Epoch 52: Loss = 0.2259, Training (Code) = 0.91654, Validation (Code) = 0.91392, Training (X) = 0.8743, Validation (X) = 0.8728, Training (Z) = 0.87353, Validation (Z) = 0.87654
Epoch 53: Loss = 0.2259, Training (Code) = 0.91723, Validation (Code) = 0.91483, Training (X) = 0.87394, Validation (X) = 0.86737, Training (Z) = 0.87281, Validation (Z) = 0.87129
Epoch 54: Loss = 0.2259, Training (Code) = 0.9146, Validation (Code) = 0.9155, Training (X) = 0.87324, Validation (X) = 0.87074, Training (Z) = 0.87244, Validation (Z) = 0.87074
Epoch 55: Loss = 0.2259, Training (Code) = 0.91521, Validation (Code) = 0.915, Training (X) = 0.87491, Validation (X) = 0.87395, Training (Z) = 0.87478, Validation (Z) = 0.87222
Epoch 56: Loss = 0.2259, Training (Code) = 0.91677, Validation (Code) = 0.91525, Training (X) = 0.87263, Validation (X) = 0.87235, Training (Z) = 0.87245, Validation (Z) = 0.8739
Epoch 57: Loss = 0.2259, Training (Code) = 0.9159, Validation (Code) = 0.91467, Training (X) = 0.87301, Validation (X) = 0.87409, Training (Z) = 0.87278, Validation (Z) = 0.874
Epoch 58: Loss = 0.2259, Training (Code) = 0.91446, Validation (Code) = 0.91525, Training (X) = 0.87545, Validation (X) = 0.87726, Training (Z) = 0.87112, Validation (Z) = 0.87089
Epoch 59: Loss = 0.2259, Training (Code) = 0.91496, Validation (Code) = 0.91633, Training (X) = 0.87474, Validation (X) = 0.86995, Training (Z) = 0.87379, Validation (Z) = 0.87368
Epoch 60: Loss = 0.2259, Training (Code) = 0.91523, Validation (Code) = 0.91217, Training (X) = 0.87373, Validation (X) = 0.87183, Training (Z) = 0.87178, Validation (Z) = 0.87566
Epoch 61: Loss = 0.2259, Training (Code) = 0.916, Validation (Code) = 0.91417, Training (X) = 0.87318, Validation (X) = 0.87293, Training (Z) = 0.87238, Validation (Z) = 0.87238
Epoch 62: Loss = 0.2259, Training (Code) = 0.91448, Validation (Code) = 0.91683, Training (X) = 0.87324, Validation (X) = 0.87184, Training (Z) = 0.87308, Validation (Z) = 0.87157
Epoch 63: Loss = 0.2259, Training (Code) = 0.91525, Validation (Code) = 0.91292, Training (X) = 0.87497, Validation (X) = 0.87275, Training (Z) = 0.87326, Validation (Z) = 0.87129
Epoch 64: Loss = 0.2259, Training (Code) = 0.91619, Validation (Code) = 0.9135, Training (X) = 0.87346, Validation (X) = 0.87247, Training (Z) = 0.87014, Validation (Z) = 0.87448
Epoch 65: Loss = 0.2259, Training (Code) = 0.91577, Validation (Code) = 0.91025, Training (X) = 0.87247, Validation (X) = 0.87467, Training (Z) = 0.87219, Validation (Z) = 0.87503
Epoch 66: Loss = 0.2259, Training (Code) = 0.91423, Validation (Code) = 0.91292, Training (X) = 0.8754, Validation (X) = 0.87513, Training (Z) = 0.87309, Validation (Z) = 0.8722
Epoch 67: Loss = 0.2259, Training (Code) = 0.91371, Validation (Code) = 0.91617, Training (X) = 0.87551, Validation (X) = 0.87129, Training (Z) = 0.87446, Validation (Z) = 0.86993
Epoch 68: Loss = 0.2259, Training (Code) = 0.91533, Validation (Code) = 0.91392, Training (X) = 0.87464, Validation (X) = 0.86979, Training (Z) = 0.87361, Validation (Z) = 0.87253
Epoch 69: Loss = 0.2259, Training (Code) = 0.9135, Validation (Code) = 0.91517, Training (X) = 0.87552, Validation (X) = 0.8737, Training (Z) = 0.87286, Validation (Z) = 0.87325
Epoch 70: Loss = 0.2259, Training (Code) = 0.91404, Validation (Code) = 0.91275, Training (X) = 0.87498, Validation (X) = 0.87611, Training (Z) = 0.87259, Validation (Z) = 0.87474
Epoch 71: Loss = 0.2259, Training (Code) = 0.91552, Validation (Code) = 0.91225, Training (X) = 0.87284, Validation (X) = 0.87284, Training (Z) = 0.87193, Validation (Z) = 0.87494
Epoch 72: Loss = 0.2259, Training (Code) = 0.91483, Validation (Code) = 0.91575, Training (X) = 0.87505, Validation (X) = 0.87515, Training (Z) = 0.87309, Validation (Z) = 0.87242
Epoch 73: Loss = 0.2259, Training (Code) = 0.91571, Validation (Code) = 0.91692, Training (X) = 0.87537, Validation (X) = 0.8724, Training (Z) = 0.87416, Validation (Z) = 0.87303
Epoch 74: Loss = 0.2259, Training (Code) = 0.91487, Validation (Code) = 0.91558, Training (X) = 0.87464, Validation (X) = 0.87158, Training (Z) = 0.87464, Validation (Z) = 0.87185
Epoch 75: Loss = 0.2259, Training (Code) = 0.91365, Validation (Code) = 0.91583, Training (X) = 0.87548, Validation (X) = 0.87207, Training (Z) = 0.87552, Validation (Z) = 0.8747
