==========================================
SLURM_JOB_ID = 6096199
SLURM_JOB_NODELIST = d05-14
TMPDIR = /tmp/SLURM_6096199
==========================================
Epoch 1: Loss = 0.40757, Training (Code) = 0.71627, Validation (Code) = 0.71642, Training (X) = 0.87348, Validation (X) = 0.86891, Training (Z) = 0.87135, Validation (Z) = 0.86658
Epoch 2: Loss = 0.40324, Training (Code) = 0.74517, Validation (Code) = 0.74667, Training (X) = 0.86644, Validation (X) = 0.86842, Training (Z) = 0.86426, Validation (Z) = 0.86038
Epoch 3: Loss = 0.39614, Training (Code) = 0.76504, Validation (Code) = 0.75642, Training (X) = 0.86529, Validation (X) = 0.86637, Training (Z) = 0.86662, Validation (Z) = 0.86427
Epoch 4: Loss = 0.38641, Training (Code) = 0.7806, Validation (Code) = 0.77917, Training (X) = 0.86784, Validation (X) = 0.86749, Training (Z) = 0.86447, Validation (Z) = 0.86941
Epoch 5: Loss = 0.37426, Training (Code) = 0.7974, Validation (Code) = 0.80267, Training (X) = 0.86683, Validation (X) = 0.86711, Training (Z) = 0.86649, Validation (Z) = 0.86618
Epoch 6: Loss = 0.3582, Training (Code) = 0.8119, Validation (Code) = 0.81642, Training (X) = 0.8699, Validation (X) = 0.86363, Training (Z) = 0.86336, Validation (Z) = 0.86037
Epoch 7: Loss = 0.33833, Training (Code) = 0.8309, Validation (Code) = 0.82883, Training (X) = 0.87072, Validation (X) = 0.86698, Training (Z) = 0.86425, Validation (Z) = 0.86467
Epoch 8: Loss = 0.31796, Training (Code) = 0.84265, Validation (Code) = 0.84525, Training (X) = 0.87018, Validation (X) = 0.86966, Training (Z) = 0.86701, Validation (Z) = 0.867
Epoch 9: Loss = 0.30088, Training (Code) = 0.85631, Validation (Code) = 0.85267, Training (X) = 0.87144, Validation (X) = 0.8706, Training (Z) = 0.86809, Validation (Z) = 0.87402
Epoch 10: Loss = 0.28849, Training (Code) = 0.8664, Validation (Code) = 0.86533, Training (X) = 0.87085, Validation (X) = 0.87018, Training (Z) = 0.86659, Validation (Z) = 0.86855
Epoch 11: Loss = 0.2802, Training (Code) = 0.87371, Validation (Code) = 0.87242, Training (X) = 0.86931, Validation (X) = 0.86971, Training (Z) = 0.86566, Validation (Z) = 0.86885
Epoch 12: Loss = 0.2748, Training (Code) = 0.8755, Validation (Code) = 0.87417, Training (X) = 0.87298, Validation (X) = 0.87216, Training (Z) = 0.87098, Validation (Z) = 0.86816
Epoch 13: Loss = 0.27129, Training (Code) = 0.88173, Validation (Code) = 0.88158, Training (X) = 0.87113, Validation (X) = 0.86804, Training (Z) = 0.8683, Validation (Z) = 0.86624
Epoch 14: Loss = 0.26898, Training (Code) = 0.88185, Validation (Code) = 0.88283, Training (X) = 0.87004, Validation (X) = 0.87163, Training (Z) = 0.86671, Validation (Z) = 0.86974
Epoch 15: Loss = 0.26742, Training (Code) = 0.88471, Validation (Code) = 0.8855, Training (X) = 0.86961, Validation (X) = 0.87022, Training (Z) = 0.87004, Validation (Z) = 0.86862
Epoch 16: Loss = 0.26634, Training (Code) = 0.88617, Validation (Code) = 0.88483, Training (X) = 0.87016, Validation (X) = 0.86928, Training (Z) = 0.86588, Validation (Z) = 0.86683
Epoch 17: Loss = 0.26556, Training (Code) = 0.88723, Validation (Code) = 0.88667, Training (X) = 0.86963, Validation (X) = 0.87133, Training (Z) = 0.86991, Validation (Z) = 0.86833
Epoch 18: Loss = 0.26498, Training (Code) = 0.88677, Validation (Code) = 0.88283, Training (X) = 0.87102, Validation (X) = 0.87078, Training (Z) = 0.87006, Validation (Z) = 0.87012
Epoch 19: Loss = 0.26452, Training (Code) = 0.88913, Validation (Code) = 0.889, Training (X) = 0.87127, Validation (X) = 0.8697, Training (Z) = 0.87103, Validation (Z) = 0.86914
Epoch 20: Loss = 0.26414, Training (Code) = 0.88798, Validation (Code) = 0.8895, Training (X) = 0.87439, Validation (X) = 0.86921, Training (Z) = 0.86885, Validation (Z) = 0.87165
Epoch 21: Loss = 0.26382, Training (Code) = 0.88898, Validation (Code) = 0.88942, Training (X) = 0.87069, Validation (X) = 0.8708, Training (Z) = 0.86883, Validation (Z) = 0.87398
Epoch 22: Loss = 0.26353, Training (Code) = 0.88823, Validation (Code) = 0.89092, Training (X) = 0.8737, Validation (X) = 0.87064, Training (Z) = 0.86837, Validation (Z) = 0.86896
Epoch 23: Loss = 0.26326, Training (Code) = 0.89235, Validation (Code) = 0.88917, Training (X) = 0.87029, Validation (X) = 0.86992, Training (Z) = 0.86935, Validation (Z) = 0.86813
Epoch 24: Loss = 0.26301, Training (Code) = 0.89027, Validation (Code) = 0.88792, Training (X) = 0.87328, Validation (X) = 0.87236, Training (Z) = 0.86935, Validation (Z) = 0.86861
Epoch 25: Loss = 0.26276, Training (Code) = 0.89002, Validation (Code) = 0.89125, Training (X) = 0.87023, Validation (X) = 0.87134, Training (Z) = 0.87056, Validation (Z) = 0.86461
Epoch 26: Loss = 0.26253, Training (Code) = 0.8905, Validation (Code) = 0.89225, Training (X) = 0.87273, Validation (X) = 0.87018, Training (Z) = 0.86882, Validation (Z) = 0.86924
Epoch 27: Loss = 0.2623, Training (Code) = 0.89265, Validation (Code) = 0.88883, Training (X) = 0.87273, Validation (X) = 0.86855, Training (Z) = 0.8662, Validation (Z) = 0.86752
Epoch 28: Loss = 0.26207, Training (Code) = 0.89062, Validation (Code) = 0.89275, Training (X) = 0.87125, Validation (X) = 0.87025, Training (Z) = 0.86814, Validation (Z) = 0.86801
Epoch 29: Loss = 0.26185, Training (Code) = 0.88965, Validation (Code) = 0.88625, Training (X) = 0.87263, Validation (X) = 0.87146, Training (Z) = 0.86736, Validation (Z) = 0.87015
Epoch 30: Loss = 0.26163, Training (Code) = 0.88996, Validation (Code) = 0.89408, Training (X) = 0.873, Validation (X) = 0.86933, Training (Z) = 0.87066, Validation (Z) = 0.87035
Epoch 31: Loss = 0.26141, Training (Code) = 0.89119, Validation (Code) = 0.88792, Training (X) = 0.87098, Validation (X) = 0.87518, Training (Z) = 0.86843, Validation (Z) = 0.86767
Epoch 32: Loss = 0.2612, Training (Code) = 0.89367, Validation (Code) = 0.887, Training (X) = 0.87376, Validation (X) = 0.87213, Training (Z) = 0.86588, Validation (Z) = 0.86997
Epoch 33: Loss = 0.26099, Training (Code) = 0.89042, Validation (Code) = 0.89217, Training (X) = 0.87295, Validation (X) = 0.86886, Training (Z) = 0.86921, Validation (Z) = 0.8682
Epoch 34: Loss = 0.26078, Training (Code) = 0.89233, Validation (Code) = 0.8905, Training (X) = 0.87208, Validation (X) = 0.87048, Training (Z) = 0.86872, Validation (Z) = 0.86843
Epoch 35: Loss = 0.26058, Training (Code) = 0.89225, Validation (Code) = 0.89042, Training (X) = 0.87107, Validation (X) = 0.87178, Training (Z) = 0.86864, Validation (Z) = 0.87113
Epoch 36: Loss = 0.26039, Training (Code) = 0.88985, Validation (Code) = 0.89175, Training (X) = 0.87135, Validation (X) = 0.87104, Training (Z) = 0.87102, Validation (Z) = 0.8702
Epoch 37: Loss = 0.2602, Training (Code) = 0.89256, Validation (Code) = 0.89142, Training (X) = 0.87436, Validation (X) = 0.87436, Training (Z) = 0.86805, Validation (Z) = 0.8708
Epoch 38: Loss = 0.26001, Training (Code) = 0.8924, Validation (Code) = 0.89408, Training (X) = 0.87183, Validation (X) = 0.87231, Training (Z) = 0.86887, Validation (Z) = 0.8683
Epoch 39: Loss = 0.25984, Training (Code) = 0.89346, Validation (Code) = 0.89383, Training (X) = 0.87117, Validation (X) = 0.87339, Training (Z) = 0.87094, Validation (Z) = 0.86854
Epoch 40: Loss = 0.25966, Training (Code) = 0.89217, Validation (Code) = 0.893, Training (X) = 0.87042, Validation (X) = 0.87383, Training (Z) = 0.87124, Validation (Z) = 0.86674
Epoch 41: Loss = 0.2595, Training (Code) = 0.89398, Validation (Code) = 0.89317, Training (X) = 0.87152, Validation (X) = 0.87274, Training (Z) = 0.86686, Validation (Z) = 0.86826
Epoch 42: Loss = 0.25934, Training (Code) = 0.89208, Validation (Code) = 0.89367, Training (X) = 0.87282, Validation (X) = 0.8716, Training (Z) = 0.86983, Validation (Z) = 0.86684
Epoch 43: Loss = 0.25918, Training (Code) = 0.8951, Validation (Code) = 0.89142, Training (X) = 0.87176, Validation (X) = 0.87006, Training (Z) = 0.86815, Validation (Z) = 0.8709
Epoch 44: Loss = 0.25903, Training (Code) = 0.89279, Validation (Code) = 0.89317, Training (X) = 0.87245, Validation (X) = 0.87302, Training (Z) = 0.86774, Validation (Z) = 0.86695
Epoch 45: Loss = 0.25889, Training (Code) = 0.89579, Validation (Code) = 0.89233, Training (X) = 0.86967, Validation (X) = 0.87309, Training (Z) = 0.86762, Validation (Z) = 0.8672
Epoch 46: Loss = 0.25875, Training (Code) = 0.89404, Validation (Code) = 0.89117, Training (X) = 0.87291, Validation (X) = 0.87039, Training (Z) = 0.87049, Validation (Z) = 0.87049
Epoch 47: Loss = 0.25862, Training (Code) = 0.89379, Validation (Code) = 0.89433, Training (X) = 0.87054, Validation (X) = 0.87365, Training (Z) = 0.86686, Validation (Z) = 0.86862
Epoch 48: Loss = 0.2585, Training (Code) = 0.8945, Validation (Code) = 0.8945, Training (X) = 0.87216, Validation (X) = 0.86575, Training (Z) = 0.86934, Validation (Z) = 0.8651
Epoch 49: Loss = 0.25838, Training (Code) = 0.89577, Validation (Code) = 0.88892, Training (X) = 0.8706, Validation (X) = 0.8695, Training (Z) = 0.87104, Validation (Z) = 0.8741
Epoch 50: Loss = 0.25826, Training (Code) = 0.89112, Validation (Code) = 0.89433, Training (X) = 0.87312, Validation (X) = 0.87206, Training (Z) = 0.87088, Validation (Z) = 0.86936
Epoch 51: Loss = 0.25815, Training (Code) = 0.89281, Validation (Code) = 0.89333, Training (X) = 0.87236, Validation (X) = 0.8722, Training (Z) = 0.87003, Validation (Z) = 0.86931
Epoch 52: Loss = 0.25805, Training (Code) = 0.89581, Validation (Code) = 0.89492, Training (X) = 0.87344, Validation (X) = 0.86619, Training (Z) = 0.86828, Validation (Z) = 0.86274
Epoch 53: Loss = 0.25795, Training (Code) = 0.89385, Validation (Code) = 0.89642, Training (X) = 0.87409, Validation (X) = 0.87338, Training (Z) = 0.86857, Validation (Z) = 0.86948
Epoch 54: Loss = 0.25786, Training (Code) = 0.89369, Validation (Code) = 0.89233, Training (X) = 0.87325, Validation (X) = 0.87066, Training (Z) = 0.86656, Validation (Z) = 0.86786
Epoch 55: Loss = 0.25777, Training (Code) = 0.8954, Validation (Code) = 0.89292, Training (X) = 0.8731, Validation (X) = 0.87112, Training (Z) = 0.8677, Validation (Z) = 0.86505
Epoch 56: Loss = 0.25768, Training (Code) = 0.8955, Validation (Code) = 0.89475, Training (X) = 0.8743, Validation (X) = 0.86868, Training (Z) = 0.8679, Validation (Z) = 0.8725
Epoch 57: Loss = 0.2576, Training (Code) = 0.89487, Validation (Code) = 0.89625, Training (X) = 0.87361, Validation (X) = 0.87029, Training (Z) = 0.86923, Validation (Z) = 0.86546
Epoch 58: Loss = 0.25752, Training (Code) = 0.89473, Validation (Code) = 0.89358, Training (X) = 0.87138, Validation (X) = 0.8741, Training (Z) = 0.87168, Validation (Z) = 0.87102
Epoch 59: Loss = 0.25745, Training (Code) = 0.89546, Validation (Code) = 0.89875, Training (X) = 0.87397, Validation (X) = 0.8701, Training (Z) = 0.86832, Validation (Z) = 0.86796
Epoch 60: Loss = 0.25738, Training (Code) = 0.89521, Validation (Code) = 0.88983, Training (X) = 0.87312, Validation (X) = 0.87226, Training (Z) = 0.86968, Validation (Z) = 0.86861
Epoch 61: Loss = 0.25731, Training (Code) = 0.8959, Validation (Code) = 0.89275, Training (X) = 0.87106, Validation (X) = 0.87118, Training (Z) = 0.87045, Validation (Z) = 0.87221
Epoch 62: Loss = 0.25725, Training (Code) = 0.89538, Validation (Code) = 0.89267, Training (X) = 0.8724, Validation (X) = 0.87071, Training (Z) = 0.86875, Validation (Z) = 0.87052
Epoch 63: Loss = 0.25719, Training (Code) = 0.89767, Validation (Code) = 0.89208, Training (X) = 0.87268, Validation (X) = 0.87043, Training (Z) = 0.86948, Validation (Z) = 0.86922
Epoch 64: Loss = 0.25713, Training (Code) = 0.89652, Validation (Code) = 0.89633, Training (X) = 0.87296, Validation (X) = 0.87523, Training (Z) = 0.86752, Validation (Z) = 0.86919
Epoch 65: Loss = 0.25707, Training (Code) = 0.8946, Validation (Code) = 0.89533, Training (X) = 0.87299, Validation (X) = 0.87156, Training (Z) = 0.86821, Validation (Z) = 0.87267
Epoch 66: Loss = 0.25702, Training (Code) = 0.89533, Validation (Code) = 0.89533, Training (X) = 0.87472, Validation (X) = 0.871, Training (Z) = 0.86823, Validation (Z) = 0.86579
Epoch 67: Loss = 0.25697, Training (Code) = 0.89627, Validation (Code) = 0.89525, Training (X) = 0.87006, Validation (X) = 0.87573, Training (Z) = 0.87088, Validation (Z) = 0.86754
Epoch 68: Loss = 0.25692, Training (Code) = 0.8966, Validation (Code) = 0.89208, Training (X) = 0.87439, Validation (X) = 0.86931, Training (Z) = 0.87009, Validation (Z) = 0.87156
Epoch 69: Loss = 0.25687, Training (Code) = 0.89383, Validation (Code) = 0.89558, Training (X) = 0.87521, Validation (X) = 0.87243, Training (Z) = 0.87139, Validation (Z) = 0.86768
Epoch 70: Loss = 0.25682, Training (Code) = 0.89469, Validation (Code) = 0.89233, Training (X) = 0.87479, Validation (X) = 0.87673, Training (Z) = 0.86895, Validation (Z) = 0.87411
Epoch 71: Loss = 0.25678, Training (Code) = 0.89629, Validation (Code) = 0.8975, Training (X) = 0.87416, Validation (X) = 0.87279, Training (Z) = 0.86828, Validation (Z) = 0.86732
Epoch 72: Loss = 0.25673, Training (Code) = 0.89619, Validation (Code) = 0.89867, Training (X) = 0.87263, Validation (X) = 0.86869, Training (Z) = 0.86966, Validation (Z) = 0.86619
Epoch 73: Loss = 0.25669, Training (Code) = 0.89596, Validation (Code) = 0.893, Training (X) = 0.87279, Validation (X) = 0.87131, Training (Z) = 0.86793, Validation (Z) = 0.86711
Epoch 74: Loss = 0.25665, Training (Code) = 0.89398, Validation (Code) = 0.89358, Training (X) = 0.87199, Validation (X) = 0.87186, Training (Z) = 0.86912, Validation (Z) = 0.86841
Epoch 75: Loss = 0.25661, Training (Code) = 0.89487, Validation (Code) = 0.89133, Training (X) = 0.87256, Validation (X) = 0.87023, Training (Z) = 0.86825, Validation (Z) = 0.8721
Epoch 76: Loss = 0.25657, Training (Code) = 0.89427, Validation (Code) = 0.895, Training (X) = 0.87373, Validation (X) = 0.86899, Training (Z) = 0.86903, Validation (Z) = 0.86778
Epoch 77: Loss = 0.25653, Training (Code) = 0.89402, Validation (Code) = 0.89567, Training (X) = 0.87281, Validation (X) = 0.87263, Training (Z) = 0.86897, Validation (Z) = 0.8717
Epoch 78: Loss = 0.25649, Training (Code) = 0.89542, Validation (Code) = 0.89517, Training (X) = 0.87348, Validation (X) = 0.87014, Training (Z) = 0.86799, Validation (Z) = 0.8692
Epoch 79: Loss = 0.25645, Training (Code) = 0.89621, Validation (Code) = 0.896, Training (X) = 0.87377, Validation (X) = 0.87202, Training (Z) = 0.86822, Validation (Z) = 0.86542
Epoch 80: Loss = 0.25641, Training (Code) = 0.89592, Validation (Code) = 0.8935, Training (X) = 0.87194, Validation (X) = 0.8726, Training (Z) = 0.86892, Validation (Z) = 0.87045
Epoch 81: Loss = 0.25637, Training (Code) = 0.89548, Validation (Code) = 0.89783, Training (X) = 0.87162, Validation (X) = 0.87266, Training (Z) = 0.87023, Validation (Z) = 0.86764
Epoch 82: Loss = 0.25633, Training (Code) = 0.89587, Validation (Code) = 0.89175, Training (X) = 0.87226, Validation (X) = 0.87394, Training (Z) = 0.8688, Validation (Z) = 0.86824
Epoch 83: Loss = 0.2563, Training (Code) = 0.8955, Validation (Code) = 0.894, Training (X) = 0.87428, Validation (X) = 0.86894, Training (Z) = 0.86886, Validation (Z) = 0.87015
Epoch 84: Loss = 0.25626, Training (Code) = 0.89579, Validation (Code) = 0.89642, Training (X) = 0.87325, Validation (X) = 0.87106, Training (Z) = 0.8706, Validation (Z) = 0.87385
Epoch 85: Loss = 0.25622, Training (Code) = 0.89669, Validation (Code) = 0.89942, Training (X) = 0.8698, Validation (X) = 0.87158, Training (Z) = 0.86768, Validation (Z) = 0.87696
Epoch 86: Loss = 0.25618, Training (Code) = 0.8979, Validation (Code) = 0.89833, Training (X) = 0.87343, Validation (X) = 0.8718, Training (Z) = 0.86979, Validation (Z) = 0.86531
Epoch 87: Loss = 0.25615, Training (Code) = 0.89506, Validation (Code) = 0.89725, Training (X) = 0.87277, Validation (X) = 0.86951, Training (Z) = 0.86819, Validation (Z) = 0.86839
Epoch 88: Loss = 0.25611, Training (Code) = 0.89579, Validation (Code) = 0.89708, Training (X) = 0.87337, Validation (X) = 0.87506, Training (Z) = 0.86748, Validation (Z) = 0.86568
Epoch 89: Loss = 0.25607, Training (Code) = 0.89575, Validation (Code) = 0.89933, Training (X) = 0.87331, Validation (X) = 0.86638, Training (Z) = 0.86792, Validation (Z) = 0.86657
Epoch 90: Loss = 0.25603, Training (Code) = 0.89554, Validation (Code) = 0.89425, Training (X) = 0.87307, Validation (X) = 0.87345, Training (Z) = 0.87061, Validation (Z) = 0.87028
Epoch 91: Loss = 0.256, Training (Code) = 0.89673, Validation (Code) = 0.894, Training (X) = 0.87145, Validation (X) = 0.87286, Training (Z) = 0.8692, Validation (Z) = 0.87192
Epoch 92: Loss = 0.25596, Training (Code) = 0.8969, Validation (Code) = 0.89725, Training (X) = 0.87283, Validation (X) = 0.8749, Training (Z) = 0.86855, Validation (Z) = 0.86533
Epoch 93: Loss = 0.25592, Training (Code) = 0.89633, Validation (Code) = 0.89675, Training (X) = 0.87147, Validation (X) = 0.87139, Training (Z) = 0.86991, Validation (Z) = 0.8726
Epoch 94: Loss = 0.25588, Training (Code) = 0.89533, Validation (Code) = 0.89325, Training (X) = 0.87274, Validation (X) = 0.872, Training (Z) = 0.86951, Validation (Z) = 0.86799
Epoch 95: Loss = 0.25584, Training (Code) = 0.8951, Validation (Code) = 0.89492, Training (X) = 0.87269, Validation (X) = 0.87327, Training (Z) = 0.8691, Validation (Z) = 0.86963
Epoch 96: Loss = 0.2558, Training (Code) = 0.89604, Validation (Code) = 0.89775, Training (X) = 0.87531, Validation (X) = 0.86884, Training (Z) = 0.87033, Validation (Z) = 0.86587
Epoch 97: Loss = 0.25577, Training (Code) = 0.89498, Validation (Code) = 0.89483, Training (X) = 0.87297, Validation (X) = 0.87242, Training (Z) = 0.86995, Validation (Z) = 0.86999
Epoch 98: Loss = 0.25573, Training (Code) = 0.89638, Validation (Code) = 0.89558, Training (X) = 0.87231, Validation (X) = 0.87373, Training (Z) = 0.87138, Validation (Z) = 0.86964
Epoch 99: Loss = 0.25569, Training (Code) = 0.89817, Validation (Code) = 0.89583, Training (X) = 0.87259, Validation (X) = 0.872, Training (Z) = 0.86742, Validation (Z) = 0.86577
Epoch 100: Loss = 0.25565, Training (Code) = 0.8951, Validation (Code) = 0.896, Training (X) = 0.87339, Validation (X) = 0.87007, Training (Z) = 0.8681, Validation (Z) = 0.86691
