==========================================
SLURM_JOB_ID = 6096028
SLURM_JOB_NODELIST = d11-12
TMPDIR = /tmp/SLURM_6096028
==========================================
Epoch 1: Loss = 0.23832, Training (Code) = 0.9106, Validation (Code) = 0.91225, Training (X) = 0.87474, Validation (X) = 0.87092, Training (Z) = 0.8733, Validation (Z) = 0.87165
Epoch 2: Loss = 0.23183, Training (Code) = 0.91363, Validation (Code) = 0.91442, Training (X) = 0.8752, Validation (X) = 0.87442, Training (Z) = 0.87317, Validation (Z) = 0.87506
Epoch 3: Loss = 0.23003, Training (Code) = 0.91438, Validation (Code) = 0.91308, Training (X) = 0.87391, Validation (X) = 0.87387, Training (Z) = 0.87321, Validation (Z) = 0.87615
Epoch 4: Loss = 0.22991, Training (Code) = 0.91702, Validation (Code) = 0.91408, Training (X) = 0.87453, Validation (X) = 0.87383, Training (Z) = 0.87407, Validation (Z) = 0.87337
Epoch 5: Loss = 0.23029, Training (Code) = 0.91433, Validation (Code) = 0.91458, Training (X) = 0.87397, Validation (X) = 0.87745, Training (Z) = 0.87445, Validation (Z) = 0.87572
Epoch 6: Loss = 0.23072, Training (Code) = 0.91752, Validation (Code) = 0.91433, Training (X) = 0.87523, Validation (X) = 0.87204, Training (Z) = 0.874, Validation (Z) = 0.87514
Epoch 7: Loss = 0.23109, Training (Code) = 0.91687, Validation (Code) = 0.91658, Training (X) = 0.87496, Validation (X) = 0.87226, Training (Z) = 0.87382, Validation (Z) = 0.87535
Epoch 8: Loss = 0.2314, Training (Code) = 0.91642, Validation (Code) = 0.91725, Training (X) = 0.87588, Validation (X) = 0.87217, Training (Z) = 0.87378, Validation (Z) = 0.87453
Epoch 9: Loss = 0.23165, Training (Code) = 0.91831, Validation (Code) = 0.92033, Training (X) = 0.87268, Validation (X) = 0.87224, Training (Z) = 0.87436, Validation (Z) = 0.86844
Epoch 10: Loss = 0.23185, Training (Code) = 0.91663, Validation (Code) = 0.91475, Training (X) = 0.87236, Validation (X) = 0.87301, Training (Z) = 0.87365, Validation (Z) = 0.87009
Epoch 11: Loss = 0.232, Training (Code) = 0.91808, Validation (Code) = 0.91917, Training (X) = 0.87388, Validation (X) = 0.86791, Training (Z) = 0.87152, Validation (Z) = 0.87507
Epoch 12: Loss = 0.23213, Training (Code) = 0.92019, Validation (Code) = 0.91508, Training (X) = 0.87342, Validation (X) = 0.87214, Training (Z) = 0.87265, Validation (Z) = 0.87661
Epoch 13: Loss = 0.23225, Training (Code) = 0.9186, Validation (Code) = 0.91583, Training (X) = 0.87393, Validation (X) = 0.86988, Training (Z) = 0.87281, Validation (Z) = 0.87352
Epoch 14: Loss = 0.23239, Training (Code) = 0.91554, Validation (Code) = 0.91442, Training (X) = 0.87221, Validation (X) = 0.8726, Training (Z) = 0.87339, Validation (Z) = 0.87816
Epoch 15: Loss = 0.23261, Training (Code) = 0.918, Validation (Code) = 0.916, Training (X) = 0.87312, Validation (X) = 0.87445, Training (Z) = 0.87153, Validation (Z) = 0.87182
Epoch 16: Loss = 0.23294, Training (Code) = 0.9185, Validation (Code) = 0.91767, Training (X) = 0.87285, Validation (X) = 0.87414, Training (Z) = 0.87357, Validation (Z) = 0.87423
Epoch 17: Loss = 0.23336, Training (Code) = 0.91571, Validation (Code) = 0.91725, Training (X) = 0.87175, Validation (X) = 0.8719, Training (Z) = 0.8746, Validation (Z) = 0.87335
Epoch 18: Loss = 0.23373, Training (Code) = 0.91696, Validation (Code) = 0.915, Training (X) = 0.87163, Validation (X) = 0.87322, Training (Z) = 0.87495, Validation (Z) = 0.87614
Epoch 19: Loss = 0.23397, Training (Code) = 0.9176, Validation (Code) = 0.92042, Training (X) = 0.87447, Validation (X) = 0.8727, Training (Z) = 0.87347, Validation (Z) = 0.87261
Epoch 20: Loss = 0.23412, Training (Code) = 0.91723, Validation (Code) = 0.91358, Training (X) = 0.87285, Validation (X) = 0.87348, Training (Z) = 0.87262, Validation (Z) = 0.87586
Epoch 21: Loss = 0.2342, Training (Code) = 0.91894, Validation (Code) = 0.91283, Training (X) = 0.87331, Validation (X) = 0.87365, Training (Z) = 0.87472, Validation (Z) = 0.87192
Epoch 22: Loss = 0.23425, Training (Code) = 0.91702, Validation (Code) = 0.91642, Training (X) = 0.87273, Validation (X) = 0.87442, Training (Z) = 0.87553, Validation (Z) = 0.87433
Epoch 23: Loss = 0.23428, Training (Code) = 0.91829, Validation (Code) = 0.91533, Training (X) = 0.872, Validation (X) = 0.87236, Training (Z) = 0.87218, Validation (Z) = 0.87546
Epoch 24: Loss = 0.23429, Training (Code) = 0.91775, Validation (Code) = 0.91417, Training (X) = 0.87397, Validation (X) = 0.87475, Training (Z) = 0.87306, Validation (Z) = 0.87366
Epoch 25: Loss = 0.2343, Training (Code) = 0.9186, Validation (Code) = 0.91658, Training (X) = 0.87363, Validation (X) = 0.87617, Training (Z) = 0.87304, Validation (Z) = 0.87544
Epoch 26: Loss = 0.23431, Training (Code) = 0.91796, Validation (Code) = 0.92175, Training (X) = 0.87477, Validation (X) = 0.87325, Training (Z) = 0.87377, Validation (Z) = 0.87126
Epoch 27: Loss = 0.23431, Training (Code) = 0.91846, Validation (Code) = 0.91817, Training (X) = 0.87379, Validation (X) = 0.87157, Training (Z) = 0.8737, Validation (Z) = 0.87003
Epoch 28: Loss = 0.23431, Training (Code) = 0.91746, Validation (Code) = 0.91733, Training (X) = 0.87291, Validation (X) = 0.87218, Training (Z) = 0.87456, Validation (Z) = 0.87573
Epoch 29: Loss = 0.23431, Training (Code) = 0.9179, Validation (Code) = 0.9195, Training (X) = 0.87396, Validation (X) = 0.87185, Training (Z) = 0.87256, Validation (Z) = 0.87249
Epoch 30: Loss = 0.23432, Training (Code) = 0.91744, Validation (Code) = 0.91675, Training (X) = 0.8724, Validation (X) = 0.86856, Training (Z) = 0.87533, Validation (Z) = 0.87592
Epoch 31: Loss = 0.23432, Training (Code) = 0.91831, Validation (Code) = 0.9115, Training (X) = 0.87096, Validation (X) = 0.87137, Training (Z) = 0.87277, Validation (Z) = 0.87329
Epoch 32: Loss = 0.23432, Training (Code) = 0.91744, Validation (Code) = 0.92008, Training (X) = 0.87302, Validation (X) = 0.87392, Training (Z) = 0.87467, Validation (Z) = 0.87528
Epoch 33: Loss = 0.23432, Training (Code) = 0.91875, Validation (Code) = 0.91683, Training (X) = 0.87066, Validation (X) = 0.87202, Training (Z) = 0.87349, Validation (Z) = 0.87202
Epoch 34: Loss = 0.23431, Training (Code) = 0.91673, Validation (Code) = 0.91692, Training (X) = 0.87326, Validation (X) = 0.87631, Training (Z) = 0.87392, Validation (Z) = 0.87267
Epoch 35: Loss = 0.23431, Training (Code) = 0.91712, Validation (Code) = 0.918, Training (X) = 0.87343, Validation (X) = 0.87645, Training (Z) = 0.87502, Validation (Z) = 0.87237
Epoch 36: Loss = 0.23431, Training (Code) = 0.91617, Validation (Code) = 0.91308, Training (X) = 0.87325, Validation (X) = 0.87132, Training (Z) = 0.87218, Validation (Z) = 0.87323
Epoch 37: Loss = 0.23431, Training (Code) = 0.91815, Validation (Code) = 0.917, Training (X) = 0.87305, Validation (X) = 0.8745, Training (Z) = 0.87311, Validation (Z) = 0.8745
Epoch 38: Loss = 0.23431, Training (Code) = 0.91781, Validation (Code) = 0.91525, Training (X) = 0.87325, Validation (X) = 0.87353, Training (Z) = 0.87395, Validation (Z) = 0.87135
Epoch 39: Loss = 0.23431, Training (Code) = 0.91919, Validation (Code) = 0.91817, Training (X) = 0.87233, Validation (X) = 0.87575, Training (Z) = 0.87285, Validation (Z) = 0.87157
Epoch 40: Loss = 0.23431, Training (Code) = 0.91829, Validation (Code) = 0.91442, Training (X) = 0.87366, Validation (X) = 0.87014, Training (Z) = 0.8752, Validation (Z) = 0.87415
Epoch 41: Loss = 0.2343, Training (Code) = 0.91867, Validation (Code) = 0.91442, Training (X) = 0.87291, Validation (X) = 0.8756, Training (Z) = 0.87207, Validation (Z) = 0.87378
Epoch 42: Loss = 0.2343, Training (Code) = 0.91638, Validation (Code) = 0.91775, Training (X) = 0.87228, Validation (X) = 0.87279, Training (Z) = 0.87419, Validation (Z) = 0.87524
Epoch 43: Loss = 0.2343, Training (Code) = 0.91835, Validation (Code) = 0.91583, Training (X) = 0.8718, Validation (X) = 0.8727, Training (Z) = 0.87382, Validation (Z) = 0.87398
Epoch 44: Loss = 0.23429, Training (Code) = 0.91563, Validation (Code) = 0.91875, Training (X) = 0.8737, Validation (X) = 0.87438, Training (Z) = 0.87349, Validation (Z) = 0.8712
Epoch 45: Loss = 0.23429, Training (Code) = 0.91781, Validation (Code) = 0.9135, Training (X) = 0.87205, Validation (X) = 0.87174, Training (Z) = 0.87379, Validation (Z) = 0.87384
Epoch 46: Loss = 0.23428, Training (Code) = 0.91787, Validation (Code) = 0.91475, Training (X) = 0.87271, Validation (X) = 0.87246, Training (Z) = 0.87255, Validation (Z) = 0.86909
Epoch 47: Loss = 0.23428, Training (Code) = 0.91783, Validation (Code) = 0.91492, Training (X) = 0.8735, Validation (X) = 0.87531, Training (Z) = 0.87566, Validation (Z) = 0.8754
Epoch 48: Loss = 0.23427, Training (Code) = 0.91873, Validation (Code) = 0.91792, Training (X) = 0.87115, Validation (X) = 0.8729, Training (Z) = 0.87444, Validation (Z) = 0.87517
Epoch 49: Loss = 0.23426, Training (Code) = 0.91765, Validation (Code) = 0.91817, Training (X) = 0.87273, Validation (X) = 0.87185, Training (Z) = 0.87395, Validation (Z) = 0.87121
Epoch 50: Loss = 0.23425, Training (Code) = 0.9175, Validation (Code) = 0.91883, Training (X) = 0.87366, Validation (X) = 0.86831, Training (Z) = 0.87348, Validation (Z) = 0.87194
Epoch 51: Loss = 0.23423, Training (Code) = 0.91746, Validation (Code) = 0.914, Training (X) = 0.87338, Validation (X) = 0.87017, Training (Z) = 0.87436, Validation (Z) = 0.87391
Epoch 52: Loss = 0.23421, Training (Code) = 0.917, Validation (Code) = 0.91767, Training (X) = 0.87384, Validation (X) = 0.8705, Training (Z) = 0.87361, Validation (Z) = 0.87505
Epoch 53: Loss = 0.23419, Training (Code) = 0.91687, Validation (Code) = 0.91658, Training (X) = 0.87319, Validation (X) = 0.87399, Training (Z) = 0.87378, Validation (Z) = 0.8709
Epoch 54: Loss = 0.23416, Training (Code) = 0.91704, Validation (Code) = 0.91375, Training (X) = 0.87385, Validation (X) = 0.87378, Training (Z) = 0.87464, Validation (Z) = 0.8746
Epoch 55: Loss = 0.23412, Training (Code) = 0.9189, Validation (Code) = 0.91533, Training (X) = 0.87378, Validation (X) = 0.87172, Training (Z) = 0.87365, Validation (Z) = 0.87436
Epoch 56: Loss = 0.23407, Training (Code) = 0.91629, Validation (Code) = 0.91042, Training (X) = 0.87268, Validation (X) = 0.87579, Training (Z) = 0.87406, Validation (Z) = 0.87716
Epoch 57: Loss = 0.234, Training (Code) = 0.91663, Validation (Code) = 0.91817, Training (X) = 0.87309, Validation (X) = 0.87085, Training (Z) = 0.87449, Validation (Z) = 0.8752
Epoch 58: Loss = 0.23392, Training (Code) = 0.91777, Validation (Code) = 0.91642, Training (X) = 0.8729, Validation (X) = 0.87542, Training (Z) = 0.87281, Validation (Z) = 0.87424
Epoch 59: Loss = 0.23382, Training (Code) = 0.91712, Validation (Code) = 0.916, Training (X) = 0.87293, Validation (X) = 0.87154, Training (Z) = 0.87379, Validation (Z) = 0.87627
Epoch 60: Loss = 0.23369, Training (Code) = 0.917, Validation (Code) = 0.91833, Training (X) = 0.8735, Validation (X) = 0.87441, Training (Z) = 0.87448, Validation (Z) = 0.86978
Epoch 61: Loss = 0.23354, Training (Code) = 0.91698, Validation (Code) = 0.91675, Training (X) = 0.87332, Validation (X) = 0.87192, Training (Z) = 0.87477, Validation (Z) = 0.87101
Epoch 62: Loss = 0.23335, Training (Code) = 0.9181, Validation (Code) = 0.91492, Training (X) = 0.87209, Validation (X) = 0.87221, Training (Z) = 0.87315, Validation (Z) = 0.87157
Epoch 63: Loss = 0.23313, Training (Code) = 0.91652, Validation (Code) = 0.91725, Training (X) = 0.87237, Validation (X) = 0.8759, Training (Z) = 0.87443, Validation (Z) = 0.87199
Epoch 64: Loss = 0.23287, Training (Code) = 0.91596, Validation (Code) = 0.9175, Training (X) = 0.87465, Validation (X) = 0.8723, Training (Z) = 0.87292, Validation (Z) = 0.87184
Epoch 65: Loss = 0.23256, Training (Code) = 0.91806, Validation (Code) = 0.914, Training (X) = 0.87603, Validation (X) = 0.87372, Training (Z) = 0.87412, Validation (Z) = 0.87464
Epoch 66: Loss = 0.2322, Training (Code) = 0.91723, Validation (Code) = 0.91717, Training (X) = 0.87417, Validation (X) = 0.87152, Training (Z) = 0.87251, Validation (Z) = 0.87189
Epoch 67: Loss = 0.23177, Training (Code) = 0.91506, Validation (Code) = 0.9135, Training (X) = 0.87348, Validation (X) = 0.87347, Training (Z) = 0.87567, Validation (Z) = 0.8742
Epoch 68: Loss = 0.23125, Training (Code) = 0.91648, Validation (Code) = 0.91383, Training (X) = 0.87238, Validation (X) = 0.87306, Training (Z) = 0.87402, Validation (Z) = 0.87306
Epoch 69: Loss = 0.2306, Training (Code) = 0.91544, Validation (Code) = 0.91467, Training (X) = 0.87399, Validation (X) = 0.87236, Training (Z) = 0.87435, Validation (Z) = 0.87281
Epoch 70: Loss = 0.22975, Training (Code) = 0.91667, Validation (Code) = 0.9125, Training (X) = 0.87264, Validation (X) = 0.87269, Training (Z) = 0.87439, Validation (Z) = 0.87233
Epoch 71: Loss = 0.22854, Training (Code) = 0.91512, Validation (Code) = 0.91725, Training (X) = 0.87306, Validation (X) = 0.87036, Training (Z) = 0.87493, Validation (Z) = 0.87208
Epoch 72: Loss = 0.22684, Training (Code) = 0.91748, Validation (Code) = 0.91508, Training (X) = 0.87332, Validation (X) = 0.87151, Training (Z) = 0.874, Validation (Z) = 0.8716
Epoch 73: Loss = 0.22486, Training (Code) = 0.91535, Validation (Code) = 0.91633, Training (X) = 0.8732, Validation (X) = 0.87277, Training (Z) = 0.87471, Validation (Z) = 0.87595
Epoch 74: Loss = 0.22356, Training (Code) = 0.9164, Validation (Code) = 0.91442, Training (X) = 0.87453, Validation (X) = 0.87086, Training (Z) = 0.87369, Validation (Z) = 0.87241
Epoch 75: Loss = 0.22305, Training (Code) = 0.91454, Validation (Code) = 0.91883, Training (X) = 0.87644, Validation (X) = 0.87203, Training (Z) = 0.87496, Validation (Z) = 0.86985
