==========================================
SLURM_JOB_ID = 6096068
SLURM_JOB_NODELIST = e06-21
TMPDIR = /tmp/SLURM_6096068
==========================================
Epoch 1: Loss = 0.4123, Training (Code) = 0.60975, Validation (Code) = 0.6035, Training (X) = 0.8827, Validation (X) = 0.87379, Training (Z) = 0.87591, Validation (Z) = 0.8749
Epoch 2: Loss = 0.41242, Training (Code) = 0.61429, Validation (Code) = 0.61608, Training (X) = 0.89442, Validation (X) = 0.88787, Training (Z) = 0.89171, Validation (Z) = 0.88868
Epoch 3: Loss = 0.41339, Training (Code) = 0.62792, Validation (Code) = 0.625, Training (X) = 0.88713, Validation (X) = 0.88413, Training (Z) = 0.88723, Validation (Z) = 0.8884
Epoch 4: Loss = 0.41363, Training (Code) = 0.63642, Validation (Code) = 0.63342, Training (X) = 0.88798, Validation (X) = 0.88712, Training (Z) = 0.88644, Validation (Z) = 0.88567
Epoch 5: Loss = 0.40952, Training (Code) = 0.6409, Validation (Code) = 0.6395, Training (X) = 0.88902, Validation (X) = 0.88806, Training (Z) = 0.88619, Validation (Z) = 0.88142
Epoch 6: Loss = 0.4021, Training (Code) = 0.64798, Validation (Code) = 0.64867, Training (X) = 0.88779, Validation (X) = 0.88489, Training (Z) = 0.88281, Validation (Z) = 0.88412
Epoch 7: Loss = 0.3925, Training (Code) = 0.65685, Validation (Code) = 0.64825, Training (X) = 0.88766, Validation (X) = 0.88418, Training (Z) = 0.88519, Validation (Z) = 0.88919
Epoch 8: Loss = 0.38163, Training (Code) = 0.66183, Validation (Code) = 0.657, Training (X) = 0.8863, Validation (X) = 0.88496, Training (Z) = 0.88665, Validation (Z) = 0.88597
Epoch 9: Loss = 0.37045, Training (Code) = 0.66815, Validation (Code) = 0.66475, Training (X) = 0.88928, Validation (X) = 0.88417, Training (Z) = 0.88828, Validation (Z) = 0.8868
Epoch 10: Loss = 0.3598, Training (Code) = 0.6724, Validation (Code) = 0.67292, Training (X) = 0.89143, Validation (X) = 0.8852, Training (Z) = 0.88768, Validation (Z) = 0.87988
Epoch 11: Loss = 0.35025, Training (Code) = 0.68177, Validation (Code) = 0.67758, Training (X) = 0.89216, Validation (X) = 0.89067, Training (Z) = 0.88678, Validation (Z) = 0.8871
Epoch 12: Loss = 0.342, Training (Code) = 0.68698, Validation (Code) = 0.68442, Training (X) = 0.88964, Validation (X) = 0.88774, Training (Z) = 0.88716, Validation (Z) = 0.89127
Epoch 13: Loss = 0.33502, Training (Code) = 0.68912, Validation (Code) = 0.69275, Training (X) = 0.89129, Validation (X) = 0.88524, Training (Z) = 0.88935, Validation (Z) = 0.88668
Epoch 14: Loss = 0.32916, Training (Code) = 0.69492, Validation (Code) = 0.69583, Training (X) = 0.88988, Validation (X) = 0.8891, Training (Z) = 0.88653, Validation (Z) = 0.8824
Epoch 15: Loss = 0.32423, Training (Code) = 0.70117, Validation (Code) = 0.70142, Training (X) = 0.89173, Validation (X) = 0.89129, Training (Z) = 0.88914, Validation (Z) = 0.88262
Epoch 16: Loss = 0.32004, Training (Code) = 0.7059, Validation (Code) = 0.69433, Training (X) = 0.89074, Validation (X) = 0.89426, Training (Z) = 0.8872, Validation (Z) = 0.88886
Epoch 17: Loss = 0.31643, Training (Code) = 0.71, Validation (Code) = 0.7045, Training (X) = 0.88903, Validation (X) = 0.8894, Training (Z) = 0.88556, Validation (Z) = 0.88502
Epoch 18: Loss = 0.31327, Training (Code) = 0.71348, Validation (Code) = 0.71033, Training (X) = 0.89065, Validation (X) = 0.88726, Training (Z) = 0.88796, Validation (Z) = 0.89195
Epoch 19: Loss = 0.31046, Training (Code) = 0.71952, Validation (Code) = 0.7075, Training (X) = 0.88986, Validation (X) = 0.88881, Training (Z) = 0.88647, Validation (Z) = 0.89081
Epoch 20: Loss = 0.30792, Training (Code) = 0.71931, Validation (Code) = 0.71417, Training (X) = 0.8898, Validation (X) = 0.88716, Training (Z) = 0.88783, Validation (Z) = 0.8895
Epoch 21: Loss = 0.3056, Training (Code) = 0.722, Validation (Code) = 0.7225, Training (X) = 0.88995, Validation (X) = 0.88627, Training (Z) = 0.88793, Validation (Z) = 0.88593
Epoch 22: Loss = 0.30344, Training (Code) = 0.7254, Validation (Code) = 0.73033, Training (X) = 0.89167, Validation (X) = 0.88578, Training (Z) = 0.88748, Validation (Z) = 0.88225
Epoch 23: Loss = 0.30142, Training (Code) = 0.73331, Validation (Code) = 0.73217, Training (X) = 0.88576, Validation (X) = 0.88391, Training (Z) = 0.88591, Validation (Z) = 0.88835
Epoch 24: Loss = 0.29953, Training (Code) = 0.7375, Validation (Code) = 0.73367, Training (X) = 0.88828, Validation (X) = 0.88551, Training (Z) = 0.88763, Validation (Z) = 0.88551
Epoch 25: Loss = 0.29775, Training (Code) = 0.73752, Validation (Code) = 0.73533, Training (X) = 0.88913, Validation (X) = 0.88497, Training (Z) = 0.88579, Validation (Z) = 0.88157
Epoch 26: Loss = 0.29608, Training (Code) = 0.74271, Validation (Code) = 0.74008, Training (X) = 0.89119, Validation (X) = 0.88436, Training (Z) = 0.88676, Validation (Z) = 0.88898
Epoch 27: Loss = 0.29451, Training (Code) = 0.74371, Validation (Code) = 0.744, Training (X) = 0.88882, Validation (X) = 0.8843, Training (Z) = 0.88871, Validation (Z) = 0.88586
Epoch 28: Loss = 0.29303, Training (Code) = 0.7524, Validation (Code) = 0.74733, Training (X) = 0.88869, Validation (X) = 0.8857, Training (Z) = 0.88766, Validation (Z) = 0.88526
Epoch 29: Loss = 0.29164, Training (Code) = 0.75029, Validation (Code) = 0.74625, Training (X) = 0.89063, Validation (X) = 0.88922, Training (Z) = 0.88821, Validation (Z) = 0.8852
Epoch 30: Loss = 0.29034, Training (Code) = 0.75365, Validation (Code) = 0.75025, Training (X) = 0.8865, Validation (X) = 0.88782, Training (Z) = 0.8894, Validation (Z) = 0.88626
Epoch 31: Loss = 0.28912, Training (Code) = 0.75544, Validation (Code) = 0.7525, Training (X) = 0.88812, Validation (X) = 0.88494, Training (Z) = 0.88657, Validation (Z) = 0.88583
Epoch 32: Loss = 0.28797, Training (Code) = 0.75967, Validation (Code) = 0.75575, Training (X) = 0.88559, Validation (X) = 0.8894, Training (Z) = 0.88819, Validation (Z) = 0.89007
Epoch 33: Loss = 0.2869, Training (Code) = 0.76013, Validation (Code) = 0.75917, Training (X) = 0.88867, Validation (X) = 0.88606, Training (Z) = 0.88974, Validation (Z) = 0.88836
Epoch 34: Loss = 0.2859, Training (Code) = 0.76492, Validation (Code) = 0.7645, Training (X) = 0.88781, Validation (X) = 0.88424, Training (Z) = 0.88566, Validation (Z) = 0.88576
Epoch 35: Loss = 0.28497, Training (Code) = 0.76465, Validation (Code) = 0.76058, Training (X) = 0.8893, Validation (X) = 0.8832, Training (Z) = 0.88772, Validation (Z) = 0.88846
Epoch 36: Loss = 0.28409, Training (Code) = 0.77123, Validation (Code) = 0.76817, Training (X) = 0.88657, Validation (X) = 0.88349, Training (Z) = 0.88617, Validation (Z) = 0.88251
Epoch 37: Loss = 0.28327, Training (Code) = 0.77071, Validation (Code) = 0.76267, Training (X) = 0.88728, Validation (X) = 0.88789, Training (Z) = 0.88579, Validation (Z) = 0.88451
Epoch 38: Loss = 0.2825, Training (Code) = 0.77, Validation (Code) = 0.77058, Training (X) = 0.89067, Validation (X) = 0.8818, Training (Z) = 0.88655, Validation (Z) = 0.88104
Epoch 39: Loss = 0.28178, Training (Code) = 0.7716, Validation (Code) = 0.77625, Training (X) = 0.88884, Validation (X) = 0.88599, Training (Z) = 0.88806, Validation (Z) = 0.88052
Epoch 40: Loss = 0.28111, Training (Code) = 0.77435, Validation (Code) = 0.77425, Training (X) = 0.88665, Validation (X) = 0.88742, Training (Z) = 0.88708, Validation (Z) = 0.88376
Epoch 41: Loss = 0.28048, Training (Code) = 0.77581, Validation (Code) = 0.77558, Training (X) = 0.8906, Validation (X) = 0.8889, Training (Z) = 0.88654, Validation (Z) = 0.8875
Epoch 42: Loss = 0.27989, Training (Code) = 0.77946, Validation (Code) = 0.77608, Training (X) = 0.88705, Validation (X) = 0.88436, Training (Z) = 0.88756, Validation (Z) = 0.88844
Epoch 43: Loss = 0.27933, Training (Code) = 0.77927, Validation (Code) = 0.77967, Training (X) = 0.88849, Validation (X) = 0.88542, Training (Z) = 0.88659, Validation (Z) = 0.88232
Epoch 44: Loss = 0.27881, Training (Code) = 0.77863, Validation (Code) = 0.7715, Training (X) = 0.888, Validation (X) = 0.88572, Training (Z) = 0.8873, Validation (Z) = 0.88486
Epoch 45: Loss = 0.27833, Training (Code) = 0.77921, Validation (Code) = 0.77133, Training (X) = 0.88656, Validation (X) = 0.8911, Training (Z) = 0.88795, Validation (Z) = 0.88959
Epoch 46: Loss = 0.27787, Training (Code) = 0.78069, Validation (Code) = 0.78167, Training (X) = 0.88653, Validation (X) = 0.88028, Training (Z) = 0.88832, Validation (Z) = 0.88401
Epoch 47: Loss = 0.27744, Training (Code) = 0.78467, Validation (Code) = 0.775, Training (X) = 0.88788, Validation (X) = 0.89065, Training (Z) = 0.88642, Validation (Z) = 0.88946
Epoch 48: Loss = 0.27703, Training (Code) = 0.78175, Validation (Code) = 0.77592, Training (X) = 0.88773, Validation (X) = 0.8868, Training (Z) = 0.88589, Validation (Z) = 0.88659
Epoch 49: Loss = 0.27665, Training (Code) = 0.78281, Validation (Code) = 0.77617, Training (X) = 0.88801, Validation (X) = 0.88909, Training (Z) = 0.88676, Validation (Z) = 0.88834
Epoch 50: Loss = 0.27629, Training (Code) = 0.784, Validation (Code) = 0.7845, Training (X) = 0.88733, Validation (X) = 0.8856, Training (Z) = 0.88717, Validation (Z) = 0.88294
Epoch 51: Loss = 0.27595, Training (Code) = 0.78381, Validation (Code) = 0.77992, Training (X) = 0.88648, Validation (X) = 0.88941, Training (Z) = 0.88555, Validation (Z) = 0.8845
Epoch 52: Loss = 0.27562, Training (Code) = 0.78275, Validation (Code) = 0.78142, Training (X) = 0.88883, Validation (X) = 0.88696, Training (Z) = 0.8875, Validation (Z) = 0.88546
Epoch 53: Loss = 0.27532, Training (Code) = 0.78319, Validation (Code) = 0.78017, Training (X) = 0.88596, Validation (X) = 0.88581, Training (Z) = 0.88586, Validation (Z) = 0.88304
Epoch 54: Loss = 0.27502, Training (Code) = 0.78646, Validation (Code) = 0.78317, Training (X) = 0.88954, Validation (X) = 0.88221, Training (Z) = 0.88728, Validation (Z) = 0.88434
Epoch 55: Loss = 0.27475, Training (Code) = 0.78448, Validation (Code) = 0.78183, Training (X) = 0.88623, Validation (X) = 0.8883, Training (Z) = 0.88769, Validation (Z) = 0.88947
Epoch 56: Loss = 0.27449, Training (Code) = 0.78838, Validation (Code) = 0.78917, Training (X) = 0.88698, Validation (X) = 0.88532, Training (Z) = 0.88465, Validation (Z) = 0.88701
Epoch 57: Loss = 0.27423, Training (Code) = 0.78675, Validation (Code) = 0.78858, Training (X) = 0.88656, Validation (X) = 0.88788, Training (Z) = 0.88629, Validation (Z) = 0.88302
Epoch 58: Loss = 0.274, Training (Code) = 0.78431, Validation (Code) = 0.7855, Training (X) = 0.88783, Validation (X) = 0.88426, Training (Z) = 0.88613, Validation (Z) = 0.8885
Epoch 59: Loss = 0.27377, Training (Code) = 0.78602, Validation (Code) = 0.78708, Training (X) = 0.88664, Validation (X) = 0.88809, Training (Z) = 0.88743, Validation (Z) = 0.8865
Epoch 60: Loss = 0.27355, Training (Code) = 0.78781, Validation (Code) = 0.78858, Training (X) = 0.88735, Validation (X) = 0.88545, Training (Z) = 0.88907, Validation (Z) = 0.88555
Epoch 61: Loss = 0.27334, Training (Code) = 0.78794, Validation (Code) = 0.78608, Training (X) = 0.88551, Validation (X) = 0.88604, Training (Z) = 0.88617, Validation (Z) = 0.8906
Epoch 62: Loss = 0.27314, Training (Code) = 0.78731, Validation (Code) = 0.78792, Training (X) = 0.88688, Validation (X) = 0.88694, Training (Z) = 0.88685, Validation (Z) = 0.88472
Epoch 63: Loss = 0.27295, Training (Code) = 0.78667, Validation (Code) = 0.78942, Training (X) = 0.88652, Validation (X) = 0.88515, Training (Z) = 0.88655, Validation (Z) = 0.8861
Epoch 64: Loss = 0.27277, Training (Code) = 0.787, Validation (Code) = 0.78783, Training (X) = 0.88739, Validation (X) = 0.88566, Training (Z) = 0.88617, Validation (Z) = 0.88407
Epoch 65: Loss = 0.27259, Training (Code) = 0.79054, Validation (Code) = 0.78308, Training (X) = 0.88853, Validation (X) = 0.8872, Training (Z) = 0.88697, Validation (Z) = 0.88358
Epoch 66: Loss = 0.27242, Training (Code) = 0.79138, Validation (Code) = 0.785, Training (X) = 0.88522, Validation (X) = 0.88567, Training (Z) = 0.88533, Validation (Z) = 0.89055
Epoch 67: Loss = 0.27226, Training (Code) = 0.78942, Validation (Code) = 0.78408, Training (X) = 0.88755, Validation (X) = 0.88575, Training (Z) = 0.8866, Validation (Z) = 0.88639
Epoch 68: Loss = 0.2721, Training (Code) = 0.78852, Validation (Code) = 0.78642, Training (X) = 0.88729, Validation (X) = 0.88672, Training (Z) = 0.88779, Validation (Z) = 0.88598
Epoch 69: Loss = 0.27195, Training (Code) = 0.79012, Validation (Code) = 0.78675, Training (X) = 0.88644, Validation (X) = 0.88275, Training (Z) = 0.88818, Validation (Z) = 0.88751
Epoch 70: Loss = 0.2718, Training (Code) = 0.78967, Validation (Code) = 0.789, Training (X) = 0.8865, Validation (X) = 0.88667, Training (Z) = 0.88827, Validation (Z) = 0.88255
Epoch 71: Loss = 0.27166, Training (Code) = 0.78994, Validation (Code) = 0.78967, Training (X) = 0.88567, Validation (X) = 0.88476, Training (Z) = 0.8862, Validation (Z) = 0.88687
Epoch 72: Loss = 0.27152, Training (Code) = 0.79038, Validation (Code) = 0.7875, Training (X) = 0.8865, Validation (X) = 0.88698, Training (Z) = 0.8908, Validation (Z) = 0.89016
Epoch 73: Loss = 0.27139, Training (Code) = 0.78925, Validation (Code) = 0.78467, Training (X) = 0.88716, Validation (X) = 0.88849, Training (Z) = 0.88473, Validation (Z) = 0.88912
Epoch 74: Loss = 0.27126, Training (Code) = 0.79173, Validation (Code) = 0.79375, Training (X) = 0.88898, Validation (X) = 0.88325, Training (Z) = 0.88601, Validation (Z) = 0.88546
Epoch 75: Loss = 0.27114, Training (Code) = 0.78873, Validation (Code) = 0.78617, Training (X) = 0.88803, Validation (X) = 0.8851, Training (Z) = 0.88806, Validation (Z) = 0.88435
