==========================================
SLURM_JOB_ID = 6096067
SLURM_JOB_NODELIST = e06-21
TMPDIR = /tmp/SLURM_6096067
==========================================
Epoch 1: Loss = 0.41373, Training (Code) = 0.60673, Validation (Code) = 0.60542, Training (X) = 0.87961, Validation (X) = 0.88039, Training (Z) = 0.8813, Validation (Z) = 0.87571
Epoch 2: Loss = 0.41569, Training (Code) = 0.62508, Validation (Code) = 0.62425, Training (X) = 0.88838, Validation (X) = 0.88426, Training (Z) = 0.88698, Validation (Z) = 0.87772
Epoch 3: Loss = 0.41565, Training (Code) = 0.64027, Validation (Code) = 0.63592, Training (X) = 0.88732, Validation (X) = 0.88062, Training (Z) = 0.88527, Validation (Z) = 0.88599
Epoch 4: Loss = 0.40868, Training (Code) = 0.65171, Validation (Code) = 0.649, Training (X) = 0.88735, Validation (X) = 0.87699, Training (Z) = 0.88342, Validation (Z) = 0.88405
Epoch 5: Loss = 0.39615, Training (Code) = 0.66269, Validation (Code) = 0.66125, Training (X) = 0.88642, Validation (X) = 0.88456, Training (Z) = 0.88315, Validation (Z) = 0.88784
Epoch 6: Loss = 0.38259, Training (Code) = 0.67529, Validation (Code) = 0.67158, Training (X) = 0.88817, Validation (X) = 0.88659, Training (Z) = 0.88345, Validation (Z) = 0.89056
Epoch 7: Loss = 0.37106, Training (Code) = 0.68692, Validation (Code) = 0.68542, Training (X) = 0.88803, Validation (X) = 0.88207, Training (Z) = 0.88657, Validation (Z) = 0.88049
Epoch 8: Loss = 0.36225, Training (Code) = 0.69581, Validation (Code) = 0.69325, Training (X) = 0.88518, Validation (X) = 0.88797, Training (Z) = 0.88796, Validation (Z) = 0.88328
Epoch 9: Loss = 0.35578, Training (Code) = 0.69804, Validation (Code) = 0.70333, Training (X) = 0.88587, Validation (X) = 0.87654, Training (Z) = 0.88665, Validation (Z) = 0.8795
Epoch 10: Loss = 0.35102, Training (Code) = 0.71019, Validation (Code) = 0.70717, Training (X) = 0.88882, Validation (X) = 0.88322, Training (Z) = 0.88551, Validation (Z) = 0.88499
Epoch 11: Loss = 0.34744, Training (Code) = 0.70879, Validation (Code) = 0.70483, Training (X) = 0.88757, Validation (X) = 0.88201, Training (Z) = 0.88822, Validation (Z) = 0.89004
Epoch 12: Loss = 0.3446, Training (Code) = 0.71425, Validation (Code) = 0.70925, Training (X) = 0.88379, Validation (X) = 0.8865, Training (Z) = 0.88464, Validation (Z) = 0.88133
Epoch 13: Loss = 0.34221, Training (Code) = 0.71552, Validation (Code) = 0.7165, Training (X) = 0.88744, Validation (X) = 0.89021, Training (Z) = 0.8891, Validation (Z) = 0.88776
Epoch 14: Loss = 0.34004, Training (Code) = 0.7221, Validation (Code) = 0.72017, Training (X) = 0.885, Validation (X) = 0.88845, Training (Z) = 0.88705, Validation (Z) = 0.88845
Epoch 15: Loss = 0.33793, Training (Code) = 0.72162, Validation (Code) = 0.72208, Training (X) = 0.88807, Validation (X) = 0.88644, Training (Z) = 0.88507, Validation (Z) = 0.88136
Epoch 16: Loss = 0.33577, Training (Code) = 0.72448, Validation (Code) = 0.72108, Training (X) = 0.88713, Validation (X) = 0.88466, Training (Z) = 0.88569, Validation (Z) = 0.8894
Epoch 17: Loss = 0.33349, Training (Code) = 0.72948, Validation (Code) = 0.73175, Training (X) = 0.88653, Validation (X) = 0.88452, Training (Z) = 0.88434, Validation (Z) = 0.88646
Epoch 18: Loss = 0.33104, Training (Code) = 0.73481, Validation (Code) = 0.73392, Training (X) = 0.88631, Validation (X) = 0.8877, Training (Z) = 0.88498, Validation (Z) = 0.88611
Epoch 19: Loss = 0.3284, Training (Code) = 0.73562, Validation (Code) = 0.73417, Training (X) = 0.88819, Validation (X) = 0.88536, Training (Z) = 0.88544, Validation (Z) = 0.88672
Epoch 20: Loss = 0.32558, Training (Code) = 0.74119, Validation (Code) = 0.74008, Training (X) = 0.88695, Validation (X) = 0.88549, Training (Z) = 0.88431, Validation (Z) = 0.88672
Epoch 21: Loss = 0.32261, Training (Code) = 0.74481, Validation (Code) = 0.74983, Training (X) = 0.88825, Validation (X) = 0.88831, Training (Z) = 0.88627, Validation (Z) = 0.88464
Epoch 22: Loss = 0.31952, Training (Code) = 0.74848, Validation (Code) = 0.75125, Training (X) = 0.88802, Validation (X) = 0.88453, Training (Z) = 0.88413, Validation (Z) = 0.88386
Epoch 23: Loss = 0.31639, Training (Code) = 0.75475, Validation (Code) = 0.75425, Training (X) = 0.88415, Validation (X) = 0.89106, Training (Z) = 0.88418, Validation (Z) = 0.88366
Epoch 24: Loss = 0.31327, Training (Code) = 0.76035, Validation (Code) = 0.75692, Training (X) = 0.88632, Validation (X) = 0.88528, Training (Z) = 0.88487, Validation (Z) = 0.88352
Epoch 25: Loss = 0.31022, Training (Code) = 0.75956, Validation (Code) = 0.75892, Training (X) = 0.88815, Validation (X) = 0.88503, Training (Z) = 0.88354, Validation (Z) = 0.88273
Epoch 26: Loss = 0.30728, Training (Code) = 0.76758, Validation (Code) = 0.76525, Training (X) = 0.88926, Validation (X) = 0.88185, Training (Z) = 0.88511, Validation (Z) = 0.88185
Epoch 27: Loss = 0.3045, Training (Code) = 0.77185, Validation (Code) = 0.76067, Training (X) = 0.88669, Validation (X) = 0.88749, Training (Z) = 0.8838, Validation (Z) = 0.88804
Epoch 28: Loss = 0.30189, Training (Code) = 0.77544, Validation (Code) = 0.77308, Training (X) = 0.88695, Validation (X) = 0.88531, Training (Z) = 0.88321, Validation (Z) = 0.88304
Epoch 29: Loss = 0.29946, Training (Code) = 0.77912, Validation (Code) = 0.77917, Training (X) = 0.88572, Validation (X) = 0.88567, Training (Z) = 0.88275, Validation (Z) = 0.88043
Epoch 30: Loss = 0.29723, Training (Code) = 0.78246, Validation (Code) = 0.78292, Training (X) = 0.88522, Validation (X) = 0.88324, Training (Z) = 0.88221, Validation (Z) = 0.88675
Epoch 31: Loss = 0.29519, Training (Code) = 0.78425, Validation (Code) = 0.78217, Training (X) = 0.88529, Validation (X) = 0.88739, Training (Z) = 0.8845, Validation (Z) = 0.88557
Epoch 32: Loss = 0.29334, Training (Code) = 0.78527, Validation (Code) = 0.78517, Training (X) = 0.88653, Validation (X) = 0.88219, Training (Z) = 0.88512, Validation (Z) = 0.88092
Epoch 33: Loss = 0.29166, Training (Code) = 0.78773, Validation (Code) = 0.78808, Training (X) = 0.88564, Validation (X) = 0.88347, Training (Z) = 0.88427, Validation (Z) = 0.88548
Epoch 34: Loss = 0.29014, Training (Code) = 0.79115, Validation (Code) = 0.79083, Training (X) = 0.886, Validation (X) = 0.88061, Training (Z) = 0.88371, Validation (Z) = 0.88409
Epoch 35: Loss = 0.28877, Training (Code) = 0.79308, Validation (Code) = 0.79083, Training (X) = 0.88647, Validation (X) = 0.88493, Training (Z) = 0.88392, Validation (Z) = 0.88103
Epoch 36: Loss = 0.28754, Training (Code) = 0.79748, Validation (Code) = 0.79, Training (X) = 0.8832, Validation (X) = 0.88544, Training (Z) = 0.8827, Validation (Z) = 0.88281
Epoch 37: Loss = 0.28644, Training (Code) = 0.79429, Validation (Code) = 0.79417, Training (X) = 0.88572, Validation (X) = 0.88164, Training (Z) = 0.88407, Validation (Z) = 0.88258
Epoch 38: Loss = 0.28545, Training (Code) = 0.79598, Validation (Code) = 0.79558, Training (X) = 0.88505, Validation (X) = 0.88499, Training (Z) = 0.88214, Validation (Z) = 0.88551
Epoch 39: Loss = 0.28456, Training (Code) = 0.7961, Validation (Code) = 0.79933, Training (X) = 0.88713, Validation (X) = 0.88386, Training (Z) = 0.88598, Validation (Z) = 0.8849
Epoch 40: Loss = 0.28376, Training (Code) = 0.79646, Validation (Code) = 0.79983, Training (X) = 0.88553, Validation (X) = 0.88498, Training (Z) = 0.88475, Validation (Z) = 0.88737
Epoch 41: Loss = 0.28304, Training (Code) = 0.79906, Validation (Code) = 0.79875, Training (X) = 0.8856, Validation (X) = 0.88712, Training (Z) = 0.88588, Validation (Z) = 0.88503
Epoch 42: Loss = 0.28239, Training (Code) = 0.79998, Validation (Code) = 0.79692, Training (X) = 0.88573, Validation (X) = 0.88173, Training (Z) = 0.8876, Validation (Z) = 0.88497
Epoch 43: Loss = 0.2818, Training (Code) = 0.80285, Validation (Code) = 0.79975, Training (X) = 0.88738, Validation (X) = 0.88309, Training (Z) = 0.88393, Validation (Z) = 0.88528
Epoch 44: Loss = 0.28127, Training (Code) = 0.80229, Validation (Code) = 0.798, Training (X) = 0.88587, Validation (X) = 0.88805, Training (Z) = 0.88369, Validation (Z) = 0.88409
Epoch 45: Loss = 0.28079, Training (Code) = 0.80263, Validation (Code) = 0.80492, Training (X) = 0.88483, Validation (X) = 0.88446, Training (Z) = 0.88418, Validation (Z) = 0.88663
Epoch 46: Loss = 0.28036, Training (Code) = 0.80356, Validation (Code) = 0.80417, Training (X) = 0.88478, Validation (X) = 0.88622, Training (Z) = 0.88517, Validation (Z) = 0.88218
Epoch 47: Loss = 0.27996, Training (Code) = 0.80369, Validation (Code) = 0.80292, Training (X) = 0.88685, Validation (X) = 0.88407, Training (Z) = 0.88369, Validation (Z) = 0.88241
Epoch 48: Loss = 0.2796, Training (Code) = 0.80608, Validation (Code) = 0.8075, Training (X) = 0.88576, Validation (X) = 0.88215, Training (Z) = 0.88339, Validation (Z) = 0.88442
Epoch 49: Loss = 0.27926, Training (Code) = 0.80344, Validation (Code) = 0.8115, Training (X) = 0.88656, Validation (X) = 0.8854, Training (Z) = 0.88549, Validation (Z) = 0.8856
Epoch 50: Loss = 0.27896, Training (Code) = 0.80212, Validation (Code) = 0.80383, Training (X) = 0.88614, Validation (X) = 0.8869, Training (Z) = 0.88325, Validation (Z) = 0.87705
Epoch 51: Loss = 0.27867, Training (Code) = 0.80796, Validation (Code) = 0.80558, Training (X) = 0.88505, Validation (X) = 0.88611, Training (Z) = 0.88456, Validation (Z) = 0.88238
Epoch 52: Loss = 0.27841, Training (Code) = 0.80602, Validation (Code) = 0.8055, Training (X) = 0.88444, Validation (X) = 0.88589, Training (Z) = 0.88444, Validation (Z) = 0.8833
Epoch 53: Loss = 0.27816, Training (Code) = 0.80646, Validation (Code) = 0.80833, Training (X) = 0.889, Validation (X) = 0.88639, Training (Z) = 0.88318, Validation (Z) = 0.8832
Epoch 54: Loss = 0.27793, Training (Code) = 0.80702, Validation (Code) = 0.81008, Training (X) = 0.88497, Validation (X) = 0.88407, Training (Z) = 0.88466, Validation (Z) = 0.88324
Epoch 55: Loss = 0.27772, Training (Code) = 0.80477, Validation (Code) = 0.80542, Training (X) = 0.8878, Validation (X) = 0.8865, Training (Z) = 0.88594, Validation (Z) = 0.89167
Epoch 56: Loss = 0.27751, Training (Code) = 0.80642, Validation (Code) = 0.80442, Training (X) = 0.88721, Validation (X) = 0.88428, Training (Z) = 0.88576, Validation (Z) = 0.88211
Epoch 57: Loss = 0.27732, Training (Code) = 0.80663, Validation (Code) = 0.81108, Training (X) = 0.88669, Validation (X) = 0.88637, Training (Z) = 0.88613, Validation (Z) = 0.88174
Epoch 58: Loss = 0.27714, Training (Code) = 0.80833, Validation (Code) = 0.80583, Training (X) = 0.88461, Validation (X) = 0.88614, Training (Z) = 0.88513, Validation (Z) = 0.88428
Epoch 59: Loss = 0.27697, Training (Code) = 0.80715, Validation (Code) = 0.81, Training (X) = 0.88377, Validation (X) = 0.88457, Training (Z) = 0.88488, Validation (Z) = 0.88673
Epoch 60: Loss = 0.2768, Training (Code) = 0.80488, Validation (Code) = 0.81033, Training (X) = 0.88482, Validation (X) = 0.88163, Training (Z) = 0.88259, Validation (Z) = 0.88595
Epoch 61: Loss = 0.27664, Training (Code) = 0.81002, Validation (Code) = 0.80917, Training (X) = 0.88344, Validation (X) = 0.88538, Training (Z) = 0.88437, Validation (Z) = 0.87817
Epoch 62: Loss = 0.27649, Training (Code) = 0.80977, Validation (Code) = 0.80675, Training (X) = 0.88546, Validation (X) = 0.88235, Training (Z) = 0.88461, Validation (Z) = 0.88369
Epoch 63: Loss = 0.27635, Training (Code) = 0.80771, Validation (Code) = 0.80508, Training (X) = 0.88677, Validation (X) = 0.88428, Training (Z) = 0.88507, Validation (Z) = 0.88045
Epoch 64: Loss = 0.27621, Training (Code) = 0.80773, Validation (Code) = 0.81008, Training (X) = 0.88577, Validation (X) = 0.88283, Training (Z) = 0.88365, Validation (Z) = 0.88664
Epoch 65: Loss = 0.27607, Training (Code) = 0.80717, Validation (Code) = 0.80875, Training (X) = 0.88806, Validation (X) = 0.88367, Training (Z) = 0.88411, Validation (Z) = 0.88161
Epoch 66: Loss = 0.27594, Training (Code) = 0.80858, Validation (Code) = 0.80767, Training (X) = 0.88506, Validation (X) = 0.88619, Training (Z) = 0.88511, Validation (Z) = 0.88382
Epoch 67: Loss = 0.27581, Training (Code) = 0.80835, Validation (Code) = 0.80492, Training (X) = 0.88619, Validation (X) = 0.88622, Training (Z) = 0.88779, Validation (Z) = 0.88498
Epoch 68: Loss = 0.27568, Training (Code) = 0.81023, Validation (Code) = 0.8095, Training (X) = 0.88658, Validation (X) = 0.88306, Training (Z) = 0.8827, Validation (Z) = 0.88614
Epoch 69: Loss = 0.27556, Training (Code) = 0.80654, Validation (Code) = 0.80567, Training (X) = 0.88642, Validation (X) = 0.89077, Training (Z) = 0.88606, Validation (Z) = 0.88912
Epoch 70: Loss = 0.27544, Training (Code) = 0.80773, Validation (Code) = 0.80842, Training (X) = 0.88641, Validation (X) = 0.88424, Training (Z) = 0.88644, Validation (Z) = 0.8862
Epoch 71: Loss = 0.27532, Training (Code) = 0.80892, Validation (Code) = 0.8025, Training (X) = 0.88493, Validation (X) = 0.88463, Training (Z) = 0.88555, Validation (Z) = 0.88775
Epoch 72: Loss = 0.27521, Training (Code) = 0.80656, Validation (Code) = 0.81208, Training (X) = 0.88705, Validation (X) = 0.88261, Training (Z) = 0.88452, Validation (Z) = 0.88363
Epoch 73: Loss = 0.27509, Training (Code) = 0.81083, Validation (Code) = 0.8075, Training (X) = 0.88433, Validation (X) = 0.88473, Training (Z) = 0.88559, Validation (Z) = 0.88803
Epoch 74: Loss = 0.27498, Training (Code) = 0.81106, Validation (Code) = 0.81042, Training (X) = 0.88541, Validation (X) = 0.88545, Training (Z) = 0.88485, Validation (Z) = 0.88494
Epoch 75: Loss = 0.27487, Training (Code) = 0.80821, Validation (Code) = 0.80975, Training (X) = 0.88416, Validation (X) = 0.88206, Training (Z) = 0.88341, Validation (Z) = 0.88433
