==========================================
SLURM_JOB_ID = 6102052
SLURM_JOB_NODELIST = e21-01
TMPDIR = /tmp/SLURM_6102052
==========================================
Epoch 1: Loss = 0.45539, Training (Code) = 0.42965, Validation (Code) = 0.424, Training (X) = 0.61839, Validation (X) = 0.61655, Training (Z) = 0.62382, Validation (Z) = 0.62952
Epoch 2: Loss = 0.41021, Training (Code) = 0.56202, Validation (Code) = 0.55467, Training (X) = 0.79305, Validation (X) = 0.78816, Training (Z) = 0.7923, Validation (Z) = 0.79417
Epoch 3: Loss = 0.40758, Training (Code) = 0.60613, Validation (Code) = 0.60017, Training (X) = 0.85485, Validation (X) = 0.8474, Training (Z) = 0.85451, Validation (Z) = 0.84949
Epoch 4: Loss = 0.41111, Training (Code) = 0.61133, Validation (Code) = 0.5955, Training (X) = 0.87776, Validation (X) = 0.87448, Training (Z) = 0.87278, Validation (Z) = 0.88329
Epoch 5: Loss = 0.41408, Training (Code) = 0.60977, Validation (Code) = 0.60292, Training (X) = 0.88725, Validation (X) = 0.88417, Training (Z) = 0.8864, Validation (Z) = 0.8868
Epoch 6: Loss = 0.4156, Training (Code) = 0.6071, Validation (Code) = 0.60175, Training (X) = 0.89503, Validation (X) = 0.89351, Training (Z) = 0.88892, Validation (Z) = 0.89212
Epoch 7: Loss = 0.41584, Training (Code) = 0.60806, Validation (Code) = 0.60125, Training (X) = 0.89519, Validation (X) = 0.89536, Training (Z) = 0.89115, Validation (Z) = 0.89314
Epoch 8: Loss = 0.41525, Training (Code) = 0.60944, Validation (Code) = 0.61083, Training (X) = 0.89618, Validation (X) = 0.89018, Training (Z) = 0.89208, Validation (Z) = 0.88745
Epoch 9: Loss = 0.41429, Training (Code) = 0.61158, Validation (Code) = 0.60533, Training (X) = 0.89416, Validation (X) = 0.89689, Training (Z) = 0.89127, Validation (Z) = 0.89235
Epoch 10: Loss = 0.41326, Training (Code) = 0.61523, Validation (Code) = 0.60742, Training (X) = 0.89489, Validation (X) = 0.8897, Training (Z) = 0.89154, Validation (Z) = 0.89518
Epoch 11: Loss = 0.41233, Training (Code) = 0.61487, Validation (Code) = 0.60633, Training (X) = 0.89642, Validation (X) = 0.88991, Training (Z) = 0.89469, Validation (Z) = 0.89005
Epoch 12: Loss = 0.41153, Training (Code) = 0.61577, Validation (Code) = 0.61342, Training (X) = 0.89522, Validation (X) = 0.89268, Training (Z) = 0.89424, Validation (Z) = 0.89458
Epoch 13: Loss = 0.41087, Training (Code) = 0.61681, Validation (Code) = 0.61008, Training (X) = 0.89587, Validation (X) = 0.89482, Training (Z) = 0.89313, Validation (Z) = 0.89633
Epoch 14: Loss = 0.41032, Training (Code) = 0.61877, Validation (Code) = 0.61158, Training (X) = 0.89475, Validation (X) = 0.89413, Training (Z) = 0.89408, Validation (Z) = 0.88745
Epoch 15: Loss = 0.40985, Training (Code) = 0.618, Validation (Code) = 0.61975, Training (X) = 0.89529, Validation (X) = 0.89566, Training (Z) = 0.89357, Validation (Z) = 0.88961
Epoch 16: Loss = 0.40944, Training (Code) = 0.62175, Validation (Code) = 0.61258, Training (X) = 0.89338, Validation (X) = 0.8958, Training (Z) = 0.89234, Validation (Z) = 0.89335
Epoch 17: Loss = 0.40908, Training (Code) = 0.62098, Validation (Code) = 0.61617, Training (X) = 0.89536, Validation (X) = 0.88829, Training (Z) = 0.89633, Validation (Z) = 0.89627
Epoch 18: Loss = 0.40875, Training (Code) = 0.62021, Validation (Code) = 0.61825, Training (X) = 0.89805, Validation (X) = 0.89311, Training (Z) = 0.89614, Validation (Z) = 0.89338
Epoch 19: Loss = 0.40844, Training (Code) = 0.62285, Validation (Code) = 0.61583, Training (X) = 0.89547, Validation (X) = 0.89323, Training (Z) = 0.89146, Validation (Z) = 0.89594
Epoch 20: Loss = 0.40816, Training (Code) = 0.62302, Validation (Code) = 0.61775, Training (X) = 0.89667, Validation (X) = 0.89424, Training (Z) = 0.89092, Validation (Z) = 0.8941
Epoch 21: Loss = 0.40788, Training (Code) = 0.62319, Validation (Code) = 0.62542, Training (X) = 0.89667, Validation (X) = 0.89047, Training (Z) = 0.89369, Validation (Z) = 0.88688
Epoch 22: Loss = 0.40761, Training (Code) = 0.62406, Validation (Code) = 0.61767, Training (X) = 0.89414, Validation (X) = 0.89571, Training (Z) = 0.89154, Validation (Z) = 0.88856
Epoch 23: Loss = 0.40735, Training (Code) = 0.62492, Validation (Code) = 0.61817, Training (X) = 0.89549, Validation (X) = 0.88865, Training (Z) = 0.89212, Validation (Z) = 0.8993
Epoch 24: Loss = 0.40709, Training (Code) = 0.62438, Validation (Code) = 0.62133, Training (X) = 0.8957, Validation (X) = 0.88546, Training (Z) = 0.89363, Validation (Z) = 0.89364
Epoch 25: Loss = 0.40683, Training (Code) = 0.63, Validation (Code) = 0.62442, Training (X) = 0.89375, Validation (X) = 0.8963, Training (Z) = 0.89028, Validation (Z) = 0.8915
Epoch 26: Loss = 0.40656, Training (Code) = 0.62565, Validation (Code) = 0.62883, Training (X) = 0.89644, Validation (X) = 0.89412, Training (Z) = 0.89647, Validation (Z) = 0.88974
Epoch 27: Loss = 0.40627, Training (Code) = 0.62669, Validation (Code) = 0.62217, Training (X) = 0.89542, Validation (X) = 0.89312, Training (Z) = 0.89329, Validation (Z) = 0.89285
Epoch 28: Loss = 0.40595, Training (Code) = 0.62802, Validation (Code) = 0.62475, Training (X) = 0.89458, Validation (X) = 0.89222, Training (Z) = 0.89016, Validation (Z) = 0.89249
Epoch 29: Loss = 0.4056, Training (Code) = 0.63031, Validation (Code) = 0.624, Training (X) = 0.89503, Validation (X) = 0.89062, Training (Z) = 0.89248, Validation (Z) = 0.88555
Epoch 30: Loss = 0.4052, Training (Code) = 0.62917, Validation (Code) = 0.622, Training (X) = 0.89225, Validation (X) = 0.89309, Training (Z) = 0.88997, Validation (Z) = 0.8951
Epoch 31: Loss = 0.40476, Training (Code) = 0.63048, Validation (Code) = 0.62725, Training (X) = 0.89624, Validation (X) = 0.8884, Training (Z) = 0.89327, Validation (Z) = 0.88707
Epoch 32: Loss = 0.40425, Training (Code) = 0.62898, Validation (Code) = 0.63042, Training (X) = 0.8952, Validation (X) = 0.89213, Training (Z) = 0.89195, Validation (Z) = 0.89306
Epoch 33: Loss = 0.40367, Training (Code) = 0.63025, Validation (Code) = 0.62975, Training (X) = 0.89383, Validation (X) = 0.89189, Training (Z) = 0.89293, Validation (Z) = 0.89215
Epoch 34: Loss = 0.403, Training (Code) = 0.63169, Validation (Code) = 0.63133, Training (X) = 0.89575, Validation (X) = 0.89097, Training (Z) = 0.89334, Validation (Z) = 0.88556
Epoch 35: Loss = 0.40225, Training (Code) = 0.6304, Validation (Code) = 0.63142, Training (X) = 0.89368, Validation (X) = 0.89151, Training (Z) = 0.89339, Validation (Z) = 0.88769
Epoch 36: Loss = 0.4014, Training (Code) = 0.63381, Validation (Code) = 0.6295, Training (X) = 0.89597, Validation (X) = 0.88999, Training (Z) = 0.89077, Validation (Z) = 0.89185
Epoch 37: Loss = 0.40043, Training (Code) = 0.63596, Validation (Code) = 0.6345, Training (X) = 0.89478, Validation (X) = 0.88442, Training (Z) = 0.89036, Validation (Z) = 0.89217
Epoch 38: Loss = 0.39936, Training (Code) = 0.63596, Validation (Code) = 0.63158, Training (X) = 0.8954, Validation (X) = 0.89075, Training (Z) = 0.88964, Validation (Z) = 0.88666
Epoch 39: Loss = 0.39817, Training (Code) = 0.63877, Validation (Code) = 0.63342, Training (X) = 0.89433, Validation (X) = 0.88857, Training (Z) = 0.88888, Validation (Z) = 0.88804
Epoch 40: Loss = 0.39686, Training (Code) = 0.63635, Validation (Code) = 0.63117, Training (X) = 0.89373, Validation (X) = 0.88909, Training (Z) = 0.89177, Validation (Z) = 0.89358
Epoch 41: Loss = 0.39543, Training (Code) = 0.6381, Validation (Code) = 0.63608, Training (X) = 0.89392, Validation (X) = 0.89244, Training (Z) = 0.88991, Validation (Z) = 0.88733
Epoch 42: Loss = 0.39388, Training (Code) = 0.63873, Validation (Code) = 0.63367, Training (X) = 0.89523, Validation (X) = 0.88664, Training (Z) = 0.89259, Validation (Z) = 0.88966
Epoch 43: Loss = 0.39222, Training (Code) = 0.6404, Validation (Code) = 0.6395, Training (X) = 0.89177, Validation (X) = 0.88728, Training (Z) = 0.89043, Validation (Z) = 0.8865
Epoch 44: Loss = 0.39046, Training (Code) = 0.64194, Validation (Code) = 0.64417, Training (X) = 0.89423, Validation (X) = 0.8912, Training (Z) = 0.89164, Validation (Z) = 0.88719
Epoch 45: Loss = 0.38859, Training (Code) = 0.64385, Validation (Code) = 0.64067, Training (X) = 0.89342, Validation (X) = 0.88775, Training (Z) = 0.88956, Validation (Z) = 0.88827
Epoch 46: Loss = 0.38664, Training (Code) = 0.64715, Validation (Code) = 0.64208, Training (X) = 0.8927, Validation (X) = 0.89085, Training (Z) = 0.89022, Validation (Z) = 0.89007
Epoch 47: Loss = 0.38461, Training (Code) = 0.64925, Validation (Code) = 0.64058, Training (X) = 0.89071, Validation (X) = 0.89554, Training (Z) = 0.89157, Validation (Z) = 0.89333
Epoch 48: Loss = 0.38251, Training (Code) = 0.64448, Validation (Code) = 0.64333, Training (X) = 0.89332, Validation (X) = 0.88614, Training (Z) = 0.89035, Validation (Z) = 0.88938
Epoch 49: Loss = 0.38036, Training (Code) = 0.64894, Validation (Code) = 0.64675, Training (X) = 0.89338, Validation (X) = 0.89512, Training (Z) = 0.89117, Validation (Z) = 0.8879
Epoch 50: Loss = 0.37817, Training (Code) = 0.65133, Validation (Code) = 0.64592, Training (X) = 0.89342, Validation (X) = 0.89137, Training (Z) = 0.89378, Validation (Z) = 0.88969
Epoch 51: Loss = 0.37595, Training (Code) = 0.65231, Validation (Code) = 0.64692, Training (X) = 0.89119, Validation (X) = 0.88999, Training (Z) = 0.89013, Validation (Z) = 0.89076
Epoch 52: Loss = 0.37372, Training (Code) = 0.65035, Validation (Code) = 0.6485, Training (X) = 0.89416, Validation (X) = 0.88345, Training (Z) = 0.89067, Validation (Z) = 0.88705
Epoch 53: Loss = 0.37147, Training (Code) = 0.6525, Validation (Code) = 0.64258, Training (X) = 0.89486, Validation (X) = 0.88821, Training (Z) = 0.89291, Validation (Z) = 0.89158
Epoch 54: Loss = 0.36923, Training (Code) = 0.65438, Validation (Code) = 0.65483, Training (X) = 0.89557, Validation (X) = 0.89298, Training (Z) = 0.89163, Validation (Z) = 0.88827
Epoch 55: Loss = 0.367, Training (Code) = 0.65627, Validation (Code) = 0.64958, Training (X) = 0.89245, Validation (X) = 0.89134, Training (Z) = 0.88994, Validation (Z) = 0.88685
Epoch 56: Loss = 0.3648, Training (Code) = 0.65792, Validation (Code) = 0.65183, Training (X) = 0.89408, Validation (X) = 0.89082, Training (Z) = 0.89075, Validation (Z) = 0.88993
Epoch 57: Loss = 0.36262, Training (Code) = 0.65575, Validation (Code) = 0.654, Training (X) = 0.89332, Validation (X) = 0.8843, Training (Z) = 0.88992, Validation (Z) = 0.88583
Epoch 58: Loss = 0.36048, Training (Code) = 0.656, Validation (Code) = 0.657, Training (X) = 0.8931, Validation (X) = 0.89041, Training (Z) = 0.88948, Validation (Z) = 0.89181
Epoch 59: Loss = 0.35838, Training (Code) = 0.65963, Validation (Code) = 0.64733, Training (X) = 0.89473, Validation (X) = 0.89083, Training (Z) = 0.89195, Validation (Z) = 0.89431
Epoch 60: Loss = 0.35632, Training (Code) = 0.65871, Validation (Code) = 0.6535, Training (X) = 0.89212, Validation (X) = 0.89378, Training (Z) = 0.89174, Validation (Z) = 0.89556
Epoch 61: Loss = 0.35431, Training (Code) = 0.66217, Validation (Code) = 0.66125, Training (X) = 0.89212, Validation (X) = 0.88998, Training (Z) = 0.89079, Validation (Z) = 0.89351
Epoch 62: Loss = 0.35235, Training (Code) = 0.66052, Validation (Code) = 0.664, Training (X) = 0.89223, Validation (X) = 0.88542, Training (Z) = 0.88882, Validation (Z) = 0.88278
Epoch 63: Loss = 0.35045, Training (Code) = 0.66652, Validation (Code) = 0.65733, Training (X) = 0.89438, Validation (X) = 0.8873, Training (Z) = 0.88926, Validation (Z) = 0.89009
Epoch 64: Loss = 0.3486, Training (Code) = 0.66706, Validation (Code) = 0.66025, Training (X) = 0.89213, Validation (X) = 0.88969, Training (Z) = 0.89163, Validation (Z) = 0.89423
Epoch 65: Loss = 0.34681, Training (Code) = 0.66527, Validation (Code) = 0.659, Training (X) = 0.89293, Validation (X) = 0.89074, Training (Z) = 0.89011, Validation (Z) = 0.89378
Epoch 66: Loss = 0.34507, Training (Code) = 0.66625, Validation (Code) = 0.66317, Training (X) = 0.89384, Validation (X) = 0.88452, Training (Z) = 0.89059, Validation (Z) = 0.88615
Epoch 67: Loss = 0.34339, Training (Code) = 0.66965, Validation (Code) = 0.66308, Training (X) = 0.8927, Validation (X) = 0.89066, Training (Z) = 0.89173, Validation (Z) = 0.88677
Epoch 68: Loss = 0.34176, Training (Code) = 0.66765, Validation (Code) = 0.66892, Training (X) = 0.89509, Validation (X) = 0.89137, Training (Z) = 0.89203, Validation (Z) = 0.88651
Epoch 69: Loss = 0.3402, Training (Code) = 0.67223, Validation (Code) = 0.66158, Training (X) = 0.89249, Validation (X) = 0.88563, Training (Z) = 0.89001, Validation (Z) = 0.89104
Epoch 70: Loss = 0.33868, Training (Code) = 0.66877, Validation (Code) = 0.66508, Training (X) = 0.89271, Validation (X) = 0.88347, Training (Z) = 0.89496, Validation (Z) = 0.89149
Epoch 71: Loss = 0.33722, Training (Code) = 0.66883, Validation (Code) = 0.6685, Training (X) = 0.89397, Validation (X) = 0.88245, Training (Z) = 0.88802, Validation (Z) = 0.88856
Epoch 72: Loss = 0.33581, Training (Code) = 0.6745, Validation (Code) = 0.67033, Training (X) = 0.89131, Validation (X) = 0.88575, Training (Z) = 0.89304, Validation (Z) = 0.89172
Epoch 73: Loss = 0.33446, Training (Code) = 0.67621, Validation (Code) = 0.66867, Training (X) = 0.8901, Validation (X) = 0.88771, Training (Z) = 0.89044, Validation (Z) = 0.88946
Epoch 74: Loss = 0.33315, Training (Code) = 0.67304, Validation (Code) = 0.672, Training (X) = 0.89262, Validation (X) = 0.88988, Training (Z) = 0.89141, Validation (Z) = 0.88876
Epoch 75: Loss = 0.3319, Training (Code) = 0.67442, Validation (Code) = 0.66875, Training (X) = 0.89216, Validation (X) = 0.88623, Training (Z) = 0.88984, Validation (Z) = 0.89109
Epoch 76: Loss = 0.33069, Training (Code) = 0.67748, Validation (Code) = 0.67375, Training (X) = 0.88951, Validation (X) = 0.88497, Training (Z) = 0.88957, Validation (Z) = 0.89511
Epoch 77: Loss = 0.32953, Training (Code) = 0.67558, Validation (Code) = 0.6695, Training (X) = 0.8941, Validation (X) = 0.89208, Training (Z) = 0.89176, Validation (Z) = 0.88785
Epoch 78: Loss = 0.32841, Training (Code) = 0.67779, Validation (Code) = 0.67125, Training (X) = 0.89494, Validation (X) = 0.88901, Training (Z) = 0.88956, Validation (Z) = 0.88951
Epoch 79: Loss = 0.32733, Training (Code) = 0.67675, Validation (Code) = 0.67433, Training (X) = 0.89278, Validation (X) = 0.88754, Training (Z) = 0.89142, Validation (Z) = 0.89039
Epoch 80: Loss = 0.32629, Training (Code) = 0.67975, Validation (Code) = 0.68133, Training (X) = 0.8919, Validation (X) = 0.88674, Training (Z) = 0.8889, Validation (Z) = 0.88295
Epoch 81: Loss = 0.3253, Training (Code) = 0.68242, Validation (Code) = 0.679, Training (X) = 0.89193, Validation (X) = 0.89102, Training (Z) = 0.88857, Validation (Z) = 0.88905
Epoch 82: Loss = 0.32434, Training (Code) = 0.68419, Validation (Code) = 0.67467, Training (X) = 0.88932, Validation (X) = 0.88908, Training (Z) = 0.8881, Validation (Z) = 0.88834
Epoch 83: Loss = 0.32342, Training (Code) = 0.67898, Validation (Code) = 0.67542, Training (X) = 0.89298, Validation (X) = 0.89167, Training (Z) = 0.89092, Validation (Z) = 0.89291
Epoch 84: Loss = 0.32253, Training (Code) = 0.68031, Validation (Code) = 0.66842, Training (X) = 0.89159, Validation (X) = 0.89228, Training (Z) = 0.89159, Validation (Z) = 0.89316
Epoch 85: Loss = 0.32168, Training (Code) = 0.68344, Validation (Code) = 0.68133, Training (X) = 0.89175, Validation (X) = 0.88356, Training (Z) = 0.89096, Validation (Z) = 0.88833
Epoch 86: Loss = 0.32086, Training (Code) = 0.68317, Validation (Code) = 0.68167, Training (X) = 0.89235, Validation (X) = 0.89022, Training (Z) = 0.89089, Validation (Z) = 0.89144
Epoch 87: Loss = 0.32007, Training (Code) = 0.68379, Validation (Code) = 0.68225, Training (X) = 0.89172, Validation (X) = 0.89215, Training (Z) = 0.89007, Validation (Z) = 0.88543
Epoch 88: Loss = 0.31931, Training (Code) = 0.68173, Validation (Code) = 0.67958, Training (X) = 0.8928, Validation (X) = 0.89368, Training (Z) = 0.88947, Validation (Z) = 0.89013
Epoch 89: Loss = 0.31858, Training (Code) = 0.68569, Validation (Code) = 0.68233, Training (X) = 0.8901, Validation (X) = 0.8863, Training (Z) = 0.88849, Validation (Z) = 0.88483
Epoch 90: Loss = 0.31788, Training (Code) = 0.68365, Validation (Code) = 0.68483, Training (X) = 0.89398, Validation (X) = 0.8872, Training (Z) = 0.88987, Validation (Z) = 0.89097
Epoch 91: Loss = 0.3172, Training (Code) = 0.68223, Validation (Code) = 0.68517, Training (X) = 0.89263, Validation (X) = 0.88251, Training (Z) = 0.8904, Validation (Z) = 0.88725
Epoch 92: Loss = 0.31655, Training (Code) = 0.68592, Validation (Code) = 0.68567, Training (X) = 0.89169, Validation (X) = 0.88649, Training (Z) = 0.88962, Validation (Z) = 0.88673
Epoch 93: Loss = 0.31592, Training (Code) = 0.68508, Validation (Code) = 0.68217, Training (X) = 0.8915, Validation (X) = 0.89164, Training (Z) = 0.89098, Validation (Z) = 0.88822
Epoch 94: Loss = 0.31532, Training (Code) = 0.68531, Validation (Code) = 0.68742, Training (X) = 0.88953, Validation (X) = 0.8869, Training (Z) = 0.8902, Validation (Z) = 0.88096
Epoch 95: Loss = 0.31474, Training (Code) = 0.68569, Validation (Code) = 0.6765, Training (X) = 0.89296, Validation (X) = 0.8831, Training (Z) = 0.89345, Validation (Z) = 0.88741
Epoch 96: Loss = 0.31417, Training (Code) = 0.6869, Validation (Code) = 0.68617, Training (X) = 0.89269, Validation (X) = 0.88511, Training (Z) = 0.89148, Validation (Z) = 0.88875
Epoch 97: Loss = 0.31363, Training (Code) = 0.68821, Validation (Code) = 0.686, Training (X) = 0.89284, Validation (X) = 0.88824, Training (Z) = 0.89045, Validation (Z) = 0.88472
Epoch 98: Loss = 0.31311, Training (Code) = 0.69054, Validation (Code) = 0.68583, Training (X) = 0.89139, Validation (X) = 0.88688, Training (Z) = 0.88997, Validation (Z) = 0.8887
Epoch 99: Loss = 0.31261, Training (Code) = 0.68863, Validation (Code) = 0.68375, Training (X) = 0.89021, Validation (X) = 0.88775, Training (Z) = 0.88876, Validation (Z) = 0.88848
Epoch 100: Loss = 0.31212, Training (Code) = 0.68802, Validation (Code) = 0.68617, Training (X) = 0.89178, Validation (X) = 0.88851, Training (Z) = 0.8896, Validation (Z) = 0.89058
Epoch 101: Loss = 0.31165, Training (Code) = 0.68933, Validation (Code) = 0.68292, Training (X) = 0.88911, Validation (X) = 0.88847, Training (Z) = 0.88887, Validation (Z) = 0.89591
Epoch 102: Loss = 0.3112, Training (Code) = 0.68969, Validation (Code) = 0.68342, Training (X) = 0.88944, Validation (X) = 0.88928, Training (Z) = 0.89032, Validation (Z) = 0.89014
Epoch 103: Loss = 0.31077, Training (Code) = 0.6906, Validation (Code) = 0.68417, Training (X) = 0.89046, Validation (X) = 0.88685, Training (Z) = 0.88769, Validation (Z) = 0.88356
Epoch 104: Loss = 0.31035, Training (Code) = 0.6889, Validation (Code) = 0.69508, Training (X) = 0.89213, Validation (X) = 0.88838, Training (Z) = 0.89068, Validation (Z) = 0.88646
Epoch 105: Loss = 0.30994, Training (Code) = 0.69177, Validation (Code) = 0.68842, Training (X) = 0.88926, Validation (X) = 0.88645, Training (Z) = 0.88704, Validation (Z) = 0.88549
Epoch 106: Loss = 0.30955, Training (Code) = 0.69069, Validation (Code) = 0.68758, Training (X) = 0.89419, Validation (X) = 0.88256, Training (Z) = 0.89138, Validation (Z) = 0.88462
Epoch 107: Loss = 0.30917, Training (Code) = 0.69073, Validation (Code) = 0.68825, Training (X) = 0.89054, Validation (X) = 0.89587, Training (Z) = 0.88907, Validation (Z) = 0.88643
Epoch 108: Loss = 0.3088, Training (Code) = 0.69104, Validation (Code) = 0.691, Training (X) = 0.89087, Validation (X) = 0.88471, Training (Z) = 0.88996, Validation (Z) = 0.88037
Epoch 109: Loss = 0.30845, Training (Code) = 0.69177, Validation (Code) = 0.68233, Training (X) = 0.89252, Validation (X) = 0.88727, Training (Z) = 0.88878, Validation (Z) = 0.89082
Epoch 110: Loss = 0.30811, Training (Code) = 0.69181, Validation (Code) = 0.69258, Training (X) = 0.89379, Validation (X) = 0.88521, Training (Z) = 0.89029, Validation (Z) = 0.88569
Epoch 111: Loss = 0.30778, Training (Code) = 0.69431, Validation (Code) = 0.68933, Training (X) = 0.89036, Validation (X) = 0.88733, Training (Z) = 0.89261, Validation (Z) = 0.89072
Epoch 112: Loss = 0.30746, Training (Code) = 0.69123, Validation (Code) = 0.69708, Training (X) = 0.89168, Validation (X) = 0.88846, Training (Z) = 0.88966, Validation (Z) = 0.88524
Epoch 113: Loss = 0.30715, Training (Code) = 0.695, Validation (Code) = 0.68808, Training (X) = 0.8899, Validation (X) = 0.88725, Training (Z) = 0.8884, Validation (Z) = 0.89027
Epoch 114: Loss = 0.30685, Training (Code) = 0.6929, Validation (Code) = 0.692, Training (X) = 0.8892, Validation (X) = 0.88608, Training (Z) = 0.88926, Validation (Z) = 0.88572
Epoch 115: Loss = 0.30656, Training (Code) = 0.69402, Validation (Code) = 0.69808, Training (X) = 0.89241, Validation (X) = 0.8848, Training (Z) = 0.88878, Validation (Z) = 0.88671
Epoch 116: Loss = 0.30628, Training (Code) = 0.69756, Validation (Code) = 0.69383, Training (X) = 0.88988, Validation (X) = 0.88902, Training (Z) = 0.88953, Validation (Z) = 0.88806
Epoch 117: Loss = 0.30601, Training (Code) = 0.69537, Validation (Code) = 0.69158, Training (X) = 0.89035, Validation (X) = 0.88866, Training (Z) = 0.88858, Validation (Z) = 0.88336
Epoch 118: Loss = 0.30574, Training (Code) = 0.69512, Validation (Code) = 0.68775, Training (X) = 0.89274, Validation (X) = 0.88901, Training (Z) = 0.89034, Validation (Z) = 0.88925
Epoch 119: Loss = 0.30549, Training (Code) = 0.69912, Validation (Code) = 0.69267, Training (X) = 0.88864, Validation (X) = 0.88751, Training (Z) = 0.88867, Validation (Z) = 0.88414
Epoch 120: Loss = 0.30524, Training (Code) = 0.69448, Validation (Code) = 0.69183, Training (X) = 0.8921, Validation (X) = 0.88894, Training (Z) = 0.88979, Validation (Z) = 0.89219
Epoch 121: Loss = 0.305, Training (Code) = 0.69804, Validation (Code) = 0.6965, Training (X) = 0.88933, Validation (X) = 0.88705, Training (Z) = 0.88829, Validation (Z) = 0.8837
Epoch 122: Loss = 0.30477, Training (Code) = 0.69563, Validation (Code) = 0.69117, Training (X) = 0.89099, Validation (X) = 0.88811, Training (Z) = 0.8891, Validation (Z) = 0.88462
Epoch 123: Loss = 0.30454, Training (Code) = 0.69552, Validation (Code) = 0.6935, Training (X) = 0.89193, Validation (X) = 0.8844, Training (Z) = 0.8913, Validation (Z) = 0.88416
Epoch 124: Loss = 0.30432, Training (Code) = 0.69771, Validation (Code) = 0.70208, Training (X) = 0.89003, Validation (X) = 0.88878, Training (Z) = 0.89053, Validation (Z) = 0.88855
Epoch 125: Loss = 0.30411, Training (Code) = 0.69644, Validation (Code) = 0.69075, Training (X) = 0.89063, Validation (X) = 0.89022, Training (Z) = 0.8895, Validation (Z) = 0.88841
Epoch 126: Loss = 0.3039, Training (Code) = 0.69512, Validation (Code) = 0.69267, Training (X) = 0.89157, Validation (X) = 0.88523, Training (Z) = 0.88884, Validation (Z) = 0.88691
Epoch 127: Loss = 0.30371, Training (Code) = 0.69681, Validation (Code) = 0.692, Training (X) = 0.89051, Validation (X) = 0.88825, Training (Z) = 0.88929, Validation (Z) = 0.8909
Epoch 128: Loss = 0.30351, Training (Code) = 0.69946, Validation (Code) = 0.69358, Training (X) = 0.89173, Validation (X) = 0.88646, Training (Z) = 0.88795, Validation (Z) = 0.88958
Epoch 129: Loss = 0.30332, Training (Code) = 0.69633, Validation (Code) = 0.69333, Training (X) = 0.89074, Validation (X) = 0.88738, Training (Z) = 0.88963, Validation (Z) = 0.88762
Epoch 130: Loss = 0.30314, Training (Code) = 0.69517, Validation (Code) = 0.68942, Training (X) = 0.89349, Validation (X) = 0.88565, Training (Z) = 0.88924, Validation (Z) = 0.89049
Epoch 131: Loss = 0.30296, Training (Code) = 0.69483, Validation (Code) = 0.69283, Training (X) = 0.89149, Validation (X) = 0.88922, Training (Z) = 0.88996, Validation (Z) = 0.88489
Epoch 132: Loss = 0.30279, Training (Code) = 0.69971, Validation (Code) = 0.69358, Training (X) = 0.88998, Validation (X) = 0.8897, Training (Z) = 0.8873, Validation (Z) = 0.88718
Epoch 133: Loss = 0.30262, Training (Code) = 0.69775, Validation (Code) = 0.69292, Training (X) = 0.8892, Validation (X) = 0.88394, Training (Z) = 0.88863, Validation (Z) = 0.88443
Epoch 134: Loss = 0.30246, Training (Code) = 0.6991, Validation (Code) = 0.69842, Training (X) = 0.89007, Validation (X) = 0.89202, Training (Z) = 0.88759, Validation (Z) = 0.88617
Epoch 135: Loss = 0.3023, Training (Code) = 0.70171, Validation (Code) = 0.69692, Training (X) = 0.89202, Validation (X) = 0.887, Training (Z) = 0.88866, Validation (Z) = 0.88473
Epoch 136: Loss = 0.30214, Training (Code) = 0.69963, Validation (Code) = 0.69925, Training (X) = 0.89137, Validation (X) = 0.88345, Training (Z) = 0.88726, Validation (Z) = 0.88774
Epoch 137: Loss = 0.30199, Training (Code) = 0.69935, Validation (Code) = 0.70167, Training (X) = 0.89055, Validation (X) = 0.88587, Training (Z) = 0.88755, Validation (Z) = 0.88824
Epoch 138: Loss = 0.30185, Training (Code) = 0.69902, Validation (Code) = 0.6955, Training (X) = 0.88895, Validation (X) = 0.8845, Training (Z) = 0.88591, Validation (Z) = 0.88533
Epoch 139: Loss = 0.3017, Training (Code) = 0.69969, Validation (Code) = 0.69725, Training (X) = 0.89016, Validation (X) = 0.88622, Training (Z) = 0.89004, Validation (Z) = 0.88335
Epoch 140: Loss = 0.30157, Training (Code) = 0.69915, Validation (Code) = 0.6985, Training (X) = 0.88873, Validation (X) = 0.88547, Training (Z) = 0.88978, Validation (Z) = 0.88392
Epoch 141: Loss = 0.30143, Training (Code) = 0.70183, Validation (Code) = 0.69575, Training (X) = 0.88848, Validation (X) = 0.88346, Training (Z) = 0.88744, Validation (Z) = 0.88562
Epoch 142: Loss = 0.3013, Training (Code) = 0.6994, Validation (Code) = 0.69625, Training (X) = 0.8891, Validation (X) = 0.88474, Training (Z) = 0.88925, Validation (Z) = 0.88809
Epoch 143: Loss = 0.30117, Training (Code) = 0.70517, Validation (Code) = 0.69775, Training (X) = 0.889, Validation (X) = 0.88809, Training (Z) = 0.8885, Validation (Z) = 0.89012
Epoch 144: Loss = 0.30105, Training (Code) = 0.70067, Validation (Code) = 0.70083, Training (X) = 0.89281, Validation (X) = 0.88847, Training (Z) = 0.88975, Validation (Z) = 0.88644
Epoch 145: Loss = 0.30093, Training (Code) = 0.70215, Validation (Code) = 0.70092, Training (X) = 0.88802, Validation (X) = 0.88123, Training (Z) = 0.88965, Validation (Z) = 0.88194
Epoch 146: Loss = 0.30081, Training (Code) = 0.7014, Validation (Code) = 0.69292, Training (X) = 0.89123, Validation (X) = 0.8926, Training (Z) = 0.8866, Validation (Z) = 0.88503
Epoch 147: Loss = 0.3007, Training (Code) = 0.70281, Validation (Code) = 0.70217, Training (X) = 0.89109, Validation (X) = 0.88714, Training (Z) = 0.88724, Validation (Z) = 0.88666
Epoch 148: Loss = 0.30058, Training (Code) = 0.70279, Validation (Code) = 0.6955, Training (X) = 0.89248, Validation (X) = 0.88653, Training (Z) = 0.88667, Validation (Z) = 0.89121
Epoch 149: Loss = 0.30047, Training (Code) = 0.70171, Validation (Code) = 0.70208, Training (X) = 0.8911, Validation (X) = 0.88226, Training (Z) = 0.89098, Validation (Z) = 0.88356
Epoch 150: Loss = 0.30037, Training (Code) = 0.70346, Validation (Code) = 0.69608, Training (X) = 0.89125, Validation (X) = 0.88663, Training (Z) = 0.88986, Validation (Z) = 0.89249
Epoch 151: Loss = 0.30026, Training (Code) = 0.7035, Validation (Code) = 0.70092, Training (X) = 0.88963, Validation (X) = 0.8861, Training (Z) = 0.88794, Validation (Z) = 0.88765
Epoch 152: Loss = 0.30016, Training (Code) = 0.70394, Validation (Code) = 0.69858, Training (X) = 0.8905, Validation (X) = 0.88751, Training (Z) = 0.88526, Validation (Z) = 0.88835
Epoch 153: Loss = 0.30006, Training (Code) = 0.70235, Validation (Code) = 0.70542, Training (X) = 0.88906, Validation (X) = 0.88895, Training (Z) = 0.88708, Validation (Z) = 0.8769
Epoch 154: Loss = 0.29997, Training (Code) = 0.70308, Validation (Code) = 0.70192, Training (X) = 0.89143, Validation (X) = 0.89101, Training (Z) = 0.88758, Validation (Z) = 0.8903
Epoch 155: Loss = 0.29987, Training (Code) = 0.70242, Validation (Code) = 0.703, Training (X) = 0.8937, Validation (X) = 0.88383, Training (Z) = 0.8862, Validation (Z) = 0.88798
Epoch 156: Loss = 0.29978, Training (Code) = 0.70296, Validation (Code) = 0.69642, Training (X) = 0.88732, Validation (X) = 0.89326, Training (Z) = 0.88676, Validation (Z) = 0.88572
Epoch 157: Loss = 0.29969, Training (Code) = 0.70348, Validation (Code) = 0.69567, Training (X) = 0.89007, Validation (X) = 0.88368, Training (Z) = 0.88666, Validation (Z) = 0.888
Epoch 158: Loss = 0.29961, Training (Code) = 0.70377, Validation (Code) = 0.69867, Training (X) = 0.88828, Validation (X) = 0.8843, Training (Z) = 0.88837, Validation (Z) = 0.88812
Epoch 159: Loss = 0.29952, Training (Code) = 0.704, Validation (Code) = 0.7035, Training (X) = 0.89323, Validation (X) = 0.88901, Training (Z) = 0.88817, Validation (Z) = 0.88462
Epoch 160: Loss = 0.29944, Training (Code) = 0.70163, Validation (Code) = 0.6965, Training (X) = 0.89159, Validation (X) = 0.8867, Training (Z) = 0.88925, Validation (Z) = 0.88717
Epoch 161: Loss = 0.29936, Training (Code) = 0.70308, Validation (Code) = 0.70167, Training (X) = 0.89214, Validation (X) = 0.89038, Training (Z) = 0.88645, Validation (Z) = 0.88432
Epoch 162: Loss = 0.29928, Training (Code) = 0.70381, Validation (Code) = 0.69817, Training (X) = 0.89015, Validation (X) = 0.88601, Training (Z) = 0.88719, Validation (Z) = 0.88828
Epoch 163: Loss = 0.2992, Training (Code) = 0.70229, Validation (Code) = 0.69825, Training (X) = 0.8906, Validation (X) = 0.89068, Training (Z) = 0.88594, Validation (Z) = 0.88746
Epoch 164: Loss = 0.29913, Training (Code) = 0.70525, Validation (Code) = 0.69617, Training (X) = 0.89114, Validation (X) = 0.88724, Training (Z) = 0.88651, Validation (Z) = 0.887
Epoch 165: Loss = 0.29906, Training (Code) = 0.70452, Validation (Code) = 0.69967, Training (X) = 0.89177, Validation (X) = 0.88888, Training (Z) = 0.88834, Validation (Z) = 0.88757
Epoch 166: Loss = 0.29898, Training (Code) = 0.70263, Validation (Code) = 0.70317, Training (X) = 0.89287, Validation (X) = 0.89215, Training (Z) = 0.8908, Validation (Z) = 0.87805
Epoch 167: Loss = 0.29891, Training (Code) = 0.7035, Validation (Code) = 0.70283, Training (X) = 0.88824, Validation (X) = 0.88203, Training (Z) = 0.888, Validation (Z) = 0.88795
Epoch 168: Loss = 0.29885, Training (Code) = 0.70448, Validation (Code) = 0.69792, Training (X) = 0.88733, Validation (X) = 0.88704, Training (Z) = 0.88742, Validation (Z) = 0.88418
Epoch 169: Loss = 0.29878, Training (Code) = 0.70552, Validation (Code) = 0.69275, Training (X) = 0.89071, Validation (X) = 0.88813, Training (Z) = 0.88891, Validation (Z) = 0.89017
Epoch 170: Loss = 0.29872, Training (Code) = 0.70481, Validation (Code) = 0.70142, Training (X) = 0.89152, Validation (X) = 0.88975, Training (Z) = 0.88975, Validation (Z) = 0.88381
Epoch 171: Loss = 0.29865, Training (Code) = 0.70481, Validation (Code) = 0.7045, Training (X) = 0.89063, Validation (X) = 0.88609, Training (Z) = 0.88848, Validation (Z) = 0.88775
Epoch 172: Loss = 0.29859, Training (Code) = 0.70544, Validation (Code) = 0.70075, Training (X) = 0.8894, Validation (X) = 0.88584, Training (Z) = 0.88654, Validation (Z) = 0.8875
Epoch 173: Loss = 0.29853, Training (Code) = 0.70448, Validation (Code) = 0.7045, Training (X) = 0.89037, Validation (X) = 0.88372, Training (Z) = 0.88724, Validation (Z) = 0.88952
Epoch 174: Loss = 0.29847, Training (Code) = 0.70727, Validation (Code) = 0.70442, Training (X) = 0.89004, Validation (X) = 0.88288, Training (Z) = 0.88789, Validation (Z) = 0.88406
Epoch 175: Loss = 0.29841, Training (Code) = 0.70504, Validation (Code) = 0.704, Training (X) = 0.88656, Validation (X) = 0.88494, Training (Z) = 0.88833, Validation (Z) = 0.88506
Epoch 176: Loss = 0.29835, Training (Code) = 0.70662, Validation (Code) = 0.69358, Training (X) = 0.89035, Validation (X) = 0.88742, Training (Z) = 0.88735, Validation (Z) = 0.88898
Epoch 177: Loss = 0.2983, Training (Code) = 0.70513, Validation (Code) = 0.70125, Training (X) = 0.89163, Validation (X) = 0.88307, Training (Z) = 0.88702, Validation (Z) = 0.88984
Epoch 178: Loss = 0.29825, Training (Code) = 0.70658, Validation (Code) = 0.70492, Training (X) = 0.88902, Validation (X) = 0.88746, Training (Z) = 0.88911, Validation (Z) = 0.88781
Epoch 179: Loss = 0.29819, Training (Code) = 0.7039, Validation (Code) = 0.70192, Training (X) = 0.8894, Validation (X) = 0.88888, Training (Z) = 0.88578, Validation (Z) = 0.89125
Epoch 180: Loss = 0.29814, Training (Code) = 0.70704, Validation (Code) = 0.70167, Training (X) = 0.89107, Validation (X) = 0.88124, Training (Z) = 0.88756, Validation (Z) = 0.88907
Epoch 181: Loss = 0.29809, Training (Code) = 0.70637, Validation (Code) = 0.70108, Training (X) = 0.88852, Validation (X) = 0.88363, Training (Z) = 0.88633, Validation (Z) = 0.88755
Epoch 182: Loss = 0.29804, Training (Code) = 0.71033, Validation (Code) = 0.70325, Training (X) = 0.8894, Validation (X) = 0.88423, Training (Z) = 0.88767, Validation (Z) = 0.89122
Epoch 183: Loss = 0.29799, Training (Code) = 0.70367, Validation (Code) = 0.70708, Training (X) = 0.89004, Validation (X) = 0.88438, Training (Z) = 0.88992, Validation (Z) = 0.88745
Epoch 184: Loss = 0.29795, Training (Code) = 0.70754, Validation (Code) = 0.69817, Training (X) = 0.88973, Validation (X) = 0.88804, Training (Z) = 0.88699, Validation (Z) = 0.88744
Epoch 185: Loss = 0.2979, Training (Code) = 0.70802, Validation (Code) = 0.70367, Training (X) = 0.89066, Validation (X) = 0.88856, Training (Z) = 0.88772, Validation (Z) = 0.8837
Epoch 186: Loss = 0.29786, Training (Code) = 0.70669, Validation (Code) = 0.70942, Training (X) = 0.88777, Validation (X) = 0.88794, Training (Z) = 0.88803, Validation (Z) = 0.88711
Epoch 187: Loss = 0.29781, Training (Code) = 0.70637, Validation (Code) = 0.70242, Training (X) = 0.89037, Validation (X) = 0.88682, Training (Z) = 0.88849, Validation (Z) = 0.88824
Epoch 188: Loss = 0.29777, Training (Code) = 0.70933, Validation (Code) = 0.69817, Training (X) = 0.89007, Validation (X) = 0.88625, Training (Z) = 0.88801, Validation (Z) = 0.88911
Epoch 189: Loss = 0.29773, Training (Code) = 0.70727, Validation (Code) = 0.70733, Training (X) = 0.88957, Validation (X) = 0.88584, Training (Z) = 0.88559, Validation (Z) = 0.88772
Epoch 190: Loss = 0.29769, Training (Code) = 0.70846, Validation (Code) = 0.70383, Training (X) = 0.89049, Validation (X) = 0.8803, Training (Z) = 0.88573, Validation (Z) = 0.88622
Epoch 191: Loss = 0.29764, Training (Code) = 0.70679, Validation (Code) = 0.7065, Training (X) = 0.88808, Validation (X) = 0.88606, Training (Z) = 0.88761, Validation (Z) = 0.88783
Epoch 192: Loss = 0.29761, Training (Code) = 0.71019, Validation (Code) = 0.70725, Training (X) = 0.88797, Validation (X) = 0.88571, Training (Z) = 0.88542, Validation (Z) = 0.88771
Epoch 193: Loss = 0.29757, Training (Code) = 0.70725, Validation (Code) = 0.70867, Training (X) = 0.88839, Validation (X) = 0.88264, Training (Z) = 0.88753, Validation (Z) = 0.88817
Epoch 194: Loss = 0.29753, Training (Code) = 0.7096, Validation (Code) = 0.70492, Training (X) = 0.88882, Validation (X) = 0.88852, Training (Z) = 0.8855, Validation (Z) = 0.88533
Epoch 195: Loss = 0.29749, Training (Code) = 0.70698, Validation (Code) = 0.70742, Training (X) = 0.89061, Validation (X) = 0.88762, Training (Z) = 0.88796, Validation (Z) = 0.88998
Epoch 196: Loss = 0.29746, Training (Code) = 0.70762, Validation (Code) = 0.70842, Training (X) = 0.89145, Validation (X) = 0.88425, Training (Z) = 0.88662, Validation (Z) = 0.88766
Epoch 197: Loss = 0.29742, Training (Code) = 0.70485, Validation (Code) = 0.70717, Training (X) = 0.89037, Validation (X) = 0.8831, Training (Z) = 0.88845, Validation (Z) = 0.88888
Epoch 198: Loss = 0.29739, Training (Code) = 0.70785, Validation (Code) = 0.701, Training (X) = 0.89169, Validation (X) = 0.88718, Training (Z) = 0.88866, Validation (Z) = 0.88291
Epoch 199: Loss = 0.29735, Training (Code) = 0.70548, Validation (Code) = 0.70383, Training (X) = 0.89124, Validation (X) = 0.8887, Training (Z) = 0.88967, Validation (Z) = 0.88977
Epoch 200: Loss = 0.29732, Training (Code) = 0.70869, Validation (Code) = 0.70408, Training (X) = 0.88911, Validation (X) = 0.88579, Training (Z) = 0.88779, Validation (Z) = 0.88484
