==========================================
SLURM_JOB_ID = 6116652
SLURM_JOB_NODELIST = d06-26
TMPDIR = /tmp/SLURM_6116652
==========================================
10_05_21_55_50_539 [22, 40, 45, 50, 60, 60, 46] [Sigmoid(), Tanh(), Tanh(), Tanh(), Tanh(), Sigmoid()] 100 0.005 50
50
50
Epoch 1: Loss = 0.39641, Training (Code) = 0.0, Validation (Code) = 0.0, Training (X) = 1, Validation (X) = 1, Training (Z) = 1, Validation (Z) = 1
50
50
Epoch 2: Loss = 0.39641, Training (Code) = 0.0, Validation (Code) = 0.0, Training (X) = 1, Validation (X) = 1, Training (Z) = 1, Validation (Z) = 1
50
50
Epoch 3: Loss = 0.39641, Training (Code) = 0.0, Validation (Code) = 0.0, Training (X) = 1, Validation (X) = 1, Training (Z) = 1, Validation (Z) = 1
50
50
Epoch 4: Loss = 0.39641, Training (Code) = 0.0, Validation (Code) = 0.0, Training (X) = 1, Validation (X) = 1, Training (Z) = 1, Validation (Z) = 1
50
50
Epoch 5: Loss = 0.39641, Training (Code) = 0.0, Validation (Code) = 0.0, Training (X) = 1, Validation (X) = 1, Training (Z) = 1, Validation (Z) = 1
50
50
Epoch 6: Loss = 0.39641, Training (Code) = 0.0, Validation (Code) = 0.0, Training (X) = 1, Validation (X) = 1, Training (Z) = 1, Validation (Z) = 1
50
50
Epoch 7: Loss = 0.39641, Training (Code) = 0.0, Validation (Code) = 0.0, Training (X) = 1, Validation (X) = 1, Training (Z) = 1, Validation (Z) = 1
50
50
Epoch 8: Loss = 0.39641, Training (Code) = 0.0, Validation (Code) = 0.0, Training (X) = 1, Validation (X) = 1, Training (Z) = 1, Validation (Z) = 1
50
50
Epoch 9: Loss = 0.39641, Training (Code) = 0.0, Validation (Code) = 0.0, Training (X) = 1, Validation (X) = 1, Training (Z) = 1, Validation (Z) = 1
50
50
Epoch 10: Loss = 0.39641, Training (Code) = 0.0, Validation (Code) = 0.0, Training (X) = 1, Validation (X) = 1, Training (Z) = 1, Validation (Z) = 1
50
50
Epoch 11: Loss = 0.39641, Training (Code) = 0.0, Validation (Code) = 0.0, Training (X) = 1, Validation (X) = 1, Training (Z) = 1, Validation (Z) = 1
50
50
Epoch 12: Loss = 0.39641, Training (Code) = 0.0, Validation (Code) = 0.0, Training (X) = 1, Validation (X) = 1, Training (Z) = 1, Validation (Z) = 1
50
50
Epoch 13: Loss = 0.39641, Training (Code) = 0.0, Validation (Code) = 0.0, Training (X) = 1, Validation (X) = 1, Training (Z) = 1, Validation (Z) = 1
50
50
Epoch 14: Loss = 0.39641, Training (Code) = 0.0, Validation (Code) = 0.0, Training (X) = 1, Validation (X) = 1, Training (Z) = 1, Validation (Z) = 1
50
50
Epoch 15: Loss = 0.39641, Training (Code) = 0.0, Validation (Code) = 0.0, Training (X) = 1, Validation (X) = 1, Training (Z) = 1, Validation (Z) = 1
50
50
Epoch 16: Loss = 0.39641, Training (Code) = 0.0, Validation (Code) = 0.0, Training (X) = 1, Validation (X) = 1, Training (Z) = 1, Validation (Z) = 1
50
50
Epoch 17: Loss = 0.39641, Training (Code) = 0.0, Validation (Code) = 0.0, Training (X) = 1, Validation (X) = 1, Training (Z) = 1, Validation (Z) = 1
50
50
Epoch 18: Loss = 0.39641, Training (Code) = 0.0, Validation (Code) = 0.0, Training (X) = 1, Validation (X) = 1, Training (Z) = 1, Validation (Z) = 1
50
50
Epoch 19: Loss = 0.39641, Training (Code) = 0.0, Validation (Code) = 0.0, Training (X) = 1, Validation (X) = 1, Training (Z) = 1, Validation (Z) = 1
50
50
Epoch 20: Loss = 0.39641, Training (Code) = 0.0, Validation (Code) = 0.0, Training (X) = 1, Validation (X) = 1, Training (Z) = 1, Validation (Z) = 1
50
50
Epoch 21: Loss = 0.39641, Training (Code) = 0.0, Validation (Code) = 0.0, Training (X) = 1, Validation (X) = 1, Training (Z) = 1, Validation (Z) = 1
50
50
Epoch 22: Loss = 0.39641, Training (Code) = 0.0, Validation (Code) = 0.0, Training (X) = 1, Validation (X) = 1, Training (Z) = 1, Validation (Z) = 1
50
50
Epoch 23: Loss = 0.39641, Training (Code) = 0.0, Validation (Code) = 0.0, Training (X) = 1, Validation (X) = 1, Training (Z) = 1, Validation (Z) = 1
50
50
Epoch 24: Loss = 0.39641, Training (Code) = 0.0, Validation (Code) = 0.0, Training (X) = 1, Validation (X) = 1, Training (Z) = 1, Validation (Z) = 1
50
50
Epoch 25: Loss = 0.39641, Training (Code) = 0.0, Validation (Code) = 0.0, Training (X) = 1, Validation (X) = 1, Training (Z) = 1, Validation (Z) = 1
50
50
Epoch 26: Loss = 0.39641, Training (Code) = 0.0, Validation (Code) = 0.0, Training (X) = 1, Validation (X) = 1, Training (Z) = 1, Validation (Z) = 1
50
50
Epoch 27: Loss = 0.39641, Training (Code) = 0.0, Validation (Code) = 0.0, Training (X) = 1, Validation (X) = 1, Training (Z) = 1, Validation (Z) = 1
50
50
Epoch 28: Loss = 0.39641, Training (Code) = 0.0, Validation (Code) = 0.0, Training (X) = 1, Validation (X) = 1, Training (Z) = 1, Validation (Z) = 1
50
50
Epoch 29: Loss = 0.39641, Training (Code) = 0.0, Validation (Code) = 0.0, Training (X) = 1, Validation (X) = 1, Training (Z) = 1, Validation (Z) = 1
50
50
Epoch 30: Loss = 0.39641, Training (Code) = 0.0, Validation (Code) = 0.0, Training (X) = 1, Validation (X) = 1, Training (Z) = 1, Validation (Z) = 1
50
50
Epoch 31: Loss = 0.39641, Training (Code) = 0.0, Validation (Code) = 0.0, Training (X) = 1, Validation (X) = 1, Training (Z) = 1, Validation (Z) = 1
50
50
Epoch 32: Loss = 0.39641, Training (Code) = 0.0, Validation (Code) = 0.0, Training (X) = 1, Validation (X) = 1, Training (Z) = 1, Validation (Z) = 1
50
50
Epoch 33: Loss = 0.39641, Training (Code) = 0.0, Validation (Code) = 0.0, Training (X) = 1, Validation (X) = 1, Training (Z) = 1, Validation (Z) = 1
50
50
Epoch 34: Loss = 0.39641, Training (Code) = 0.0, Validation (Code) = 0.0, Training (X) = 1, Validation (X) = 1, Training (Z) = 1, Validation (Z) = 1
50
50
Epoch 35: Loss = 0.39641, Training (Code) = 0.0, Validation (Code) = 0.0, Training (X) = 1, Validation (X) = 1, Training (Z) = 1, Validation (Z) = 1
50
50
Epoch 36: Loss = 0.39641, Training (Code) = 0.0, Validation (Code) = 0.0, Training (X) = 1, Validation (X) = 1, Training (Z) = 1, Validation (Z) = 1
50
50
Epoch 37: Loss = 0.39641, Training (Code) = 0.0, Validation (Code) = 0.0, Training (X) = 1, Validation (X) = 1, Training (Z) = 1, Validation (Z) = 1
50
50
Epoch 38: Loss = 0.39641, Training (Code) = 0.0, Validation (Code) = 0.0, Training (X) = 1, Validation (X) = 1, Training (Z) = 1, Validation (Z) = 1
50
50
Epoch 39: Loss = 0.39641, Training (Code) = 0.0, Validation (Code) = 0.0, Training (X) = 1, Validation (X) = 1, Training (Z) = 1, Validation (Z) = 1
50
50
Epoch 40: Loss = 0.39641, Training (Code) = 0.0, Validation (Code) = 0.0, Training (X) = 1, Validation (X) = 1, Training (Z) = 1, Validation (Z) = 1
50
50
Epoch 41: Loss = 0.39641, Training (Code) = 0.0, Validation (Code) = 0.0, Training (X) = 1, Validation (X) = 1, Training (Z) = 1, Validation (Z) = 1
50
50
Epoch 42: Loss = 0.39641, Training (Code) = 0.0, Validation (Code) = 0.0, Training (X) = 1, Validation (X) = 1, Training (Z) = 1, Validation (Z) = 1
50
50
Epoch 43: Loss = 0.39641, Training (Code) = 0.0, Validation (Code) = 0.0, Training (X) = 1, Validation (X) = 1, Training (Z) = 1, Validation (Z) = 1
50
50
Epoch 44: Loss = 0.39641, Training (Code) = 0.0, Validation (Code) = 0.0, Training (X) = 1, Validation (X) = 1, Training (Z) = 1, Validation (Z) = 1
50
50
Epoch 45: Loss = 0.39641, Training (Code) = 0.0, Validation (Code) = 0.0, Training (X) = 1, Validation (X) = 1, Training (Z) = 1, Validation (Z) = 1
50
50
Epoch 46: Loss = 0.39641, Training (Code) = 0.0, Validation (Code) = 0.0, Training (X) = 1, Validation (X) = 1, Training (Z) = 1, Validation (Z) = 1
50
50
Epoch 47: Loss = 0.39641, Training (Code) = 0.0, Validation (Code) = 0.0, Training (X) = 1, Validation (X) = 1, Training (Z) = 1, Validation (Z) = 1
50
50
Epoch 48: Loss = 0.39641, Training (Code) = 0.0, Validation (Code) = 0.0, Training (X) = 1, Validation (X) = 1, Training (Z) = 1, Validation (Z) = 1
50
50
Epoch 49: Loss = 0.39641, Training (Code) = 0.0, Validation (Code) = 0.0, Training (X) = 1, Validation (X) = 1, Training (Z) = 1, Validation (Z) = 1
50
50
Epoch 50: Loss = 0.39641, Training (Code) = 0.0, Validation (Code) = 0.0, Training (X) = 1, Validation (X) = 1, Training (Z) = 1, Validation (Z) = 1
50
50
Epoch 51: Loss = 0.39641, Training (Code) = 0.0, Validation (Code) = 0.0, Training (X) = 1, Validation (X) = 1, Training (Z) = 1, Validation (Z) = 1
50
50
Epoch 52: Loss = 0.39641, Training (Code) = 0.0, Validation (Code) = 0.0, Training (X) = 1, Validation (X) = 1, Training (Z) = 1, Validation (Z) = 1
50
50
Epoch 53: Loss = 0.39641, Training (Code) = 0.0, Validation (Code) = 0.0, Training (X) = 1, Validation (X) = 1, Training (Z) = 1, Validation (Z) = 1
50
50
Epoch 54: Loss = 0.39641, Training (Code) = 0.0, Validation (Code) = 0.0, Training (X) = 1, Validation (X) = 1, Training (Z) = 1, Validation (Z) = 1
50
50
Epoch 55: Loss = 0.39641, Training (Code) = 0.0, Validation (Code) = 0.0, Training (X) = 1, Validation (X) = 1, Training (Z) = 1, Validation (Z) = 1
50
50
Epoch 56: Loss = 0.39641, Training (Code) = 0.0, Validation (Code) = 0.0, Training (X) = 1, Validation (X) = 1, Training (Z) = 1, Validation (Z) = 1
50
50
Epoch 57: Loss = 0.39641, Training (Code) = 0.0, Validation (Code) = 0.0, Training (X) = 1, Validation (X) = 1, Training (Z) = 1, Validation (Z) = 1
50
50
Epoch 58: Loss = 0.39641, Training (Code) = 0.0, Validation (Code) = 0.0, Training (X) = 1, Validation (X) = 1, Training (Z) = 1, Validation (Z) = 1
50
50
Epoch 59: Loss = 0.39641, Training (Code) = 0.0, Validation (Code) = 0.0, Training (X) = 1, Validation (X) = 1, Training (Z) = 1, Validation (Z) = 1
50
50
Epoch 60: Loss = 0.39641, Training (Code) = 0.0, Validation (Code) = 0.0, Training (X) = 1, Validation (X) = 1, Training (Z) = 1, Validation (Z) = 1
50
50
Epoch 61: Loss = 0.39641, Training (Code) = 0.0, Validation (Code) = 0.0, Training (X) = 1, Validation (X) = 1, Training (Z) = 1, Validation (Z) = 1
50
50
Epoch 62: Loss = 0.39641, Training (Code) = 0.0, Validation (Code) = 0.0, Training (X) = 1, Validation (X) = 1, Training (Z) = 1, Validation (Z) = 1
50
50
Epoch 63: Loss = 0.39641, Training (Code) = 0.0, Validation (Code) = 0.0, Training (X) = 1, Validation (X) = 1, Training (Z) = 1, Validation (Z) = 1
50
50
Epoch 64: Loss = 0.39641, Training (Code) = 0.0, Validation (Code) = 0.0, Training (X) = 1, Validation (X) = 1, Training (Z) = 1, Validation (Z) = 1
50
50
Epoch 65: Loss = 0.39641, Training (Code) = 0.0, Validation (Code) = 0.0, Training (X) = 1, Validation (X) = 1, Training (Z) = 1, Validation (Z) = 1
50
50
Epoch 66: Loss = 0.39641, Training (Code) = 0.0, Validation (Code) = 0.0, Training (X) = 1, Validation (X) = 1, Training (Z) = 1, Validation (Z) = 1
50
50
Epoch 67: Loss = 0.39641, Training (Code) = 0.0, Validation (Code) = 0.0, Training (X) = 1, Validation (X) = 1, Training (Z) = 1, Validation (Z) = 1
50
50
Epoch 68: Loss = 0.39641, Training (Code) = 0.0, Validation (Code) = 0.0, Training (X) = 1, Validation (X) = 1, Training (Z) = 1, Validation (Z) = 1
50
50
Epoch 69: Loss = 0.39641, Training (Code) = 0.0, Validation (Code) = 0.0, Training (X) = 1, Validation (X) = 1, Training (Z) = 1, Validation (Z) = 1
50
50
Epoch 70: Loss = 0.39641, Training (Code) = 0.0, Validation (Code) = 0.0, Training (X) = 1, Validation (X) = 1, Training (Z) = 1, Validation (Z) = 1
50
50
Epoch 71: Loss = 0.39641, Training (Code) = 0.0, Validation (Code) = 0.0, Training (X) = 1, Validation (X) = 1, Training (Z) = 1, Validation (Z) = 1
50
50
Epoch 72: Loss = 0.39641, Training (Code) = 0.0, Validation (Code) = 0.0, Training (X) = 1, Validation (X) = 1, Training (Z) = 1, Validation (Z) = 1
50
50
Epoch 73: Loss = 0.39641, Training (Code) = 0.0, Validation (Code) = 0.0, Training (X) = 1, Validation (X) = 1, Training (Z) = 1, Validation (Z) = 1
50
50
Epoch 74: Loss = 0.39641, Training (Code) = 0.0, Validation (Code) = 0.0, Training (X) = 1, Validation (X) = 1, Training (Z) = 1, Validation (Z) = 1
50
50
Epoch 75: Loss = 0.39641, Training (Code) = 0.0, Validation (Code) = 0.0, Training (X) = 1, Validation (X) = 1, Training (Z) = 1, Validation (Z) = 1
50
50
Epoch 76: Loss = 0.39641, Training (Code) = 0.0, Validation (Code) = 0.0, Training (X) = 1, Validation (X) = 1, Training (Z) = 1, Validation (Z) = 1
50
50
Epoch 77: Loss = 0.39641, Training (Code) = 0.0, Validation (Code) = 0.0, Training (X) = 1, Validation (X) = 1, Training (Z) = 1, Validation (Z) = 1
50
50
Epoch 78: Loss = 0.39641, Training (Code) = 0.0, Validation (Code) = 0.0, Training (X) = 1, Validation (X) = 1, Training (Z) = 1, Validation (Z) = 1
50
50
Epoch 79: Loss = 0.39641, Training (Code) = 0.0, Validation (Code) = 0.0, Training (X) = 1, Validation (X) = 1, Training (Z) = 1, Validation (Z) = 1
50
50
Epoch 80: Loss = 0.39641, Training (Code) = 0.0, Validation (Code) = 0.0, Training (X) = 1, Validation (X) = 1, Training (Z) = 1, Validation (Z) = 1
50
50
Epoch 81: Loss = 0.39641, Training (Code) = 0.0, Validation (Code) = 0.0, Training (X) = 1, Validation (X) = 1, Training (Z) = 1, Validation (Z) = 1
50
50
Epoch 82: Loss = 0.39641, Training (Code) = 0.0, Validation (Code) = 0.0, Training (X) = 1, Validation (X) = 1, Training (Z) = 1, Validation (Z) = 1
slurmstepd: error: *** JOB 6116652 ON d06-26 CANCELLED AT 2021-10-06T15:42:42 ***
