==========================================
SLURM_JOB_ID = 6124446
SLURM_JOB_NODELIST = d05-08
TMPDIR = /tmp/SLURM_6124446
==========================================
10_06_17_10_53_887 [22, 50, 50, 60, 60, 46] [Tanh(), Tanh(), Tanh(), Tanh(), Sigmoid()] 100 0.05 50
Epoch 1: Loss = 0.4447, Training (Code) = 0.0, Validation (Code) = 0.0, Training (X) = 1, Validation (X) = 1, Training (Z) = 1, Validation (Z) = 1
Epoch 2: Loss = 0.44549, Training (Code) = 0.0, Validation (Code) = 0.0, Training (X) = 1, Validation (X) = 1, Training (Z) = 1, Validation (Z) = 1
Epoch 3: Loss = 0.4432, Training (Code) = 0.0, Validation (Code) = 0.0, Training (X) = 1, Validation (X) = 1, Training (Z) = 1, Validation (Z) = 1
Epoch 4: Loss = 0.44912, Training (Code) = 0.0, Validation (Code) = 0.0, Training (X) = 1, Validation (X) = 1, Training (Z) = 1, Validation (Z) = 1
Epoch 5: Loss = 0.45232, Training (Code) = 0.0, Validation (Code) = 0.0, Training (X) = 1, Validation (X) = 1, Training (Z) = 1, Validation (Z) = 1
Epoch 6: Loss = 0.45485, Training (Code) = 0.0, Validation (Code) = 0.0, Training (X) = 1, Validation (X) = 1, Training (Z) = 1, Validation (Z) = 1
Epoch 7: Loss = 0.45775, Training (Code) = 0.0, Validation (Code) = 0.0, Training (X) = 1, Validation (X) = 1, Training (Z) = 1, Validation (Z) = 1
Epoch 8: Loss = 0.45999, Training (Code) = 0.0, Validation (Code) = 0.0, Training (X) = 1, Validation (X) = 1, Training (Z) = 1, Validation (Z) = 1
Epoch 9: Loss = 0.46202, Training (Code) = 0.0, Validation (Code) = 0.0, Training (X) = 1, Validation (X) = 1, Training (Z) = 1, Validation (Z) = 1
Epoch 10: Loss = 0.4636, Training (Code) = 0.0, Validation (Code) = 0.0, Training (X) = 1, Validation (X) = 1, Training (Z) = 1, Validation (Z) = 1
Epoch 11: Loss = 0.46348, Training (Code) = 0.0, Validation (Code) = 0.0, Training (X) = 1, Validation (X) = 1, Training (Z) = 1, Validation (Z) = 1
Epoch 12: Loss = 0.46112, Training (Code) = 0.0, Validation (Code) = 0.0, Training (X) = 1, Validation (X) = 1, Training (Z) = 1, Validation (Z) = 1
Epoch 13: Loss = 0.46132, Training (Code) = 0.0, Validation (Code) = 0.0, Training (X) = 1, Validation (X) = 1, Training (Z) = 1, Validation (Z) = 1
Epoch 14: Loss = 0.46203, Training (Code) = 0.0, Validation (Code) = 0.0, Training (X) = 1, Validation (X) = 1, Training (Z) = 1, Validation (Z) = 1
Epoch 15: Loss = 0.46236, Training (Code) = 0.0, Validation (Code) = 0.0, Training (X) = 1, Validation (X) = 1, Training (Z) = 1, Validation (Z) = 1
Epoch 16: Loss = 0.46576, Training (Code) = 0.0, Validation (Code) = 0.0, Training (X) = 1, Validation (X) = 1, Training (Z) = 1, Validation (Z) = 1
Epoch 17: Loss = 0.46811, Training (Code) = 0.0, Validation (Code) = 0.0, Training (X) = 1, Validation (X) = 1, Training (Z) = 1, Validation (Z) = 1
Epoch 18: Loss = 0.46988, Training (Code) = 0.0, Validation (Code) = 0.0, Training (X) = 1, Validation (X) = 1, Training (Z) = 1, Validation (Z) = 1
Epoch 19: Loss = 0.47112, Training (Code) = 0.0, Validation (Code) = 0.0, Training (X) = 1, Validation (X) = 1, Training (Z) = 1, Validation (Z) = 1
Epoch 20: Loss = 0.47213, Training (Code) = 0.0, Validation (Code) = 0.0, Training (X) = 1, Validation (X) = 1, Training (Z) = 1, Validation (Z) = 1
Epoch 21: Loss = 0.47304, Training (Code) = 0.0, Validation (Code) = 0.0, Training (X) = 1, Validation (X) = 1, Training (Z) = 1, Validation (Z) = 1
Epoch 22: Loss = 0.47403, Training (Code) = 0.0, Validation (Code) = 0.0, Training (X) = 1, Validation (X) = 1, Training (Z) = 1, Validation (Z) = 1
Epoch 23: Loss = 0.47487, Training (Code) = 0.0, Validation (Code) = 0.0, Training (X) = 1, Validation (X) = 1, Training (Z) = 1, Validation (Z) = 1
Epoch 24: Loss = 0.47578, Training (Code) = 0.0, Validation (Code) = 0.0, Training (X) = 1, Validation (X) = 1, Training (Z) = 1, Validation (Z) = 1
Epoch 25: Loss = 0.47673, Training (Code) = 0.0, Validation (Code) = 0.0, Training (X) = 1, Validation (X) = 1, Training (Z) = 1, Validation (Z) = 1
Epoch 26: Loss = 0.47778, Training (Code) = 0.0, Validation (Code) = 0.0, Training (X) = 1, Validation (X) = 1, Training (Z) = 1, Validation (Z) = 1
Epoch 27: Loss = 0.47916, Training (Code) = 0.0, Validation (Code) = 0.0, Training (X) = 1, Validation (X) = 1, Training (Z) = 1, Validation (Z) = 1
Epoch 28: Loss = 0.48071, Training (Code) = 0.0, Validation (Code) = 0.0, Training (X) = 1, Validation (X) = 1, Training (Z) = 1, Validation (Z) = 1
Epoch 29: Loss = 0.4819, Training (Code) = 0.0, Validation (Code) = 0.0, Training (X) = 1, Validation (X) = 1, Training (Z) = 1, Validation (Z) = 1
Epoch 30: Loss = 0.48285, Training (Code) = 0.0, Validation (Code) = 0.0, Training (X) = 1, Validation (X) = 1, Training (Z) = 1, Validation (Z) = 1
Epoch 31: Loss = 0.48366, Training (Code) = 0.0, Validation (Code) = 0.0, Training (X) = 1, Validation (X) = 1, Training (Z) = 1, Validation (Z) = 1
Epoch 32: Loss = 0.48437, Training (Code) = 0.0, Validation (Code) = 0.0, Training (X) = 1, Validation (X) = 1, Training (Z) = 1, Validation (Z) = 1
Epoch 33: Loss = 0.48499, Training (Code) = 0.0, Validation (Code) = 0.0, Training (X) = 1, Validation (X) = 1, Training (Z) = 1, Validation (Z) = 1
Epoch 34: Loss = 0.48555, Training (Code) = 0.0, Validation (Code) = 0.0, Training (X) = 1, Validation (X) = 1, Training (Z) = 1, Validation (Z) = 1
Epoch 35: Loss = 0.48607, Training (Code) = 0.0, Validation (Code) = 0.0, Training (X) = 1, Validation (X) = 1, Training (Z) = 1, Validation (Z) = 1
Epoch 36: Loss = 0.48655, Training (Code) = 0.0, Validation (Code) = 0.0, Training (X) = 1, Validation (X) = 1, Training (Z) = 1, Validation (Z) = 1
Epoch 37: Loss = 0.487, Training (Code) = 0.0, Validation (Code) = 0.0, Training (X) = 1, Validation (X) = 1, Training (Z) = 1, Validation (Z) = 1
Epoch 38: Loss = 0.48742, Training (Code) = 0.0, Validation (Code) = 0.0, Training (X) = 1, Validation (X) = 1, Training (Z) = 1, Validation (Z) = 1
Epoch 39: Loss = 0.48782, Training (Code) = 0.0, Validation (Code) = 0.0, Training (X) = 1, Validation (X) = 1, Training (Z) = 1, Validation (Z) = 1
Epoch 40: Loss = 0.4882, Training (Code) = 0.0, Validation (Code) = 0.0, Training (X) = 1, Validation (X) = 1, Training (Z) = 1, Validation (Z) = 1
Epoch 41: Loss = 0.48857, Training (Code) = 0.0, Validation (Code) = 0.0, Training (X) = 1, Validation (X) = 1, Training (Z) = 1, Validation (Z) = 1
Epoch 42: Loss = 0.48891, Training (Code) = 0.0, Validation (Code) = 0.0, Training (X) = 1, Validation (X) = 1, Training (Z) = 1, Validation (Z) = 1
Epoch 43: Loss = 0.48925, Training (Code) = 0.0, Validation (Code) = 0.0, Training (X) = 1, Validation (X) = 1, Training (Z) = 1, Validation (Z) = 1
Epoch 44: Loss = 0.48956, Training (Code) = 0.0, Validation (Code) = 0.0, Training (X) = 1, Validation (X) = 1, Training (Z) = 1, Validation (Z) = 1
Epoch 45: Loss = 0.48987, Training (Code) = 0.0, Validation (Code) = 0.0, Training (X) = 1, Validation (X) = 1, Training (Z) = 1, Validation (Z) = 1
Epoch 46: Loss = 0.49016, Training (Code) = 0.0, Validation (Code) = 0.0, Training (X) = 1, Validation (X) = 1, Training (Z) = 1, Validation (Z) = 1
Epoch 47: Loss = 0.49044, Training (Code) = 0.0, Validation (Code) = 0.0, Training (X) = 1, Validation (X) = 1, Training (Z) = 1, Validation (Z) = 1
Epoch 48: Loss = 0.49071, Training (Code) = 0.0, Validation (Code) = 0.0, Training (X) = 1, Validation (X) = 1, Training (Z) = 1, Validation (Z) = 1
Epoch 49: Loss = 0.49097, Training (Code) = 0.0, Validation (Code) = 0.0, Training (X) = 1, Validation (X) = 1, Training (Z) = 1, Validation (Z) = 1
Epoch 50: Loss = 0.49122, Training (Code) = 0.0, Validation (Code) = 0.0, Training (X) = 1, Validation (X) = 1, Training (Z) = 1, Validation (Z) = 1
Epoch 51: Loss = 0.49146, Training (Code) = 0.0, Validation (Code) = 0.0, Training (X) = 1, Validation (X) = 1, Training (Z) = 1, Validation (Z) = 1
Epoch 52: Loss = 0.49169, Training (Code) = 0.0, Validation (Code) = 0.0, Training (X) = 1, Validation (X) = 1, Training (Z) = 1, Validation (Z) = 1
Epoch 53: Loss = 0.49191, Training (Code) = 0.0, Validation (Code) = 0.0, Training (X) = 1, Validation (X) = 1, Training (Z) = 1, Validation (Z) = 1
Epoch 54: Loss = 0.49213, Training (Code) = 0.0, Validation (Code) = 0.0, Training (X) = 1, Validation (X) = 1, Training (Z) = 1, Validation (Z) = 1
Epoch 55: Loss = 0.49233, Training (Code) = 0.0, Validation (Code) = 0.0, Training (X) = 1, Validation (X) = 1, Training (Z) = 1, Validation (Z) = 1
Epoch 56: Loss = 0.49253, Training (Code) = 0.0, Validation (Code) = 0.0, Training (X) = 1, Validation (X) = 1, Training (Z) = 1, Validation (Z) = 1
Epoch 57: Loss = 0.49272, Training (Code) = 0.0, Validation (Code) = 0.0, Training (X) = 1, Validation (X) = 1, Training (Z) = 1, Validation (Z) = 1
Epoch 58: Loss = 0.49291, Training (Code) = 0.0, Validation (Code) = 0.0, Training (X) = 1, Validation (X) = 1, Training (Z) = 1, Validation (Z) = 1
Epoch 59: Loss = 0.49308, Training (Code) = 0.0, Validation (Code) = 0.0, Training (X) = 1, Validation (X) = 1, Training (Z) = 1, Validation (Z) = 1
Epoch 60: Loss = 0.49325, Training (Code) = 0.0, Validation (Code) = 0.0, Training (X) = 1, Validation (X) = 1, Training (Z) = 1, Validation (Z) = 1
Epoch 61: Loss = 0.49342, Training (Code) = 0.0, Validation (Code) = 0.0, Training (X) = 1, Validation (X) = 1, Training (Z) = 1, Validation (Z) = 1
Epoch 62: Loss = 0.49357, Training (Code) = 0.0, Validation (Code) = 0.0, Training (X) = 1, Validation (X) = 1, Training (Z) = 1, Validation (Z) = 1
Epoch 63: Loss = 0.49373, Training (Code) = 0.0, Validation (Code) = 0.0, Training (X) = 1, Validation (X) = 1, Training (Z) = 1, Validation (Z) = 1
Epoch 64: Loss = 0.49387, Training (Code) = 0.0, Validation (Code) = 0.0, Training (X) = 1, Validation (X) = 1, Training (Z) = 1, Validation (Z) = 1
Epoch 65: Loss = 0.49401, Training (Code) = 0.0, Validation (Code) = 0.0, Training (X) = 1, Validation (X) = 1, Training (Z) = 1, Validation (Z) = 1
Epoch 66: Loss = 0.49415, Training (Code) = 0.0, Validation (Code) = 0.0, Training (X) = 1, Validation (X) = 1, Training (Z) = 1, Validation (Z) = 1
Epoch 67: Loss = 0.49428, Training (Code) = 0.0, Validation (Code) = 0.0, Training (X) = 1, Validation (X) = 1, Training (Z) = 1, Validation (Z) = 1
Epoch 68: Loss = 0.49441, Training (Code) = 0.0, Validation (Code) = 0.0, Training (X) = 1, Validation (X) = 1, Training (Z) = 1, Validation (Z) = 1
Epoch 69: Loss = 0.49453, Training (Code) = 0.0, Validation (Code) = 0.0, Training (X) = 1, Validation (X) = 1, Training (Z) = 1, Validation (Z) = 1
Epoch 70: Loss = 0.49465, Training (Code) = 0.0, Validation (Code) = 0.0, Training (X) = 1, Validation (X) = 1, Training (Z) = 1, Validation (Z) = 1
Epoch 71: Loss = 0.49476, Training (Code) = 0.0, Validation (Code) = 0.0, Training (X) = 1, Validation (X) = 1, Training (Z) = 1, Validation (Z) = 1
Epoch 72: Loss = 0.49487, Training (Code) = 0.0, Validation (Code) = 0.0, Training (X) = 1, Validation (X) = 1, Training (Z) = 1, Validation (Z) = 1
Epoch 73: Loss = 0.49498, Training (Code) = 0.0, Validation (Code) = 0.0, Training (X) = 1, Validation (X) = 1, Training (Z) = 1, Validation (Z) = 1
Epoch 74: Loss = 0.49508, Training (Code) = 0.0, Validation (Code) = 0.0, Training (X) = 1, Validation (X) = 1, Training (Z) = 1, Validation (Z) = 1
Epoch 75: Loss = 0.49518, Training (Code) = 0.0, Validation (Code) = 0.0, Training (X) = 1, Validation (X) = 1, Training (Z) = 1, Validation (Z) = 1
Epoch 76: Loss = 0.49527, Training (Code) = 0.0, Validation (Code) = 0.0, Training (X) = 1, Validation (X) = 1, Training (Z) = 1, Validation (Z) = 1
Epoch 77: Loss = 0.49536, Training (Code) = 0.0, Validation (Code) = 0.0, Training (X) = 1, Validation (X) = 1, Training (Z) = 1, Validation (Z) = 1
Epoch 78: Loss = 0.49545, Training (Code) = 0.0, Validation (Code) = 0.0, Training (X) = 1, Validation (X) = 1, Training (Z) = 1, Validation (Z) = 1
Epoch 79: Loss = 0.49554, Training (Code) = 0.0, Validation (Code) = 0.0, Training (X) = 1, Validation (X) = 1, Training (Z) = 1, Validation (Z) = 1
Epoch 80: Loss = 0.49562, Training (Code) = 0.0, Validation (Code) = 0.0, Training (X) = 1, Validation (X) = 1, Training (Z) = 1, Validation (Z) = 1
Epoch 81: Loss = 0.4957, Training (Code) = 0.0, Validation (Code) = 0.0, Training (X) = 1, Validation (X) = 1, Training (Z) = 1, Validation (Z) = 1
Epoch 82: Loss = 0.49578, Training (Code) = 0.0, Validation (Code) = 0.0, Training (X) = 1, Validation (X) = 1, Training (Z) = 1, Validation (Z) = 1
Epoch 83: Loss = 0.49586, Training (Code) = 0.0, Validation (Code) = 0.0, Training (X) = 1, Validation (X) = 1, Training (Z) = 1, Validation (Z) = 1
Epoch 84: Loss = 0.49593, Training (Code) = 0.0, Validation (Code) = 0.0, Training (X) = 1, Validation (X) = 1, Training (Z) = 1, Validation (Z) = 1
Epoch 85: Loss = 0.496, Training (Code) = 0.0, Validation (Code) = 0.0, Training (X) = 1, Validation (X) = 1, Training (Z) = 1, Validation (Z) = 1
Epoch 86: Loss = 0.49607, Training (Code) = 0.0, Validation (Code) = 0.0, Training (X) = 1, Validation (X) = 1, Training (Z) = 1, Validation (Z) = 1
Epoch 87: Loss = 0.49613, Training (Code) = 0.0, Validation (Code) = 0.0, Training (X) = 1, Validation (X) = 1, Training (Z) = 1, Validation (Z) = 1
Epoch 88: Loss = 0.49619, Training (Code) = 0.0, Validation (Code) = 0.0, Training (X) = 1, Validation (X) = 1, Training (Z) = 1, Validation (Z) = 1
Epoch 89: Loss = 0.49625, Training (Code) = 0.0, Validation (Code) = 0.0, Training (X) = 1, Validation (X) = 1, Training (Z) = 1, Validation (Z) = 1
Epoch 90: Loss = 0.49631, Training (Code) = 0.0, Validation (Code) = 0.0, Training (X) = 1, Validation (X) = 1, Training (Z) = 1, Validation (Z) = 1
Epoch 91: Loss = 0.49637, Training (Code) = 0.0, Validation (Code) = 0.0, Training (X) = 1, Validation (X) = 1, Training (Z) = 1, Validation (Z) = 1
Epoch 92: Loss = 0.49643, Training (Code) = 0.0, Validation (Code) = 0.0, Training (X) = 1, Validation (X) = 1, Training (Z) = 1, Validation (Z) = 1
Epoch 93: Loss = 0.49648, Training (Code) = 0.0, Validation (Code) = 0.0, Training (X) = 1, Validation (X) = 1, Training (Z) = 1, Validation (Z) = 1
Epoch 94: Loss = 0.49653, Training (Code) = 0.0, Validation (Code) = 0.0, Training (X) = 1, Validation (X) = 1, Training (Z) = 1, Validation (Z) = 1
Epoch 95: Loss = 0.49658, Training (Code) = 0.0, Validation (Code) = 0.0, Training (X) = 1, Validation (X) = 1, Training (Z) = 1, Validation (Z) = 1
Epoch 96: Loss = 0.49663, Training (Code) = 0.0, Validation (Code) = 0.0, Training (X) = 1, Validation (X) = 1, Training (Z) = 1, Validation (Z) = 1
Epoch 97: Loss = 0.49667, Training (Code) = 0.0, Validation (Code) = 0.0, Training (X) = 1, Validation (X) = 1, Training (Z) = 1, Validation (Z) = 1
Epoch 98: Loss = 0.49672, Training (Code) = 0.0, Validation (Code) = 0.0, Training (X) = 1, Validation (X) = 1, Training (Z) = 1, Validation (Z) = 1
Epoch 99: Loss = 0.49676, Training (Code) = 0.0, Validation (Code) = 0.0, Training (X) = 1, Validation (X) = 1, Training (Z) = 1, Validation (Z) = 1
Epoch 100: Loss = 0.4968, Training (Code) = 0.0, Validation (Code) = 0.0, Training (X) = 1, Validation (X) = 1, Training (Z) = 1, Validation (Z) = 1
