==========================================
SLURM_JOB_ID = 6150673
SLURM_JOB_NODELIST = d23-10
TMPDIR = /tmp/SLURM_6150673
==========================================
Epoch 1: Loss = 0.4732, Training (Code) = 0.31679, Validation (Code) = 0.32108, Training (X) = 0.99997, Validation (X) = 1.0, Training (Z) = 1.0, Validation (Z) = 1.0
Epoch 2: Loss = 0.47394, Training (Code) = 0.35924, Validation (Code) = 0.35962, Training (X) = 0.99994, Validation (X) = 1.0, Training (Z) = 0.99994, Validation (Z) = 1.0
Epoch 3: Loss = 0.47001, Training (Code) = 0.36346, Validation (Code) = 0.36579, Training (X) = 0.99994, Validation (X) = 1.0, Training (Z) = 1.0, Validation (Z) = 1.0
Epoch 4: Loss = 0.46917, Training (Code) = 0.36576, Validation (Code) = 0.36992, Training (X) = 0.99991, Validation (X) = 1.0, Training (Z) = 1.0, Validation (Z) = 0.99989
Epoch 5: Loss = 0.47022, Training (Code) = 0.36881, Validation (Code) = 0.37417, Training (X) = 1.0, Validation (X) = 0.99989, Training (Z) = 0.99997, Validation (Z) = 1.0
Epoch 6: Loss = 0.47101, Training (Code) = 0.37002, Validation (Code) = 0.37225, Training (X) = 0.99994, Validation (X) = 1.0, Training (Z) = 0.99997, Validation (Z) = 1.0
Epoch 7: Loss = 0.47147, Training (Code) = 0.37078, Validation (Code) = 0.37733, Training (X) = 0.99997, Validation (X) = 0.99989, Training (Z) = 1.0, Validation (Z) = 0.99989
Epoch 8: Loss = 0.47181, Training (Code) = 0.37097, Validation (Code) = 0.37392, Training (X) = 0.99997, Validation (X) = 1.0, Training (Z) = 0.99994, Validation (Z) = 1.0
Epoch 9: Loss = 0.47207, Training (Code) = 0.37093, Validation (Code) = 0.37642, Training (X) = 1.0, Validation (X) = 1.0, Training (Z) = 1.0, Validation (Z) = 1.0
Epoch 10: Loss = 0.47225, Training (Code) = 0.37031, Validation (Code) = 0.37488, Training (X) = 1.0, Validation (X) = 1.0, Training (Z) = 0.99997, Validation (Z) = 1.0
Epoch 11: Loss = 0.47236, Training (Code) = 0.37157, Validation (Code) = 0.37454, Training (X) = 1.0, Validation (X) = 0.99989, Training (Z) = 1.0, Validation (Z) = 0.99978
Epoch 12: Loss = 0.47241, Training (Code) = 0.37184, Validation (Code) = 0.37283, Training (X) = 0.99994, Validation (X) = 1.0, Training (Z) = 0.99992, Validation (Z) = 1.0
Epoch 13: Loss = 0.4724, Training (Code) = 0.37096, Validation (Code) = 0.37438, Training (X) = 0.99997, Validation (X) = 1.0, Training (Z) = 1.0, Validation (Z) = 1.0
Epoch 14: Loss = 0.47235, Training (Code) = 0.37229, Validation (Code) = 0.37746, Training (X) = 1.0, Validation (X) = 0.99989, Training (Z) = 1.0, Validation (Z) = 1.0
Epoch 15: Loss = 0.47226, Training (Code) = 0.37201, Validation (Code) = 0.37688, Training (X) = 0.99994, Validation (X) = 1.0, Training (Z) = 1.0, Validation (Z) = 1.0
Epoch 16: Loss = 0.47213, Training (Code) = 0.37288, Validation (Code) = 0.37642, Training (X) = 1.0, Validation (X) = 1.0, Training (Z) = 1.0, Validation (Z) = 1.0
Epoch 17: Loss = 0.47197, Training (Code) = 0.37307, Validation (Code) = 0.37675, Training (X) = 1.0, Validation (X) = 1.0, Training (Z) = 1.0, Validation (Z) = 0.99989
Epoch 18: Loss = 0.47178, Training (Code) = 0.37208, Validation (Code) = 0.37508, Training (X) = 1.0, Validation (X) = 0.99989, Training (Z) = 1.0, Validation (Z) = 0.99989
Epoch 19: Loss = 0.47157, Training (Code) = 0.37188, Validation (Code) = 0.37412, Training (X) = 0.99992, Validation (X) = 1.0, Training (Z) = 1.0, Validation (Z) = 0.99989
Epoch 20: Loss = 0.47136, Training (Code) = 0.37262, Validation (Code) = 0.37446, Training (X) = 0.99992, Validation (X) = 1.0, Training (Z) = 1.0, Validation (Z) = 0.99989
Epoch 21: Loss = 0.47114, Training (Code) = 0.37305, Validation (Code) = 0.37558, Training (X) = 1.0, Validation (X) = 1.0, Training (Z) = 1.0, Validation (Z) = 1.0
Epoch 22: Loss = 0.47092, Training (Code) = 0.37275, Validation (Code) = 0.375, Training (X) = 0.99994, Validation (X) = 1.0, Training (Z) = 0.99994, Validation (Z) = 1.0
Epoch 23: Loss = 0.47072, Training (Code) = 0.37182, Validation (Code) = 0.37433, Training (X) = 1.0, Validation (X) = 1.0, Training (Z) = 0.99997, Validation (Z) = 1.0
Epoch 24: Loss = 0.47055, Training (Code) = 0.37119, Validation (Code) = 0.37788, Training (X) = 1.0, Validation (X) = 1.0, Training (Z) = 0.99997, Validation (Z) = 1.0
Epoch 25: Loss = 0.47039, Training (Code) = 0.37236, Validation (Code) = 0.37621, Training (X) = 1.0, Validation (X) = 1.0, Training (Z) = 1.0, Validation (Z) = 1.0
Epoch 26: Loss = 0.47027, Training (Code) = 0.37071, Validation (Code) = 0.37571, Training (X) = 0.99994, Validation (X) = 1.0, Training (Z) = 1.0, Validation (Z) = 1.0
Epoch 27: Loss = 0.47017, Training (Code) = 0.37131, Validation (Code) = 0.37708, Training (X) = 0.99989, Validation (X) = 1.0, Training (Z) = 0.99994, Validation (Z) = 1.0
Epoch 28: Loss = 0.4701, Training (Code) = 0.37224, Validation (Code) = 0.37292, Training (X) = 0.99997, Validation (X) = 1.0, Training (Z) = 0.99997, Validation (Z) = 1.0
Epoch 29: Loss = 0.47005, Training (Code) = 0.37219, Validation (Code) = 0.37554, Training (X) = 0.99992, Validation (X) = 1.0, Training (Z) = 0.99997, Validation (Z) = 1.0
Epoch 30: Loss = 0.47002, Training (Code) = 0.37224, Validation (Code) = 0.37621, Training (X) = 0.99989, Validation (X) = 0.99989, Training (Z) = 1.0, Validation (Z) = 1.0
Epoch 31: Loss = 0.47001, Training (Code) = 0.37164, Validation (Code) = 0.37404, Training (X) = 0.99994, Validation (X) = 1.0, Training (Z) = 1.0, Validation (Z) = 1.0
Epoch 32: Loss = 0.47002, Training (Code) = 0.37182, Validation (Code) = 0.37792, Training (X) = 1.0, Validation (X) = 1.0, Training (Z) = 1.0, Validation (Z) = 1.0
Epoch 33: Loss = 0.47003, Training (Code) = 0.37271, Validation (Code) = 0.37217, Training (X) = 1.0, Validation (X) = 1.0, Training (Z) = 0.99997, Validation (Z) = 0.99989
Epoch 34: Loss = 0.47005, Training (Code) = 0.37267, Validation (Code) = 0.37508, Training (X) = 0.99989, Validation (X) = 1.0, Training (Z) = 1.0, Validation (Z) = 1.0
Epoch 35: Loss = 0.47008, Training (Code) = 0.37171, Validation (Code) = 0.37475, Training (X) = 0.99994, Validation (X) = 1.0, Training (Z) = 0.99994, Validation (Z) = 1.0
Epoch 36: Loss = 0.47011, Training (Code) = 0.37132, Validation (Code) = 0.3775, Training (X) = 0.99992, Validation (X) = 1.0, Training (Z) = 0.99994, Validation (Z) = 1.0
Epoch 37: Loss = 0.47014, Training (Code) = 0.37396, Validation (Code) = 0.38017, Training (X) = 1.0, Validation (X) = 1.0, Training (Z) = 0.99994, Validation (Z) = 0.99978
Epoch 38: Loss = 0.47017, Training (Code) = 0.37258, Validation (Code) = 0.37604, Training (X) = 0.99997, Validation (X) = 1.0, Training (Z) = 1.0, Validation (Z) = 1.0
Epoch 39: Loss = 0.47019, Training (Code) = 0.37423, Validation (Code) = 0.37654, Training (X) = 1.0, Validation (X) = 1.0, Training (Z) = 0.99994, Validation (Z) = 0.99989
Epoch 40: Loss = 0.47021, Training (Code) = 0.37243, Validation (Code) = 0.37533, Training (X) = 1.0, Validation (X) = 1.0, Training (Z) = 0.99997, Validation (Z) = 1.0
Epoch 41: Loss = 0.47023, Training (Code) = 0.37166, Validation (Code) = 0.37662, Training (X) = 0.99997, Validation (X) = 1.0, Training (Z) = 1.0, Validation (Z) = 0.99989
Epoch 42: Loss = 0.47024, Training (Code) = 0.37342, Validation (Code) = 0.3775, Training (X) = 0.99992, Validation (X) = 0.99989, Training (Z) = 1.0, Validation (Z) = 1.0
Epoch 43: Loss = 0.47024, Training (Code) = 0.37338, Validation (Code) = 0.37562, Training (X) = 0.99994, Validation (X) = 1.0, Training (Z) = 1.0, Validation (Z) = 1.0
Epoch 44: Loss = 0.47023, Training (Code) = 0.37311, Validation (Code) = 0.37704, Training (X) = 0.99992, Validation (X) = 0.99989, Training (Z) = 0.99997, Validation (Z) = 1.0
Epoch 45: Loss = 0.47021, Training (Code) = 0.37235, Validation (Code) = 0.37629, Training (X) = 0.99997, Validation (X) = 1.0, Training (Z) = 1.0, Validation (Z) = 0.99989
Epoch 46: Loss = 0.47019, Training (Code) = 0.37292, Validation (Code) = 0.37488, Training (X) = 0.99997, Validation (X) = 1.0, Training (Z) = 1.0, Validation (Z) = 0.99967
Epoch 47: Loss = 0.47016, Training (Code) = 0.37199, Validation (Code) = 0.37579, Training (X) = 1.0, Validation (X) = 1.0, Training (Z) = 1.0, Validation (Z) = 0.99989
Epoch 48: Loss = 0.47012, Training (Code) = 0.37457, Validation (Code) = 0.37175, Training (X) = 0.99997, Validation (X) = 1.0, Training (Z) = 1.0, Validation (Z) = 1.0
Epoch 49: Loss = 0.47007, Training (Code) = 0.3724, Validation (Code) = 0.37862, Training (X) = 0.99997, Validation (X) = 1.0, Training (Z) = 0.99997, Validation (Z) = 1.0
Epoch 50: Loss = 0.47002, Training (Code) = 0.37412, Validation (Code) = 0.37321, Training (X) = 0.99994, Validation (X) = 1.0, Training (Z) = 0.99994, Validation (Z) = 1.0
Epoch 51: Loss = 0.46996, Training (Code) = 0.37233, Validation (Code) = 0.3765, Training (X) = 1.0, Validation (X) = 1.0, Training (Z) = 1.0, Validation (Z) = 1.0
Epoch 52: Loss = 0.46989, Training (Code) = 0.37215, Validation (Code) = 0.37738, Training (X) = 0.99992, Validation (X) = 1.0, Training (Z) = 1.0, Validation (Z) = 1.0
Epoch 53: Loss = 0.46982, Training (Code) = 0.37273, Validation (Code) = 0.38004, Training (X) = 0.99994, Validation (X) = 0.99989, Training (Z) = 0.99997, Validation (Z) = 1.0
Epoch 54: Loss = 0.46974, Training (Code) = 0.37255, Validation (Code) = 0.37771, Training (X) = 0.99997, Validation (X) = 0.99989, Training (Z) = 1.0, Validation (Z) = 1.0
Epoch 55: Loss = 0.46966, Training (Code) = 0.37279, Validation (Code) = 0.37696, Training (X) = 0.99997, Validation (X) = 0.99989, Training (Z) = 0.99997, Validation (Z) = 1.0
Epoch 56: Loss = 0.46957, Training (Code) = 0.37398, Validation (Code) = 0.37388, Training (X) = 1.0, Validation (X) = 1.0, Training (Z) = 0.99994, Validation (Z) = 0.99989
Epoch 57: Loss = 0.46948, Training (Code) = 0.37417, Validation (Code) = 0.37496, Training (X) = 1.0, Validation (X) = 1.0, Training (Z) = 1.0, Validation (Z) = 1.0
Epoch 58: Loss = 0.46939, Training (Code) = 0.37206, Validation (Code) = 0.37621, Training (X) = 0.99997, Validation (X) = 1.0, Training (Z) = 0.99997, Validation (Z) = 1.0
Epoch 59: Loss = 0.46929, Training (Code) = 0.37361, Validation (Code) = 0.3775, Training (X) = 0.99992, Validation (X) = 1.0, Training (Z) = 0.99997, Validation (Z) = 1.0
Epoch 60: Loss = 0.4692, Training (Code) = 0.37381, Validation (Code) = 0.37292, Training (X) = 1.0, Validation (X) = 1.0, Training (Z) = 1.0, Validation (Z) = 1.0
Epoch 61: Loss = 0.4691, Training (Code) = 0.37274, Validation (Code) = 0.37575, Training (X) = 0.99994, Validation (X) = 1.0, Training (Z) = 1.0, Validation (Z) = 1.0
Epoch 62: Loss = 0.469, Training (Code) = 0.37448, Validation (Code) = 0.37579, Training (X) = 0.99994, Validation (X) = 1.0, Training (Z) = 1.0, Validation (Z) = 0.99989
Epoch 63: Loss = 0.46891, Training (Code) = 0.37335, Validation (Code) = 0.37946, Training (X) = 0.99994, Validation (X) = 0.99989, Training (Z) = 1.0, Validation (Z) = 0.99989
Epoch 64: Loss = 0.46881, Training (Code) = 0.3749, Validation (Code) = 0.37775, Training (X) = 0.99992, Validation (X) = 1.0, Training (Z) = 1.0, Validation (Z) = 1.0
Epoch 65: Loss = 0.46872, Training (Code) = 0.37366, Validation (Code) = 0.37496, Training (X) = 0.99997, Validation (X) = 1.0, Training (Z) = 0.99997, Validation (Z) = 0.99989
Epoch 66: Loss = 0.46862, Training (Code) = 0.37495, Validation (Code) = 0.37558, Training (X) = 0.99994, Validation (X) = 1.0, Training (Z) = 0.99997, Validation (Z) = 1.0
Epoch 67: Loss = 0.46853, Training (Code) = 0.3726, Validation (Code) = 0.37538, Training (X) = 0.99997, Validation (X) = 1.0, Training (Z) = 1.0, Validation (Z) = 1.0
Epoch 68: Loss = 0.46844, Training (Code) = 0.37361, Validation (Code) = 0.37533, Training (X) = 0.99997, Validation (X) = 1.0, Training (Z) = 0.99992, Validation (Z) = 1.0
Epoch 69: Loss = 0.46835, Training (Code) = 0.37208, Validation (Code) = 0.37592, Training (X) = 0.99997, Validation (X) = 1.0, Training (Z) = 1.0, Validation (Z) = 1.0
Epoch 70: Loss = 0.46827, Training (Code) = 0.37315, Validation (Code) = 0.37896, Training (X) = 0.99997, Validation (X) = 1.0, Training (Z) = 1.0, Validation (Z) = 1.0
Epoch 71: Loss = 0.46819, Training (Code) = 0.37211, Validation (Code) = 0.37829, Training (X) = 0.99997, Validation (X) = 1.0, Training (Z) = 0.99994, Validation (Z) = 0.99989
Epoch 72: Loss = 0.46811, Training (Code) = 0.3729, Validation (Code) = 0.37525, Training (X) = 1.0, Validation (X) = 0.99989, Training (Z) = 1.0, Validation (Z) = 0.99989
Epoch 73: Loss = 0.46803, Training (Code) = 0.37332, Validation (Code) = 0.37729, Training (X) = 0.99997, Validation (X) = 1.0, Training (Z) = 0.99994, Validation (Z) = 0.99989
Epoch 74: Loss = 0.46795, Training (Code) = 0.3744, Validation (Code) = 0.37479, Training (X) = 0.99997, Validation (X) = 1.0, Training (Z) = 0.99997, Validation (Z) = 1.0
Epoch 75: Loss = 0.46788, Training (Code) = 0.37415, Validation (Code) = 0.37588, Training (X) = 0.99989, Validation (X) = 1.0, Training (Z) = 0.99994, Validation (Z) = 1.0
Epoch 76: Loss = 0.46781, Training (Code) = 0.37336, Validation (Code) = 0.37783, Training (X) = 0.99994, Validation (X) = 0.99989, Training (Z) = 0.99997, Validation (Z) = 1.0
Epoch 77: Loss = 0.46774, Training (Code) = 0.3724, Validation (Code) = 0.37588, Training (X) = 1.0, Validation (X) = 1.0, Training (Z) = 0.99997, Validation (Z) = 1.0
Epoch 78: Loss = 0.46768, Training (Code) = 0.37324, Validation (Code) = 0.37371, Training (X) = 0.99994, Validation (X) = 1.0, Training (Z) = 0.99992, Validation (Z) = 1.0
Epoch 79: Loss = 0.46761, Training (Code) = 0.37498, Validation (Code) = 0.37512, Training (X) = 1.0, Validation (X) = 0.99989, Training (Z) = 0.99997, Validation (Z) = 1.0
Epoch 80: Loss = 0.46755, Training (Code) = 0.37238, Validation (Code) = 0.37842, Training (X) = 1.0, Validation (X) = 1.0, Training (Z) = 0.99997, Validation (Z) = 1.0
Epoch 81: Loss = 0.46749, Training (Code) = 0.37499, Validation (Code) = 0.37533, Training (X) = 0.99997, Validation (X) = 1.0, Training (Z) = 0.99997, Validation (Z) = 0.99989
Epoch 82: Loss = 0.46744, Training (Code) = 0.37444, Validation (Code) = 0.377, Training (X) = 0.99994, Validation (X) = 1.0, Training (Z) = 0.99997, Validation (Z) = 1.0
Epoch 83: Loss = 0.46738, Training (Code) = 0.3731, Validation (Code) = 0.37592, Training (X) = 1.0, Validation (X) = 1.0, Training (Z) = 1.0, Validation (Z) = 1.0
Epoch 84: Loss = 0.46733, Training (Code) = 0.37341, Validation (Code) = 0.375, Training (X) = 0.99992, Validation (X) = 1.0, Training (Z) = 0.99997, Validation (Z) = 1.0
Epoch 85: Loss = 0.46727, Training (Code) = 0.37239, Validation (Code) = 0.376, Training (X) = 0.99997, Validation (X) = 1.0, Training (Z) = 1.0, Validation (Z) = 1.0
Epoch 86: Loss = 0.46722, Training (Code) = 0.37302, Validation (Code) = 0.37642, Training (X) = 0.99997, Validation (X) = 1.0, Training (Z) = 0.99994, Validation (Z) = 1.0
Epoch 87: Loss = 0.46717, Training (Code) = 0.3734, Validation (Code) = 0.37292, Training (X) = 1.0, Validation (X) = 1.0, Training (Z) = 0.99997, Validation (Z) = 1.0
Epoch 88: Loss = 0.46712, Training (Code) = 0.37504, Validation (Code) = 0.37758, Training (X) = 0.99997, Validation (X) = 1.0, Training (Z) = 1.0, Validation (Z) = 1.0
Epoch 89: Loss = 0.46707, Training (Code) = 0.3735, Validation (Code) = 0.37746, Training (X) = 0.99997, Validation (X) = 0.99989, Training (Z) = 0.99992, Validation (Z) = 0.99989
Epoch 90: Loss = 0.46702, Training (Code) = 0.37419, Validation (Code) = 0.37662, Training (X) = 0.99992, Validation (X) = 1.0, Training (Z) = 0.99997, Validation (Z) = 1.0
Epoch 91: Loss = 0.46698, Training (Code) = 0.37375, Validation (Code) = 0.37675, Training (X) = 0.99997, Validation (X) = 1.0, Training (Z) = 0.99997, Validation (Z) = 1.0
Epoch 92: Loss = 0.46693, Training (Code) = 0.37333, Validation (Code) = 0.37679, Training (X) = 0.99994, Validation (X) = 1.0, Training (Z) = 0.99997, Validation (Z) = 0.99989
Epoch 93: Loss = 0.46688, Training (Code) = 0.37392, Validation (Code) = 0.37421, Training (X) = 0.99992, Validation (X) = 1.0, Training (Z) = 0.99997, Validation (Z) = 1.0
Epoch 94: Loss = 0.46683, Training (Code) = 0.37347, Validation (Code) = 0.37875, Training (X) = 0.99994, Validation (X) = 1.0, Training (Z) = 1.0, Validation (Z) = 1.0
Epoch 95: Loss = 0.46678, Training (Code) = 0.37505, Validation (Code) = 0.37608, Training (X) = 0.99992, Validation (X) = 1.0, Training (Z) = 0.99997, Validation (Z) = 0.99989
Epoch 96: Loss = 0.46673, Training (Code) = 0.37338, Validation (Code) = 0.37992, Training (X) = 1.0, Validation (X) = 1.0, Training (Z) = 0.99994, Validation (Z) = 0.99967
Epoch 97: Loss = 0.46668, Training (Code) = 0.374, Validation (Code) = 0.37679, Training (X) = 0.99997, Validation (X) = 1.0, Training (Z) = 0.99992, Validation (Z) = 1.0
Epoch 98: Loss = 0.46663, Training (Code) = 0.3732, Validation (Code) = 0.37612, Training (X) = 0.99997, Validation (X) = 1.0, Training (Z) = 0.99997, Validation (Z) = 1.0
Epoch 99: Loss = 0.46657, Training (Code) = 0.37298, Validation (Code) = 0.37825, Training (X) = 1.0, Validation (X) = 0.99989, Training (Z) = 1.0, Validation (Z) = 1.0
Epoch 100: Loss = 0.46652, Training (Code) = 0.37325, Validation (Code) = 0.37612, Training (X) = 0.99997, Validation (X) = 1.0, Training (Z) = 0.99997, Validation (Z) = 1.0
