==========================================
SLURM_JOB_ID = 6156499
SLURM_JOB_NODELIST = e17-04
TMPDIR = /tmp/SLURM_6156499
==========================================
10_10_16_07_38_051 [6, 40, 40, 40, 40, 14] [Tanh(), Tanh(), Tanh(), Tanh(), Tanh(), Sigmoid()] 200 0.0005 25
Epoch 1: Loss = 0.20398, Training (Code) = 0.85333, Validation (Code) = 0.85367, Training (X) = 0.89263, Validation (X) = 0.89125, Training (Z) = 0.88901, Validation (Z) = 0.88793
Epoch 2: Loss = 0.20596, Training (Code) = 0.86781, Validation (Code) = 0.87267, Training (X) = 0.88945, Validation (X) = 0.88951, Training (Z) = 0.88981, Validation (Z) = 0.88846
Epoch 3: Loss = 0.20408, Training (Code) = 0.87921, Validation (Code) = 0.87358, Training (X) = 0.88811, Validation (X) = 0.88992, Training (Z) = 0.88882, Validation (Z) = 0.88954
Epoch 4: Loss = 0.2013, Training (Code) = 0.8826, Validation (Code) = 0.88425, Training (X) = 0.88951, Validation (X) = 0.88776, Training (Z) = 0.88878, Validation (Z) = 0.88653
Epoch 5: Loss = 0.20159, Training (Code) = 0.88554, Validation (Code) = 0.88725, Training (X) = 0.88804, Validation (X) = 0.88588, Training (Z) = 0.88865, Validation (Z) = 0.88814
Epoch 6: Loss = 0.20496, Training (Code) = 0.88852, Validation (Code) = 0.89025, Training (X) = 0.88863, Validation (X) = 0.88646, Training (Z) = 0.88898, Validation (Z) = 0.88458
Epoch 7: Loss = 0.20207, Training (Code) = 0.89269, Validation (Code) = 0.88842, Training (X) = 0.89062, Validation (X) = 0.88922, Training (Z) = 0.88663, Validation (Z) = 0.88894
Epoch 8: Loss = 0.19861, Training (Code) = 0.88913, Validation (Code) = 0.88817, Training (X) = 0.88959, Validation (X) = 0.88966, Training (Z) = 0.88992, Validation (Z) = 0.88929
Epoch 9: Loss = 0.19597, Training (Code) = 0.89171, Validation (Code) = 0.88533, Training (X) = 0.88958, Validation (X) = 0.88855, Training (Z) = 0.89017, Validation (Z) = 0.88959
Epoch 10: Loss = 0.19389, Training (Code) = 0.89227, Validation (Code) = 0.89375, Training (X) = 0.88968, Validation (X) = 0.88429, Training (Z) = 0.88828, Validation (Z) = 0.88615
Epoch 11: Loss = 0.19212, Training (Code) = 0.89375, Validation (Code) = 0.89392, Training (X) = 0.88844, Validation (X) = 0.88785, Training (Z) = 0.88867, Validation (Z) = 0.88925
Epoch 12: Loss = 0.19046, Training (Code) = 0.8931, Validation (Code) = 0.89217, Training (X) = 0.88943, Validation (X) = 0.89072, Training (Z) = 0.88896, Validation (Z) = 0.89053
Epoch 13: Loss = 0.18878, Training (Code) = 0.89246, Validation (Code) = 0.89708, Training (X) = 0.89075, Validation (X) = 0.89048, Training (Z) = 0.89061, Validation (Z) = 0.88741
Epoch 14: Loss = 0.18701, Training (Code) = 0.89648, Validation (Code) = 0.89508, Training (X) = 0.88924, Validation (X) = 0.89089, Training (Z) = 0.88852, Validation (Z) = 0.88828
Epoch 15: Loss = 0.18521, Training (Code) = 0.8956, Validation (Code) = 0.89358, Training (X) = 0.88809, Validation (X) = 0.89154, Training (Z) = 0.88983, Validation (Z) = 0.88884
Epoch 16: Loss = 0.18347, Training (Code) = 0.89658, Validation (Code) = 0.89658, Training (X) = 0.89053, Validation (X) = 0.88856, Training (Z) = 0.8903, Validation (Z) = 0.88856
Epoch 17: Loss = 0.18188, Training (Code) = 0.89571, Validation (Code) = 0.89408, Training (X) = 0.89001, Validation (X) = 0.89132, Training (Z) = 0.88901, Validation (Z) = 0.88704
Epoch 18: Loss = 0.18045, Training (Code) = 0.89933, Validation (Code) = 0.8945, Training (X) = 0.88832, Validation (X) = 0.88634, Training (Z) = 0.88913, Validation (Z) = 0.88783
Epoch 19: Loss = 0.1792, Training (Code) = 0.89712, Validation (Code) = 0.89083, Training (X) = 0.89037, Validation (X) = 0.88962, Training (Z) = 0.88835, Validation (Z) = 0.89186
Epoch 20: Loss = 0.1781, Training (Code) = 0.8969, Validation (Code) = 0.9, Training (X) = 0.88862, Validation (X) = 0.88685, Training (Z) = 0.88976, Validation (Z) = 0.88731
Epoch 21: Loss = 0.17713, Training (Code) = 0.89815, Validation (Code) = 0.89858, Training (X) = 0.89026, Validation (X) = 0.88918, Training (Z) = 0.88894, Validation (Z) = 0.88779
Epoch 22: Loss = 0.17618, Training (Code) = 0.90046, Validation (Code) = 0.90367, Training (X) = 0.89202, Validation (X) = 0.88888, Training (Z) = 0.8879, Validation (Z) = 0.88879
Epoch 23: Loss = 0.17519, Training (Code) = 0.90085, Validation (Code) = 0.8965, Training (X) = 0.88858, Validation (X) = 0.88492, Training (Z) = 0.88793, Validation (Z) = 0.88715
Epoch 24: Loss = 0.17422, Training (Code) = 0.90083, Validation (Code) = 0.89983, Training (X) = 0.88999, Validation (X) = 0.88952, Training (Z) = 0.88846, Validation (Z) = 0.89155
Epoch 25: Loss = 0.17335, Training (Code) = 0.90192, Validation (Code) = 0.89925, Training (X) = 0.88961, Validation (X) = 0.88741, Training (Z) = 0.88929, Validation (Z) = 0.88759
Epoch 26: Loss = 0.17258, Training (Code) = 0.90012, Validation (Code) = 0.90525, Training (X) = 0.89094, Validation (X) = 0.88944, Training (Z) = 0.88893, Validation (Z) = 0.88677
Epoch 27: Loss = 0.17192, Training (Code) = 0.90075, Validation (Code) = 0.89808, Training (X) = 0.89028, Validation (X) = 0.88967, Training (Z) = 0.88729, Validation (Z) = 0.88828
Epoch 28: Loss = 0.17133, Training (Code) = 0.90056, Validation (Code) = 0.90333, Training (X) = 0.89046, Validation (X) = 0.8917, Training (Z) = 0.88914, Validation (Z) = 0.88773
Epoch 29: Loss = 0.1708, Training (Code) = 0.90225, Validation (Code) = 0.90125, Training (X) = 0.88898, Validation (X) = 0.88821, Training (Z) = 0.88919, Validation (Z) = 0.88932
Epoch 30: Loss = 0.17031, Training (Code) = 0.90167, Validation (Code) = 0.9015, Training (X) = 0.8905, Validation (X) = 0.88935, Training (Z) = 0.88979, Validation (Z) = 0.8888
Epoch 31: Loss = 0.16981, Training (Code) = 0.90165, Validation (Code) = 0.90217, Training (X) = 0.88967, Validation (X) = 0.88675, Training (Z) = 0.88717, Validation (Z) = 0.88823
Epoch 32: Loss = 0.16928, Training (Code) = 0.90258, Validation (Code) = 0.89817, Training (X) = 0.89096, Validation (X) = 0.89172, Training (Z) = 0.88965, Validation (Z) = 0.8908
Epoch 33: Loss = 0.16878, Training (Code) = 0.90502, Validation (Code) = 0.90192, Training (X) = 0.89029, Validation (X) = 0.88765, Training (Z) = 0.88865, Validation (Z) = 0.88959
Epoch 34: Loss = 0.16832, Training (Code) = 0.90104, Validation (Code) = 0.903, Training (X) = 0.88978, Validation (X) = 0.89064, Training (Z) = 0.88904, Validation (Z) = 0.88612
Epoch 35: Loss = 0.16792, Training (Code) = 0.90294, Validation (Code) = 0.90275, Training (X) = 0.89068, Validation (X) = 0.8907, Training (Z) = 0.8881, Validation (Z) = 0.88729
Epoch 36: Loss = 0.16756, Training (Code) = 0.90085, Validation (Code) = 0.903, Training (X) = 0.89034, Validation (X) = 0.88714, Training (Z) = 0.88911, Validation (Z) = 0.88787
Epoch 37: Loss = 0.16725, Training (Code) = 0.90396, Validation (Code) = 0.90483, Training (X) = 0.88942, Validation (X) = 0.88727, Training (Z) = 0.88908, Validation (Z) = 0.88773
Epoch 38: Loss = 0.16699, Training (Code) = 0.90181, Validation (Code) = 0.89992, Training (X) = 0.8911, Validation (X) = 0.88934, Training (Z) = 0.88904, Validation (Z) = 0.88712
Epoch 39: Loss = 0.16676, Training (Code) = 0.90169, Validation (Code) = 0.89892, Training (X) = 0.889, Validation (X) = 0.89033, Training (Z) = 0.88949, Validation (Z) = 0.89079
Epoch 40: Loss = 0.16656, Training (Code) = 0.90323, Validation (Code) = 0.90342, Training (X) = 0.8894, Validation (X) = 0.88617, Training (Z) = 0.88843, Validation (Z) = 0.89069
Epoch 41: Loss = 0.16639, Training (Code) = 0.90285, Validation (Code) = 0.89992, Training (X) = 0.89007, Validation (X) = 0.89036, Training (Z) = 0.88933, Validation (Z) = 0.89147
Epoch 42: Loss = 0.16625, Training (Code) = 0.90385, Validation (Code) = 0.90125, Training (X) = 0.88941, Validation (X) = 0.88941, Training (Z) = 0.88892, Validation (Z) = 0.8859
Epoch 43: Loss = 0.16613, Training (Code) = 0.90323, Validation (Code) = 0.90075, Training (X) = 0.88896, Validation (X) = 0.8887, Training (Z) = 0.88972, Validation (Z) = 0.88954
Epoch 44: Loss = 0.16603, Training (Code) = 0.90325, Validation (Code) = 0.90108, Training (X) = 0.8885, Validation (X) = 0.88884, Training (Z) = 0.88903, Validation (Z) = 0.88819
Epoch 45: Loss = 0.16595, Training (Code) = 0.90294, Validation (Code) = 0.9005, Training (X) = 0.88997, Validation (X) = 0.89237, Training (Z) = 0.88967, Validation (Z) = 0.88682
Epoch 46: Loss = 0.16588, Training (Code) = 0.90171, Validation (Code) = 0.89625, Training (X) = 0.89166, Validation (X) = 0.89261, Training (Z) = 0.88935, Validation (Z) = 0.88796
Epoch 47: Loss = 0.16582, Training (Code) = 0.903, Validation (Code) = 0.9015, Training (X) = 0.88905, Validation (X) = 0.8912, Training (Z) = 0.88953, Validation (Z) = 0.88815
Epoch 48: Loss = 0.16577, Training (Code) = 0.9045, Validation (Code) = 0.90275, Training (X) = 0.89009, Validation (X) = 0.88858, Training (Z) = 0.88974, Validation (Z) = 0.88646
Epoch 49: Loss = 0.16573, Training (Code) = 0.90148, Validation (Code) = 0.903, Training (X) = 0.88882, Validation (X) = 0.88824, Training (Z) = 0.88817, Validation (Z) = 0.89
Epoch 50: Loss = 0.1657, Training (Code) = 0.90242, Validation (Code) = 0.89742, Training (X) = 0.8902, Validation (X) = 0.89265, Training (Z) = 0.88921, Validation (Z) = 0.89024
Epoch 51: Loss = 0.16566, Training (Code) = 0.90544, Validation (Code) = 0.90017, Training (X) = 0.89142, Validation (X) = 0.88984, Training (Z) = 0.88926, Validation (Z) = 0.89113
Epoch 52: Loss = 0.16563, Training (Code) = 0.9019, Validation (Code) = 0.90308, Training (X) = 0.8891, Validation (X) = 0.88908, Training (Z) = 0.89088, Validation (Z) = 0.88539
Epoch 53: Loss = 0.1656, Training (Code) = 0.90373, Validation (Code) = 0.899, Training (X) = 0.88958, Validation (X) = 0.89266, Training (Z) = 0.88868, Validation (Z) = 0.88978
Epoch 54: Loss = 0.16556, Training (Code) = 0.90125, Validation (Code) = 0.89942, Training (X) = 0.89059, Validation (X) = 0.8916, Training (Z) = 0.88941, Validation (Z) = 0.8878
Epoch 55: Loss = 0.16551, Training (Code) = 0.90233, Validation (Code) = 0.90383, Training (X) = 0.89114, Validation (X) = 0.88945, Training (Z) = 0.89022, Validation (Z) = 0.88945
Epoch 56: Loss = 0.16545, Training (Code) = 0.90181, Validation (Code) = 0.90517, Training (X) = 0.88971, Validation (X) = 0.88823, Training (Z) = 0.88999, Validation (Z) = 0.8898
Epoch 57: Loss = 0.16537, Training (Code) = 0.90312, Validation (Code) = 0.90058, Training (X) = 0.88819, Validation (X) = 0.89127, Training (Z) = 0.88962, Validation (Z) = 0.88822
Epoch 58: Loss = 0.16529, Training (Code) = 0.9035, Validation (Code) = 0.89933, Training (X) = 0.89107, Validation (X) = 0.89307, Training (Z) = 0.8887, Validation (Z) = 0.89038
Epoch 59: Loss = 0.16519, Training (Code) = 0.90196, Validation (Code) = 0.90183, Training (X) = 0.89005, Validation (X) = 0.88699, Training (Z) = 0.88955, Validation (Z) = 0.89078
Epoch 60: Loss = 0.16509, Training (Code) = 0.90279, Validation (Code) = 0.89767, Training (X) = 0.89046, Validation (X) = 0.89361, Training (Z) = 0.88861, Validation (Z) = 0.89306
Epoch 61: Loss = 0.16497, Training (Code) = 0.90377, Validation (Code) = 0.90525, Training (X) = 0.88979, Validation (X) = 0.8876, Training (Z) = 0.88984, Validation (Z) = 0.8853
Epoch 62: Loss = 0.16485, Training (Code) = 0.90396, Validation (Code) = 0.90325, Training (X) = 0.88716, Validation (X) = 0.8904, Training (Z) = 0.8888, Validation (Z) = 0.88597
Epoch 63: Loss = 0.16473, Training (Code) = 0.90296, Validation (Code) = 0.90433, Training (X) = 0.88865, Validation (X) = 0.88758, Training (Z) = 0.89066, Validation (Z) = 0.88527
Epoch 64: Loss = 0.16461, Training (Code) = 0.90463, Validation (Code) = 0.90183, Training (X) = 0.88874, Validation (X) = 0.88819, Training (Z) = 0.88932, Validation (Z) = 0.88791
Epoch 65: Loss = 0.16449, Training (Code) = 0.90325, Validation (Code) = 0.902, Training (X) = 0.8904, Validation (X) = 0.88766, Training (Z) = 0.8891, Validation (Z) = 0.88978
Epoch 66: Loss = 0.16437, Training (Code) = 0.9031, Validation (Code) = 0.89992, Training (X) = 0.88803, Validation (X) = 0.89008, Training (Z) = 0.88943, Validation (Z) = 0.88851
Epoch 67: Loss = 0.16425, Training (Code) = 0.90315, Validation (Code) = 0.89875, Training (X) = 0.88875, Validation (X) = 0.89003, Training (Z) = 0.88941, Validation (Z) = 0.89133
Epoch 68: Loss = 0.16413, Training (Code) = 0.90469, Validation (Code) = 0.90175, Training (X) = 0.89064, Validation (X) = 0.89336, Training (Z) = 0.88903, Validation (Z) = 0.88744
Epoch 69: Loss = 0.16402, Training (Code) = 0.90392, Validation (Code) = 0.9035, Training (X) = 0.89073, Validation (X) = 0.88775, Training (Z) = 0.88988, Validation (Z) = 0.88757
Epoch 70: Loss = 0.16392, Training (Code) = 0.90342, Validation (Code) = 0.90408, Training (X) = 0.88922, Validation (X) = 0.88746, Training (Z) = 0.88841, Validation (Z) = 0.88976
Epoch 71: Loss = 0.16381, Training (Code) = 0.90329, Validation (Code) = 0.90633, Training (X) = 0.88733, Validation (X) = 0.88654, Training (Z) = 0.89022, Validation (Z) = 0.88902
Epoch 72: Loss = 0.16371, Training (Code) = 0.90365, Validation (Code) = 0.90092, Training (X) = 0.89065, Validation (X) = 0.89011, Training (Z) = 0.88984, Validation (Z) = 0.89113
Epoch 73: Loss = 0.16362, Training (Code) = 0.90356, Validation (Code) = 0.90017, Training (X) = 0.88947, Validation (X) = 0.88761, Training (Z) = 0.88873, Validation (Z) = 0.88789
Epoch 74: Loss = 0.16352, Training (Code) = 0.90348, Validation (Code) = 0.90575, Training (X) = 0.89022, Validation (X) = 0.88518, Training (Z) = 0.88853, Validation (Z) = 0.88693
Epoch 75: Loss = 0.16343, Training (Code) = 0.90279, Validation (Code) = 0.90683, Training (X) = 0.88972, Validation (X) = 0.89257, Training (Z) = 0.89016, Validation (Z) = 0.88826
Epoch 76: Loss = 0.16334, Training (Code) = 0.90338, Validation (Code) = 0.90192, Training (X) = 0.88896, Validation (X) = 0.88709, Training (Z) = 0.88953, Validation (Z) = 0.88876
Epoch 77: Loss = 0.16326, Training (Code) = 0.902, Validation (Code) = 0.90425, Training (X) = 0.89052, Validation (X) = 0.88757, Training (Z) = 0.88893, Validation (Z) = 0.88803
Epoch 78: Loss = 0.16317, Training (Code) = 0.90383, Validation (Code) = 0.89967, Training (X) = 0.88924, Validation (X) = 0.88727, Training (Z) = 0.88885, Validation (Z) = 0.88625
Epoch 79: Loss = 0.16309, Training (Code) = 0.90487, Validation (Code) = 0.90117, Training (X) = 0.88767, Validation (X) = 0.89033, Training (Z) = 0.88742, Validation (Z) = 0.88589
Epoch 80: Loss = 0.16302, Training (Code) = 0.90298, Validation (Code) = 0.90325, Training (X) = 0.88965, Validation (X) = 0.88929, Training (Z) = 0.88824, Validation (Z) = 0.88523
Epoch 81: Loss = 0.16294, Training (Code) = 0.90275, Validation (Code) = 0.9045, Training (X) = 0.89119, Validation (X) = 0.8935, Training (Z) = 0.88934, Validation (Z) = 0.88668
Epoch 82: Loss = 0.16286, Training (Code) = 0.9011, Validation (Code) = 0.9015, Training (X) = 0.89071, Validation (X) = 0.88963, Training (Z) = 0.88956, Validation (Z) = 0.89028
Epoch 83: Loss = 0.16279, Training (Code) = 0.9031, Validation (Code) = 0.90483, Training (X) = 0.89052, Validation (X) = 0.88801, Training (Z) = 0.89001, Validation (Z) = 0.88405
Epoch 84: Loss = 0.16272, Training (Code) = 0.90363, Validation (Code) = 0.901, Training (X) = 0.89083, Validation (X) = 0.89058, Training (Z) = 0.88915, Validation (Z) = 0.8891
Epoch 85: Loss = 0.16265, Training (Code) = 0.90438, Validation (Code) = 0.90192, Training (X) = 0.8885, Validation (X) = 0.88737, Training (Z) = 0.88871, Validation (Z) = 0.88968
Epoch 86: Loss = 0.16258, Training (Code) = 0.90358, Validation (Code) = 0.90075, Training (X) = 0.88855, Validation (X) = 0.89037, Training (Z) = 0.89004, Validation (Z) = 0.88695
Epoch 87: Loss = 0.16251, Training (Code) = 0.90431, Validation (Code) = 0.90092, Training (X) = 0.88997, Validation (X) = 0.88771, Training (Z) = 0.88986, Validation (Z) = 0.88993
Epoch 88: Loss = 0.16245, Training (Code) = 0.90535, Validation (Code) = 0.90658, Training (X) = 0.88934, Validation (X) = 0.88584, Training (Z) = 0.88927, Validation (Z) = 0.88547
Epoch 89: Loss = 0.16238, Training (Code) = 0.90342, Validation (Code) = 0.90092, Training (X) = 0.89108, Validation (X) = 0.89307, Training (Z) = 0.88876, Validation (Z) = 0.88743
Epoch 90: Loss = 0.16232, Training (Code) = 0.90367, Validation (Code) = 0.90175, Training (X) = 0.88835, Validation (X) = 0.89206, Training (Z) = 0.88828, Validation (Z) = 0.88763
Epoch 91: Loss = 0.16226, Training (Code) = 0.90465, Validation (Code) = 0.90258, Training (X) = 0.88863, Validation (X) = 0.89013, Training (Z) = 0.88888, Validation (Z) = 0.88773
Epoch 92: Loss = 0.1622, Training (Code) = 0.90408, Validation (Code) = 0.90383, Training (X) = 0.88872, Validation (X) = 0.88881, Training (Z) = 0.88812, Validation (Z) = 0.8854
Epoch 93: Loss = 0.16214, Training (Code) = 0.9049, Validation (Code) = 0.90342, Training (X) = 0.89016, Validation (X) = 0.88728, Training (Z) = 0.89048, Validation (Z) = 0.88802
Epoch 94: Loss = 0.16208, Training (Code) = 0.90406, Validation (Code) = 0.90467, Training (X) = 0.89001, Validation (X) = 0.89094, Training (Z) = 0.88801, Validation (Z) = 0.8867
Epoch 95: Loss = 0.16202, Training (Code) = 0.90396, Validation (Code) = 0.90208, Training (X) = 0.88926, Validation (X) = 0.89145, Training (Z) = 0.88813, Validation (Z) = 0.88674
Epoch 96: Loss = 0.16196, Training (Code) = 0.90363, Validation (Code) = 0.90067, Training (X) = 0.89102, Validation (X) = 0.89212, Training (Z) = 0.88917, Validation (Z) = 0.8911
Epoch 97: Loss = 0.1619, Training (Code) = 0.90406, Validation (Code) = 0.904, Training (X) = 0.8892, Validation (X) = 0.88947, Training (Z) = 0.88842, Validation (Z) = 0.8892
Epoch 98: Loss = 0.16184, Training (Code) = 0.90521, Validation (Code) = 0.90375, Training (X) = 0.88801, Validation (X) = 0.88732, Training (Z) = 0.88755, Validation (Z) = 0.88824
Epoch 99: Loss = 0.16178, Training (Code) = 0.90229, Validation (Code) = 0.90383, Training (X) = 0.88829, Validation (X) = 0.88558, Training (Z) = 0.8906, Validation (Z) = 0.88881
Epoch 100: Loss = 0.16173, Training (Code) = 0.90575, Validation (Code) = 0.90167, Training (X) = 0.88925, Validation (X) = 0.88983, Training (Z) = 0.88826, Validation (Z) = 0.8866
Epoch 101: Loss = 0.16167, Training (Code) = 0.90417, Validation (Code) = 0.90542, Training (X) = 0.88931, Validation (X) = 0.88698, Training (Z) = 0.88818, Validation (Z) = 0.88606
Epoch 102: Loss = 0.16161, Training (Code) = 0.90283, Validation (Code) = 0.89908, Training (X) = 0.88827, Validation (X) = 0.88887, Training (Z) = 0.89053, Validation (Z) = 0.88961
Epoch 103: Loss = 0.16154, Training (Code) = 0.90498, Validation (Code) = 0.902, Training (X) = 0.89056, Validation (X) = 0.88812, Training (Z) = 0.88835, Validation (Z) = 0.88987
Epoch 104: Loss = 0.16148, Training (Code) = 0.90067, Validation (Code) = 0.90383, Training (X) = 0.89034, Validation (X) = 0.88549, Training (Z) = 0.88867, Validation (Z) = 0.88549
Epoch 105: Loss = 0.1614, Training (Code) = 0.90404, Validation (Code) = 0.90292, Training (X) = 0.89019, Validation (X) = 0.8886, Training (Z) = 0.89015, Validation (Z) = 0.8886
Epoch 106: Loss = 0.16132, Training (Code) = 0.90394, Validation (Code) = 0.90583, Training (X) = 0.8902, Validation (X) = 0.8873, Training (Z) = 0.88767, Validation (Z) = 0.88878
Epoch 107: Loss = 0.16121, Training (Code) = 0.90431, Validation (Code) = 0.90583, Training (X) = 0.89025, Validation (X) = 0.88905, Training (Z) = 0.88926, Validation (Z) = 0.88675
Epoch 108: Loss = 0.16108, Training (Code) = 0.90394, Validation (Code) = 0.90383, Training (X) = 0.89055, Validation (X) = 0.88964, Training (Z) = 0.88937, Validation (Z) = 0.89167
Epoch 109: Loss = 0.16093, Training (Code) = 0.90369, Validation (Code) = 0.89942, Training (X) = 0.89054, Validation (X) = 0.88882, Training (Z) = 0.88955, Validation (Z) = 0.88808
Epoch 110: Loss = 0.16078, Training (Code) = 0.90404, Validation (Code) = 0.90367, Training (X) = 0.88899, Validation (X) = 0.88823, Training (Z) = 0.88846, Validation (Z) = 0.8863
Epoch 111: Loss = 0.16066, Training (Code) = 0.90398, Validation (Code) = 0.90375, Training (X) = 0.8906, Validation (X) = 0.88861, Training (Z) = 0.88892, Validation (Z) = 0.88695
Epoch 112: Loss = 0.16057, Training (Code) = 0.90329, Validation (Code) = 0.903, Training (X) = 0.88897, Validation (X) = 0.88677, Training (Z) = 0.88872, Validation (Z) = 0.88797
Epoch 113: Loss = 0.1605, Training (Code) = 0.90363, Validation (Code) = 0.90242, Training (X) = 0.88874, Validation (X) = 0.88891, Training (Z) = 0.88975, Validation (Z) = 0.88836
Epoch 114: Loss = 0.16045, Training (Code) = 0.90554, Validation (Code) = 0.90608, Training (X) = 0.88909, Validation (X) = 0.88826, Training (Z) = 0.88805, Validation (Z) = 0.8889
Epoch 115: Loss = 0.1604, Training (Code) = 0.90371, Validation (Code) = 0.90033, Training (X) = 0.88932, Validation (X) = 0.88874, Training (Z) = 0.88854, Validation (Z) = 0.88717
Epoch 116: Loss = 0.16036, Training (Code) = 0.90633, Validation (Code) = 0.90533, Training (X) = 0.88941, Validation (X) = 0.88973, Training (Z) = 0.88875, Validation (Z) = 0.88614
Epoch 117: Loss = 0.16033, Training (Code) = 0.90375, Validation (Code) = 0.90425, Training (X) = 0.8902, Validation (X) = 0.88969, Training (Z) = 0.88923, Validation (Z) = 0.8872
Epoch 118: Loss = 0.1603, Training (Code) = 0.90571, Validation (Code) = 0.903, Training (X) = 0.88855, Validation (X) = 0.88852, Training (Z) = 0.88821, Validation (Z) = 0.8864
Epoch 119: Loss = 0.16027, Training (Code) = 0.90363, Validation (Code) = 0.90133, Training (X) = 0.88952, Validation (X) = 0.89284, Training (Z) = 0.88887, Validation (Z) = 0.88859
Epoch 120: Loss = 0.16024, Training (Code) = 0.9056, Validation (Code) = 0.90633, Training (X) = 0.88994, Validation (X) = 0.887, Training (Z) = 0.88937, Validation (Z) = 0.88323
Epoch 121: Loss = 0.16022, Training (Code) = 0.90452, Validation (Code) = 0.90458, Training (X) = 0.89101, Validation (X) = 0.88567, Training (Z) = 0.88921, Validation (Z) = 0.88908
Epoch 122: Loss = 0.1602, Training (Code) = 0.90535, Validation (Code) = 0.89975, Training (X) = 0.88897, Validation (X) = 0.89182, Training (Z) = 0.88895, Validation (Z) = 0.88923
Epoch 123: Loss = 0.16017, Training (Code) = 0.90469, Validation (Code) = 0.90183, Training (X) = 0.88988, Validation (X) = 0.88985, Training (Z) = 0.88917, Validation (Z) = 0.88607
Epoch 124: Loss = 0.16015, Training (Code) = 0.90485, Validation (Code) = 0.90642, Training (X) = 0.88909, Validation (X) = 0.88637, Training (Z) = 0.88868, Validation (Z) = 0.88811
Epoch 125: Loss = 0.16013, Training (Code) = 0.90544, Validation (Code) = 0.90225, Training (X) = 0.88976, Validation (X) = 0.88833, Training (Z) = 0.88969, Validation (Z) = 0.8887
Epoch 126: Loss = 0.16012, Training (Code) = 0.90342, Validation (Code) = 0.90383, Training (X) = 0.88892, Validation (X) = 0.89028, Training (Z) = 0.88945, Validation (Z) = 0.8865
Epoch 127: Loss = 0.1601, Training (Code) = 0.90546, Validation (Code) = 0.90383, Training (X) = 0.8882, Validation (X) = 0.88982, Training (Z) = 0.88836, Validation (Z) = 0.88871
Epoch 128: Loss = 0.16009, Training (Code) = 0.90608, Validation (Code) = 0.90642, Training (X) = 0.88853, Validation (X) = 0.88793, Training (Z) = 0.88913, Validation (Z) = 0.88756
Epoch 129: Loss = 0.16008, Training (Code) = 0.90612, Validation (Code) = 0.9025, Training (X) = 0.88812, Validation (X) = 0.8891, Training (Z) = 0.88978, Validation (Z) = 0.88467
Epoch 130: Loss = 0.16007, Training (Code) = 0.90569, Validation (Code) = 0.90283, Training (X) = 0.89025, Validation (X) = 0.88758, Training (Z) = 0.88809, Validation (Z) = 0.88905
Epoch 131: Loss = 0.16006, Training (Code) = 0.90758, Validation (Code) = 0.90792, Training (X) = 0.88934, Validation (X) = 0.88949, Training (Z) = 0.88862, Validation (Z) = 0.886
Epoch 132: Loss = 0.16006, Training (Code) = 0.90623, Validation (Code) = 0.90517, Training (X) = 0.88825, Validation (X) = 0.88897, Training (Z) = 0.8882, Validation (Z) = 0.89072
Epoch 133: Loss = 0.16005, Training (Code) = 0.90596, Validation (Code) = 0.90267, Training (X) = 0.88927, Validation (X) = 0.88903, Training (Z) = 0.88815, Validation (Z) = 0.88783
Epoch 134: Loss = 0.16005, Training (Code) = 0.90612, Validation (Code) = 0.90625, Training (X) = 0.88985, Validation (X) = 0.88543, Training (Z) = 0.88805, Validation (Z) = 0.88754
Epoch 135: Loss = 0.16005, Training (Code) = 0.90525, Validation (Code) = 0.90433, Training (X) = 0.88967, Validation (X) = 0.89136, Training (Z) = 0.8896, Validation (Z) = 0.885
Epoch 136: Loss = 0.16004, Training (Code) = 0.90598, Validation (Code) = 0.906, Training (X) = 0.88909, Validation (X) = 0.89073, Training (Z) = 0.89001, Validation (Z) = 0.88696
Epoch 137: Loss = 0.16004, Training (Code) = 0.9049, Validation (Code) = 0.903, Training (X) = 0.88841, Validation (X) = 0.89138, Training (Z) = 0.8894, Validation (Z) = 0.88898
Epoch 138: Loss = 0.16004, Training (Code) = 0.90483, Validation (Code) = 0.90483, Training (X) = 0.88967, Validation (X) = 0.88423, Training (Z) = 0.88833, Validation (Z) = 0.88755
Epoch 139: Loss = 0.16004, Training (Code) = 0.90638, Validation (Code) = 0.90425, Training (X) = 0.88935, Validation (X) = 0.89254, Training (Z) = 0.88854, Validation (Z) = 0.88591
Epoch 140: Loss = 0.16004, Training (Code) = 0.90529, Validation (Code) = 0.90733, Training (X) = 0.88889, Validation (X) = 0.88648, Training (Z) = 0.88859, Validation (Z) = 0.88602
Epoch 141: Loss = 0.16004, Training (Code) = 0.90548, Validation (Code) = 0.90533, Training (X) = 0.88965, Validation (X) = 0.88853, Training (Z) = 0.88744, Validation (Z) = 0.88669
Epoch 142: Loss = 0.16003, Training (Code) = 0.90544, Validation (Code) = 0.90375, Training (X) = 0.8888, Validation (X) = 0.88935, Training (Z) = 0.8896, Validation (Z) = 0.88824
Epoch 143: Loss = 0.16003, Training (Code) = 0.90463, Validation (Code) = 0.90383, Training (X) = 0.88969, Validation (X) = 0.8889, Training (Z) = 0.88884, Validation (Z) = 0.88816
Epoch 144: Loss = 0.16003, Training (Code) = 0.90481, Validation (Code) = 0.9045, Training (X) = 0.89029, Validation (X) = 0.88944, Training (Z) = 0.88844, Validation (Z) = 0.88695
Epoch 145: Loss = 0.16003, Training (Code) = 0.90415, Validation (Code) = 0.90408, Training (X) = 0.88988, Validation (X) = 0.88828, Training (Z) = 0.88873, Validation (Z) = 0.89105
Epoch 146: Loss = 0.16003, Training (Code) = 0.90554, Validation (Code) = 0.903, Training (X) = 0.89074, Validation (X) = 0.88621, Training (Z) = 0.88828, Validation (Z) = 0.88917
Epoch 147: Loss = 0.16002, Training (Code) = 0.90617, Validation (Code) = 0.90708, Training (X) = 0.88831, Validation (X) = 0.88617, Training (Z) = 0.88673, Validation (Z) = 0.88792
Epoch 148: Loss = 0.16002, Training (Code) = 0.90719, Validation (Code) = 0.904, Training (X) = 0.8888, Validation (X) = 0.89076, Training (Z) = 0.88479, Validation (Z) = 0.88901
Epoch 149: Loss = 0.16002, Training (Code) = 0.90573, Validation (Code) = 0.906, Training (X) = 0.89033, Validation (X) = 0.89156, Training (Z) = 0.88959, Validation (Z) = 0.88613
Epoch 150: Loss = 0.16001, Training (Code) = 0.90627, Validation (Code) = 0.90792, Training (X) = 0.88826, Validation (X) = 0.88857, Training (Z) = 0.88816, Validation (Z) = 0.88922
Epoch 151: Loss = 0.16001, Training (Code) = 0.90679, Validation (Code) = 0.908, Training (X) = 0.88892, Validation (X) = 0.88647, Training (Z) = 0.88754, Validation (Z) = 0.88794
Epoch 152: Loss = 0.16001, Training (Code) = 0.9064, Validation (Code) = 0.90517, Training (X) = 0.88919, Validation (X) = 0.89118, Training (Z) = 0.88967, Validation (Z) = 0.88823
Epoch 153: Loss = 0.16, Training (Code) = 0.90685, Validation (Code) = 0.90392, Training (X) = 0.89017, Validation (X) = 0.89361, Training (Z) = 0.88819, Validation (Z) = 0.88559
Epoch 154: Loss = 0.16, Training (Code) = 0.90527, Validation (Code) = 0.90758, Training (X) = 0.88866, Validation (X) = 0.88761, Training (Z) = 0.88765, Validation (Z) = 0.88862
Epoch 155: Loss = 0.15999, Training (Code) = 0.90408, Validation (Code) = 0.905, Training (X) = 0.88941, Validation (X) = 0.88821, Training (Z) = 0.88939, Validation (Z) = 0.88508
Epoch 156: Loss = 0.15999, Training (Code) = 0.90533, Validation (Code) = 0.905, Training (X) = 0.88895, Validation (X) = 0.88959, Training (Z) = 0.88851, Validation (Z) = 0.88683
Epoch 157: Loss = 0.15998, Training (Code) = 0.90729, Validation (Code) = 0.90258, Training (X) = 0.88921, Validation (X) = 0.88653, Training (Z) = 0.88664, Validation (Z) = 0.88985
Epoch 158: Loss = 0.15998, Training (Code) = 0.9075, Validation (Code) = 0.90317, Training (X) = 0.88985, Validation (X) = 0.88974, Training (Z) = 0.88799, Validation (Z) = 0.89048
Epoch 159: Loss = 0.15998, Training (Code) = 0.90638, Validation (Code) = 0.90442, Training (X) = 0.89036, Validation (X) = 0.88888, Training (Z) = 0.88903, Validation (Z) = 0.88639
Epoch 160: Loss = 0.15997, Training (Code) = 0.90494, Validation (Code) = 0.90642, Training (X) = 0.88897, Validation (X) = 0.88885, Training (Z) = 0.88733, Validation (Z) = 0.88462
Epoch 161: Loss = 0.15997, Training (Code) = 0.90415, Validation (Code) = 0.90342, Training (X) = 0.89064, Validation (X) = 0.89014, Training (Z) = 0.8891, Validation (Z) = 0.89337
Epoch 162: Loss = 0.15996, Training (Code) = 0.90558, Validation (Code) = 0.90783, Training (X) = 0.89047, Validation (X) = 0.88911, Training (Z) = 0.88946, Validation (Z) = 0.88691
Epoch 163: Loss = 0.15996, Training (Code) = 0.90577, Validation (Code) = 0.90983, Training (X) = 0.88902, Validation (X) = 0.88872, Training (Z) = 0.88868, Validation (Z) = 0.88698
Epoch 164: Loss = 0.15996, Training (Code) = 0.90615, Validation (Code) = 0.90633, Training (X) = 0.89001, Validation (X) = 0.88764, Training (Z) = 0.89038, Validation (Z) = 0.88442
Epoch 165: Loss = 0.15995, Training (Code) = 0.9049, Validation (Code) = 0.90558, Training (X) = 0.88995, Validation (X) = 0.88957, Training (Z) = 0.88843, Validation (Z) = 0.88801
Epoch 166: Loss = 0.15995, Training (Code) = 0.90638, Validation (Code) = 0.90767, Training (X) = 0.88889, Validation (X) = 0.89231, Training (Z) = 0.88712, Validation (Z) = 0.88735
Epoch 167: Loss = 0.15995, Training (Code) = 0.90579, Validation (Code) = 0.90508, Training (X) = 0.8896, Validation (X) = 0.89264, Training (Z) = 0.889, Validation (Z) = 0.885
Epoch 168: Loss = 0.15995, Training (Code) = 0.90673, Validation (Code) = 0.90533, Training (X) = 0.88794, Validation (X) = 0.88862, Training (Z) = 0.88925, Validation (Z) = 0.88825
Epoch 169: Loss = 0.15995, Training (Code) = 0.90692, Validation (Code) = 0.90933, Training (X) = 0.88946, Validation (X) = 0.88783, Training (Z) = 0.8885, Validation (Z) = 0.88655
Epoch 170: Loss = 0.15995, Training (Code) = 0.90506, Validation (Code) = 0.90308, Training (X) = 0.89091, Validation (X) = 0.88715, Training (Z) = 0.8902, Validation (Z) = 0.88835
Epoch 171: Loss = 0.15996, Training (Code) = 0.90667, Validation (Code) = 0.90967, Training (X) = 0.88863, Validation (X) = 0.88815, Training (Z) = 0.88791, Validation (Z) = 0.88384
Epoch 172: Loss = 0.15996, Training (Code) = 0.90606, Validation (Code) = 0.90575, Training (X) = 0.88864, Validation (X) = 0.8895, Training (Z) = 0.88908, Validation (Z) = 0.88444
Epoch 173: Loss = 0.15996, Training (Code) = 0.9069, Validation (Code) = 0.90725, Training (X) = 0.89042, Validation (X) = 0.8884, Training (Z) = 0.88819, Validation (Z) = 0.88555
Epoch 174: Loss = 0.15997, Training (Code) = 0.90665, Validation (Code) = 0.908, Training (X) = 0.88842, Validation (X) = 0.89069, Training (Z) = 0.88681, Validation (Z) = 0.88757
Epoch 175: Loss = 0.15997, Training (Code) = 0.90685, Validation (Code) = 0.90883, Training (X) = 0.89007, Validation (X) = 0.88896, Training (Z) = 0.88828, Validation (Z) = 0.88795
Epoch 176: Loss = 0.15998, Training (Code) = 0.90673, Validation (Code) = 0.9025, Training (X) = 0.89072, Validation (X) = 0.8903, Training (Z) = 0.88843, Validation (Z) = 0.89104
Epoch 177: Loss = 0.15999, Training (Code) = 0.90671, Validation (Code) = 0.90542, Training (X) = 0.89024, Validation (X) = 0.88606, Training (Z) = 0.88845, Validation (Z) = 0.88854
Epoch 178: Loss = 0.16, Training (Code) = 0.90656, Validation (Code) = 0.9055, Training (X) = 0.88825, Validation (X) = 0.8892, Training (Z) = 0.88949, Validation (Z) = 0.88625
Epoch 179: Loss = 0.16001, Training (Code) = 0.90783, Validation (Code) = 0.9045, Training (X) = 0.88923, Validation (X) = 0.88843, Training (Z) = 0.88815, Validation (Z) = 0.88741
Epoch 180: Loss = 0.16003, Training (Code) = 0.90506, Validation (Code) = 0.90675, Training (X) = 0.88946, Validation (X) = 0.88788, Training (Z) = 0.88935, Validation (Z) = 0.88861
Epoch 181: Loss = 0.16004, Training (Code) = 0.90521, Validation (Code) = 0.90325, Training (X) = 0.88842, Validation (X) = 0.89086, Training (Z) = 0.88893, Validation (Z) = 0.89003
Epoch 182: Loss = 0.16006, Training (Code) = 0.90727, Validation (Code) = 0.90592, Training (X) = 0.89031, Validation (X) = 0.89099, Training (Z) = 0.88852, Validation (Z) = 0.88787
Epoch 183: Loss = 0.16008, Training (Code) = 0.90658, Validation (Code) = 0.90742, Training (X) = 0.88917, Validation (X) = 0.8898, Training (Z) = 0.88832, Validation (Z) = 0.88511
Epoch 184: Loss = 0.1601, Training (Code) = 0.90723, Validation (Code) = 0.90633, Training (X) = 0.88954, Validation (X) = 0.89058, Training (Z) = 0.88718, Validation (Z) = 0.88865
Epoch 185: Loss = 0.16012, Training (Code) = 0.90885, Validation (Code) = 0.90775, Training (X) = 0.88899, Validation (X) = 0.88956, Training (Z) = 0.88727, Validation (Z) = 0.88479
Epoch 186: Loss = 0.16015, Training (Code) = 0.90794, Validation (Code) = 0.90425, Training (X) = 0.88961, Validation (X) = 0.88978, Training (Z) = 0.88807, Validation (Z) = 0.88766
Epoch 187: Loss = 0.16018, Training (Code) = 0.9071, Validation (Code) = 0.90483, Training (X) = 0.89059, Validation (X) = 0.88709, Training (Z) = 0.8887, Validation (Z) = 0.88801
Epoch 188: Loss = 0.16021, Training (Code) = 0.9065, Validation (Code) = 0.90558, Training (X) = 0.88911, Validation (X) = 0.89132, Training (Z) = 0.88863, Validation (Z) = 0.88829
Epoch 189: Loss = 0.16024, Training (Code) = 0.90654, Validation (Code) = 0.90467, Training (X) = 0.88981, Validation (X) = 0.88974, Training (Z) = 0.88983, Validation (Z) = 0.8879
Epoch 190: Loss = 0.16027, Training (Code) = 0.90721, Validation (Code) = 0.90783, Training (X) = 0.89046, Validation (X) = 0.88902, Training (Z) = 0.89016, Validation (Z) = 0.88599
Epoch 191: Loss = 0.16031, Training (Code) = 0.90633, Validation (Code) = 0.912, Training (X) = 0.8893, Validation (X) = 0.88861, Training (Z) = 0.88794, Validation (Z) = 0.88551
Epoch 192: Loss = 0.16034, Training (Code) = 0.90698, Validation (Code) = 0.90675, Training (X) = 0.88837, Validation (X) = 0.88733, Training (Z) = 0.88926, Validation (Z) = 0.88485
Epoch 193: Loss = 0.16038, Training (Code) = 0.90475, Validation (Code) = 0.90675, Training (X) = 0.88936, Validation (X) = 0.88944, Training (Z) = 0.88811, Validation (Z) = 0.88632
Epoch 194: Loss = 0.16042, Training (Code) = 0.90683, Validation (Code) = 0.9045, Training (X) = 0.88853, Validation (X) = 0.88917, Training (Z) = 0.88738, Validation (Z) = 0.88649
Epoch 195: Loss = 0.16046, Training (Code) = 0.90806, Validation (Code) = 0.90742, Training (X) = 0.88919, Validation (X) = 0.88952, Training (Z) = 0.88731, Validation (Z) = 0.88622
Epoch 196: Loss = 0.1605, Training (Code) = 0.9071, Validation (Code) = 0.905, Training (X) = 0.88948, Validation (X) = 0.89006, Training (Z) = 0.88728, Validation (Z) = 0.88978
Epoch 197: Loss = 0.16054, Training (Code) = 0.90642, Validation (Code) = 0.90633, Training (X) = 0.88843, Validation (X) = 0.88516, Training (Z) = 0.88848, Validation (Z) = 0.88709
Epoch 198: Loss = 0.16058, Training (Code) = 0.90717, Validation (Code) = 0.90642, Training (X) = 0.88942, Validation (X) = 0.89207, Training (Z) = 0.88876, Validation (Z) = 0.88839
Epoch 199: Loss = 0.16062, Training (Code) = 0.90794, Validation (Code) = 0.90708, Training (X) = 0.88876, Validation (X) = 0.88682, Training (Z) = 0.88844, Validation (Z) = 0.88792
Epoch 200: Loss = 0.16066, Training (Code) = 0.90496, Validation (Code) = 0.9075, Training (X) = 0.8904, Validation (X) = 0.88733, Training (Z) = 0.8912, Validation (Z) = 0.88797
