==========================================
SLURM_JOB_ID = 6156503
SLURM_JOB_NODELIST = d17-31
TMPDIR = /tmp/SLURM_6156503
==========================================
10_10_16_11_25_669 [6, 40, 40, 40, 40, 14] [Tanh(), Tanh(), Tanh(), Tanh(), Tanh(), Sigmoid()] 200 2e-05 25
Epoch 1: Loss = 0.40395, Training (Code) = 0.58471, Validation (Code) = 0.58517, Training (X) = 0.89749, Validation (X) = 0.89177, Training (Z) = 0.89575, Validation (Z) = 0.8949
Epoch 2: Loss = 0.37695, Training (Code) = 0.61996, Validation (Code) = 0.61075, Training (X) = 0.89475, Validation (X) = 0.89426, Training (Z) = 0.89405, Validation (Z) = 0.8933
Epoch 3: Loss = 0.34528, Training (Code) = 0.64194, Validation (Code) = 0.64058, Training (X) = 0.8953, Validation (X) = 0.88721, Training (Z) = 0.89222, Validation (Z) = 0.89827
Epoch 4: Loss = 0.31309, Training (Code) = 0.67412, Validation (Code) = 0.67233, Training (X) = 0.89431, Validation (X) = 0.88944, Training (Z) = 0.89239, Validation (Z) = 0.89316
Epoch 5: Loss = 0.29033, Training (Code) = 0.70233, Validation (Code) = 0.69667, Training (X) = 0.8944, Validation (X) = 0.88672, Training (Z) = 0.8904, Validation (Z) = 0.88744
Epoch 6: Loss = 0.2757, Training (Code) = 0.72433, Validation (Code) = 0.72092, Training (X) = 0.89338, Validation (X) = 0.89146, Training (Z) = 0.89223, Validation (Z) = 0.89308
Epoch 7: Loss = 0.26587, Training (Code) = 0.74413, Validation (Code) = 0.74608, Training (X) = 0.89425, Validation (X) = 0.88942, Training (Z) = 0.89325, Validation (Z) = 0.88775
Epoch 8: Loss = 0.25878, Training (Code) = 0.76402, Validation (Code) = 0.76692, Training (X) = 0.89033, Validation (X) = 0.8871, Training (Z) = 0.89117, Validation (Z) = 0.89112
Epoch 9: Loss = 0.25337, Training (Code) = 0.77556, Validation (Code) = 0.77633, Training (X) = 0.89145, Validation (X) = 0.89277, Training (Z) = 0.89228, Validation (Z) = 0.89234
Epoch 10: Loss = 0.24909, Training (Code) = 0.79025, Validation (Code) = 0.78467, Training (X) = 0.8907, Validation (X) = 0.89051, Training (Z) = 0.8908, Validation (Z) = 0.89072
Epoch 11: Loss = 0.24559, Training (Code) = 0.79954, Validation (Code) = 0.79925, Training (X) = 0.89218, Validation (X) = 0.89261, Training (Z) = 0.8908, Validation (Z) = 0.8899
Epoch 12: Loss = 0.2427, Training (Code) = 0.80815, Validation (Code) = 0.80475, Training (X) = 0.8915, Validation (X) = 0.88837, Training (Z) = 0.8907, Validation (Z) = 0.89034
Epoch 13: Loss = 0.24028, Training (Code) = 0.81421, Validation (Code) = 0.8125, Training (X) = 0.88964, Validation (X) = 0.88759, Training (Z) = 0.89218, Validation (Z) = 0.89087
Epoch 14: Loss = 0.23826, Training (Code) = 0.8215, Validation (Code) = 0.81517, Training (X) = 0.88877, Validation (X) = 0.89327, Training (Z) = 0.88951, Validation (Z) = 0.89338
Epoch 15: Loss = 0.23658, Training (Code) = 0.82444, Validation (Code) = 0.822, Training (X) = 0.88927, Validation (X) = 0.89092, Training (Z) = 0.89154, Validation (Z) = 0.88869
Epoch 16: Loss = 0.2352, Training (Code) = 0.82892, Validation (Code) = 0.82733, Training (X) = 0.89014, Validation (X) = 0.89051, Training (Z) = 0.89039, Validation (Z) = 0.89394
Epoch 17: Loss = 0.23408, Training (Code) = 0.83169, Validation (Code) = 0.83033, Training (X) = 0.89086, Validation (X) = 0.89041, Training (Z) = 0.88968, Validation (Z) = 0.8899
Epoch 18: Loss = 0.23318, Training (Code) = 0.83573, Validation (Code) = 0.83483, Training (X) = 0.89119, Validation (X) = 0.8871, Training (Z) = 0.89042, Validation (Z) = 0.88581
Epoch 19: Loss = 0.23249, Training (Code) = 0.8359, Validation (Code) = 0.83808, Training (X) = 0.88832, Validation (X) = 0.88903, Training (Z) = 0.89016, Validation (Z) = 0.89192
Epoch 20: Loss = 0.23195, Training (Code) = 0.83852, Validation (Code) = 0.83625, Training (X) = 0.88864, Validation (X) = 0.88759, Training (Z) = 0.88924, Validation (Z) = 0.88869
Epoch 21: Loss = 0.23156, Training (Code) = 0.84033, Validation (Code) = 0.84542, Training (X) = 0.88759, Validation (X) = 0.88379, Training (Z) = 0.89089, Validation (Z) = 0.88921
Epoch 22: Loss = 0.23127, Training (Code) = 0.84162, Validation (Code) = 0.84258, Training (X) = 0.88982, Validation (X) = 0.88903, Training (Z) = 0.88908, Validation (Z) = 0.88834
Epoch 23: Loss = 0.23107, Training (Code) = 0.84558, Validation (Code) = 0.84617, Training (X) = 0.88856, Validation (X) = 0.88842, Training (Z) = 0.89216, Validation (Z) = 0.88596
Epoch 24: Loss = 0.23093, Training (Code) = 0.84494, Validation (Code) = 0.84792, Training (X) = 0.88976, Validation (X) = 0.88717, Training (Z) = 0.88944, Validation (Z) = 0.88855
Epoch 25: Loss = 0.23084, Training (Code) = 0.84746, Validation (Code) = 0.84883, Training (X) = 0.88807, Validation (X) = 0.88779, Training (Z) = 0.88761, Validation (Z) = 0.88465
Epoch 26: Loss = 0.23078, Training (Code) = 0.852, Validation (Code) = 0.84842, Training (X) = 0.88627, Validation (X) = 0.88842, Training (Z) = 0.88926, Validation (Z) = 0.88734
Epoch 27: Loss = 0.23074, Training (Code) = 0.85056, Validation (Code) = 0.8505, Training (X) = 0.88897, Validation (X) = 0.88526, Training (Z) = 0.88762, Validation (Z) = 0.88918
Epoch 28: Loss = 0.23071, Training (Code) = 0.8525, Validation (Code) = 0.85242, Training (X) = 0.88937, Validation (X) = 0.88767, Training (Z) = 0.88969, Validation (Z) = 0.88699
Epoch 29: Loss = 0.2307, Training (Code) = 0.85556, Validation (Code) = 0.84775, Training (X) = 0.88662, Validation (X) = 0.88863, Training (Z) = 0.88843, Validation (Z) = 0.88666
Epoch 30: Loss = 0.23068, Training (Code) = 0.85352, Validation (Code) = 0.85525, Training (X) = 0.88899, Validation (X) = 0.88941, Training (Z) = 0.88865, Validation (Z) = 0.88775
Epoch 31: Loss = 0.23066, Training (Code) = 0.85646, Validation (Code) = 0.857, Training (X) = 0.88558, Validation (X) = 0.8874, Training (Z) = 0.88818, Validation (Z) = 0.88934
Epoch 32: Loss = 0.23064, Training (Code) = 0.85765, Validation (Code) = 0.85508, Training (X) = 0.88724, Validation (X) = 0.88909, Training (Z) = 0.8876, Validation (Z) = 0.88461
Epoch 33: Loss = 0.23062, Training (Code) = 0.85913, Validation (Code) = 0.85742, Training (X) = 0.88627, Validation (X) = 0.8859, Training (Z) = 0.88726, Validation (Z) = 0.88881
Epoch 34: Loss = 0.23058, Training (Code) = 0.85727, Validation (Code) = 0.86008, Training (X) = 0.88775, Validation (X) = 0.88383, Training (Z) = 0.88836, Validation (Z) = 0.88664
Epoch 35: Loss = 0.23053, Training (Code) = 0.8574, Validation (Code) = 0.85967, Training (X) = 0.88767, Validation (X) = 0.88813, Training (Z) = 0.88796, Validation (Z) = 0.88823
Epoch 36: Loss = 0.23047, Training (Code) = 0.86087, Validation (Code) = 0.85792, Training (X) = 0.88643, Validation (X) = 0.88723, Training (Z) = 0.8882, Validation (Z) = 0.8882
Epoch 37: Loss = 0.23039, Training (Code) = 0.86221, Validation (Code) = 0.85908, Training (X) = 0.88694, Validation (X) = 0.88748, Training (Z) = 0.88624, Validation (Z) = 0.8868
Epoch 38: Loss = 0.23029, Training (Code) = 0.8601, Validation (Code) = 0.86275, Training (X) = 0.88763, Validation (X) = 0.88602, Training (Z) = 0.88807, Validation (Z) = 0.88689
Epoch 39: Loss = 0.23018, Training (Code) = 0.86419, Validation (Code) = 0.86133, Training (X) = 0.88602, Validation (X) = 0.88235, Training (Z) = 0.88624, Validation (Z) = 0.8869
Epoch 40: Loss = 0.23004, Training (Code) = 0.86406, Validation (Code) = 0.86383, Training (X) = 0.88656, Validation (X) = 0.8906, Training (Z) = 0.88624, Validation (Z) = 0.88723
Epoch 41: Loss = 0.22989, Training (Code) = 0.86592, Validation (Code) = 0.866, Training (X) = 0.88841, Validation (X) = 0.88222, Training (Z) = 0.8876, Validation (Z) = 0.88366
Epoch 42: Loss = 0.22971, Training (Code) = 0.86567, Validation (Code) = 0.8645, Training (X) = 0.88833, Validation (X) = 0.88703, Training (Z) = 0.88581, Validation (Z) = 0.88895
Epoch 43: Loss = 0.22952, Training (Code) = 0.8655, Validation (Code) = 0.86192, Training (X) = 0.88728, Validation (X) = 0.88562, Training (Z) = 0.89041, Validation (Z) = 0.88872
Epoch 44: Loss = 0.22931, Training (Code) = 0.86621, Validation (Code) = 0.85967, Training (X) = 0.8872, Validation (X) = 0.88561, Training (Z) = 0.88568, Validation (Z) = 0.88959
Epoch 45: Loss = 0.22907, Training (Code) = 0.86571, Validation (Code) = 0.8645, Training (X) = 0.88658, Validation (X) = 0.88288, Training (Z) = 0.88627, Validation (Z) = 0.88857
Epoch 46: Loss = 0.22883, Training (Code) = 0.86923, Validation (Code) = 0.86783, Training (X) = 0.88718, Validation (X) = 0.88448, Training (Z) = 0.88486, Validation (Z) = 0.88756
Epoch 47: Loss = 0.22856, Training (Code) = 0.86729, Validation (Code) = 0.87175, Training (X) = 0.88391, Validation (X) = 0.88491, Training (Z) = 0.88691, Validation (Z) = 0.88672
Epoch 48: Loss = 0.22828, Training (Code) = 0.86987, Validation (Code) = 0.869, Training (X) = 0.88648, Validation (X) = 0.88588, Training (Z) = 0.88629, Validation (Z) = 0.88377
Epoch 49: Loss = 0.228, Training (Code) = 0.87129, Validation (Code) = 0.86692, Training (X) = 0.88776, Validation (X) = 0.88734, Training (Z) = 0.88614, Validation (Z) = 0.88561
Epoch 50: Loss = 0.2277, Training (Code) = 0.87156, Validation (Code) = 0.867, Training (X) = 0.88758, Validation (X) = 0.88745, Training (Z) = 0.88603, Validation (Z) = 0.88601
Epoch 51: Loss = 0.22739, Training (Code) = 0.87196, Validation (Code) = 0.86525, Training (X) = 0.88563, Validation (X) = 0.88886, Training (Z) = 0.88508, Validation (Z) = 0.88472
Epoch 52: Loss = 0.22707, Training (Code) = 0.87523, Validation (Code) = 0.87267, Training (X) = 0.88765, Validation (X) = 0.88321, Training (Z) = 0.88479, Validation (Z) = 0.88369
Epoch 53: Loss = 0.22675, Training (Code) = 0.87179, Validation (Code) = 0.87092, Training (X) = 0.88537, Validation (X) = 0.88843, Training (Z) = 0.88656, Validation (Z) = 0.88346
Epoch 54: Loss = 0.22642, Training (Code) = 0.87156, Validation (Code) = 0.87242, Training (X) = 0.88739, Validation (X) = 0.88499, Training (Z) = 0.88577, Validation (Z) = 0.88652
Epoch 55: Loss = 0.22609, Training (Code) = 0.87229, Validation (Code) = 0.87658, Training (X) = 0.88854, Validation (X) = 0.88307, Training (Z) = 0.88543, Validation (Z) = 0.8882
Epoch 56: Loss = 0.22575, Training (Code) = 0.87246, Validation (Code) = 0.87667, Training (X) = 0.88572, Validation (X) = 0.88669, Training (Z) = 0.88672, Validation (Z) = 0.88584
Epoch 57: Loss = 0.22541, Training (Code) = 0.87462, Validation (Code) = 0.87425, Training (X) = 0.88826, Validation (X) = 0.88943, Training (Z) = 0.88664, Validation (Z) = 0.8879
Epoch 58: Loss = 0.22507, Training (Code) = 0.87202, Validation (Code) = 0.86758, Training (X) = 0.88912, Validation (X) = 0.8857, Training (Z) = 0.88642, Validation (Z) = 0.88992
Epoch 59: Loss = 0.22472, Training (Code) = 0.87392, Validation (Code) = 0.87517, Training (X) = 0.88719, Validation (X) = 0.88545, Training (Z) = 0.88555, Validation (Z) = 0.88735
Epoch 60: Loss = 0.22438, Training (Code) = 0.87415, Validation (Code) = 0.87467, Training (X) = 0.88489, Validation (X) = 0.88558, Training (Z) = 0.88565, Validation (Z) = 0.88662
Epoch 61: Loss = 0.22403, Training (Code) = 0.87625, Validation (Code) = 0.87375, Training (X) = 0.88607, Validation (X) = 0.88298, Training (Z) = 0.88707, Validation (Z) = 0.88412
Epoch 62: Loss = 0.22368, Training (Code) = 0.87696, Validation (Code) = 0.87667, Training (X) = 0.88668, Validation (X) = 0.8865, Training (Z) = 0.88542, Validation (Z) = 0.88403
Epoch 63: Loss = 0.22334, Training (Code) = 0.87658, Validation (Code) = 0.87625, Training (X) = 0.88611, Validation (X) = 0.88806, Training (Z) = 0.8848, Validation (Z) = 0.88759
Epoch 64: Loss = 0.22299, Training (Code) = 0.87731, Validation (Code) = 0.87733, Training (X) = 0.88528, Validation (X) = 0.88412, Training (Z) = 0.8849, Validation (Z) = 0.88222
Epoch 65: Loss = 0.22264, Training (Code) = 0.87823, Validation (Code) = 0.87742, Training (X) = 0.88516, Validation (X) = 0.8865, Training (Z) = 0.88625, Validation (Z) = 0.88413
Epoch 66: Loss = 0.2223, Training (Code) = 0.87904, Validation (Code) = 0.87725, Training (X) = 0.88688, Validation (X) = 0.88715, Training (Z) = 0.88605, Validation (Z) = 0.88762
Epoch 67: Loss = 0.22196, Training (Code) = 0.87683, Validation (Code) = 0.8725, Training (X) = 0.88617, Validation (X) = 0.88911, Training (Z) = 0.88581, Validation (Z) = 0.8873
Epoch 68: Loss = 0.22162, Training (Code) = 0.87904, Validation (Code) = 0.87875, Training (X) = 0.88714, Validation (X) = 0.88554, Training (Z) = 0.8861, Validation (Z) = 0.88781
Epoch 69: Loss = 0.22128, Training (Code) = 0.88131, Validation (Code) = 0.88, Training (X) = 0.88861, Validation (X) = 0.88646, Training (Z) = 0.88533, Validation (Z) = 0.88741
Epoch 70: Loss = 0.22095, Training (Code) = 0.87865, Validation (Code) = 0.879, Training (X) = 0.8865, Validation (X) = 0.88785, Training (Z) = 0.88643, Validation (Z) = 0.88481
Epoch 71: Loss = 0.22061, Training (Code) = 0.88075, Validation (Code) = 0.87808, Training (X) = 0.88689, Validation (X) = 0.8827, Training (Z) = 0.88492, Validation (Z) = 0.88564
Epoch 72: Loss = 0.22029, Training (Code) = 0.87929, Validation (Code) = 0.87983, Training (X) = 0.88651, Validation (X) = 0.88161, Training (Z) = 0.88582, Validation (Z) = 0.88161
Epoch 73: Loss = 0.21996, Training (Code) = 0.87929, Validation (Code) = 0.87658, Training (X) = 0.88632, Validation (X) = 0.88934, Training (Z) = 0.88667, Validation (Z) = 0.88459
Epoch 74: Loss = 0.21965, Training (Code) = 0.88213, Validation (Code) = 0.87742, Training (X) = 0.88553, Validation (X) = 0.88631, Training (Z) = 0.8855, Validation (Z) = 0.88441
Epoch 75: Loss = 0.21933, Training (Code) = 0.88085, Validation (Code) = 0.88375, Training (X) = 0.88659, Validation (X) = 0.88326, Training (Z) = 0.88671, Validation (Z) = 0.88637
Epoch 76: Loss = 0.21902, Training (Code) = 0.88079, Validation (Code) = 0.87733, Training (X) = 0.88408, Validation (X) = 0.88725, Training (Z) = 0.88569, Validation (Z) = 0.88687
Epoch 77: Loss = 0.21872, Training (Code) = 0.88056, Validation (Code) = 0.8835, Training (X) = 0.8861, Validation (X) = 0.88832, Training (Z) = 0.88502, Validation (Z) = 0.88474
Epoch 78: Loss = 0.21842, Training (Code) = 0.88027, Validation (Code) = 0.87575, Training (X) = 0.88775, Validation (X) = 0.88372, Training (Z) = 0.88472, Validation (Z) = 0.88705
Epoch 79: Loss = 0.21812, Training (Code) = 0.88342, Validation (Code) = 0.88167, Training (X) = 0.88687, Validation (X) = 0.88573, Training (Z) = 0.88652, Validation (Z) = 0.88611
Epoch 80: Loss = 0.21783, Training (Code) = 0.88454, Validation (Code) = 0.8865, Training (X) = 0.88812, Validation (X) = 0.88503, Training (Z) = 0.88483, Validation (Z) = 0.88428
Epoch 81: Loss = 0.21754, Training (Code) = 0.88035, Validation (Code) = 0.88008, Training (X) = 0.88643, Validation (X) = 0.88751, Training (Z) = 0.88641, Validation (Z) = 0.88609
Epoch 82: Loss = 0.21726, Training (Code) = 0.8831, Validation (Code) = 0.884, Training (X) = 0.88733, Validation (X) = 0.88367, Training (Z) = 0.8858, Validation (Z) = 0.88264
Epoch 83: Loss = 0.21699, Training (Code) = 0.8819, Validation (Code) = 0.87908, Training (X) = 0.88498, Validation (X) = 0.88795, Training (Z) = 0.88663, Validation (Z) = 0.88539
Epoch 84: Loss = 0.21672, Training (Code) = 0.88233, Validation (Code) = 0.88108, Training (X) = 0.88707, Validation (X) = 0.88603, Training (Z) = 0.88697, Validation (Z) = 0.883
Epoch 85: Loss = 0.21645, Training (Code) = 0.88402, Validation (Code) = 0.87783, Training (X) = 0.88577, Validation (X) = 0.8857, Training (Z) = 0.8865, Validation (Z) = 0.88399
Epoch 86: Loss = 0.2162, Training (Code) = 0.8826, Validation (Code) = 0.88458, Training (X) = 0.88623, Validation (X) = 0.88846, Training (Z) = 0.88568, Validation (Z) = 0.88554
Epoch 87: Loss = 0.21594, Training (Code) = 0.8831, Validation (Code) = 0.88217, Training (X) = 0.88563, Validation (X) = 0.88608, Training (Z) = 0.88631, Validation (Z) = 0.88353
Epoch 88: Loss = 0.21569, Training (Code) = 0.88344, Validation (Code) = 0.88275, Training (X) = 0.88631, Validation (X) = 0.88804, Training (Z) = 0.88643, Validation (Z) = 0.88672
Epoch 89: Loss = 0.21545, Training (Code) = 0.88421, Validation (Code) = 0.8805, Training (X) = 0.88742, Validation (X) = 0.88463, Training (Z) = 0.88568, Validation (Z) = 0.88775
Epoch 90: Loss = 0.21521, Training (Code) = 0.88413, Validation (Code) = 0.88292, Training (X) = 0.88532, Validation (X) = 0.88759, Training (Z) = 0.88529, Validation (Z) = 0.88985
Epoch 91: Loss = 0.21498, Training (Code) = 0.88583, Validation (Code) = 0.8865, Training (X) = 0.88478, Validation (X) = 0.88569, Training (Z) = 0.88652, Validation (Z) = 0.88701
Epoch 92: Loss = 0.21475, Training (Code) = 0.88467, Validation (Code) = 0.88375, Training (X) = 0.88687, Validation (X) = 0.88769, Training (Z) = 0.8868, Validation (Z) = 0.88581
Epoch 93: Loss = 0.21452, Training (Code) = 0.88619, Validation (Code) = 0.87925, Training (X) = 0.88577, Validation (X) = 0.89072, Training (Z) = 0.88659, Validation (Z) = 0.88475
Epoch 94: Loss = 0.2143, Training (Code) = 0.88435, Validation (Code) = 0.88242, Training (X) = 0.88633, Validation (X) = 0.88488, Training (Z) = 0.88631, Validation (Z) = 0.88743
Epoch 95: Loss = 0.21409, Training (Code) = 0.88377, Validation (Code) = 0.88183, Training (X) = 0.88534, Validation (X) = 0.88584, Training (Z) = 0.88706, Validation (Z) = 0.88887
Epoch 96: Loss = 0.21388, Training (Code) = 0.88708, Validation (Code) = 0.879, Training (X) = 0.88722, Validation (X) = 0.88747, Training (Z) = 0.8856, Validation (Z) = 0.88756
Epoch 97: Loss = 0.21367, Training (Code) = 0.8845, Validation (Code) = 0.88358, Training (X) = 0.88558, Validation (X) = 0.8872, Training (Z) = 0.88583, Validation (Z) = 0.88607
Epoch 98: Loss = 0.21347, Training (Code) = 0.886, Validation (Code) = 0.88042, Training (X) = 0.88626, Validation (X) = 0.88859, Training (Z) = 0.8861, Validation (Z) = 0.8867
Epoch 99: Loss = 0.21327, Training (Code) = 0.88142, Validation (Code) = 0.885, Training (X) = 0.88711, Validation (X) = 0.88701, Training (Z) = 0.88815, Validation (Z) = 0.88757
Epoch 100: Loss = 0.21307, Training (Code) = 0.88515, Validation (Code) = 0.88108, Training (X) = 0.88787, Validation (X) = 0.88518, Training (Z) = 0.88766, Validation (Z) = 0.88821
Epoch 101: Loss = 0.21288, Training (Code) = 0.88633, Validation (Code) = 0.88408, Training (X) = 0.88628, Validation (X) = 0.88698, Training (Z) = 0.88515, Validation (Z) = 0.88727
Epoch 102: Loss = 0.21269, Training (Code) = 0.88521, Validation (Code) = 0.88558, Training (X) = 0.8876, Validation (X) = 0.88539, Training (Z) = 0.88524, Validation (Z) = 0.88548
Epoch 103: Loss = 0.21251, Training (Code) = 0.88615, Validation (Code) = 0.883, Training (X) = 0.88584, Validation (X) = 0.88769, Training (Z) = 0.88567, Validation (Z) = 0.88741
Epoch 104: Loss = 0.21233, Training (Code) = 0.88729, Validation (Code) = 0.8855, Training (X) = 0.88633, Validation (X) = 0.885, Training (Z) = 0.88511, Validation (Z) = 0.88528
Epoch 105: Loss = 0.21215, Training (Code) = 0.88621, Validation (Code) = 0.88567, Training (X) = 0.88794, Validation (X) = 0.88587, Training (Z) = 0.88598, Validation (Z) = 0.88775
Epoch 106: Loss = 0.21198, Training (Code) = 0.88548, Validation (Code) = 0.8825, Training (X) = 0.88893, Validation (X) = 0.88839, Training (Z) = 0.88641, Validation (Z) = 0.88244
Epoch 107: Loss = 0.21181, Training (Code) = 0.88677, Validation (Code) = 0.883, Training (X) = 0.88775, Validation (X) = 0.88543, Training (Z) = 0.88472, Validation (Z) = 0.88892
Epoch 108: Loss = 0.21164, Training (Code) = 0.88633, Validation (Code) = 0.88942, Training (X) = 0.88767, Validation (X) = 0.88485, Training (Z) = 0.88642, Validation (Z) = 0.88485
Epoch 109: Loss = 0.21148, Training (Code) = 0.8889, Validation (Code) = 0.88575, Training (X) = 0.88619, Validation (X) = 0.88691, Training (Z) = 0.88549, Validation (Z) = 0.88541
Epoch 110: Loss = 0.21131, Training (Code) = 0.88758, Validation (Code) = 0.88675, Training (X) = 0.88633, Validation (X) = 0.88488, Training (Z) = 0.88715, Validation (Z) = 0.88826
Epoch 111: Loss = 0.21115, Training (Code) = 0.88948, Validation (Code) = 0.88808, Training (X) = 0.88601, Validation (X) = 0.88468, Training (Z) = 0.8853, Validation (Z) = 0.88599
Epoch 112: Loss = 0.211, Training (Code) = 0.88598, Validation (Code) = 0.88583, Training (X) = 0.88588, Validation (X) = 0.88946, Training (Z) = 0.88791, Validation (Z) = 0.88579
Epoch 113: Loss = 0.21084, Training (Code) = 0.88702, Validation (Code) = 0.89058, Training (X) = 0.88698, Validation (X) = 0.88463, Training (Z) = 0.88625, Validation (Z) = 0.88341
Epoch 114: Loss = 0.21069, Training (Code) = 0.88552, Validation (Code) = 0.88408, Training (X) = 0.88691, Validation (X) = 0.88708, Training (Z) = 0.88672, Validation (Z) = 0.88566
Epoch 115: Loss = 0.21054, Training (Code) = 0.88842, Validation (Code) = 0.89075, Training (X) = 0.88601, Validation (X) = 0.88212, Training (Z) = 0.88627, Validation (Z) = 0.88596
Epoch 116: Loss = 0.21039, Training (Code) = 0.88821, Validation (Code) = 0.88892, Training (X) = 0.88631, Validation (X) = 0.88319, Training (Z) = 0.88765, Validation (Z) = 0.88478
Epoch 117: Loss = 0.21024, Training (Code) = 0.88727, Validation (Code) = 0.894, Training (X) = 0.88638, Validation (X) = 0.88908, Training (Z) = 0.8872, Validation (Z) = 0.88516
Epoch 118: Loss = 0.2101, Training (Code) = 0.88838, Validation (Code) = 0.89008, Training (X) = 0.88664, Validation (X) = 0.88615, Training (Z) = 0.88739, Validation (Z) = 0.88803
Epoch 119: Loss = 0.20995, Training (Code) = 0.88771, Validation (Code) = 0.88308, Training (X) = 0.8862, Validation (X) = 0.88874, Training (Z) = 0.88719, Validation (Z) = 0.88827
Epoch 120: Loss = 0.20981, Training (Code) = 0.88929, Validation (Code) = 0.886, Training (X) = 0.8849, Validation (X) = 0.88751, Training (Z) = 0.8853, Validation (Z) = 0.8876
Epoch 121: Loss = 0.20967, Training (Code) = 0.88767, Validation (Code) = 0.8885, Training (X) = 0.88864, Validation (X) = 0.8882, Training (Z) = 0.88603, Validation (Z) = 0.88445
Epoch 122: Loss = 0.20953, Training (Code) = 0.89015, Validation (Code) = 0.892, Training (X) = 0.88881, Validation (X) = 0.8849, Training (Z) = 0.88714, Validation (Z) = 0.88771
Epoch 123: Loss = 0.2094, Training (Code) = 0.88904, Validation (Code) = 0.88775, Training (X) = 0.88712, Validation (X) = 0.88623, Training (Z) = 0.88529, Validation (Z) = 0.88764
Epoch 124: Loss = 0.20926, Training (Code) = 0.89035, Validation (Code) = 0.88783, Training (X) = 0.88687, Validation (X) = 0.88399, Training (Z) = 0.88605, Validation (Z) = 0.88652
Epoch 125: Loss = 0.20913, Training (Code) = 0.88831, Validation (Code) = 0.88167, Training (X) = 0.88912, Validation (X) = 0.88478, Training (Z) = 0.88557, Validation (Z) = 0.88497
Epoch 126: Loss = 0.20899, Training (Code) = 0.88925, Validation (Code) = 0.88467, Training (X) = 0.88663, Validation (X) = 0.88941, Training (Z) = 0.88619, Validation (Z) = 0.88612
Epoch 127: Loss = 0.20886, Training (Code) = 0.88819, Validation (Code) = 0.88758, Training (X) = 0.88621, Validation (X) = 0.88696, Training (Z) = 0.88605, Validation (Z) = 0.88283
Epoch 128: Loss = 0.20873, Training (Code) = 0.88838, Validation (Code) = 0.88667, Training (X) = 0.8868, Validation (X) = 0.88318, Training (Z) = 0.88697, Validation (Z) = 0.88524
Epoch 129: Loss = 0.2086, Training (Code) = 0.8906, Validation (Code) = 0.8875, Training (X) = 0.88482, Validation (X) = 0.88423, Training (Z) = 0.88641, Validation (Z) = 0.88376
Epoch 130: Loss = 0.20848, Training (Code) = 0.88835, Validation (Code) = 0.89092, Training (X) = 0.88696, Validation (X) = 0.8856, Training (Z) = 0.88717, Validation (Z) = 0.88504
Epoch 131: Loss = 0.20835, Training (Code) = 0.8885, Validation (Code) = 0.88733, Training (X) = 0.88602, Validation (X) = 0.88636, Training (Z) = 0.88663, Validation (Z) = 0.88289
Epoch 132: Loss = 0.20822, Training (Code) = 0.88852, Validation (Code) = 0.89, Training (X) = 0.88785, Validation (X) = 0.88689, Training (Z) = 0.88792, Validation (Z) = 0.88596
Epoch 133: Loss = 0.2081, Training (Code) = 0.89015, Validation (Code) = 0.88958, Training (X) = 0.88569, Validation (X) = 0.88778, Training (Z) = 0.88637, Validation (Z) = 0.88749
Epoch 134: Loss = 0.20798, Training (Code) = 0.89035, Validation (Code) = 0.88758, Training (X) = 0.88703, Validation (X) = 0.88687, Training (Z) = 0.88637, Validation (Z) = 0.8879
Epoch 135: Loss = 0.20786, Training (Code) = 0.89115, Validation (Code) = 0.89017, Training (X) = 0.88496, Validation (X) = 0.88336, Training (Z) = 0.88685, Validation (Z) = 0.88485
Epoch 136: Loss = 0.20774, Training (Code) = 0.8906, Validation (Code) = 0.88692, Training (X) = 0.88592, Validation (X) = 0.88979, Training (Z) = 0.88687, Validation (Z) = 0.88687
Epoch 137: Loss = 0.20762, Training (Code) = 0.89042, Validation (Code) = 0.88742, Training (X) = 0.88648, Validation (X) = 0.88675, Training (Z) = 0.88699, Validation (Z) = 0.88572
Epoch 138: Loss = 0.2075, Training (Code) = 0.8901, Validation (Code) = 0.889, Training (X) = 0.88672, Validation (X) = 0.8892, Training (Z) = 0.88609, Validation (Z) = 0.88367
Epoch 139: Loss = 0.20738, Training (Code) = 0.89025, Validation (Code) = 0.89042, Training (X) = 0.88697, Validation (X) = 0.88573, Training (Z) = 0.88744, Validation (Z) = 0.8861
Epoch 140: Loss = 0.20727, Training (Code) = 0.89042, Validation (Code) = 0.89092, Training (X) = 0.88687, Validation (X) = 0.88476, Training (Z) = 0.88584, Validation (Z) = 0.88981
Epoch 141: Loss = 0.20715, Training (Code) = 0.89117, Validation (Code) = 0.88433, Training (X) = 0.88641, Validation (X) = 0.88777, Training (Z) = 0.88608, Validation (Z) = 0.8906
Epoch 142: Loss = 0.20704, Training (Code) = 0.88958, Validation (Code) = 0.88742, Training (X) = 0.88571, Validation (X) = 0.88694, Training (Z) = 0.88532, Validation (Z) = 0.89013
Epoch 143: Loss = 0.20692, Training (Code) = 0.8899, Validation (Code) = 0.887, Training (X) = 0.887, Validation (X) = 0.88698, Training (Z) = 0.88838, Validation (Z) = 0.89027
Epoch 144: Loss = 0.20681, Training (Code) = 0.89152, Validation (Code) = 0.892, Training (X) = 0.88711, Validation (X) = 0.8835, Training (Z) = 0.88704, Validation (Z) = 0.88752
Epoch 145: Loss = 0.2067, Training (Code) = 0.8895, Validation (Code) = 0.89017, Training (X) = 0.8876, Validation (X) = 0.88944, Training (Z) = 0.88737, Validation (Z) = 0.88532
Epoch 146: Loss = 0.20659, Training (Code) = 0.89038, Validation (Code) = 0.8875, Training (X) = 0.88633, Validation (X) = 0.88808, Training (Z) = 0.88542, Validation (Z) = 0.88188
Epoch 147: Loss = 0.20648, Training (Code) = 0.89115, Validation (Code) = 0.88883, Training (X) = 0.88762, Validation (X) = 0.88581, Training (Z) = 0.88545, Validation (Z) = 0.88712
Epoch 148: Loss = 0.20638, Training (Code) = 0.88929, Validation (Code) = 0.88758, Training (X) = 0.88668, Validation (X) = 0.88217, Training (Z) = 0.88697, Validation (Z) = 0.88677
Epoch 149: Loss = 0.20627, Training (Code) = 0.89121, Validation (Code) = 0.88858, Training (X) = 0.88723, Validation (X) = 0.88333, Training (Z) = 0.88403, Validation (Z) = 0.88849
Epoch 150: Loss = 0.20616, Training (Code) = 0.89229, Validation (Code) = 0.8905, Training (X) = 0.88489, Validation (X) = 0.88808, Training (Z) = 0.88802, Validation (Z) = 0.89089
Epoch 151: Loss = 0.20606, Training (Code) = 0.89087, Validation (Code) = 0.88833, Training (X) = 0.88682, Validation (X) = 0.8894, Training (Z) = 0.88703, Validation (Z) = 0.88405
Epoch 152: Loss = 0.20595, Training (Code) = 0.8914, Validation (Code) = 0.88967, Training (X) = 0.88639, Validation (X) = 0.88544, Training (Z) = 0.88658, Validation (Z) = 0.88741
Epoch 153: Loss = 0.20585, Training (Code) = 0.89217, Validation (Code) = 0.89017, Training (X) = 0.88761, Validation (X) = 0.8857, Training (Z) = 0.88679, Validation (Z) = 0.88813
Epoch 154: Loss = 0.20575, Training (Code) = 0.89363, Validation (Code) = 0.88625, Training (X) = 0.88679, Validation (X) = 0.88472, Training (Z) = 0.88838, Validation (Z) = 0.88782
Epoch 155: Loss = 0.20565, Training (Code) = 0.8906, Validation (Code) = 0.88725, Training (X) = 0.88814, Validation (X) = 0.88757, Training (Z) = 0.88823, Validation (Z) = 0.88617
Epoch 156: Loss = 0.20554, Training (Code) = 0.89208, Validation (Code) = 0.8915, Training (X) = 0.88477, Validation (X) = 0.88661, Training (Z) = 0.88807, Validation (Z) = 0.88503
Epoch 157: Loss = 0.20544, Training (Code) = 0.89062, Validation (Code) = 0.89317, Training (X) = 0.88641, Validation (X) = 0.8858, Training (Z) = 0.88676, Validation (Z) = 0.88524
Epoch 158: Loss = 0.20534, Training (Code) = 0.89181, Validation (Code) = 0.89117, Training (X) = 0.88733, Validation (X) = 0.8876, Training (Z) = 0.88742, Validation (Z) = 0.88685
Epoch 159: Loss = 0.20524, Training (Code) = 0.89352, Validation (Code) = 0.89475, Training (X) = 0.88538, Validation (X) = 0.88712, Training (Z) = 0.88631, Validation (Z) = 0.88423
Epoch 160: Loss = 0.20514, Training (Code) = 0.89096, Validation (Code) = 0.88975, Training (X) = 0.88535, Validation (X) = 0.88714, Training (Z) = 0.88701, Validation (Z) = 0.88752
Epoch 161: Loss = 0.20504, Training (Code) = 0.89387, Validation (Code) = 0.88842, Training (X) = 0.88568, Validation (X) = 0.88735, Training (Z) = 0.88608, Validation (Z) = 0.89007
Epoch 162: Loss = 0.20494, Training (Code) = 0.89152, Validation (Code) = 0.89333, Training (X) = 0.88758, Validation (X) = 0.8834, Training (Z) = 0.88807, Validation (Z) = 0.88694
Epoch 163: Loss = 0.20485, Training (Code) = 0.89225, Validation (Code) = 0.89225, Training (X) = 0.8862, Validation (X) = 0.88895, Training (Z) = 0.88669, Validation (Z) = 0.88176
Epoch 164: Loss = 0.20475, Training (Code) = 0.89181, Validation (Code) = 0.893, Training (X) = 0.88878, Validation (X) = 0.8855, Training (Z) = 0.8881, Validation (Z) = 0.8855
Epoch 165: Loss = 0.20465, Training (Code) = 0.89292, Validation (Code) = 0.89025, Training (X) = 0.88546, Validation (X) = 0.88458, Training (Z) = 0.88539, Validation (Z) = 0.8858
Epoch 166: Loss = 0.20455, Training (Code) = 0.89092, Validation (Code) = 0.88783, Training (X) = 0.88682, Validation (X) = 0.88389, Training (Z) = 0.88773, Validation (Z) = 0.88699
Epoch 167: Loss = 0.20445, Training (Code) = 0.89106, Validation (Code) = 0.89192, Training (X) = 0.88724, Validation (X) = 0.88835, Training (Z) = 0.88682, Validation (Z) = 0.88386
Epoch 168: Loss = 0.20435, Training (Code) = 0.89244, Validation (Code) = 0.89083, Training (X) = 0.88554, Validation (X) = 0.88438, Training (Z) = 0.88547, Validation (Z) = 0.88494
Epoch 169: Loss = 0.20426, Training (Code) = 0.89185, Validation (Code) = 0.89858, Training (X) = 0.88551, Validation (X) = 0.88528, Training (Z) = 0.88699, Validation (Z) = 0.88269
Epoch 170: Loss = 0.20416, Training (Code) = 0.89115, Validation (Code) = 0.89025, Training (X) = 0.8865, Validation (X) = 0.88692, Training (Z) = 0.88727, Validation (Z) = 0.8872
Epoch 171: Loss = 0.20406, Training (Code) = 0.89196, Validation (Code) = 0.89225, Training (X) = 0.88569, Validation (X) = 0.88522, Training (Z) = 0.88758, Validation (Z) = 0.88764
Epoch 172: Loss = 0.20396, Training (Code) = 0.89325, Validation (Code) = 0.89192, Training (X) = 0.88831, Validation (X) = 0.88639, Training (Z) = 0.88551, Validation (Z) = 0.88629
Epoch 173: Loss = 0.20386, Training (Code) = 0.89127, Validation (Code) = 0.894, Training (X) = 0.88817, Validation (X) = 0.88553, Training (Z) = 0.8878, Validation (Z) = 0.88553
Epoch 174: Loss = 0.20376, Training (Code) = 0.89363, Validation (Code) = 0.89217, Training (X) = 0.88569, Validation (X) = 0.88707, Training (Z) = 0.88583, Validation (Z) = 0.88707
Epoch 175: Loss = 0.20366, Training (Code) = 0.89198, Validation (Code) = 0.89025, Training (X) = 0.8878, Validation (X) = 0.88514, Training (Z) = 0.88782, Validation (Z) = 0.88945
Epoch 176: Loss = 0.20356, Training (Code) = 0.89383, Validation (Code) = 0.89192, Training (X) = 0.88882, Validation (X) = 0.88405, Training (Z) = 0.8857, Validation (Z) = 0.88508
Epoch 177: Loss = 0.20346, Training (Code) = 0.8924, Validation (Code) = 0.89692, Training (X) = 0.88748, Validation (X) = 0.88061, Training (Z) = 0.88778, Validation (Z) = 0.8847
Epoch 178: Loss = 0.20335, Training (Code) = 0.89379, Validation (Code) = 0.89308, Training (X) = 0.88469, Validation (X) = 0.88299, Training (Z) = 0.88793, Validation (Z) = 0.89017
Epoch 179: Loss = 0.20325, Training (Code) = 0.89221, Validation (Code) = 0.8905, Training (X) = 0.88703, Validation (X) = 0.88724, Training (Z) = 0.88843, Validation (Z) = 0.89004
Epoch 180: Loss = 0.20315, Training (Code) = 0.8924, Validation (Code) = 0.89625, Training (X) = 0.88682, Validation (X) = 0.8874, Training (Z) = 0.88715, Validation (Z) = 0.89075
Epoch 181: Loss = 0.20304, Training (Code) = 0.89267, Validation (Code) = 0.88883, Training (X) = 0.8869, Validation (X) = 0.88496, Training (Z) = 0.88737, Validation (Z) = 0.88937
Epoch 182: Loss = 0.20293, Training (Code) = 0.89231, Validation (Code) = 0.89692, Training (X) = 0.88574, Validation (X) = 0.8846, Training (Z) = 0.88676, Validation (Z) = 0.88572
Epoch 183: Loss = 0.20283, Training (Code) = 0.89296, Validation (Code) = 0.88975, Training (X) = 0.88636, Validation (X) = 0.8862, Training (Z) = 0.88738, Validation (Z) = 0.89117
Epoch 184: Loss = 0.20272, Training (Code) = 0.8951, Validation (Code) = 0.89475, Training (X) = 0.88491, Validation (X) = 0.88609, Training (Z) = 0.88784, Validation (Z) = 0.88479
Epoch 185: Loss = 0.20261, Training (Code) = 0.89456, Validation (Code) = 0.89133, Training (X) = 0.88633, Validation (X) = 0.89127, Training (Z) = 0.88751, Validation (Z) = 0.88435
Epoch 186: Loss = 0.2025, Training (Code) = 0.89296, Validation (Code) = 0.89017, Training (X) = 0.885, Validation (X) = 0.88541, Training (Z) = 0.88755, Validation (Z) = 0.88541
Epoch 187: Loss = 0.20239, Training (Code) = 0.89523, Validation (Code) = 0.89475, Training (X) = 0.88611, Validation (X) = 0.88675, Training (Z) = 0.88585, Validation (Z) = 0.88628
Epoch 188: Loss = 0.20227, Training (Code) = 0.89283, Validation (Code) = 0.89183, Training (X) = 0.88671, Validation (X) = 0.88507, Training (Z) = 0.88597, Validation (Z) = 0.88853
Epoch 189: Loss = 0.20216, Training (Code) = 0.89287, Validation (Code) = 0.89308, Training (X) = 0.88777, Validation (X) = 0.88532, Training (Z) = 0.88684, Validation (Z) = 0.88374
Epoch 190: Loss = 0.20204, Training (Code) = 0.89417, Validation (Code) = 0.8925, Training (X) = 0.88649, Validation (X) = 0.88768, Training (Z) = 0.88677, Validation (Z) = 0.88525
Epoch 191: Loss = 0.20192, Training (Code) = 0.89302, Validation (Code) = 0.8885, Training (X) = 0.88727, Validation (X) = 0.8867, Training (Z) = 0.88709, Validation (Z) = 0.88745
Epoch 192: Loss = 0.2018, Training (Code) = 0.89335, Validation (Code) = 0.89408, Training (X) = 0.88783, Validation (X) = 0.88815, Training (Z) = 0.88701, Validation (Z) = 0.88778
Epoch 193: Loss = 0.20168, Training (Code) = 0.89379, Validation (Code) = 0.89058, Training (X) = 0.88721, Validation (X) = 0.88378, Training (Z) = 0.88639, Validation (Z) = 0.88603
Epoch 194: Loss = 0.20155, Training (Code) = 0.89575, Validation (Code) = 0.89642, Training (X) = 0.88652, Validation (X) = 0.88779, Training (Z) = 0.88548, Validation (Z) = 0.88696
Epoch 195: Loss = 0.20143, Training (Code) = 0.89575, Validation (Code) = 0.88767, Training (X) = 0.88732, Validation (X) = 0.88763, Training (Z) = 0.88813, Validation (Z) = 0.88997
Epoch 196: Loss = 0.2013, Training (Code) = 0.8951, Validation (Code) = 0.8895, Training (X) = 0.88567, Validation (X) = 0.88514, Training (Z) = 0.88754, Validation (Z) = 0.89114
Epoch 197: Loss = 0.20117, Training (Code) = 0.89404, Validation (Code) = 0.89175, Training (X) = 0.88682, Validation (X) = 0.88496, Training (Z) = 0.88631, Validation (Z) = 0.88524
Epoch 198: Loss = 0.20104, Training (Code) = 0.89531, Validation (Code) = 0.89542, Training (X) = 0.88586, Validation (X) = 0.88311, Training (Z) = 0.88833, Validation (Z) = 0.88758
Epoch 199: Loss = 0.20091, Training (Code) = 0.89421, Validation (Code) = 0.89342, Training (X) = 0.88635, Validation (X) = 0.88583, Training (Z) = 0.88745, Validation (Z) = 0.88751
Epoch 200: Loss = 0.20077, Training (Code) = 0.8939, Validation (Code) = 0.89125, Training (X) = 0.88715, Validation (X) = 0.88845, Training (Z) = 0.88762, Validation (Z) = 0.8864
