==========================================
SLURM_JOB_ID = 6156342
SLURM_JOB_NODELIST = e15-05
TMPDIR = /tmp/SLURM_6156342
==========================================
10_10_15_16_24_699 [6, 20, 20, 20, 20, 20, 20, 20, 20, 14] [Tanh(), Tanh(), Tanh(), Tanh(), Tanh(), Tanh(), Tanh(), Tanh(), Tanh(), Sigmoid()] 200 0.0003 5
Epoch 1: Loss = 0.39573, Training (Code) = 0.3735, Validation (Code) = 0.36958, Training (X) = 0.9585, Validation (X) = 0.95874, Training (Z) = 0.96107, Validation (Z) = 0.95829
Epoch 2: Loss = 0.39517, Training (Code) = 0.38077, Validation (Code) = 0.37283, Training (X) = 0.95842, Validation (X) = 0.95843, Training (Z) = 0.95727, Validation (Z) = 0.96245
Epoch 3: Loss = 0.39506, Training (Code) = 0.38262, Validation (Code) = 0.3725, Training (X) = 0.95758, Validation (X) = 0.96018, Training (Z) = 0.95911, Validation (Z) = 0.96174
Epoch 4: Loss = 0.39474, Training (Code) = 0.38598, Validation (Code) = 0.37425, Training (X) = 0.9579, Validation (X) = 0.96059, Training (Z) = 0.95855, Validation (Z) = 0.96014
Epoch 5: Loss = 0.39419, Training (Code) = 0.38498, Validation (Code) = 0.37958, Training (X) = 0.96234, Validation (X) = 0.95763, Training (Z) = 0.95931, Validation (Z) = 0.95873
Epoch 6: Loss = 0.39358, Training (Code) = 0.38529, Validation (Code) = 0.37758, Training (X) = 0.9608, Validation (X) = 0.95961, Training (Z) = 0.95912, Validation (Z) = 0.96116
Epoch 7: Loss = 0.39303, Training (Code) = 0.38519, Validation (Code) = 0.37633, Training (X) = 0.96063, Validation (X) = 0.95682, Training (Z) = 0.95949, Validation (Z) = 0.95682
Epoch 8: Loss = 0.3926, Training (Code) = 0.38517, Validation (Code) = 0.37983, Training (X) = 0.96079, Validation (X) = 0.95853, Training (Z) = 0.96024, Validation (Z) = 0.96161
Epoch 9: Loss = 0.39229, Training (Code) = 0.38642, Validation (Code) = 0.38142, Training (X) = 0.95913, Validation (X) = 0.9574, Training (Z) = 0.95865, Validation (Z) = 0.95412
Epoch 10: Loss = 0.39207, Training (Code) = 0.38552, Validation (Code) = 0.38033, Training (X) = 0.96223, Validation (X) = 0.95771, Training (Z) = 0.9585, Validation (Z) = 0.95596
Epoch 11: Loss = 0.39191, Training (Code) = 0.38669, Validation (Code) = 0.379, Training (X) = 0.95868, Validation (X) = 0.95427, Training (Z) = 0.9597, Validation (Z) = 0.95668
Epoch 12: Loss = 0.39181, Training (Code) = 0.38488, Validation (Code) = 0.37783, Training (X) = 0.96049, Validation (X) = 0.95699, Training (Z) = 0.9561, Validation (Z) = 0.9592
Epoch 13: Loss = 0.39173, Training (Code) = 0.38725, Validation (Code) = 0.37992, Training (X) = 0.9611, Validation (X) = 0.9581, Training (Z) = 0.95954, Validation (Z) = 0.95964
Epoch 14: Loss = 0.39168, Training (Code) = 0.38621, Validation (Code) = 0.37283, Training (X) = 0.9597, Validation (X) = 0.95552, Training (Z) = 0.95943, Validation (Z) = 0.962
Epoch 15: Loss = 0.39164, Training (Code) = 0.39113, Validation (Code) = 0.38, Training (X) = 0.95707, Validation (X) = 0.96162, Training (Z) = 0.95563, Validation (Z) = 0.95395
Epoch 16: Loss = 0.39162, Training (Code) = 0.38777, Validation (Code) = 0.38192, Training (X) = 0.9582, Validation (X) = 0.95811, Training (Z) = 0.95686, Validation (Z) = 0.95745
Epoch 17: Loss = 0.3916, Training (Code) = 0.38604, Validation (Code) = 0.37675, Training (X) = 0.96104, Validation (X) = 0.95554, Training (Z) = 0.95953, Validation (Z) = 0.96638
Epoch 18: Loss = 0.39158, Training (Code) = 0.38942, Validation (Code) = 0.37825, Training (X) = 0.9595, Validation (X) = 0.95726, Training (Z) = 0.9572, Validation (Z) = 0.95836
Epoch 19: Loss = 0.39157, Training (Code) = 0.38671, Validation (Code) = 0.38083, Training (X) = 0.95976, Validation (X) = 0.95514, Training (Z) = 0.95889, Validation (Z) = 0.95208
Epoch 20: Loss = 0.39156, Training (Code) = 0.38802, Validation (Code) = 0.3775, Training (X) = 0.95651, Validation (X) = 0.95806, Training (Z) = 0.96, Validation (Z) = 0.96004
Epoch 21: Loss = 0.39155, Training (Code) = 0.38633, Validation (Code) = 0.37883, Training (X) = 0.95778, Validation (X) = 0.95667, Training (Z) = 0.96268, Validation (Z) = 0.95315
Epoch 22: Loss = 0.39155, Training (Code) = 0.38831, Validation (Code) = 0.38025, Training (X) = 0.96094, Validation (X) = 0.95398, Training (Z) = 0.95745, Validation (Z) = 0.95705
Epoch 23: Loss = 0.39154, Training (Code) = 0.38704, Validation (Code) = 0.3805, Training (X) = 0.95882, Validation (X) = 0.95861, Training (Z) = 0.95839, Validation (Z) = 0.95948
Epoch 24: Loss = 0.39154, Training (Code) = 0.38815, Validation (Code) = 0.37842, Training (X) = 0.96135, Validation (X) = 0.95948, Training (Z) = 0.9598, Validation (Z) = 0.9575
Epoch 25: Loss = 0.39153, Training (Code) = 0.38938, Validation (Code) = 0.3825, Training (X) = 0.95976, Validation (X) = 0.95643, Training (Z) = 0.95827, Validation (Z) = 0.95817
Epoch 26: Loss = 0.39153, Training (Code) = 0.39015, Validation (Code) = 0.37708, Training (X) = 0.95867, Validation (X) = 0.9589, Training (Z) = 0.95878, Validation (Z) = 0.9558
Epoch 27: Loss = 0.39152, Training (Code) = 0.38844, Validation (Code) = 0.378, Training (X) = 0.96101, Validation (X) = 0.9601, Training (Z) = 0.95795, Validation (Z) = 0.95194
Epoch 28: Loss = 0.39152, Training (Code) = 0.38921, Validation (Code) = 0.37958, Training (X) = 0.95991, Validation (X) = 0.95609, Training (Z) = 0.956, Validation (Z) = 0.95741
Epoch 29: Loss = 0.39151, Training (Code) = 0.38917, Validation (Code) = 0.37758, Training (X) = 0.95808, Validation (X) = 0.95299, Training (Z) = 0.95712, Validation (Z) = 0.95696
Epoch 30: Loss = 0.39151, Training (Code) = 0.38744, Validation (Code) = 0.37408, Training (X) = 0.95946, Validation (X) = 0.96347, Training (Z) = 0.95601, Validation (Z) = 0.95968
Epoch 31: Loss = 0.3915, Training (Code) = 0.387, Validation (Code) = 0.38442, Training (X) = 0.95871, Validation (X) = 0.95469, Training (Z) = 0.95882, Validation (Z) = 0.95448
Epoch 32: Loss = 0.39149, Training (Code) = 0.38769, Validation (Code) = 0.3835, Training (X) = 0.95782, Validation (X) = 0.95437, Training (Z) = 0.95889, Validation (Z) = 0.95806
Epoch 33: Loss = 0.39149, Training (Code) = 0.38596, Validation (Code) = 0.38117, Training (X) = 0.95871, Validation (X) = 0.9578, Training (Z) = 0.96076, Validation (Z) = 0.95409
Epoch 34: Loss = 0.39148, Training (Code) = 0.38779, Validation (Code) = 0.38117, Training (X) = 0.96035, Validation (X) = 0.95934, Training (Z) = 0.95869, Validation (Z) = 0.9589
Epoch 35: Loss = 0.39147, Training (Code) = 0.38562, Validation (Code) = 0.37933, Training (X) = 0.96386, Validation (X) = 0.9576, Training (Z) = 0.95867, Validation (Z) = 0.95848
Epoch 36: Loss = 0.39147, Training (Code) = 0.38815, Validation (Code) = 0.37742, Training (X) = 0.95862, Validation (X) = 0.95164, Training (Z) = 0.95534, Validation (Z) = 0.96158
Epoch 37: Loss = 0.39146, Training (Code) = 0.38635, Validation (Code) = 0.38083, Training (X) = 0.96074, Validation (X) = 0.95689, Training (Z) = 0.95821, Validation (Z) = 0.95733
Epoch 38: Loss = 0.39145, Training (Code) = 0.38665, Validation (Code) = 0.37675, Training (X) = 0.95943, Validation (X) = 0.95731, Training (Z) = 0.95781, Validation (Z) = 0.95421
Epoch 39: Loss = 0.39144, Training (Code) = 0.3854, Validation (Code) = 0.38225, Training (X) = 0.96178, Validation (X) = 0.95771, Training (Z) = 0.95675, Validation (Z) = 0.95487
Epoch 40: Loss = 0.39142, Training (Code) = 0.38742, Validation (Code) = 0.38317, Training (X) = 0.96123, Validation (X) = 0.95846, Training (Z) = 0.95972, Validation (Z) = 0.95585
Epoch 41: Loss = 0.39141, Training (Code) = 0.38454, Validation (Code) = 0.38017, Training (X) = 0.96023, Validation (X) = 0.95769, Training (Z) = 0.95948, Validation (Z) = 0.9555
Epoch 42: Loss = 0.3914, Training (Code) = 0.38777, Validation (Code) = 0.38067, Training (X) = 0.95938, Validation (X) = 0.95578, Training (Z) = 0.95643, Validation (Z) = 0.95797
Epoch 43: Loss = 0.39138, Training (Code) = 0.38944, Validation (Code) = 0.38175, Training (X) = 0.95999, Validation (X) = 0.96136, Training (Z) = 0.95811, Validation (Z) = 0.95438
Epoch 44: Loss = 0.39137, Training (Code) = 0.38771, Validation (Code) = 0.37975, Training (X) = 0.9569, Validation (X) = 0.95633, Training (Z) = 0.95739, Validation (Z) = 0.95414
Epoch 45: Loss = 0.39135, Training (Code) = 0.3879, Validation (Code) = 0.38283, Training (X) = 0.96171, Validation (X) = 0.95625, Training (Z) = 0.9595, Validation (Z) = 0.95559
Epoch 46: Loss = 0.39133, Training (Code) = 0.388, Validation (Code) = 0.37742, Training (X) = 0.95941, Validation (X) = 0.95407, Training (Z) = 0.95715, Validation (Z) = 0.95761
Epoch 47: Loss = 0.3913, Training (Code) = 0.38833, Validation (Code) = 0.3815, Training (X) = 0.95917, Validation (X) = 0.95369, Training (Z) = 0.95762, Validation (Z) = 0.96374
Epoch 48: Loss = 0.39128, Training (Code) = 0.3884, Validation (Code) = 0.38267, Training (X) = 0.95805, Validation (X) = 0.95841, Training (Z) = 0.95897, Validation (Z) = 0.95623
Epoch 49: Loss = 0.39125, Training (Code) = 0.38612, Validation (Code) = 0.37975, Training (X) = 0.95991, Validation (X) = 0.9605, Training (Z) = 0.95937, Validation (Z) = 0.96357
Epoch 50: Loss = 0.39122, Training (Code) = 0.3865, Validation (Code) = 0.38183, Training (X) = 0.96221, Validation (X) = 0.9546, Training (Z) = 0.96022, Validation (Z) = 0.96028
Epoch 51: Loss = 0.39119, Training (Code) = 0.38621, Validation (Code) = 0.38208, Training (X) = 0.95954, Validation (X) = 0.96205, Training (Z) = 0.9596, Validation (Z) = 0.95943
Epoch 52: Loss = 0.39115, Training (Code) = 0.38781, Validation (Code) = 0.38067, Training (X) = 0.95917, Validation (X) = 0.96038, Training (Z) = 0.95831, Validation (Z) = 0.95665
Epoch 53: Loss = 0.39111, Training (Code) = 0.38892, Validation (Code) = 0.38183, Training (X) = 0.958, Validation (X) = 0.95853, Training (Z) = 0.95779, Validation (Z) = 0.95679
Epoch 54: Loss = 0.39107, Training (Code) = 0.38921, Validation (Code) = 0.37983, Training (X) = 0.95857, Validation (X) = 0.95437, Training (Z) = 0.96012, Validation (Z) = 0.95437
Epoch 55: Loss = 0.39102, Training (Code) = 0.38808, Validation (Code) = 0.37958, Training (X) = 0.95936, Validation (X) = 0.95829, Training (Z) = 0.95711, Validation (Z) = 0.96004
Epoch 56: Loss = 0.39096, Training (Code) = 0.38829, Validation (Code) = 0.38025, Training (X) = 0.95928, Validation (X) = 0.95442, Training (Z) = 0.95836, Validation (Z) = 0.95595
Epoch 57: Loss = 0.3909, Training (Code) = 0.38904, Validation (Code) = 0.37892, Training (X) = 0.95823, Validation (X) = 0.95733, Training (Z) = 0.95866, Validation (Z) = 0.95711
Epoch 58: Loss = 0.39083, Training (Code) = 0.38581, Validation (Code) = 0.38083, Training (X) = 0.96263, Validation (X) = 0.95142, Training (Z) = 0.95999, Validation (Z) = 0.95908
Epoch 59: Loss = 0.39075, Training (Code) = 0.3875, Validation (Code) = 0.38233, Training (X) = 0.95957, Validation (X) = 0.95684, Training (Z) = 0.95909, Validation (Z) = 0.95837
Epoch 60: Loss = 0.39066, Training (Code) = 0.38852, Validation (Code) = 0.38042, Training (X) = 0.96043, Validation (X) = 0.95904, Training (Z) = 0.95973, Validation (Z) = 0.95487
Epoch 61: Loss = 0.39055, Training (Code) = 0.38752, Validation (Code) = 0.37892, Training (X) = 0.95957, Validation (X) = 0.95799, Training (Z) = 0.95936, Validation (Z) = 0.95821
Epoch 62: Loss = 0.39044, Training (Code) = 0.38683, Validation (Code) = 0.38308, Training (X) = 0.96079, Validation (X) = 0.95976, Training (Z) = 0.95977, Validation (Z) = 0.95758
Epoch 63: Loss = 0.3903, Training (Code) = 0.38577, Validation (Code) = 0.38425, Training (X) = 0.96052, Validation (X) = 0.9512, Training (Z) = 0.9595, Validation (Z) = 0.95771
Epoch 64: Loss = 0.39016, Training (Code) = 0.38744, Validation (Code) = 0.3815, Training (X) = 0.9587, Validation (X) = 0.9574, Training (Z) = 0.95671, Validation (Z) = 0.95719
Epoch 65: Loss = 0.38999, Training (Code) = 0.39067, Validation (Code) = 0.37625, Training (X) = 0.9552, Validation (X) = 0.96146, Training (Z) = 0.95648, Validation (Z) = 0.95282
Epoch 66: Loss = 0.38981, Training (Code) = 0.387, Validation (Code) = 0.38183, Training (X) = 0.95602, Validation (X) = 0.95308, Training (Z) = 0.95898, Validation (Z) = 0.95373
Epoch 67: Loss = 0.3896, Training (Code) = 0.38806, Validation (Code) = 0.38167, Training (X) = 0.95775, Validation (X) = 0.95371, Training (Z) = 0.95727, Validation (Z) = 0.95633
Epoch 68: Loss = 0.38938, Training (Code) = 0.3881, Validation (Code) = 0.38225, Training (X) = 0.95786, Validation (X) = 0.95596, Training (Z) = 0.95867, Validation (Z) = 0.95771
Epoch 69: Loss = 0.38915, Training (Code) = 0.38756, Validation (Code) = 0.37642, Training (X) = 0.95732, Validation (X) = 0.95284, Training (Z) = 0.95657, Validation (Z) = 0.95926
Epoch 70: Loss = 0.38891, Training (Code) = 0.38731, Validation (Code) = 0.37992, Training (X) = 0.95826, Validation (X) = 0.95789, Training (Z) = 0.95681, Validation (Z) = 0.96074
Epoch 71: Loss = 0.38865, Training (Code) = 0.38323, Validation (Code) = 0.38117, Training (X) = 0.9601, Validation (X) = 0.96218, Training (Z) = 0.95912, Validation (Z) = 0.95715
Epoch 72: Loss = 0.38839, Training (Code) = 0.38731, Validation (Code) = 0.38225, Training (X) = 0.9595, Validation (X) = 0.95749, Training (Z) = 0.95837, Validation (Z) = 0.95618
Epoch 73: Loss = 0.38812, Training (Code) = 0.38796, Validation (Code) = 0.376, Training (X) = 0.96015, Validation (X) = 0.9641, Training (Z) = 0.95811, Validation (Z) = 0.96099
Epoch 74: Loss = 0.38786, Training (Code) = 0.38675, Validation (Code) = 0.37592, Training (X) = 0.95906, Validation (X) = 0.96342, Training (Z) = 0.95874, Validation (Z) = 0.95744
Epoch 75: Loss = 0.38759, Training (Code) = 0.38625, Validation (Code) = 0.38125, Training (X) = 0.95771, Validation (X) = 0.95475, Training (Z) = 0.96079, Validation (Z) = 0.95519
Epoch 76: Loss = 0.38733, Training (Code) = 0.38938, Validation (Code) = 0.37642, Training (X) = 0.95853, Validation (X) = 0.96192, Training (Z) = 0.9595, Validation (Z) = 0.96569
Epoch 77: Loss = 0.38708, Training (Code) = 0.38717, Validation (Code) = 0.38125, Training (X) = 0.95948, Validation (X) = 0.95607, Training (Z) = 0.95641, Validation (Z) = 0.95497
Epoch 78: Loss = 0.38683, Training (Code) = 0.38825, Validation (Code) = 0.37558, Training (X) = 0.95992, Validation (X) = 0.96139, Training (Z) = 0.95798, Validation (Z) = 0.96117
Epoch 79: Loss = 0.38659, Training (Code) = 0.38904, Validation (Code) = 0.37842, Training (X) = 0.95957, Validation (X) = 0.95816, Training (Z) = 0.95732, Validation (Z) = 0.9542
Epoch 80: Loss = 0.38636, Training (Code) = 0.39004, Validation (Code) = 0.38033, Training (X) = 0.96256, Validation (X) = 0.9599, Training (Z) = 0.95973, Validation (Z) = 0.96144
Epoch 81: Loss = 0.38613, Training (Code) = 0.3879, Validation (Code) = 0.37875, Training (X) = 0.95934, Validation (X) = 0.95556, Training (Z) = 0.95821, Validation (Z) = 0.95864
Epoch 82: Loss = 0.38592, Training (Code) = 0.38692, Validation (Code) = 0.37783, Training (X) = 0.95919, Validation (X) = 0.95699, Training (Z) = 0.95935, Validation (Z) = 0.95765
Epoch 83: Loss = 0.38571, Training (Code) = 0.38808, Validation (Code) = 0.38267, Training (X) = 0.95899, Validation (X) = 0.95753, Training (Z) = 0.95845, Validation (Z) = 0.95819
Epoch 84: Loss = 0.38551, Training (Code) = 0.3865, Validation (Code) = 0.37675, Training (X) = 0.95887, Validation (X) = 0.95643, Training (Z) = 0.95758, Validation (Z) = 0.95775
Epoch 85: Loss = 0.38531, Training (Code) = 0.38798, Validation (Code) = 0.37992, Training (X) = 0.95801, Validation (X) = 0.96096, Training (Z) = 0.95876, Validation (Z) = 0.95876
Epoch 86: Loss = 0.38513, Training (Code) = 0.38823, Validation (Code) = 0.37725, Training (X) = 0.95857, Validation (X) = 0.96112, Training (Z) = 0.95755, Validation (Z) = 0.96311
Epoch 87: Loss = 0.38495, Training (Code) = 0.38802, Validation (Code) = 0.37933, Training (X) = 0.96156, Validation (X) = 0.95431, Training (Z) = 0.95946, Validation (Z) = 0.95606
Epoch 88: Loss = 0.38478, Training (Code) = 0.38575, Validation (Code) = 0.3805, Training (X) = 0.95836, Validation (X) = 0.95839, Training (Z) = 0.95933, Validation (Z) = 0.95576
Epoch 89: Loss = 0.38461, Training (Code) = 0.38619, Validation (Code) = 0.38192, Training (X) = 0.95959, Validation (X) = 0.95505, Training (Z) = 0.96137, Validation (Z) = 0.96007
Epoch 90: Loss = 0.38446, Training (Code) = 0.38446, Validation (Code) = 0.375, Training (X) = 0.96017, Validation (X) = 0.95511, Training (Z) = 0.96185, Validation (Z) = 0.96156
Epoch 91: Loss = 0.3843, Training (Code) = 0.38723, Validation (Code) = 0.37625, Training (X) = 0.95911, Validation (X) = 0.95925, Training (Z) = 0.95798, Validation (Z) = 0.96146
Epoch 92: Loss = 0.38416, Training (Code) = 0.38638, Validation (Code) = 0.37642, Training (X) = 0.96166, Validation (X) = 0.95904, Training (Z) = 0.95794, Validation (Z) = 0.96059
Epoch 93: Loss = 0.38402, Training (Code) = 0.38712, Validation (Code) = 0.37692, Training (X) = 0.95937, Validation (X) = 0.96374, Training (Z) = 0.95797, Validation (Z) = 0.95843
Epoch 94: Loss = 0.38389, Training (Code) = 0.38617, Validation (Code) = 0.37858, Training (X) = 0.95808, Validation (X) = 0.9584, Training (Z) = 0.96099, Validation (Z) = 0.95201
Epoch 95: Loss = 0.38377, Training (Code) = 0.38725, Validation (Code) = 0.38133, Training (X) = 0.95954, Validation (X) = 0.95542, Training (Z) = 0.95922, Validation (Z) = 0.95935
Epoch 96: Loss = 0.38365, Training (Code) = 0.38446, Validation (Code) = 0.38492, Training (X) = 0.96131, Validation (X) = 0.95648, Training (Z) = 0.95725, Validation (Z) = 0.95259
Epoch 97: Loss = 0.38354, Training (Code) = 0.38569, Validation (Code) = 0.38133, Training (X) = 0.96008, Validation (X) = 0.95586, Training (Z) = 0.95987, Validation (Z) = 0.95673
Epoch 98: Loss = 0.38343, Training (Code) = 0.38627, Validation (Code) = 0.38092, Training (X) = 0.95685, Validation (X) = 0.95778, Training (Z) = 0.95734, Validation (Z) = 0.9604
Epoch 99: Loss = 0.38333, Training (Code) = 0.38765, Validation (Code) = 0.37658, Training (X) = 0.96227, Validation (X) = 0.95641, Training (Z) = 0.95695, Validation (Z) = 0.9584
Epoch 100: Loss = 0.38323, Training (Code) = 0.3861, Validation (Code) = 0.37917, Training (X) = 0.95932, Validation (X) = 0.95363, Training (Z) = 0.95845, Validation (Z) = 0.96132
Epoch 101: Loss = 0.38314, Training (Code) = 0.38775, Validation (Code) = 0.379, Training (X) = 0.95847, Validation (X) = 0.95756, Training (Z) = 0.95729, Validation (Z) = 0.95624
Epoch 102: Loss = 0.38305, Training (Code) = 0.38775, Validation (Code) = 0.37992, Training (X) = 0.95836, Validation (X) = 0.95613, Training (Z) = 0.95863, Validation (Z) = 0.95131
Epoch 103: Loss = 0.38297, Training (Code) = 0.38627, Validation (Code) = 0.38258, Training (X) = 0.96063, Validation (X) = 0.95513, Training (Z) = 0.9602, Validation (Z) = 0.956
Epoch 104: Loss = 0.3829, Training (Code) = 0.38608, Validation (Code) = 0.37867, Training (X) = 0.95996, Validation (X) = 0.95819, Training (Z) = 0.95791, Validation (Z) = 0.95423
Epoch 105: Loss = 0.38283, Training (Code) = 0.38952, Validation (Code) = 0.375, Training (X) = 0.9586, Validation (X) = 0.95844, Training (Z) = 0.95887, Validation (Z) = 0.95644
Epoch 106: Loss = 0.38276, Training (Code) = 0.38458, Validation (Code) = 0.38175, Training (X) = 0.96105, Validation (X) = 0.957, Training (Z) = 0.95737, Validation (Z) = 0.95743
Epoch 107: Loss = 0.3827, Training (Code) = 0.38431, Validation (Code) = 0.3845, Training (X) = 0.96021, Validation (X) = 0.956, Training (Z) = 0.95842, Validation (Z) = 0.95795
Epoch 108: Loss = 0.38264, Training (Code) = 0.38398, Validation (Code) = 0.37658, Training (X) = 0.96012, Validation (X) = 0.95264, Training (Z) = 0.96159, Validation (Z) = 0.96061
Epoch 109: Loss = 0.38258, Training (Code) = 0.38706, Validation (Code) = 0.37933, Training (X) = 0.96243, Validation (X) = 0.95321, Training (Z) = 0.95646, Validation (Z) = 0.95628
Epoch 110: Loss = 0.38253, Training (Code) = 0.38742, Validation (Code) = 0.37808, Training (X) = 0.96058, Validation (X) = 0.95526, Training (Z) = 0.95908, Validation (Z) = 0.95658
Epoch 111: Loss = 0.38248, Training (Code) = 0.38665, Validation (Code) = 0.37792, Training (X) = 0.95894, Validation (X) = 0.96075, Training (Z) = 0.95846, Validation (Z) = 0.9581
Epoch 112: Loss = 0.38244, Training (Code) = 0.38581, Validation (Code) = 0.37817, Training (X) = 0.96118, Validation (X) = 0.96276, Training (Z) = 0.95821, Validation (Z) = 0.96056
Epoch 113: Loss = 0.3824, Training (Code) = 0.38542, Validation (Code) = 0.37675, Training (X) = 0.96227, Validation (X) = 0.95753, Training (Z) = 0.96184, Validation (Z) = 0.95753
Epoch 114: Loss = 0.38236, Training (Code) = 0.3864, Validation (Code) = 0.37817, Training (X) = 0.95875, Validation (X) = 0.96078, Training (Z) = 0.96042, Validation (Z) = 0.95549
Epoch 115: Loss = 0.38232, Training (Code) = 0.38771, Validation (Code) = 0.37917, Training (X) = 0.95766, Validation (X) = 0.9589, Training (Z) = 0.9568, Validation (Z) = 0.95538
Epoch 116: Loss = 0.38229, Training (Code) = 0.38402, Validation (Code) = 0.38, Training (X) = 0.95969, Validation (X) = 0.95855, Training (Z) = 0.95975, Validation (Z) = 0.95724
Epoch 117: Loss = 0.38226, Training (Code) = 0.38644, Validation (Code) = 0.38008, Training (X) = 0.95849, Validation (X) = 0.95133, Training (Z) = 0.95849, Validation (Z) = 0.95768
Epoch 118: Loss = 0.38223, Training (Code) = 0.38529, Validation (Code) = 0.37533, Training (X) = 0.96145, Validation (X) = 0.95959, Training (Z) = 0.95809, Validation (Z) = 0.95915
Epoch 119: Loss = 0.3822, Training (Code) = 0.3874, Validation (Code) = 0.38083, Training (X) = 0.95848, Validation (X) = 0.95624, Training (Z) = 0.95676, Validation (Z) = 0.95646
Epoch 120: Loss = 0.38218, Training (Code) = 0.38498, Validation (Code) = 0.3795, Training (X) = 0.96023, Validation (X) = 0.9596, Training (Z) = 0.95887, Validation (Z) = 0.95586
Epoch 121: Loss = 0.38216, Training (Code) = 0.38658, Validation (Code) = 0.38033, Training (X) = 0.96061, Validation (X) = 0.95377, Training (Z) = 0.95716, Validation (Z) = 0.96166
Epoch 122: Loss = 0.38214, Training (Code) = 0.38623, Validation (Code) = 0.37933, Training (X) = 0.96084, Validation (X) = 0.95694, Training (Z) = 0.95917, Validation (Z) = 0.95167
Epoch 123: Loss = 0.38212, Training (Code) = 0.38631, Validation (Code) = 0.37933, Training (X) = 0.96052, Validation (X) = 0.95606, Training (Z) = 0.95767, Validation (Z) = 0.96046
Epoch 124: Loss = 0.3821, Training (Code) = 0.38612, Validation (Code) = 0.37525, Training (X) = 0.95894, Validation (X) = 0.95758, Training (Z) = 0.9564, Validation (Z) = 0.96203
Epoch 125: Loss = 0.38208, Training (Code) = 0.38817, Validation (Code) = 0.38033, Training (X) = 0.95889, Validation (X) = 0.95662, Training (Z) = 0.95878, Validation (Z) = 0.95486
Epoch 126: Loss = 0.38206, Training (Code) = 0.38888, Validation (Code) = 0.37817, Training (X) = 0.95778, Validation (X) = 0.95659, Training (Z) = 0.95832, Validation (Z) = 0.96298
Epoch 127: Loss = 0.38205, Training (Code) = 0.38585, Validation (Code) = 0.37433, Training (X) = 0.95848, Validation (X) = 0.96037, Training (Z) = 0.95859, Validation (Z) = 0.95971
Epoch 128: Loss = 0.38204, Training (Code) = 0.38767, Validation (Code) = 0.37258, Training (X) = 0.96184, Validation (X) = 0.95929, Training (Z) = 0.96077, Validation (Z) = 0.95996
Epoch 129: Loss = 0.38202, Training (Code) = 0.38402, Validation (Code) = 0.37633, Training (X) = 0.96007, Validation (X) = 0.95903, Training (Z) = 0.95747, Validation (Z) = 0.95616
Epoch 130: Loss = 0.38201, Training (Code) = 0.3895, Validation (Code) = 0.379, Training (X) = 0.96181, Validation (X) = 0.95844, Training (Z) = 0.9586, Validation (Z) = 0.96262
Epoch 131: Loss = 0.382, Training (Code) = 0.38619, Validation (Code) = 0.3765, Training (X) = 0.95916, Validation (X) = 0.95573, Training (Z) = 0.96024, Validation (Z) = 0.96348
Epoch 132: Loss = 0.38199, Training (Code) = 0.38735, Validation (Code) = 0.381, Training (X) = 0.95864, Validation (X) = 0.95297, Training (Z) = 0.95837, Validation (Z) = 0.95801
Epoch 133: Loss = 0.38198, Training (Code) = 0.38575, Validation (Code) = 0.38067, Training (X) = 0.95901, Validation (X) = 0.95709, Training (Z) = 0.95685, Validation (Z) = 0.95556
Epoch 134: Loss = 0.38197, Training (Code) = 0.38519, Validation (Code) = 0.38208, Training (X) = 0.95884, Validation (X) = 0.95834, Training (Z) = 0.959, Validation (Z) = 0.95224
Epoch 135: Loss = 0.38196, Training (Code) = 0.38538, Validation (Code) = 0.37883, Training (X) = 0.96167, Validation (X) = 0.95821, Training (Z) = 0.95902, Validation (Z) = 0.95491
Epoch 136: Loss = 0.38196, Training (Code) = 0.3861, Validation (Code) = 0.37733, Training (X) = 0.96137, Validation (X) = 0.95451, Training (Z) = 0.9591, Validation (Z) = 0.95362
Epoch 137: Loss = 0.38195, Training (Code) = 0.38525, Validation (Code) = 0.37992, Training (X) = 0.96025, Validation (X) = 0.95218, Training (Z) = 0.96025, Validation (Z) = 0.95832
Epoch 138: Loss = 0.38194, Training (Code) = 0.38556, Validation (Code) = 0.38075, Training (X) = 0.96147, Validation (X) = 0.95776, Training (Z) = 0.96137, Validation (Z) = 0.95185
Epoch 139: Loss = 0.38194, Training (Code) = 0.38438, Validation (Code) = 0.37608, Training (X) = 0.96125, Validation (X) = 0.95746, Training (Z) = 0.95848, Validation (Z) = 0.95502
Epoch 140: Loss = 0.38193, Training (Code) = 0.38498, Validation (Code) = 0.38267, Training (X) = 0.96158, Validation (X) = 0.95427, Training (Z) = 0.95903, Validation (Z) = 0.95492
Epoch 141: Loss = 0.38193, Training (Code) = 0.38767, Validation (Code) = 0.375, Training (X) = 0.96012, Validation (X) = 0.95689, Training (Z) = 0.95749, Validation (Z) = 0.95467
Epoch 142: Loss = 0.38192, Training (Code) = 0.38579, Validation (Code) = 0.37683, Training (X) = 0.96047, Validation (X) = 0.95909, Training (Z) = 0.9616, Validation (Z) = 0.95843
Epoch 143: Loss = 0.38192, Training (Code) = 0.38638, Validation (Code) = 0.37875, Training (X) = 0.96048, Validation (X) = 0.96106, Training (Z) = 0.95859, Validation (Z) = 0.95798
Epoch 144: Loss = 0.38191, Training (Code) = 0.38712, Validation (Code) = 0.37575, Training (X) = 0.95921, Validation (X) = 0.96052, Training (Z) = 0.95566, Validation (Z) = 0.95609
Epoch 145: Loss = 0.38191, Training (Code) = 0.38488, Validation (Code) = 0.38108, Training (X) = 0.96205, Validation (X) = 0.95233, Training (Z) = 0.96016, Validation (Z) = 0.9532
Epoch 146: Loss = 0.38191, Training (Code) = 0.38617, Validation (Code) = 0.37675, Training (X) = 0.96105, Validation (X) = 0.95643, Training (Z) = 0.95954, Validation (Z) = 0.95797
Epoch 147: Loss = 0.3819, Training (Code) = 0.38577, Validation (Code) = 0.38083, Training (X) = 0.95982, Validation (X) = 0.95842, Training (Z) = 0.9589, Validation (Z) = 0.95514
Epoch 148: Loss = 0.3819, Training (Code) = 0.38444, Validation (Code) = 0.37875, Training (X) = 0.96245, Validation (X) = 0.95754, Training (Z) = 0.96033, Validation (Z) = 0.95468
Epoch 149: Loss = 0.3819, Training (Code) = 0.38721, Validation (Code) = 0.37542, Training (X) = 0.95943, Validation (X) = 0.9576, Training (Z) = 0.95836, Validation (Z) = 0.95361
Epoch 150: Loss = 0.38189, Training (Code) = 0.3856, Validation (Code) = 0.37525, Training (X) = 0.95948, Validation (X) = 0.95603, Training (Z) = 0.95975, Validation (Z) = 0.95869
Epoch 151: Loss = 0.38189, Training (Code) = 0.3851, Validation (Code) = 0.37683, Training (X) = 0.95807, Validation (X) = 0.9582, Training (Z) = 0.95959, Validation (Z) = 0.96395
Epoch 152: Loss = 0.38189, Training (Code) = 0.38633, Validation (Code) = 0.38217, Training (X) = 0.95864, Validation (X) = 0.9577, Training (Z) = 0.95826, Validation (Z) = 0.95552
Epoch 153: Loss = 0.38189, Training (Code) = 0.38723, Validation (Code) = 0.37742, Training (X) = 0.95836, Validation (X) = 0.95474, Training (Z) = 0.95922, Validation (Z) = 0.96026
Epoch 154: Loss = 0.38188, Training (Code) = 0.38608, Validation (Code) = 0.37725, Training (X) = 0.95931, Validation (X) = 0.95693, Training (Z) = 0.95748, Validation (Z) = 0.96134
Epoch 155: Loss = 0.38188, Training (Code) = 0.38871, Validation (Code) = 0.38342, Training (X) = 0.9605, Validation (X) = 0.95371, Training (Z) = 0.95777, Validation (Z) = 0.96175
Epoch 156: Loss = 0.38188, Training (Code) = 0.38542, Validation (Code) = 0.37725, Training (X) = 0.96114, Validation (X) = 0.96024, Training (Z) = 0.95746, Validation (Z) = 0.96333
Epoch 157: Loss = 0.38188, Training (Code) = 0.38748, Validation (Code) = 0.38317, Training (X) = 0.9607, Validation (X) = 0.9565, Training (Z) = 0.95785, Validation (Z) = 0.95868
Epoch 158: Loss = 0.38188, Training (Code) = 0.38544, Validation (Code) = 0.37967, Training (X) = 0.96033, Validation (X) = 0.95632, Training (Z) = 0.95989, Validation (Z) = 0.95917
Epoch 159: Loss = 0.38187, Training (Code) = 0.38679, Validation (Code) = 0.37808, Training (X) = 0.96068, Validation (X) = 0.95371, Training (Z) = 0.96127, Validation (Z) = 0.95371
Epoch 160: Loss = 0.38187, Training (Code) = 0.38617, Validation (Code) = 0.37733, Training (X) = 0.96019, Validation (X) = 0.95384, Training (Z) = 0.95911, Validation (Z) = 0.95649
Epoch 161: Loss = 0.38187, Training (Code) = 0.38592, Validation (Code) = 0.37925, Training (X) = 0.95886, Validation (X) = 0.96067, Training (Z) = 0.95757, Validation (Z) = 0.95979
Epoch 162: Loss = 0.38187, Training (Code) = 0.38754, Validation (Code) = 0.3795, Training (X) = 0.96129, Validation (X) = 0.95564, Training (Z) = 0.95726, Validation (Z) = 0.95652
Epoch 163: Loss = 0.38187, Training (Code) = 0.38788, Validation (Code) = 0.37958, Training (X) = 0.95843, Validation (X) = 0.95873, Training (Z) = 0.95751, Validation (Z) = 0.95521
Epoch 164: Loss = 0.38187, Training (Code) = 0.38773, Validation (Code) = 0.38267, Training (X) = 0.96072, Validation (X) = 0.95775, Training (Z) = 0.95739, Validation (Z) = 0.96015
Epoch 165: Loss = 0.38187, Training (Code) = 0.38471, Validation (Code) = 0.3775, Training (X) = 0.96128, Validation (X) = 0.9574, Training (Z) = 0.96123, Validation (Z) = 0.96004
Epoch 166: Loss = 0.38187, Training (Code) = 0.38667, Validation (Code) = 0.37917, Training (X) = 0.96272, Validation (X) = 0.9567, Training (Z) = 0.96336, Validation (Z) = 0.95451
Epoch 167: Loss = 0.38186, Training (Code) = 0.38781, Validation (Code) = 0.37875, Training (X) = 0.95982, Validation (X) = 0.95974, Training (Z) = 0.95901, Validation (Z) = 0.95996
Epoch 168: Loss = 0.38186, Training (Code) = 0.38465, Validation (Code) = 0.37708, Training (X) = 0.95905, Validation (X) = 0.95757, Training (Z) = 0.95824, Validation (Z) = 0.95536
Epoch 169: Loss = 0.38186, Training (Code) = 0.38812, Validation (Code) = 0.37958, Training (X) = 0.96012, Validation (X) = 0.96378, Training (Z) = 0.9547, Validation (Z) = 0.95324
Epoch 170: Loss = 0.38186, Training (Code) = 0.38508, Validation (Code) = 0.37708, Training (X) = 0.96018, Validation (X) = 0.96243, Training (Z) = 0.95959, Validation (Z) = 0.95646
Epoch 171: Loss = 0.38186, Training (Code) = 0.38679, Validation (Code) = 0.37633, Training (X) = 0.96079, Validation (X) = 0.95682, Training (Z) = 0.95998, Validation (Z) = 0.96014
Epoch 172: Loss = 0.38186, Training (Code) = 0.38688, Validation (Code) = 0.37692, Training (X) = 0.96053, Validation (X) = 0.9591, Training (Z) = 0.95918, Validation (Z) = 0.9602
Epoch 173: Loss = 0.38186, Training (Code) = 0.38448, Validation (Code) = 0.379, Training (X) = 0.9592, Validation (X) = 0.95602, Training (Z) = 0.9599, Validation (Z) = 0.95602
Epoch 174: Loss = 0.38186, Training (Code) = 0.38758, Validation (Code) = 0.37875, Training (X) = 0.95985, Validation (X) = 0.96084, Training (Z) = 0.9606, Validation (Z) = 0.9604
Epoch 175: Loss = 0.38186, Training (Code) = 0.38379, Validation (Code) = 0.3755, Training (X) = 0.95712, Validation (X) = 0.96028, Training (Z) = 0.95891, Validation (Z) = 0.96227
Epoch 176: Loss = 0.38186, Training (Code) = 0.38654, Validation (Code) = 0.37717, Training (X) = 0.95936, Validation (X) = 0.95669, Training (Z) = 0.96022, Validation (Z) = 0.96111
Epoch 177: Loss = 0.38186, Training (Code) = 0.38635, Validation (Code) = 0.38158, Training (X) = 0.95999, Validation (X) = 0.95916, Training (Z) = 0.9567, Validation (Z) = 0.9537
Epoch 178: Loss = 0.38186, Training (Code) = 0.38612, Validation (Code) = 0.38325, Training (X) = 0.95738, Validation (X) = 0.95869, Training (Z) = 0.95894, Validation (Z) = 0.96021
Epoch 179: Loss = 0.38186, Training (Code) = 0.3869, Validation (Code) = 0.37825, Training (X) = 0.95983, Validation (X) = 0.961, Training (Z) = 0.95827, Validation (Z) = 0.95858
Epoch 180: Loss = 0.38186, Training (Code) = 0.38525, Validation (Code) = 0.37958, Training (X) = 0.9595, Validation (X) = 0.95873, Training (Z) = 0.95955, Validation (Z) = 0.95939
Epoch 181: Loss = 0.38186, Training (Code) = 0.38521, Validation (Code) = 0.3765, Training (X) = 0.96036, Validation (X) = 0.95374, Training (Z) = 0.95976, Validation (Z) = 0.96304
Epoch 182: Loss = 0.38186, Training (Code) = 0.38665, Validation (Code) = 0.37942, Training (X) = 0.96023, Validation (X) = 0.95739, Training (Z) = 0.9597, Validation (Z) = 0.95937
Epoch 183: Loss = 0.38186, Training (Code) = 0.38579, Validation (Code) = 0.37958, Training (X) = 0.96052, Validation (X) = 0.95763, Training (Z) = 0.9595, Validation (Z) = 0.95609
Epoch 184: Loss = 0.38186, Training (Code) = 0.38579, Validation (Code) = 0.37625, Training (X) = 0.96106, Validation (X) = 0.95548, Training (Z) = 0.96204, Validation (Z) = 0.95858
Epoch 185: Loss = 0.38185, Training (Code) = 0.38694, Validation (Code) = 0.38025, Training (X) = 0.96059, Validation (X) = 0.95617, Training (Z) = 0.95833, Validation (Z) = 0.95551
Epoch 186: Loss = 0.38185, Training (Code) = 0.38465, Validation (Code) = 0.37842, Training (X) = 0.96041, Validation (X) = 0.9542, Training (Z) = 0.95737, Validation (Z) = 0.95684
Epoch 187: Loss = 0.38185, Training (Code) = 0.38658, Validation (Code) = 0.38492, Training (X) = 0.96034, Validation (X) = 0.9632, Training (Z) = 0.95926, Validation (Z) = 0.95583
Epoch 188: Loss = 0.38185, Training (Code) = 0.38717, Validation (Code) = 0.37858, Training (X) = 0.96228, Validation (X) = 0.95774, Training (Z) = 0.95851, Validation (Z) = 0.95333
Epoch 189: Loss = 0.38185, Training (Code) = 0.38735, Validation (Code) = 0.37883, Training (X) = 0.9588, Validation (X) = 0.96084, Training (Z) = 0.9574, Validation (Z) = 0.95623
Epoch 190: Loss = 0.38185, Training (Code) = 0.38592, Validation (Code) = 0.38008, Training (X) = 0.96162, Validation (X) = 0.95812, Training (Z) = 0.95778, Validation (Z) = 0.95527
Epoch 191: Loss = 0.38185, Training (Code) = 0.39071, Validation (Code) = 0.37392, Training (X) = 0.95697, Validation (X) = 0.95587, Training (Z) = 0.9575, Validation (Z) = 0.9561
Epoch 192: Loss = 0.38185, Training (Code) = 0.38631, Validation (Code) = 0.37675, Training (X) = 0.95945, Validation (X) = 0.95244, Training (Z) = 0.96214, Validation (Z) = 0.95466
Epoch 193: Loss = 0.38185, Training (Code) = 0.38648, Validation (Code) = 0.37675, Training (X) = 0.95946, Validation (X) = 0.96019, Training (Z) = 0.96, Validation (Z) = 0.95842
Epoch 194: Loss = 0.38185, Training (Code) = 0.38608, Validation (Code) = 0.376, Training (X) = 0.96136, Validation (X) = 0.95545, Training (Z) = 0.95975, Validation (Z) = 0.959
Epoch 195: Loss = 0.38185, Training (Code) = 0.386, Validation (Code) = 0.37517, Training (X) = 0.96011, Validation (X) = 0.95402, Training (Z) = 0.95893, Validation (Z) = 0.95869
Epoch 196: Loss = 0.38185, Training (Code) = 0.38542, Validation (Code) = 0.37567, Training (X) = 0.95946, Validation (X) = 0.95763, Training (Z) = 0.95924, Validation (Z) = 0.95763
Epoch 197: Loss = 0.38185, Training (Code) = 0.38654, Validation (Code) = 0.38025, Training (X) = 0.95995, Validation (X) = 0.95726, Training (Z) = 0.95979, Validation (Z) = 0.95726
Epoch 198: Loss = 0.38185, Training (Code) = 0.38629, Validation (Code) = 0.38008, Training (X) = 0.95907, Validation (X) = 0.9533, Training (Z) = 0.95858, Validation (Z) = 0.95637
Epoch 199: Loss = 0.38185, Training (Code) = 0.3879, Validation (Code) = 0.3795, Training (X) = 0.95961, Validation (X) = 0.95718, Training (Z) = 0.95698, Validation (Z) = 0.95652
Epoch 200: Loss = 0.38185, Training (Code) = 0.38908, Validation (Code) = 0.37983, Training (X) = 0.95829, Validation (X) = 0.95963, Training (Z) = 0.95845, Validation (Z) = 0.95897
