==========================================
SLURM_JOB_ID = 6156501
SLURM_JOB_NODELIST = d17-10
TMPDIR = /tmp/SLURM_6156501
==========================================
10_10_16_09_51_303 [6, 40, 40, 40, 40, 14] [Tanh(), Tanh(), Tanh(), Tanh(), Tanh(), Sigmoid()] 200 0.0001 25
Epoch 1: Loss = 0.31826, Training (Code) = 0.68842, Validation (Code) = 0.67975, Training (X) = 0.89584, Validation (X) = 0.88844, Training (Z) = 0.88818, Validation (Z) = 0.88893
Epoch 2: Loss = 0.25425, Training (Code) = 0.80335, Validation (Code) = 0.79825, Training (X) = 0.89285, Validation (X) = 0.88725, Training (Z) = 0.88735, Validation (Z) = 0.89185
Epoch 3: Loss = 0.24047, Training (Code) = 0.8306, Validation (Code) = 0.82875, Training (X) = 0.89064, Validation (X) = 0.88949, Training (Z) = 0.88866, Validation (Z) = 0.88829
Epoch 4: Loss = 0.2371, Training (Code) = 0.841, Validation (Code) = 0.83733, Training (X) = 0.88954, Validation (X) = 0.88863, Training (Z) = 0.88999, Validation (Z) = 0.88923
Epoch 5: Loss = 0.23573, Training (Code) = 0.845, Validation (Code) = 0.84242, Training (X) = 0.89061, Validation (X) = 0.89307, Training (Z) = 0.88925, Validation (Z) = 0.89138
Epoch 6: Loss = 0.23424, Training (Code) = 0.84837, Validation (Code) = 0.84808, Training (X) = 0.88999, Validation (X) = 0.88621, Training (Z) = 0.88812, Validation (Z) = 0.89181
Epoch 7: Loss = 0.23246, Training (Code) = 0.85433, Validation (Code) = 0.8555, Training (X) = 0.88883, Validation (X) = 0.88701, Training (Z) = 0.88917, Validation (Z) = 0.88778
Epoch 8: Loss = 0.23059, Training (Code) = 0.85644, Validation (Code) = 0.85742, Training (X) = 0.88847, Validation (X) = 0.88774, Training (Z) = 0.88842, Validation (Z) = 0.88706
Epoch 9: Loss = 0.22883, Training (Code) = 0.86033, Validation (Code) = 0.86058, Training (X) = 0.88846, Validation (X) = 0.88787, Training (Z) = 0.88919, Validation (Z) = 0.88467
Epoch 10: Loss = 0.22731, Training (Code) = 0.86465, Validation (Code) = 0.85883, Training (X) = 0.88784, Validation (X) = 0.88812, Training (Z) = 0.88794, Validation (Z) = 0.88774
Epoch 11: Loss = 0.22609, Training (Code) = 0.86673, Validation (Code) = 0.8635, Training (X) = 0.88926, Validation (X) = 0.88699, Training (Z) = 0.88986, Validation (Z) = 0.88718
Epoch 12: Loss = 0.22517, Training (Code) = 0.87162, Validation (Code) = 0.86858, Training (X) = 0.88781, Validation (X) = 0.88679, Training (Z) = 0.8869, Validation (Z) = 0.88909
Epoch 13: Loss = 0.22449, Training (Code) = 0.87038, Validation (Code) = 0.87167, Training (X) = 0.88748, Validation (X) = 0.88728, Training (Z) = 0.8892, Validation (Z) = 0.88633
Epoch 14: Loss = 0.22399, Training (Code) = 0.87446, Validation (Code) = 0.87483, Training (X) = 0.88562, Validation (X) = 0.88484, Training (Z) = 0.88869, Validation (Z) = 0.88522
Epoch 15: Loss = 0.22359, Training (Code) = 0.87631, Validation (Code) = 0.87142, Training (X) = 0.88624, Validation (X) = 0.88687, Training (Z) = 0.88907, Validation (Z) = 0.88955
Epoch 16: Loss = 0.22324, Training (Code) = 0.87729, Validation (Code) = 0.87367, Training (X) = 0.88604, Validation (X) = 0.88172, Training (Z) = 0.88732, Validation (Z) = 0.8885
Epoch 17: Loss = 0.2229, Training (Code) = 0.87856, Validation (Code) = 0.87817, Training (X) = 0.88708, Validation (X) = 0.88508, Training (Z) = 0.88962, Validation (Z) = 0.88594
Epoch 18: Loss = 0.22255, Training (Code) = 0.87792, Validation (Code) = 0.87833, Training (X) = 0.8873, Validation (X) = 0.88292, Training (Z) = 0.88697, Validation (Z) = 0.88634
Epoch 19: Loss = 0.22221, Training (Code) = 0.87844, Validation (Code) = 0.88158, Training (X) = 0.88645, Validation (X) = 0.88846, Training (Z) = 0.89045, Validation (Z) = 0.88884
Epoch 20: Loss = 0.22186, Training (Code) = 0.88229, Validation (Code) = 0.87983, Training (X) = 0.88623, Validation (X) = 0.89089, Training (Z) = 0.88812, Validation (Z) = 0.88956
Epoch 21: Loss = 0.22152, Training (Code) = 0.88342, Validation (Code) = 0.88217, Training (X) = 0.88777, Validation (X) = 0.88617, Training (Z) = 0.88878, Validation (Z) = 0.88589
Epoch 22: Loss = 0.22119, Training (Code) = 0.88187, Validation (Code) = 0.88142, Training (X) = 0.88587, Validation (X) = 0.88484, Training (Z) = 0.88883, Validation (Z) = 0.89108
Epoch 23: Loss = 0.22088, Training (Code) = 0.88552, Validation (Code) = 0.88, Training (X) = 0.88543, Validation (X) = 0.88561, Training (Z) = 0.88688, Validation (Z) = 0.88475
Epoch 24: Loss = 0.22057, Training (Code) = 0.88629, Validation (Code) = 0.88617, Training (X) = 0.88557, Validation (X) = 0.88509, Training (Z) = 0.88884, Validation (Z) = 0.88499
Epoch 25: Loss = 0.22028, Training (Code) = 0.88808, Validation (Code) = 0.88675, Training (X) = 0.88447, Validation (X) = 0.88573, Training (Z) = 0.88848, Validation (Z) = 0.88573
Epoch 26: Loss = 0.22001, Training (Code) = 0.88438, Validation (Code) = 0.8865, Training (X) = 0.88704, Validation (X) = 0.8872, Training (Z) = 0.8877, Validation (Z) = 0.8855
Epoch 27: Loss = 0.21975, Training (Code) = 0.88546, Validation (Code) = 0.88442, Training (X) = 0.8861, Validation (X) = 0.8875, Training (Z) = 0.88812, Validation (Z) = 0.88797
Epoch 28: Loss = 0.2195, Training (Code) = 0.88854, Validation (Code) = 0.88192, Training (X) = 0.88657, Validation (X) = 0.88803, Training (Z) = 0.88853, Validation (Z) = 0.88935
Epoch 29: Loss = 0.21927, Training (Code) = 0.8885, Validation (Code) = 0.88508, Training (X) = 0.88539, Validation (X) = 0.88702, Training (Z) = 0.88853, Validation (Z) = 0.8905
Epoch 30: Loss = 0.21905, Training (Code) = 0.88733, Validation (Code) = 0.88892, Training (X) = 0.88784, Validation (X) = 0.88028, Training (Z) = 0.88791, Validation (Z) = 0.88666
Epoch 31: Loss = 0.21884, Training (Code) = 0.88767, Validation (Code) = 0.888, Training (X) = 0.88537, Validation (X) = 0.88429, Training (Z) = 0.88911, Validation (Z) = 0.88514
Epoch 32: Loss = 0.21865, Training (Code) = 0.88883, Validation (Code) = 0.8905, Training (X) = 0.88604, Validation (X) = 0.88649, Training (Z) = 0.88944, Validation (Z) = 0.88593
Epoch 33: Loss = 0.21846, Training (Code) = 0.88654, Validation (Code) = 0.88767, Training (X) = 0.88549, Validation (X) = 0.88857, Training (Z) = 0.88976, Validation (Z) = 0.8895
Epoch 34: Loss = 0.21829, Training (Code) = 0.88785, Validation (Code) = 0.88917, Training (X) = 0.88749, Validation (X) = 0.88416, Training (Z) = 0.8885, Validation (Z) = 0.88978
Epoch 35: Loss = 0.21813, Training (Code) = 0.88765, Validation (Code) = 0.8875, Training (X) = 0.88788, Validation (X) = 0.88676, Training (Z) = 0.8892, Validation (Z) = 0.88535
Epoch 36: Loss = 0.21797, Training (Code) = 0.88977, Validation (Code) = 0.88933, Training (X) = 0.88672, Validation (X) = 0.88521, Training (Z) = 0.88871, Validation (Z) = 0.88887
Epoch 37: Loss = 0.21782, Training (Code) = 0.88731, Validation (Code) = 0.89033, Training (X) = 0.88753, Validation (X) = 0.88553, Training (Z) = 0.88934, Validation (Z) = 0.88843
Epoch 38: Loss = 0.21767, Training (Code) = 0.88952, Validation (Code) = 0.88642, Training (X) = 0.88489, Validation (X) = 0.88437, Training (Z) = 0.88636, Validation (Z) = 0.88502
Epoch 39: Loss = 0.21753, Training (Code) = 0.88706, Validation (Code) = 0.89183, Training (X) = 0.88814, Validation (X) = 0.88189, Training (Z) = 0.88941, Validation (Z) = 0.88245
Epoch 40: Loss = 0.21739, Training (Code) = 0.88735, Validation (Code) = 0.88825, Training (X) = 0.88702, Validation (X) = 0.88629, Training (Z) = 0.89026, Validation (Z) = 0.88676
Epoch 41: Loss = 0.21725, Training (Code) = 0.88913, Validation (Code) = 0.89142, Training (X) = 0.88641, Validation (X) = 0.88389, Training (Z) = 0.88737, Validation (Z) = 0.89118
Epoch 42: Loss = 0.21711, Training (Code) = 0.8901, Validation (Code) = 0.893, Training (X) = 0.88693, Validation (X) = 0.88718, Training (Z) = 0.88737, Validation (Z) = 0.88624
Epoch 43: Loss = 0.21698, Training (Code) = 0.88927, Validation (Code) = 0.888, Training (X) = 0.88689, Validation (X) = 0.88598, Training (Z) = 0.88849, Validation (Z) = 0.88833
Epoch 44: Loss = 0.21684, Training (Code) = 0.88967, Validation (Code) = 0.89225, Training (X) = 0.88551, Validation (X) = 0.88559, Training (Z) = 0.88816, Validation (Z) = 0.88764
Epoch 45: Loss = 0.2167, Training (Code) = 0.88956, Validation (Code) = 0.88808, Training (X) = 0.88721, Validation (X) = 0.88909, Training (Z) = 0.88899, Validation (Z) = 0.88608
Epoch 46: Loss = 0.21657, Training (Code) = 0.88906, Validation (Code) = 0.89192, Training (X) = 0.88619, Validation (X) = 0.88639, Training (Z) = 0.88963, Validation (Z) = 0.88807
Epoch 47: Loss = 0.21643, Training (Code) = 0.88996, Validation (Code) = 0.88717, Training (X) = 0.88677, Validation (X) = 0.88935, Training (Z) = 0.88857, Validation (Z) = 0.89048
Epoch 48: Loss = 0.21629, Training (Code) = 0.89112, Validation (Code) = 0.88675, Training (X) = 0.88715, Validation (X) = 0.88582, Training (Z) = 0.88921, Validation (Z) = 0.88986
Epoch 49: Loss = 0.21615, Training (Code) = 0.88906, Validation (Code) = 0.88767, Training (X) = 0.88719, Validation (X) = 0.88772, Training (Z) = 0.88822, Validation (Z) = 0.88547
Epoch 50: Loss = 0.21601, Training (Code) = 0.8899, Validation (Code) = 0.88725, Training (X) = 0.88559, Validation (X) = 0.8857, Training (Z) = 0.88915, Validation (Z) = 0.8857
Epoch 51: Loss = 0.21587, Training (Code) = 0.89058, Validation (Code) = 0.88983, Training (X) = 0.88755, Validation (X) = 0.8865, Training (Z) = 0.88783, Validation (Z) = 0.88968
Epoch 52: Loss = 0.21573, Training (Code) = 0.88987, Validation (Code) = 0.8925, Training (X) = 0.8898, Validation (X) = 0.88721, Training (Z) = 0.8891, Validation (Z) = 0.88375
Epoch 53: Loss = 0.21559, Training (Code) = 0.88935, Validation (Code) = 0.8935, Training (X) = 0.88714, Validation (X) = 0.88855, Training (Z) = 0.88742, Validation (Z) = 0.88342
Epoch 54: Loss = 0.21544, Training (Code) = 0.89356, Validation (Code) = 0.888, Training (X) = 0.88562, Validation (X) = 0.88504, Training (Z) = 0.88883, Validation (Z) = 0.89114
Epoch 55: Loss = 0.2153, Training (Code) = 0.89133, Validation (Code) = 0.89017, Training (X) = 0.8861, Validation (X) = 0.88635, Training (Z) = 0.88867, Validation (Z) = 0.88682
Epoch 56: Loss = 0.21515, Training (Code) = 0.89248, Validation (Code) = 0.89217, Training (X) = 0.88648, Validation (X) = 0.88483, Training (Z) = 0.88849, Validation (Z) = 0.88866
Epoch 57: Loss = 0.215, Training (Code) = 0.89138, Validation (Code) = 0.889, Training (X) = 0.8876, Validation (X) = 0.88339, Training (Z) = 0.88912, Validation (Z) = 0.8907
Epoch 58: Loss = 0.21485, Training (Code) = 0.89019, Validation (Code) = 0.88842, Training (X) = 0.88586, Validation (X) = 0.88622, Training (Z) = 0.88916, Validation (Z) = 0.89213
Epoch 59: Loss = 0.2147, Training (Code) = 0.89104, Validation (Code) = 0.888, Training (X) = 0.8855, Validation (X) = 0.88701, Training (Z) = 0.89025, Validation (Z) = 0.88898
Epoch 60: Loss = 0.21454, Training (Code) = 0.89038, Validation (Code) = 0.88892, Training (X) = 0.88561, Validation (X) = 0.88994, Training (Z) = 0.88834, Validation (Z) = 0.88582
Epoch 61: Loss = 0.21438, Training (Code) = 0.89148, Validation (Code) = 0.89458, Training (X) = 0.8871, Validation (X) = 0.88551, Training (Z) = 0.88839, Validation (Z) = 0.8857
Epoch 62: Loss = 0.21422, Training (Code) = 0.8911, Validation (Code) = 0.88817, Training (X) = 0.88797, Validation (X) = 0.88656, Training (Z) = 0.8886, Validation (Z) = 0.88853
Epoch 63: Loss = 0.21405, Training (Code) = 0.89219, Validation (Code) = 0.89008, Training (X) = 0.88745, Validation (X) = 0.8899, Training (Z) = 0.88808, Validation (Z) = 0.88849
Epoch 64: Loss = 0.21388, Training (Code) = 0.89044, Validation (Code) = 0.89258, Training (X) = 0.88741, Validation (X) = 0.88694, Training (Z) = 0.88994, Validation (Z) = 0.88983
Epoch 65: Loss = 0.2137, Training (Code) = 0.89379, Validation (Code) = 0.89292, Training (X) = 0.88576, Validation (X) = 0.88166, Training (Z) = 0.88844, Validation (Z) = 0.88885
Epoch 66: Loss = 0.21352, Training (Code) = 0.89115, Validation (Code) = 0.89325, Training (X) = 0.88669, Validation (X) = 0.88525, Training (Z) = 0.88746, Validation (Z) = 0.88721
Epoch 67: Loss = 0.21334, Training (Code) = 0.89092, Validation (Code) = 0.889, Training (X) = 0.88864, Validation (X) = 0.88751, Training (Z) = 0.88771, Validation (Z) = 0.89098
Epoch 68: Loss = 0.21315, Training (Code) = 0.89212, Validation (Code) = 0.89333, Training (X) = 0.88679, Validation (X) = 0.88451, Training (Z) = 0.88767, Validation (Z) = 0.88759
Epoch 69: Loss = 0.21296, Training (Code) = 0.89429, Validation (Code) = 0.88575, Training (X) = 0.88688, Validation (X) = 0.89049, Training (Z) = 0.88811, Validation (Z) = 0.88767
Epoch 70: Loss = 0.21276, Training (Code) = 0.89067, Validation (Code) = 0.88933, Training (X) = 0.88861, Validation (X) = 0.88934, Training (Z) = 0.8907, Validation (Z) = 0.88877
Epoch 71: Loss = 0.21256, Training (Code) = 0.8925, Validation (Code) = 0.89275, Training (X) = 0.88866, Validation (X) = 0.88733, Training (Z) = 0.8894, Validation (Z) = 0.88556
Epoch 72: Loss = 0.21235, Training (Code) = 0.89227, Validation (Code) = 0.89008, Training (X) = 0.88711, Validation (X) = 0.88896, Training (Z) = 0.88851, Validation (Z) = 0.89065
Epoch 73: Loss = 0.21213, Training (Code) = 0.89165, Validation (Code) = 0.89425, Training (X) = 0.88752, Validation (X) = 0.88734, Training (Z) = 0.88771, Validation (Z) = 0.89022
Epoch 74: Loss = 0.21191, Training (Code) = 0.89331, Validation (Code) = 0.89242, Training (X) = 0.88542, Validation (X) = 0.88505, Training (Z) = 0.89032, Validation (Z) = 0.88804
Epoch 75: Loss = 0.21168, Training (Code) = 0.89312, Validation (Code) = 0.8915, Training (X) = 0.88663, Validation (X) = 0.88559, Training (Z) = 0.88822, Validation (Z) = 0.89063
Epoch 76: Loss = 0.21144, Training (Code) = 0.89325, Validation (Code) = 0.89117, Training (X) = 0.88618, Validation (X) = 0.89078, Training (Z) = 0.8895, Validation (Z) = 0.88938
Epoch 77: Loss = 0.2112, Training (Code) = 0.89281, Validation (Code) = 0.892, Training (X) = 0.88725, Validation (X) = 0.88929, Training (Z) = 0.88914, Validation (Z) = 0.88621
Epoch 78: Loss = 0.21094, Training (Code) = 0.89381, Validation (Code) = 0.89325, Training (X) = 0.88803, Validation (X) = 0.88693, Training (Z) = 0.88835, Validation (Z) = 0.88898
Epoch 79: Loss = 0.21068, Training (Code) = 0.89263, Validation (Code) = 0.88783, Training (X) = 0.88671, Validation (X) = 0.88624, Training (Z) = 0.88956, Validation (Z) = 0.89131
Epoch 80: Loss = 0.21041, Training (Code) = 0.89529, Validation (Code) = 0.895, Training (X) = 0.88584, Validation (X) = 0.87989, Training (Z) = 0.88882, Validation (Z) = 0.88641
Epoch 81: Loss = 0.21013, Training (Code) = 0.89319, Validation (Code) = 0.89183, Training (X) = 0.88683, Validation (X) = 0.88236, Training (Z) = 0.88897, Validation (Z) = 0.88759
Epoch 82: Loss = 0.20984, Training (Code) = 0.89269, Validation (Code) = 0.89208, Training (X) = 0.88775, Validation (X) = 0.88669, Training (Z) = 0.8891, Validation (Z) = 0.888
Epoch 83: Loss = 0.20955, Training (Code) = 0.89294, Validation (Code) = 0.89242, Training (X) = 0.88813, Validation (X) = 0.88477, Training (Z) = 0.88943, Validation (Z) = 0.88757
Epoch 84: Loss = 0.20924, Training (Code) = 0.89396, Validation (Code) = 0.88917, Training (X) = 0.8856, Validation (X) = 0.88707, Training (Z) = 0.88821, Validation (Z) = 0.88782
Epoch 85: Loss = 0.20892, Training (Code) = 0.8936, Validation (Code) = 0.89542, Training (X) = 0.88714, Validation (X) = 0.88618, Training (Z) = 0.88942, Validation (Z) = 0.88748
Epoch 86: Loss = 0.20859, Training (Code) = 0.89225, Validation (Code) = 0.89267, Training (X) = 0.88587, Validation (X) = 0.88798, Training (Z) = 0.88886, Validation (Z) = 0.8862
Epoch 87: Loss = 0.20824, Training (Code) = 0.89281, Validation (Code) = 0.89133, Training (X) = 0.88767, Validation (X) = 0.88958, Training (Z) = 0.88998, Validation (Z) = 0.89043
Epoch 88: Loss = 0.20789, Training (Code) = 0.89333, Validation (Code) = 0.89225, Training (X) = 0.88832, Validation (X) = 0.88727, Training (Z) = 0.8892, Validation (Z) = 0.89017
Epoch 89: Loss = 0.20752, Training (Code) = 0.89294, Validation (Code) = 0.89092, Training (X) = 0.88694, Validation (X) = 0.88701, Training (Z) = 0.88957, Validation (Z) = 0.88663
Epoch 90: Loss = 0.20713, Training (Code) = 0.894, Validation (Code) = 0.89525, Training (X) = 0.88712, Validation (X) = 0.88327, Training (Z) = 0.88896, Validation (Z) = 0.88755
Epoch 91: Loss = 0.20673, Training (Code) = 0.89454, Validation (Code) = 0.89283, Training (X) = 0.88735, Validation (X) = 0.88249, Training (Z) = 0.89094, Validation (Z) = 0.89266
Epoch 92: Loss = 0.20631, Training (Code) = 0.89125, Validation (Code) = 0.89667, Training (X) = 0.88761, Validation (X) = 0.88411, Training (Z) = 0.89128, Validation (Z) = 0.88792
Epoch 93: Loss = 0.20588, Training (Code) = 0.89412, Validation (Code) = 0.89442, Training (X) = 0.88574, Validation (X) = 0.88298, Training (Z) = 0.89014, Validation (Z) = 0.8867
Epoch 94: Loss = 0.20544, Training (Code) = 0.89298, Validation (Code) = 0.891, Training (X) = 0.89019, Validation (X) = 0.88496, Training (Z) = 0.89009, Validation (Z) = 0.88786
Epoch 95: Loss = 0.20501, Training (Code) = 0.89554, Validation (Code) = 0.8945, Training (X) = 0.88654, Validation (X) = 0.88625, Training (Z) = 0.88764, Validation (Z) = 0.8896
Epoch 96: Loss = 0.20459, Training (Code) = 0.89319, Validation (Code) = 0.89167, Training (X) = 0.88823, Validation (X) = 0.88813, Training (Z) = 0.89049, Validation (Z) = 0.88991
Epoch 97: Loss = 0.20419, Training (Code) = 0.89646, Validation (Code) = 0.89592, Training (X) = 0.88675, Validation (X) = 0.88448, Training (Z) = 0.88771, Validation (Z) = 0.88689
Epoch 98: Loss = 0.20382, Training (Code) = 0.89646, Validation (Code) = 0.89092, Training (X) = 0.88592, Validation (X) = 0.88645, Training (Z) = 0.88808, Validation (Z) = 0.88832
Epoch 99: Loss = 0.20347, Training (Code) = 0.89627, Validation (Code) = 0.89258, Training (X) = 0.88534, Validation (X) = 0.88825, Training (Z) = 0.88687, Validation (Z) = 0.88731
Epoch 100: Loss = 0.20314, Training (Code) = 0.89556, Validation (Code) = 0.89567, Training (X) = 0.88769, Validation (X) = 0.88454, Training (Z) = 0.89027, Validation (Z) = 0.88751
Epoch 101: Loss = 0.2028, Training (Code) = 0.89592, Validation (Code) = 0.89133, Training (X) = 0.88573, Validation (X) = 0.88725, Training (Z) = 0.88968, Validation (Z) = 0.8879
Epoch 102: Loss = 0.20247, Training (Code) = 0.89512, Validation (Code) = 0.89825, Training (X) = 0.88693, Validation (X) = 0.88496, Training (Z) = 0.88961, Validation (Z) = 0.88793
Epoch 103: Loss = 0.20213, Training (Code) = 0.89477, Validation (Code) = 0.90075, Training (X) = 0.88815, Validation (X) = 0.88676, Training (Z) = 0.88845, Validation (Z) = 0.88528
Epoch 104: Loss = 0.20179, Training (Code) = 0.89783, Validation (Code) = 0.8965, Training (X) = 0.88732, Validation (X) = 0.88976, Training (Z) = 0.89015, Validation (Z) = 0.88827
Epoch 105: Loss = 0.20144, Training (Code) = 0.89552, Validation (Code) = 0.89275, Training (X) = 0.88608, Validation (X) = 0.89079, Training (Z) = 0.88959, Validation (Z) = 0.89312
Epoch 106: Loss = 0.20108, Training (Code) = 0.89748, Validation (Code) = 0.89233, Training (X) = 0.88674, Validation (X) = 0.88644, Training (Z) = 0.88902, Validation (Z) = 0.8884
Epoch 107: Loss = 0.20073, Training (Code) = 0.89848, Validation (Code) = 0.89683, Training (X) = 0.88694, Validation (X) = 0.8872, Training (Z) = 0.88921, Validation (Z) = 0.88747
Epoch 108: Loss = 0.20037, Training (Code) = 0.89665, Validation (Code) = 0.89433, Training (X) = 0.88792, Validation (X) = 0.88818, Training (Z) = 0.89042, Validation (Z) = 0.88735
Epoch 109: Loss = 0.2, Training (Code) = 0.89787, Validation (Code) = 0.89958, Training (X) = 0.88658, Validation (X) = 0.88541, Training (Z) = 0.88914, Validation (Z) = 0.89004
Epoch 110: Loss = 0.19964, Training (Code) = 0.89742, Validation (Code) = 0.89817, Training (X) = 0.88808, Validation (X) = 0.88412, Training (Z) = 0.89029, Validation (Z) = 0.88653
Epoch 111: Loss = 0.19927, Training (Code) = 0.89715, Validation (Code) = 0.89467, Training (X) = 0.88703, Validation (X) = 0.88683, Training (Z) = 0.88914, Validation (Z) = 0.88869
Epoch 112: Loss = 0.1989, Training (Code) = 0.89754, Validation (Code) = 0.89525, Training (X) = 0.8868, Validation (X) = 0.88355, Training (Z) = 0.89044, Validation (Z) = 0.88802
Epoch 113: Loss = 0.19852, Training (Code) = 0.89783, Validation (Code) = 0.89883, Training (X) = 0.88656, Validation (X) = 0.88606, Training (Z) = 0.88888, Validation (Z) = 0.88708
Epoch 114: Loss = 0.19815, Training (Code) = 0.89956, Validation (Code) = 0.89833, Training (X) = 0.88645, Validation (X) = 0.88191, Training (Z) = 0.88867, Validation (Z) = 0.88646
Epoch 115: Loss = 0.19776, Training (Code) = 0.8999, Validation (Code) = 0.90025, Training (X) = 0.88598, Validation (X) = 0.88762, Training (Z) = 0.88911, Validation (Z) = 0.88836
Epoch 116: Loss = 0.19738, Training (Code) = 0.89581, Validation (Code) = 0.89792, Training (X) = 0.88783, Validation (X) = 0.88696, Training (Z) = 0.889, Validation (Z) = 0.8916
Epoch 117: Loss = 0.19699, Training (Code) = 0.89952, Validation (Code) = 0.89283, Training (X) = 0.88568, Validation (X) = 0.88445, Training (Z) = 0.8902, Validation (Z) = 0.89061
Epoch 118: Loss = 0.1966, Training (Code) = 0.89758, Validation (Code) = 0.897, Training (X) = 0.88878, Validation (X) = 0.88657, Training (Z) = 0.88963, Validation (Z) = 0.88973
Epoch 119: Loss = 0.1962, Training (Code) = 0.89892, Validation (Code) = 0.899, Training (X) = 0.88713, Validation (X) = 0.88765, Training (Z) = 0.8885, Validation (Z) = 0.8871
Epoch 120: Loss = 0.1958, Training (Code) = 0.89967, Validation (Code) = 0.897, Training (X) = 0.88602, Validation (X) = 0.88564, Training (Z) = 0.88913, Validation (Z) = 0.89075
Epoch 121: Loss = 0.1954, Training (Code) = 0.89712, Validation (Code) = 0.89783, Training (X) = 0.88674, Validation (X) = 0.88936, Training (Z) = 0.88886, Validation (Z) = 0.88973
Epoch 122: Loss = 0.195, Training (Code) = 0.89846, Validation (Code) = 0.89942, Training (X) = 0.88816, Validation (X) = 0.88391, Training (Z) = 0.88902, Validation (Z) = 0.89011
Epoch 123: Loss = 0.1946, Training (Code) = 0.89935, Validation (Code) = 0.89833, Training (X) = 0.88682, Validation (X) = 0.88646, Training (Z) = 0.88777, Validation (Z) = 0.88803
Epoch 124: Loss = 0.1942, Training (Code) = 0.89829, Validation (Code) = 0.89958, Training (X) = 0.88722, Validation (X) = 0.88819, Training (Z) = 0.8907, Validation (Z) = 0.88791
Epoch 125: Loss = 0.1938, Training (Code) = 0.8976, Validation (Code) = 0.89942, Training (X) = 0.88776, Validation (X) = 0.88567, Training (Z) = 0.89087, Validation (Z) = 0.88845
Epoch 126: Loss = 0.1934, Training (Code) = 0.8994, Validation (Code) = 0.89758, Training (X) = 0.88803, Validation (X) = 0.88868, Training (Z) = 0.88958, Validation (Z) = 0.88766
Epoch 127: Loss = 0.19301, Training (Code) = 0.9, Validation (Code) = 0.90217, Training (X) = 0.88671, Validation (X) = 0.88657, Training (Z) = 0.89002, Validation (Z) = 0.88916
Epoch 128: Loss = 0.19262, Training (Code) = 0.90031, Validation (Code) = 0.90075, Training (X) = 0.88863, Validation (X) = 0.88611, Training (Z) = 0.88967, Validation (Z) = 0.88806
Epoch 129: Loss = 0.19225, Training (Code) = 0.9006, Validation (Code) = 0.89575, Training (X) = 0.88649, Validation (X) = 0.88771, Training (Z) = 0.88919, Validation (Z) = 0.89115
Epoch 130: Loss = 0.19187, Training (Code) = 0.90067, Validation (Code) = 0.89917, Training (X) = 0.88846, Validation (X) = 0.88517, Training (Z) = 0.88775, Validation (Z) = 0.88981
Epoch 131: Loss = 0.19151, Training (Code) = 0.90008, Validation (Code) = 0.89592, Training (X) = 0.88811, Validation (X) = 0.88903, Training (Z) = 0.88788, Validation (Z) = 0.88875
Epoch 132: Loss = 0.19116, Training (Code) = 0.90046, Validation (Code) = 0.89958, Training (X) = 0.88714, Validation (X) = 0.88773, Training (Z) = 0.88809, Validation (Z) = 0.88874
Epoch 133: Loss = 0.19082, Training (Code) = 0.90017, Validation (Code) = 0.89567, Training (X) = 0.88889, Validation (X) = 0.88891, Training (Z) = 0.89078, Validation (Z) = 0.8917
Epoch 134: Loss = 0.19049, Training (Code) = 0.90019, Validation (Code) = 0.90275, Training (X) = 0.88708, Validation (X) = 0.88286, Training (Z) = 0.89002, Validation (Z) = 0.88701
Epoch 135: Loss = 0.19017, Training (Code) = 0.90171, Validation (Code) = 0.90167, Training (X) = 0.88591, Validation (X) = 0.88614, Training (Z) = 0.88961, Validation (Z) = 0.88725
Epoch 136: Loss = 0.18987, Training (Code) = 0.90285, Validation (Code) = 0.899, Training (X) = 0.88569, Validation (X) = 0.88561, Training (Z) = 0.89088, Validation (Z) = 0.89034
Epoch 137: Loss = 0.18957, Training (Code) = 0.90133, Validation (Code) = 0.90125, Training (X) = 0.88785, Validation (X) = 0.88821, Training (Z) = 0.89056, Validation (Z) = 0.88951
Epoch 138: Loss = 0.18929, Training (Code) = 0.90096, Validation (Code) = 0.90267, Training (X) = 0.88572, Validation (X) = 0.88303, Training (Z) = 0.89026, Validation (Z) = 0.88857
Epoch 139: Loss = 0.18902, Training (Code) = 0.90085, Validation (Code) = 0.90158, Training (X) = 0.88617, Validation (X) = 0.88539, Training (Z) = 0.88941, Validation (Z) = 0.88779
Epoch 140: Loss = 0.18877, Training (Code) = 0.90079, Validation (Code) = 0.90192, Training (X) = 0.88591, Validation (X) = 0.88876, Training (Z) = 0.89012, Validation (Z) = 0.88802
Epoch 141: Loss = 0.18852, Training (Code) = 0.90231, Validation (Code) = 0.89742, Training (X) = 0.88848, Validation (X) = 0.88235, Training (Z) = 0.88832, Validation (Z) = 0.88838
Epoch 142: Loss = 0.18829, Training (Code) = 0.90229, Validation (Code) = 0.89967, Training (X) = 0.88559, Validation (X) = 0.88894, Training (Z) = 0.88956, Validation (Z) = 0.89079
Epoch 143: Loss = 0.18807, Training (Code) = 0.90235, Validation (Code) = 0.89733, Training (X) = 0.88689, Validation (X) = 0.88587, Training (Z) = 0.88897, Validation (Z) = 0.89283
Epoch 144: Loss = 0.18786, Training (Code) = 0.90133, Validation (Code) = 0.89875, Training (X) = 0.88827, Validation (X) = 0.88762, Training (Z) = 0.88707, Validation (Z) = 0.8892
Epoch 145: Loss = 0.18766, Training (Code) = 0.90302, Validation (Code) = 0.90442, Training (X) = 0.88511, Validation (X) = 0.88363, Training (Z) = 0.89018, Validation (Z) = 0.8875
Epoch 146: Loss = 0.18748, Training (Code) = 0.90312, Validation (Code) = 0.89875, Training (X) = 0.88438, Validation (X) = 0.88632, Training (Z) = 0.88994, Validation (Z) = 0.89096
Epoch 147: Loss = 0.1873, Training (Code) = 0.90342, Validation (Code) = 0.90042, Training (X) = 0.88636, Validation (X) = 0.88727, Training (Z) = 0.88906, Validation (Z) = 0.88681
Epoch 148: Loss = 0.18713, Training (Code) = 0.90377, Validation (Code) = 0.8995, Training (X) = 0.88659, Validation (X) = 0.88734, Training (Z) = 0.88944, Validation (Z) = 0.88985
Epoch 149: Loss = 0.18697, Training (Code) = 0.90254, Validation (Code) = 0.90025, Training (X) = 0.88567, Validation (X) = 0.88799, Training (Z) = 0.88932, Validation (Z) = 0.88901
Epoch 150: Loss = 0.18681, Training (Code) = 0.90373, Validation (Code) = 0.90042, Training (X) = 0.88628, Validation (X) = 0.8882, Training (Z) = 0.89057, Validation (Z) = 0.89024
Epoch 151: Loss = 0.18666, Training (Code) = 0.9005, Validation (Code) = 0.903, Training (X) = 0.88786, Validation (X) = 0.88649, Training (Z) = 0.89043, Validation (Z) = 0.88695
Epoch 152: Loss = 0.18652, Training (Code) = 0.90379, Validation (Code) = 0.90142, Training (X) = 0.88585, Validation (X) = 0.88389, Training (Z) = 0.89138, Validation (Z) = 0.88675
Epoch 153: Loss = 0.18637, Training (Code) = 0.90152, Validation (Code) = 0.90008, Training (X) = 0.88771, Validation (X) = 0.88742, Training (Z) = 0.8894, Validation (Z) = 0.88955
Epoch 154: Loss = 0.18623, Training (Code) = 0.90315, Validation (Code) = 0.90525, Training (X) = 0.88831, Validation (X) = 0.883, Training (Z) = 0.89151, Validation (Z) = 0.88751
Epoch 155: Loss = 0.18608, Training (Code) = 0.90446, Validation (Code) = 0.90242, Training (X) = 0.88732, Validation (X) = 0.88485, Training (Z) = 0.88828, Validation (Z) = 0.88817
Epoch 156: Loss = 0.18593, Training (Code) = 0.90267, Validation (Code) = 0.90142, Training (X) = 0.88726, Validation (X) = 0.88647, Training (Z) = 0.88977, Validation (Z) = 0.8899
Epoch 157: Loss = 0.18578, Training (Code) = 0.90187, Validation (Code) = 0.90258, Training (X) = 0.88739, Validation (X) = 0.88681, Training (Z) = 0.8894, Validation (Z) = 0.88764
Epoch 158: Loss = 0.18561, Training (Code) = 0.90533, Validation (Code) = 0.90183, Training (X) = 0.8871, Validation (X) = 0.88893, Training (Z) = 0.88819, Validation (Z) = 0.89133
Epoch 159: Loss = 0.18544, Training (Code) = 0.90404, Validation (Code) = 0.90158, Training (X) = 0.88572, Validation (X) = 0.88631, Training (Z) = 0.88906, Validation (Z) = 0.88631
Epoch 160: Loss = 0.18525, Training (Code) = 0.90387, Validation (Code) = 0.90533, Training (X) = 0.88745, Validation (X) = 0.88605, Training (Z) = 0.88927, Validation (Z) = 0.88807
Epoch 161: Loss = 0.18507, Training (Code) = 0.90363, Validation (Code) = 0.90358, Training (X) = 0.88719, Validation (X) = 0.88518, Training (Z) = 0.88864, Validation (Z) = 0.88998
Epoch 162: Loss = 0.18487, Training (Code) = 0.90254, Validation (Code) = 0.90392, Training (X) = 0.88816, Validation (X) = 0.88826, Training (Z) = 0.89068, Validation (Z) = 0.88983
Epoch 163: Loss = 0.18468, Training (Code) = 0.90433, Validation (Code) = 0.90183, Training (X) = 0.88767, Validation (X) = 0.8832, Training (Z) = 0.88988, Validation (Z) = 0.89032
Epoch 164: Loss = 0.18448, Training (Code) = 0.90312, Validation (Code) = 0.90217, Training (X) = 0.88768, Validation (X) = 0.88694, Training (Z) = 0.8895, Validation (Z) = 0.88583
Epoch 165: Loss = 0.18429, Training (Code) = 0.90363, Validation (Code) = 0.90375, Training (X) = 0.88645, Validation (X) = 0.88797, Training (Z) = 0.88862, Validation (Z) = 0.88492
Epoch 166: Loss = 0.1841, Training (Code) = 0.90235, Validation (Code) = 0.90125, Training (X) = 0.88798, Validation (X) = 0.88645, Training (Z) = 0.8898, Validation (Z) = 0.89246
Epoch 167: Loss = 0.18391, Training (Code) = 0.90448, Validation (Code) = 0.90258, Training (X) = 0.88778, Validation (X) = 0.88708, Training (Z) = 0.88969, Validation (Z) = 0.8881
Epoch 168: Loss = 0.18374, Training (Code) = 0.90433, Validation (Code) = 0.90308, Training (X) = 0.88677, Validation (X) = 0.88429, Training (Z) = 0.88806, Validation (Z) = 0.88844
Epoch 169: Loss = 0.18357, Training (Code) = 0.90417, Validation (Code) = 0.90458, Training (X) = 0.88638, Validation (X) = 0.88632, Training (Z) = 0.88859, Validation (Z) = 0.88577
Epoch 170: Loss = 0.1834, Training (Code) = 0.90348, Validation (Code) = 0.90458, Training (X) = 0.88715, Validation (X) = 0.88586, Training (Z) = 0.88969, Validation (Z) = 0.88752
Epoch 171: Loss = 0.18324, Training (Code) = 0.90487, Validation (Code) = 0.90325, Training (X) = 0.88737, Validation (X) = 0.88643, Training (Z) = 0.88912, Validation (Z) = 0.88957
Epoch 172: Loss = 0.18309, Training (Code) = 0.90523, Validation (Code) = 0.90725, Training (X) = 0.88698, Validation (X) = 0.88665, Training (Z) = 0.89061, Validation (Z) = 0.89189
Epoch 173: Loss = 0.18295, Training (Code) = 0.90356, Validation (Code) = 0.90375, Training (X) = 0.88663, Validation (X) = 0.88843, Training (Z) = 0.88995, Validation (Z) = 0.88815
Epoch 174: Loss = 0.18281, Training (Code) = 0.90233, Validation (Code) = 0.90292, Training (X) = 0.88735, Validation (X) = 0.88657, Training (Z) = 0.89052, Validation (Z) = 0.88989
Epoch 175: Loss = 0.18268, Training (Code) = 0.90577, Validation (Code) = 0.90075, Training (X) = 0.88638, Validation (X) = 0.88907, Training (Z) = 0.88842, Validation (Z) = 0.88732
Epoch 176: Loss = 0.18256, Training (Code) = 0.90152, Validation (Code) = 0.90508, Training (X) = 0.88663, Validation (X) = 0.88463, Training (Z) = 0.8903, Validation (Z) = 0.88961
Epoch 177: Loss = 0.18244, Training (Code) = 0.90535, Validation (Code) = 0.90708, Training (X) = 0.88589, Validation (X) = 0.88415, Training (Z) = 0.88955, Validation (Z) = 0.88902
Epoch 178: Loss = 0.18232, Training (Code) = 0.90525, Validation (Code) = 0.90417, Training (X) = 0.88689, Validation (X) = 0.88461, Training (Z) = 0.88997, Validation (Z) = 0.88848
Epoch 179: Loss = 0.18221, Training (Code) = 0.90329, Validation (Code) = 0.90492, Training (X) = 0.88646, Validation (X) = 0.88535, Training (Z) = 0.8901, Validation (Z) = 0.89152
Epoch 180: Loss = 0.18211, Training (Code) = 0.90433, Validation (Code) = 0.90467, Training (X) = 0.88742, Validation (X) = 0.88486, Training (Z) = 0.88988, Validation (Z) = 0.8913
Epoch 181: Loss = 0.182, Training (Code) = 0.90635, Validation (Code) = 0.91133, Training (X) = 0.88537, Validation (X) = 0.88259, Training (Z) = 0.88939, Validation (Z) = 0.88515
Epoch 182: Loss = 0.18191, Training (Code) = 0.90425, Validation (Code) = 0.90417, Training (X) = 0.88854, Validation (X) = 0.88212, Training (Z) = 0.88904, Validation (Z) = 0.88802
Epoch 183: Loss = 0.18181, Training (Code) = 0.90529, Validation (Code) = 0.90758, Training (X) = 0.88655, Validation (X) = 0.8866, Training (Z) = 0.88933, Validation (Z) = 0.88963
Epoch 184: Loss = 0.18173, Training (Code) = 0.90577, Validation (Code) = 0.90158, Training (X) = 0.88645, Validation (X) = 0.88622, Training (Z) = 0.8881, Validation (Z) = 0.88973
Epoch 185: Loss = 0.18164, Training (Code) = 0.90565, Validation (Code) = 0.90525, Training (X) = 0.88648, Validation (X) = 0.88125, Training (Z) = 0.88765, Validation (Z) = 0.88852
Epoch 186: Loss = 0.18156, Training (Code) = 0.9049, Validation (Code) = 0.90283, Training (X) = 0.88758, Validation (X) = 0.8885, Training (Z) = 0.88774, Validation (Z) = 0.8921
Epoch 187: Loss = 0.18148, Training (Code) = 0.90496, Validation (Code) = 0.90475, Training (X) = 0.88607, Validation (X) = 0.88606, Training (Z) = 0.89157, Validation (Z) = 0.88579
Epoch 188: Loss = 0.18141, Training (Code) = 0.90525, Validation (Code) = 0.90475, Training (X) = 0.88468, Validation (X) = 0.88726, Training (Z) = 0.88917, Validation (Z) = 0.88947
Epoch 189: Loss = 0.18134, Training (Code) = 0.90721, Validation (Code) = 0.90542, Training (X) = 0.88589, Validation (X) = 0.88762, Training (Z) = 0.88913, Validation (Z) = 0.88707
Epoch 190: Loss = 0.18127, Training (Code) = 0.9039, Validation (Code) = 0.90175, Training (X) = 0.88792, Validation (X) = 0.88642, Training (Z) = 0.88911, Validation (Z) = 0.88846
Epoch 191: Loss = 0.18121, Training (Code) = 0.90333, Validation (Code) = 0.90367, Training (X) = 0.88676, Validation (X) = 0.8863, Training (Z) = 0.88877, Validation (Z) = 0.88879
Epoch 192: Loss = 0.18115, Training (Code) = 0.90467, Validation (Code) = 0.90567, Training (X) = 0.8867, Validation (X) = 0.88498, Training (Z) = 0.89172, Validation (Z) = 0.88958
Epoch 193: Loss = 0.18109, Training (Code) = 0.90498, Validation (Code) = 0.90858, Training (X) = 0.88697, Validation (X) = 0.88489, Training (Z) = 0.88823, Validation (Z) = 0.88902
Epoch 194: Loss = 0.18104, Training (Code) = 0.90508, Validation (Code) = 0.90242, Training (X) = 0.88629, Validation (X) = 0.88974, Training (Z) = 0.8888, Validation (Z) = 0.88965
Epoch 195: Loss = 0.18099, Training (Code) = 0.90417, Validation (Code) = 0.90308, Training (X) = 0.88749, Validation (X) = 0.88668, Training (Z) = 0.89005, Validation (Z) = 0.88678
Epoch 196: Loss = 0.18094, Training (Code) = 0.90538, Validation (Code) = 0.90667, Training (X) = 0.88798, Validation (X) = 0.88621, Training (Z) = 0.89072, Validation (Z) = 0.88971
Epoch 197: Loss = 0.18089, Training (Code) = 0.90477, Validation (Code) = 0.90617, Training (X) = 0.88623, Validation (X) = 0.88431, Training (Z) = 0.88977, Validation (Z) = 0.89102
Epoch 198: Loss = 0.18085, Training (Code) = 0.90606, Validation (Code) = 0.89983, Training (X) = 0.8868, Validation (X) = 0.8885, Training (Z) = 0.89067, Validation (Z) = 0.891
Epoch 199: Loss = 0.18081, Training (Code) = 0.90748, Validation (Code) = 0.90542, Training (X) = 0.88533, Validation (X) = 0.88007, Training (Z) = 0.89086, Validation (Z) = 0.88716
Epoch 200: Loss = 0.18078, Training (Code) = 0.90323, Validation (Code) = 0.90633, Training (X) = 0.88878, Validation (X) = 0.88691, Training (Z) = 0.88945, Validation (Z) = 0.89252
