==========================================
SLURM_JOB_ID = 6156109
SLURM_JOB_NODELIST = d06-28
TMPDIR = /tmp/SLURM_6156109
==========================================
10_10_14_33_39_519 [22, 24, 26, 28, 30, 32, 34, 36, 38, 40, 42, 44, 46] [Tanh(), Tanh(), Tanh(), Tanh(), Tanh(), Tanh(), Tanh(), Tanh(), Tanh(), Tanh(), Tanh(), Sigmoid()] 100 0.003 45
Traceback (most recent call last):
  File "source/pprabhu_driver.py", line 94, in <module>
    train(QuantumDecoderNet, *data[:4], **kwargs)
  File "/project/tbrun_769/qdec/source/neural_net.py", line 47, in train
    output = QuantumDecoderNet.forward(syndrome)
  File "/project/tbrun_769/qdec/source/neural_net.py", line 32, in forward
    return arch(a_0, 0)
  File "/project/tbrun_769/qdec/source/neural_net.py", line 28, in arch
    return arch(a_l, l+1)
  File "/project/tbrun_769/qdec/source/neural_net.py", line 28, in arch
    return arch(a_l, l+1)
  File "/project/tbrun_769/qdec/source/neural_net.py", line 28, in arch
    return arch(a_l, l+1)
  [Previous line repeated 7 more times]
  File "/project/tbrun_769/qdec/source/neural_net.py", line 25, in arch
    z_l = layers[l](input)
  File "/project/tbrun_769/envs/qdec/lib/python3.8/site-packages/torch/nn/modules/module.py", line 1051, in _call_impl
    return forward_call(*input, **kwargs)
  File "/project/tbrun_769/envs/qdec/lib/python3.8/site-packages/torch/nn/modules/linear.py", line 96, in forward
    return F.linear(input, self.weight, self.bias)
  File "/project/tbrun_769/envs/qdec/lib/python3.8/site-packages/torch/nn/functional.py", line 1847, in linear
    return torch._C._nn.linear(input, weight, bias)
RuntimeError: mat1 and mat2 shapes cannot be multiplied (1x42 and 44x46)
