==========================================
SLURM_JOB_ID = 6156502
SLURM_JOB_NODELIST = d17-14
TMPDIR = /tmp/SLURM_6156502
==========================================
10_10_16_10_28_685 [6, 40, 40, 40, 40, 14] [Tanh(), Tanh(), Tanh(), Tanh(), Tanh(), Sigmoid()] 200 5e-05 25
Epoch 1: Loss = 0.34886, Training (Code) = 0.62792, Validation (Code) = 0.62683, Training (X) = 0.89187, Validation (X) = 0.89365, Training (Z) = 0.88945, Validation (Z) = 0.89218
Epoch 2: Loss = 0.28774, Training (Code) = 0.68842, Validation (Code) = 0.69075, Training (X) = 0.89399, Validation (X) = 0.88841, Training (Z) = 0.89069, Validation (Z) = 0.89094
Epoch 3: Loss = 0.26466, Training (Code) = 0.73998, Validation (Code) = 0.73417, Training (X) = 0.8924, Validation (X) = 0.88842, Training (Z) = 0.89389, Validation (Z) = 0.89274
Epoch 4: Loss = 0.251, Training (Code) = 0.78038, Validation (Code) = 0.77492, Training (X) = 0.88873, Validation (X) = 0.89332, Training (Z) = 0.89118, Validation (Z) = 0.89053
Epoch 5: Loss = 0.24285, Training (Code) = 0.80344, Validation (Code) = 0.7965, Training (X) = 0.89148, Validation (X) = 0.89056, Training (Z) = 0.89052, Validation (Z) = 0.8914
Epoch 6: Loss = 0.23903, Training (Code) = 0.81765, Validation (Code) = 0.81883, Training (X) = 0.89253, Validation (X) = 0.8907, Training (Z) = 0.89204, Validation (Z) = 0.89111
Epoch 7: Loss = 0.23788, Training (Code) = 0.82763, Validation (Code) = 0.82625, Training (X) = 0.89068, Validation (X) = 0.88643, Training (Z) = 0.89075, Validation (Z) = 0.89148
Epoch 8: Loss = 0.23807, Training (Code) = 0.83367, Validation (Code) = 0.836, Training (X) = 0.89094, Validation (X) = 0.88407, Training (Z) = 0.88892, Validation (Z) = 0.88965
Epoch 9: Loss = 0.23872, Training (Code) = 0.83956, Validation (Code) = 0.83333, Training (X) = 0.8898, Validation (X) = 0.8899, Training (Z) = 0.8891, Validation (Z) = 0.8869
Epoch 10: Loss = 0.23936, Training (Code) = 0.84598, Validation (Code) = 0.84192, Training (X) = 0.89041, Validation (X) = 0.88914, Training (Z) = 0.88945, Validation (Z) = 0.89241
Epoch 11: Loss = 0.23978, Training (Code) = 0.84729, Validation (Code) = 0.84358, Training (X) = 0.88822, Validation (X) = 0.88906, Training (Z) = 0.88874, Validation (Z) = 0.88867
Epoch 12: Loss = 0.23992, Training (Code) = 0.85292, Validation (Code) = 0.84542, Training (X) = 0.88613, Validation (X) = 0.88566, Training (Z) = 0.88632, Validation (Z) = 0.88605
Epoch 13: Loss = 0.23982, Training (Code) = 0.85506, Validation (Code) = 0.85833, Training (X) = 0.88955, Validation (X) = 0.88612, Training (Z) = 0.88829, Validation (Z) = 0.88029
Epoch 14: Loss = 0.23955, Training (Code) = 0.86092, Validation (Code) = 0.86075, Training (X) = 0.88767, Validation (X) = 0.88789, Training (Z) = 0.88706, Validation (Z) = 0.88876
Epoch 15: Loss = 0.23916, Training (Code) = 0.86362, Validation (Code) = 0.86083, Training (X) = 0.88665, Validation (X) = 0.88529, Training (Z) = 0.88877, Validation (Z) = 0.88364
Epoch 16: Loss = 0.23871, Training (Code) = 0.86533, Validation (Code) = 0.86725, Training (X) = 0.88581, Validation (X) = 0.88066, Training (Z) = 0.88612, Validation (Z) = 0.88306
Epoch 17: Loss = 0.23827, Training (Code) = 0.8696, Validation (Code) = 0.86675, Training (X) = 0.88695, Validation (X) = 0.88328, Training (Z) = 0.88663, Validation (Z) = 0.88559
Epoch 18: Loss = 0.23786, Training (Code) = 0.87227, Validation (Code) = 0.86967, Training (X) = 0.88591, Validation (X) = 0.88875, Training (Z) = 0.88681, Validation (Z) = 0.88607
Epoch 19: Loss = 0.2375, Training (Code) = 0.87019, Validation (Code) = 0.88017, Training (X) = 0.88848, Validation (X) = 0.88629, Training (Z) = 0.88812, Validation (Z) = 0.88402
Epoch 20: Loss = 0.23722, Training (Code) = 0.87396, Validation (Code) = 0.87242, Training (X) = 0.88734, Validation (X) = 0.88862, Training (Z) = 0.8862, Validation (Z) = 0.88175
Epoch 21: Loss = 0.237, Training (Code) = 0.87727, Validation (Code) = 0.87633, Training (X) = 0.88784, Validation (X) = 0.88646, Training (Z) = 0.88563, Validation (Z) = 0.88389
Epoch 22: Loss = 0.23683, Training (Code) = 0.87879, Validation (Code) = 0.8765, Training (X) = 0.88661, Validation (X) = 0.88534, Training (Z) = 0.88571, Validation (Z) = 0.88819
Epoch 23: Loss = 0.23671, Training (Code) = 0.87923, Validation (Code) = 0.87692, Training (X) = 0.88636, Validation (X) = 0.8833, Training (Z) = 0.887, Validation (Z) = 0.88558
Epoch 24: Loss = 0.23663, Training (Code) = 0.87781, Validation (Code) = 0.878, Training (X) = 0.88653, Validation (X) = 0.88449, Training (Z) = 0.88646, Validation (Z) = 0.88629
Epoch 25: Loss = 0.23658, Training (Code) = 0.87992, Validation (Code) = 0.88167, Training (X) = 0.88638, Validation (X) = 0.88403, Training (Z) = 0.88474, Validation (Z) = 0.88677
Epoch 26: Loss = 0.23654, Training (Code) = 0.88031, Validation (Code) = 0.88608, Training (X) = 0.88794, Validation (X) = 0.88517, Training (Z) = 0.88771, Validation (Z) = 0.88573
Epoch 27: Loss = 0.23652, Training (Code) = 0.883, Validation (Code) = 0.88017, Training (X) = 0.88621, Validation (X) = 0.88885, Training (Z) = 0.88668, Validation (Z) = 0.88913
Epoch 28: Loss = 0.2365, Training (Code) = 0.88429, Validation (Code) = 0.88217, Training (X) = 0.88687, Validation (X) = 0.88598, Training (Z) = 0.88465, Validation (Z) = 0.88362
Epoch 29: Loss = 0.23649, Training (Code) = 0.88442, Validation (Code) = 0.88108, Training (X) = 0.88587, Validation (X) = 0.88631, Training (Z) = 0.88745, Validation (Z) = 0.883
Epoch 30: Loss = 0.23647, Training (Code) = 0.88298, Validation (Code) = 0.88333, Training (X) = 0.88764, Validation (X) = 0.88613, Training (Z) = 0.88658, Validation (Z) = 0.88613
Epoch 31: Loss = 0.23644, Training (Code) = 0.88413, Validation (Code) = 0.88217, Training (X) = 0.88845, Validation (X) = 0.88759, Training (Z) = 0.88659, Validation (Z) = 0.88636
Epoch 32: Loss = 0.2364, Training (Code) = 0.88752, Validation (Code) = 0.8815, Training (X) = 0.88822, Validation (X) = 0.88618, Training (Z) = 0.88737, Validation (Z) = 0.89119
Epoch 33: Loss = 0.23634, Training (Code) = 0.88485, Validation (Code) = 0.88775, Training (X) = 0.88729, Validation (X) = 0.88576, Training (Z) = 0.8868, Validation (Z) = 0.88623
Epoch 34: Loss = 0.23627, Training (Code) = 0.88704, Validation (Code) = 0.88875, Training (X) = 0.88748, Validation (X) = 0.8872, Training (Z) = 0.88583, Validation (Z) = 0.88608
Epoch 35: Loss = 0.23619, Training (Code) = 0.8881, Validation (Code) = 0.88392, Training (X) = 0.88656, Validation (X) = 0.88658, Training (Z) = 0.88423, Validation (Z) = 0.88526
Epoch 36: Loss = 0.23608, Training (Code) = 0.889, Validation (Code) = 0.88717, Training (X) = 0.88683, Validation (X) = 0.8886, Training (Z) = 0.88676, Validation (Z) = 0.88766
Epoch 37: Loss = 0.23596, Training (Code) = 0.8869, Validation (Code) = 0.88683, Training (X) = 0.88706, Validation (X) = 0.88893, Training (Z) = 0.88699, Validation (Z) = 0.88226
Epoch 38: Loss = 0.23581, Training (Code) = 0.89017, Validation (Code) = 0.88183, Training (X) = 0.88666, Validation (X) = 0.89218, Training (Z) = 0.88537, Validation (Z) = 0.88773
Epoch 39: Loss = 0.23565, Training (Code) = 0.88777, Validation (Code) = 0.8875, Training (X) = 0.88698, Validation (X) = 0.88516, Training (Z) = 0.88565, Validation (Z) = 0.88225
Epoch 40: Loss = 0.23548, Training (Code) = 0.89077, Validation (Code) = 0.89058, Training (X) = 0.88785, Validation (X) = 0.8864, Training (Z) = 0.88514, Validation (Z) = 0.88668
Epoch 41: Loss = 0.23528, Training (Code) = 0.88913, Validation (Code) = 0.88575, Training (X) = 0.88858, Validation (X) = 0.88654, Training (Z) = 0.88589, Validation (Z) = 0.88447
Epoch 42: Loss = 0.23508, Training (Code) = 0.88902, Validation (Code) = 0.888, Training (X) = 0.88946, Validation (X) = 0.88692, Training (Z) = 0.88644, Validation (Z) = 0.88795
Epoch 43: Loss = 0.23486, Training (Code) = 0.89035, Validation (Code) = 0.8855, Training (X) = 0.88684, Validation (X) = 0.88566, Training (Z) = 0.88607, Validation (Z) = 0.88886
Epoch 44: Loss = 0.23462, Training (Code) = 0.88994, Validation (Code) = 0.88975, Training (X) = 0.88677, Validation (X) = 0.88723, Training (Z) = 0.88791, Validation (Z) = 0.88639
Epoch 45: Loss = 0.23438, Training (Code) = 0.89098, Validation (Code) = 0.88867, Training (X) = 0.88699, Validation (X) = 0.88532, Training (Z) = 0.88568, Validation (Z) = 0.88757
Epoch 46: Loss = 0.23413, Training (Code) = 0.89285, Validation (Code) = 0.8905, Training (X) = 0.8863, Validation (X) = 0.88958, Training (Z) = 0.88564, Validation (Z) = 0.88892
Epoch 47: Loss = 0.23387, Training (Code) = 0.8899, Validation (Code) = 0.89167, Training (X) = 0.88849, Validation (X) = 0.88393, Training (Z) = 0.88622, Validation (Z) = 0.88505
Epoch 48: Loss = 0.23361, Training (Code) = 0.89235, Validation (Code) = 0.88817, Training (X) = 0.88717, Validation (X) = 0.88497, Training (Z) = 0.8857, Validation (Z) = 0.88666
Epoch 49: Loss = 0.23334, Training (Code) = 0.89131, Validation (Code) = 0.89267, Training (X) = 0.88886, Validation (X) = 0.88536, Training (Z) = 0.88507, Validation (Z) = 0.88686
Epoch 50: Loss = 0.23307, Training (Code) = 0.8919, Validation (Code) = 0.88883, Training (X) = 0.88617, Validation (X) = 0.88571, Training (Z) = 0.88529, Validation (Z) = 0.88627
Epoch 51: Loss = 0.23279, Training (Code) = 0.89219, Validation (Code) = 0.88767, Training (X) = 0.88782, Validation (X) = 0.88631, Training (Z) = 0.88694, Validation (Z) = 0.88228
Epoch 52: Loss = 0.23252, Training (Code) = 0.89365, Validation (Code) = 0.88958, Training (X) = 0.8877, Validation (X) = 0.8889, Training (Z) = 0.88677, Validation (Z) = 0.88422
Epoch 53: Loss = 0.23223, Training (Code) = 0.89235, Validation (Code) = 0.89692, Training (X) = 0.88654, Validation (X) = 0.8821, Training (Z) = 0.88514, Validation (Z) = 0.8833
Epoch 54: Loss = 0.23195, Training (Code) = 0.89129, Validation (Code) = 0.89458, Training (X) = 0.88949, Validation (X) = 0.88458, Training (Z) = 0.88563, Validation (Z) = 0.88579
Epoch 55: Loss = 0.23166, Training (Code) = 0.894, Validation (Code) = 0.89442, Training (X) = 0.88784, Validation (X) = 0.88596, Training (Z) = 0.88432, Validation (Z) = 0.8867
Epoch 56: Loss = 0.23137, Training (Code) = 0.89371, Validation (Code) = 0.89258, Training (X) = 0.88664, Validation (X) = 0.88479, Training (Z) = 0.88692, Validation (Z) = 0.88582
Epoch 57: Loss = 0.23108, Training (Code) = 0.89354, Validation (Code) = 0.89208, Training (X) = 0.88655, Validation (X) = 0.88417, Training (Z) = 0.88664, Validation (Z) = 0.88379
Epoch 58: Loss = 0.23079, Training (Code) = 0.89271, Validation (Code) = 0.89425, Training (X) = 0.88768, Validation (X) = 0.88519, Training (Z) = 0.88499, Validation (Z) = 0.88631
Epoch 59: Loss = 0.23049, Training (Code) = 0.8944, Validation (Code) = 0.89075, Training (X) = 0.88721, Validation (X) = 0.88848, Training (Z) = 0.88533, Validation (Z) = 0.88904
Epoch 60: Loss = 0.2302, Training (Code) = 0.89446, Validation (Code) = 0.89575, Training (X) = 0.8882, Validation (X) = 0.88548, Training (Z) = 0.88629, Validation (Z) = 0.88511
Epoch 61: Loss = 0.22991, Training (Code) = 0.89498, Validation (Code) = 0.89783, Training (X) = 0.88729, Validation (X) = 0.88454, Training (Z) = 0.88456, Validation (Z) = 0.88676
Epoch 62: Loss = 0.22962, Training (Code) = 0.89348, Validation (Code) = 0.89417, Training (X) = 0.88703, Validation (X) = 0.88714, Training (Z) = 0.88843, Validation (Z) = 0.88332
Epoch 63: Loss = 0.22933, Training (Code) = 0.89615, Validation (Code) = 0.89208, Training (X) = 0.88743, Validation (X) = 0.88809, Training (Z) = 0.88527, Validation (Z) = 0.8894
Epoch 64: Loss = 0.22905, Training (Code) = 0.89444, Validation (Code) = 0.89417, Training (X) = 0.88897, Validation (X) = 0.88583, Training (Z) = 0.88573, Validation (Z) = 0.88826
Epoch 65: Loss = 0.22877, Training (Code) = 0.89425, Validation (Code) = 0.89633, Training (X) = 0.88892, Validation (X) = 0.88406, Training (Z) = 0.88629, Validation (Z) = 0.88602
Epoch 66: Loss = 0.22851, Training (Code) = 0.89654, Validation (Code) = 0.89342, Training (X) = 0.88676, Validation (X) = 0.88499, Training (Z) = 0.88623, Validation (Z) = 0.88462
Epoch 67: Loss = 0.22825, Training (Code) = 0.89544, Validation (Code) = 0.89567, Training (X) = 0.88714, Validation (X) = 0.88612, Training (Z) = 0.88637, Validation (Z) = 0.88286
Epoch 68: Loss = 0.228, Training (Code) = 0.89433, Validation (Code) = 0.89325, Training (X) = 0.88928, Validation (X) = 0.88777, Training (Z) = 0.88702, Validation (Z) = 0.88665
Epoch 69: Loss = 0.22776, Training (Code) = 0.89654, Validation (Code) = 0.89283, Training (X) = 0.88709, Validation (X) = 0.8879, Training (Z) = 0.88611, Validation (Z) = 0.88641
Epoch 70: Loss = 0.22753, Training (Code) = 0.89367, Validation (Code) = 0.89733, Training (X) = 0.88948, Validation (X) = 0.88819, Training (Z) = 0.8874, Validation (Z) = 0.88577
Epoch 71: Loss = 0.22731, Training (Code) = 0.89542, Validation (Code) = 0.89192, Training (X) = 0.8899, Validation (X) = 0.8848, Training (Z) = 0.88774, Validation (Z) = 0.88854
Epoch 72: Loss = 0.22711, Training (Code) = 0.89558, Validation (Code) = 0.89375, Training (X) = 0.88783, Validation (X) = 0.88662, Training (Z) = 0.88743, Validation (Z) = 0.88448
Epoch 73: Loss = 0.22691, Training (Code) = 0.89692, Validation (Code) = 0.89217, Training (X) = 0.88751, Validation (X) = 0.88866, Training (Z) = 0.88663, Validation (Z) = 0.88894
Epoch 74: Loss = 0.22673, Training (Code) = 0.89617, Validation (Code) = 0.89658, Training (X) = 0.88718, Validation (X) = 0.88661, Training (Z) = 0.88637, Validation (Z) = 0.88596
Epoch 75: Loss = 0.22655, Training (Code) = 0.89602, Validation (Code) = 0.89767, Training (X) = 0.88712, Validation (X) = 0.88804, Training (Z) = 0.88591, Validation (Z) = 0.88609
Epoch 76: Loss = 0.22639, Training (Code) = 0.89631, Validation (Code) = 0.89692, Training (X) = 0.88766, Validation (X) = 0.88879, Training (Z) = 0.88871, Validation (Z) = 0.8846
Epoch 77: Loss = 0.22623, Training (Code) = 0.89654, Validation (Code) = 0.8945, Training (X) = 0.88744, Validation (X) = 0.88709, Training (Z) = 0.88649, Validation (Z) = 0.88886
Epoch 78: Loss = 0.22609, Training (Code) = 0.89581, Validation (Code) = 0.896, Training (X) = 0.88611, Validation (X) = 0.88663, Training (Z) = 0.8866, Validation (Z) = 0.88756
Epoch 79: Loss = 0.22596, Training (Code) = 0.89706, Validation (Code) = 0.8935, Training (X) = 0.88915, Validation (X) = 0.89172, Training (Z) = 0.88667, Validation (Z) = 0.88715
Epoch 80: Loss = 0.22584, Training (Code) = 0.90079, Validation (Code) = 0.89275, Training (X) = 0.8876, Validation (X) = 0.88892, Training (Z) = 0.88552, Validation (Z) = 0.88509
Epoch 81: Loss = 0.22572, Training (Code) = 0.897, Validation (Code) = 0.89592, Training (X) = 0.88947, Validation (X) = 0.88541, Training (Z) = 0.8874, Validation (Z) = 0.88615
Epoch 82: Loss = 0.22562, Training (Code) = 0.8975, Validation (Code) = 0.89667, Training (X) = 0.88742, Validation (X) = 0.88401, Training (Z) = 0.8863, Validation (Z) = 0.88699
Epoch 83: Loss = 0.22552, Training (Code) = 0.90073, Validation (Code) = 0.90075, Training (X) = 0.88655, Validation (X) = 0.88593, Training (Z) = 0.88354, Validation (Z) = 0.88454
Epoch 84: Loss = 0.22544, Training (Code) = 0.89573, Validation (Code) = 0.9, Training (X) = 0.8881, Validation (X) = 0.88315, Training (Z) = 0.88694, Validation (Z) = 0.88481
Epoch 85: Loss = 0.22536, Training (Code) = 0.89679, Validation (Code) = 0.89833, Training (X) = 0.88912, Validation (X) = 0.88952, Training (Z) = 0.8851, Validation (Z) = 0.88609
Epoch 86: Loss = 0.22529, Training (Code) = 0.89667, Validation (Code) = 0.89342, Training (X) = 0.88841, Validation (X) = 0.88835, Training (Z) = 0.88859, Validation (Z) = 0.88891
Epoch 87: Loss = 0.22523, Training (Code) = 0.89944, Validation (Code) = 0.89483, Training (X) = 0.88933, Validation (X) = 0.88778, Training (Z) = 0.88657, Validation (Z) = 0.88881
Epoch 88: Loss = 0.22517, Training (Code) = 0.89821, Validation (Code) = 0.89658, Training (X) = 0.88862, Validation (X) = 0.88921, Training (Z) = 0.88572, Validation (Z) = 0.88893
Epoch 89: Loss = 0.22512, Training (Code) = 0.8976, Validation (Code) = 0.89617, Training (X) = 0.88855, Validation (X) = 0.88553, Training (Z) = 0.88643, Validation (Z) = 0.88218
Epoch 90: Loss = 0.22508, Training (Code) = 0.89744, Validation (Code) = 0.89633, Training (X) = 0.88748, Validation (X) = 0.8876, Training (Z) = 0.88729, Validation (Z) = 0.88546
Epoch 91: Loss = 0.22505, Training (Code) = 0.89929, Validation (Code) = 0.89467, Training (X) = 0.88799, Validation (X) = 0.88702, Training (Z) = 0.88482, Validation (Z) = 0.88254
Epoch 92: Loss = 0.22502, Training (Code) = 0.89548, Validation (Code) = 0.90025, Training (X) = 0.88861, Validation (X) = 0.88587, Training (Z) = 0.88626, Validation (Z) = 0.88753
Epoch 93: Loss = 0.22499, Training (Code) = 0.89819, Validation (Code) = 0.89642, Training (X) = 0.88764, Validation (X) = 0.88603, Training (Z) = 0.8875, Validation (Z) = 0.88473
Epoch 94: Loss = 0.22497, Training (Code) = 0.8989, Validation (Code) = 0.89642, Training (X) = 0.88924, Validation (X) = 0.88556, Training (Z) = 0.88562, Validation (Z) = 0.88779
Epoch 95: Loss = 0.22496, Training (Code) = 0.89963, Validation (Code) = 0.89708, Training (X) = 0.88731, Validation (X) = 0.88639, Training (Z) = 0.88599, Validation (Z) = 0.88732
Epoch 96: Loss = 0.22494, Training (Code) = 0.89794, Validation (Code) = 0.89842, Training (X) = 0.8901, Validation (X) = 0.88944, Training (Z) = 0.8871, Validation (Z) = 0.89055
Epoch 97: Loss = 0.22494, Training (Code) = 0.89746, Validation (Code) = 0.90083, Training (X) = 0.88895, Validation (X) = 0.8876, Training (Z) = 0.88772, Validation (Z) = 0.88418
Epoch 98: Loss = 0.22493, Training (Code) = 0.89863, Validation (Code) = 0.89733, Training (X) = 0.88802, Validation (X) = 0.88921, Training (Z) = 0.88863, Validation (Z) = 0.8841
Epoch 99: Loss = 0.22493, Training (Code) = 0.89863, Validation (Code) = 0.90133, Training (X) = 0.88788, Validation (X) = 0.88277, Training (Z) = 0.88564, Validation (Z) = 0.88563
Epoch 100: Loss = 0.22494, Training (Code) = 0.89958, Validation (Code) = 0.895, Training (X) = 0.88733, Validation (X) = 0.88799, Training (Z) = 0.88661, Validation (Z) = 0.88799
Epoch 101: Loss = 0.22494, Training (Code) = 0.89898, Validation (Code) = 0.89617, Training (X) = 0.88816, Validation (X) = 0.8886, Training (Z) = 0.88531, Validation (Z) = 0.88609
Epoch 102: Loss = 0.22495, Training (Code) = 0.89752, Validation (Code) = 0.89767, Training (X) = 0.88842, Validation (X) = 0.88628, Training (Z) = 0.8864, Validation (Z) = 0.88554
Epoch 103: Loss = 0.22496, Training (Code) = 0.89915, Validation (Code) = 0.89558, Training (X) = 0.89013, Validation (X) = 0.88462, Training (Z) = 0.88563, Validation (Z) = 0.88676
Epoch 104: Loss = 0.22497, Training (Code) = 0.89887, Validation (Code) = 0.89792, Training (X) = 0.88824, Validation (X) = 0.88613, Training (Z) = 0.88768, Validation (Z) = 0.8878
Epoch 105: Loss = 0.22499, Training (Code) = 0.89817, Validation (Code) = 0.89733, Training (X) = 0.88933, Validation (X) = 0.88707, Training (Z) = 0.88808, Validation (Z) = 0.88392
Epoch 106: Loss = 0.225, Training (Code) = 0.8994, Validation (Code) = 0.89758, Training (X) = 0.88914, Validation (X) = 0.88859, Training (Z) = 0.88819, Validation (Z) = 0.88571
Epoch 107: Loss = 0.22502, Training (Code) = 0.90012, Validation (Code) = 0.89958, Training (X) = 0.88752, Validation (X) = 0.8868, Training (Z) = 0.88617, Validation (Z) = 0.88736
Epoch 108: Loss = 0.22503, Training (Code) = 0.8986, Validation (Code) = 0.9005, Training (X) = 0.88881, Validation (X) = 0.88368, Training (Z) = 0.88744, Validation (Z) = 0.88451
Epoch 109: Loss = 0.22505, Training (Code) = 0.89935, Validation (Code) = 0.89958, Training (X) = 0.88777, Validation (X) = 0.88837, Training (Z) = 0.88703, Validation (Z) = 0.88698
Epoch 110: Loss = 0.22506, Training (Code) = 0.901, Validation (Code) = 0.89775, Training (X) = 0.88873, Validation (X) = 0.88694, Training (Z) = 0.88575, Validation (Z) = 0.8887
Epoch 111: Loss = 0.22508, Training (Code) = 0.89965, Validation (Code) = 0.89658, Training (X) = 0.88898, Validation (X) = 0.88716, Training (Z) = 0.88627, Validation (Z) = 0.88781
Epoch 112: Loss = 0.2251, Training (Code) = 0.89927, Validation (Code) = 0.89983, Training (X) = 0.88755, Validation (X) = 0.88757, Training (Z) = 0.88729, Validation (Z) = 0.88831
Epoch 113: Loss = 0.22511, Training (Code) = 0.90071, Validation (Code) = 0.89433, Training (X) = 0.88678, Validation (X) = 0.88893, Training (Z) = 0.88502, Validation (Z) = 0.88623
Epoch 114: Loss = 0.22513, Training (Code) = 0.90052, Validation (Code) = 0.90042, Training (X) = 0.88757, Validation (X) = 0.88774, Training (Z) = 0.8875, Validation (Z) = 0.88404
Epoch 115: Loss = 0.22514, Training (Code) = 0.90023, Validation (Code) = 0.89758, Training (X) = 0.88778, Validation (X) = 0.88766, Training (Z) = 0.88651, Validation (Z) = 0.88618
Epoch 116: Loss = 0.22516, Training (Code) = 0.90104, Validation (Code) = 0.89717, Training (X) = 0.88696, Validation (X) = 0.88975, Training (Z) = 0.88809, Validation (Z) = 0.88417
Epoch 117: Loss = 0.22517, Training (Code) = 0.90108, Validation (Code) = 0.89533, Training (X) = 0.88798, Validation (X) = 0.88868, Training (Z) = 0.88641, Validation (Z) = 0.89036
Epoch 118: Loss = 0.22519, Training (Code) = 0.89948, Validation (Code) = 0.90383, Training (X) = 0.88982, Validation (X) = 0.88678, Training (Z) = 0.88764, Validation (Z) = 0.88659
Epoch 119: Loss = 0.22521, Training (Code) = 0.8999, Validation (Code) = 0.8965, Training (X) = 0.88888, Validation (X) = 0.88567, Training (Z) = 0.88624, Validation (Z) = 0.88613
Epoch 120: Loss = 0.22522, Training (Code) = 0.90096, Validation (Code) = 0.89692, Training (X) = 0.88813, Validation (X) = 0.88999, Training (Z) = 0.8869, Validation (Z) = 0.88758
Epoch 121: Loss = 0.22524, Training (Code) = 0.89948, Validation (Code) = 0.90033, Training (X) = 0.88938, Validation (X) = 0.88847, Training (Z) = 0.88741, Validation (Z) = 0.88615
Epoch 122: Loss = 0.22525, Training (Code) = 0.89863, Validation (Code) = 0.89958, Training (X) = 0.88863, Validation (X) = 0.88791, Training (Z) = 0.887, Validation (Z) = 0.88754
Epoch 123: Loss = 0.22527, Training (Code) = 0.90167, Validation (Code) = 0.90292, Training (X) = 0.8875, Validation (X) = 0.88574, Training (Z) = 0.88549, Validation (Z) = 0.88454
Epoch 124: Loss = 0.22529, Training (Code) = 0.90025, Validation (Code) = 0.898, Training (X) = 0.88897, Validation (X) = 0.88846, Training (Z) = 0.88788, Validation (Z) = 0.88799
Epoch 125: Loss = 0.2253, Training (Code) = 0.90027, Validation (Code) = 0.90058, Training (X) = 0.88793, Validation (X) = 0.88739, Training (Z) = 0.8876, Validation (Z) = 0.88369
Epoch 126: Loss = 0.22532, Training (Code) = 0.90038, Validation (Code) = 0.8995, Training (X) = 0.8872, Validation (X) = 0.88883, Training (Z) = 0.88623, Validation (Z) = 0.8866
Epoch 127: Loss = 0.22534, Training (Code) = 0.90183, Validation (Code) = 0.89967, Training (X) = 0.88798, Validation (X) = 0.88533, Training (Z) = 0.88667, Validation (Z) = 0.88876
Epoch 128: Loss = 0.22536, Training (Code) = 0.90035, Validation (Code) = 0.90092, Training (X) = 0.88852, Validation (X) = 0.88891, Training (Z) = 0.88764, Validation (Z) = 0.8865
Epoch 129: Loss = 0.22537, Training (Code) = 0.90217, Validation (Code) = 0.8985, Training (X) = 0.89133, Validation (X) = 0.88509, Training (Z) = 0.88779, Validation (Z) = 0.88666
Epoch 130: Loss = 0.22539, Training (Code) = 0.90152, Validation (Code) = 0.901, Training (X) = 0.88663, Validation (X) = 0.88901, Training (Z) = 0.88771, Validation (Z) = 0.88476
Epoch 131: Loss = 0.22541, Training (Code) = 0.90027, Validation (Code) = 0.89925, Training (X) = 0.88807, Validation (X) = 0.88889, Training (Z) = 0.88628, Validation (Z) = 0.88694
Epoch 132: Loss = 0.22543, Training (Code) = 0.9, Validation (Code) = 0.90192, Training (X) = 0.88785, Validation (X) = 0.88626, Training (Z) = 0.88669, Validation (Z) = 0.88571
Epoch 133: Loss = 0.22544, Training (Code) = 0.901, Validation (Code) = 0.90092, Training (X) = 0.88799, Validation (X) = 0.88364, Training (Z) = 0.88767, Validation (Z) = 0.88669
Epoch 134: Loss = 0.22546, Training (Code) = 0.90183, Validation (Code) = 0.89667, Training (X) = 0.88905, Validation (X) = 0.88894, Training (Z) = 0.88752, Validation (Z) = 0.88866
Epoch 135: Loss = 0.22548, Training (Code) = 0.89956, Validation (Code) = 0.899, Training (X) = 0.89034, Validation (X) = 0.88673, Training (Z) = 0.88833, Validation (Z) = 0.88478
Epoch 136: Loss = 0.22549, Training (Code) = 0.90031, Validation (Code) = 0.89658, Training (X) = 0.88874, Validation (X) = 0.88939, Training (Z) = 0.88735, Validation (Z) = 0.88744
Epoch 137: Loss = 0.22551, Training (Code) = 0.89881, Validation (Code) = 0.90558, Training (X) = 0.88877, Validation (X) = 0.88194, Training (Z) = 0.8868, Validation (Z) = 0.88543
Epoch 138: Loss = 0.22553, Training (Code) = 0.90223, Validation (Code) = 0.8985, Training (X) = 0.88852, Validation (X) = 0.88796, Training (Z) = 0.88625, Validation (Z) = 0.88267
Epoch 139: Loss = 0.22554, Training (Code) = 0.90192, Validation (Code) = 0.90125, Training (X) = 0.88869, Validation (X) = 0.88729, Training (Z) = 0.88748, Validation (Z) = 0.88608
Epoch 140: Loss = 0.22555, Training (Code) = 0.89942, Validation (Code) = 0.899, Training (X) = 0.8875, Validation (X) = 0.88756, Training (Z) = 0.88588, Validation (Z) = 0.88765
Epoch 141: Loss = 0.22557, Training (Code) = 0.9004, Validation (Code) = 0.89908, Training (X) = 0.88665, Validation (X) = 0.88692, Training (Z) = 0.88845, Validation (Z) = 0.88544
Epoch 142: Loss = 0.22558, Training (Code) = 0.9021, Validation (Code) = 0.90208, Training (X) = 0.88785, Validation (X) = 0.88684, Training (Z) = 0.88755, Validation (Z) = 0.8849
Epoch 143: Loss = 0.22559, Training (Code) = 0.90138, Validation (Code) = 0.89892, Training (X) = 0.8873, Validation (X) = 0.88811, Training (Z) = 0.88827, Validation (Z) = 0.88505
Epoch 144: Loss = 0.2256, Training (Code) = 0.89902, Validation (Code) = 0.9005, Training (X) = 0.89085, Validation (X) = 0.88571, Training (Z) = 0.88796, Validation (Z) = 0.88423
Epoch 145: Loss = 0.22561, Training (Code) = 0.90098, Validation (Code) = 0.89967, Training (X) = 0.88799, Validation (X) = 0.88811, Training (Z) = 0.88762, Validation (Z) = 0.88514
Epoch 146: Loss = 0.22562, Training (Code) = 0.90058, Validation (Code) = 0.8975, Training (X) = 0.89021, Validation (X) = 0.88849, Training (Z) = 0.88669, Validation (Z) = 0.88524
Epoch 147: Loss = 0.22563, Training (Code) = 0.90121, Validation (Code) = 0.89725, Training (X) = 0.88982, Validation (X) = 0.88781, Training (Z) = 0.88717, Validation (Z) = 0.88771
Epoch 148: Loss = 0.22563, Training (Code) = 0.90081, Validation (Code) = 0.8945, Training (X) = 0.88781, Validation (X) = 0.88942, Training (Z) = 0.88758, Validation (Z) = 0.88597
Epoch 149: Loss = 0.22563, Training (Code) = 0.89977, Validation (Code) = 0.89883, Training (X) = 0.88826, Validation (X) = 0.88865, Training (Z) = 0.88928, Validation (Z) = 0.88569
Epoch 150: Loss = 0.22563, Training (Code) = 0.90175, Validation (Code) = 0.89525, Training (X) = 0.88827, Validation (X) = 0.88942, Training (Z) = 0.88499, Validation (Z) = 0.88709
Epoch 151: Loss = 0.22563, Training (Code) = 0.89754, Validation (Code) = 0.89667, Training (X) = 0.89033, Validation (X) = 0.88773, Training (Z) = 0.88865, Validation (Z) = 0.88764
Epoch 152: Loss = 0.22563, Training (Code) = 0.89915, Validation (Code) = 0.90025, Training (X) = 0.8876, Validation (X) = 0.88762, Training (Z) = 0.88851, Validation (Z) = 0.88624
Epoch 153: Loss = 0.22563, Training (Code) = 0.90004, Validation (Code) = 0.90108, Training (X) = 0.88903, Validation (X) = 0.88791, Training (Z) = 0.8873, Validation (Z) = 0.88551
Epoch 154: Loss = 0.22562, Training (Code) = 0.90179, Validation (Code) = 0.89725, Training (X) = 0.88911, Validation (X) = 0.89003, Training (Z) = 0.88698, Validation (Z) = 0.88669
Epoch 155: Loss = 0.22561, Training (Code) = 0.9014, Validation (Code) = 0.90183, Training (X) = 0.88915, Validation (X) = 0.8857, Training (Z) = 0.88705, Validation (Z) = 0.88875
Epoch 156: Loss = 0.2256, Training (Code) = 0.90192, Validation (Code) = 0.90175, Training (X) = 0.88788, Validation (X) = 0.88578, Training (Z) = 0.8864, Validation (Z) = 0.88541
Epoch 157: Loss = 0.22559, Training (Code) = 0.89956, Validation (Code) = 0.89392, Training (X) = 0.88881, Validation (X) = 0.88962, Training (Z) = 0.88763, Validation (Z) = 0.88981
Epoch 158: Loss = 0.22558, Training (Code) = 0.89925, Validation (Code) = 0.90433, Training (X) = 0.89023, Validation (X) = 0.88776, Training (Z) = 0.88673, Validation (Z) = 0.88509
Epoch 159: Loss = 0.22556, Training (Code) = 0.9015, Validation (Code) = 0.89725, Training (X) = 0.88817, Validation (X) = 0.88706, Training (Z) = 0.88686, Validation (Z) = 0.88651
Epoch 160: Loss = 0.22555, Training (Code) = 0.90056, Validation (Code) = 0.8965, Training (X) = 0.89037, Validation (X) = 0.88901, Training (Z) = 0.88683, Validation (Z) = 0.89004
Epoch 161: Loss = 0.22553, Training (Code) = 0.90029, Validation (Code) = 0.90442, Training (X) = 0.88698, Validation (X) = 0.88602, Training (Z) = 0.88682, Validation (Z) = 0.88529
Epoch 162: Loss = 0.22552, Training (Code) = 0.9024, Validation (Code) = 0.89958, Training (X) = 0.88826, Validation (X) = 0.88939, Training (Z) = 0.88655, Validation (Z) = 0.888
Epoch 163: Loss = 0.22551, Training (Code) = 0.9021, Validation (Code) = 0.895, Training (X) = 0.887, Validation (X) = 0.89022, Training (Z) = 0.88612, Validation (Z) = 0.88724
Epoch 164: Loss = 0.22549, Training (Code) = 0.90169, Validation (Code) = 0.8965, Training (X) = 0.8885, Validation (X) = 0.88632, Training (Z) = 0.88882, Validation (Z) = 0.88808
Epoch 165: Loss = 0.22548, Training (Code) = 0.90085, Validation (Code) = 0.8985, Training (X) = 0.88879, Validation (X) = 0.88787, Training (Z) = 0.88744, Validation (Z) = 0.88583
Epoch 166: Loss = 0.22547, Training (Code) = 0.90065, Validation (Code) = 0.90042, Training (X) = 0.88987, Validation (X) = 0.88968, Training (Z) = 0.88612, Validation (Z) = 0.88385
Epoch 167: Loss = 0.22546, Training (Code) = 0.89994, Validation (Code) = 0.90142, Training (X) = 0.8893, Validation (X) = 0.88703, Training (Z) = 0.88747, Validation (Z) = 0.88583
Epoch 168: Loss = 0.22545, Training (Code) = 0.90108, Validation (Code) = 0.9005, Training (X) = 0.88743, Validation (X) = 0.88608, Training (Z) = 0.88812, Validation (Z) = 0.88608
Epoch 169: Loss = 0.22544, Training (Code) = 0.90131, Validation (Code) = 0.90158, Training (X) = 0.88998, Validation (X) = 0.88871, Training (Z) = 0.88632, Validation (Z) = 0.8877
Epoch 170: Loss = 0.22544, Training (Code) = 0.89975, Validation (Code) = 0.89808, Training (X) = 0.88853, Validation (X) = 0.89171, Training (Z) = 0.88897, Validation (Z) = 0.88745
Epoch 171: Loss = 0.22543, Training (Code) = 0.901, Validation (Code) = 0.89967, Training (X) = 0.88887, Validation (X) = 0.88616, Training (Z) = 0.88744, Validation (Z) = 0.88598
Epoch 172: Loss = 0.22543, Training (Code) = 0.90204, Validation (Code) = 0.89783, Training (X) = 0.89006, Validation (X) = 0.89159, Training (Z) = 0.88732, Validation (Z) = 0.88547
Epoch 173: Loss = 0.22543, Training (Code) = 0.90025, Validation (Code) = 0.899, Training (X) = 0.8885, Validation (X) = 0.89034, Training (Z) = 0.88589, Validation (Z) = 0.88459
Epoch 174: Loss = 0.22543, Training (Code) = 0.89873, Validation (Code) = 0.89833, Training (X) = 0.8898, Validation (X) = 0.88701, Training (Z) = 0.88915, Validation (Z) = 0.89063
Epoch 175: Loss = 0.22544, Training (Code) = 0.89942, Validation (Code) = 0.90192, Training (X) = 0.89023, Validation (X) = 0.8882, Training (Z) = 0.88791, Validation (Z) = 0.887
Epoch 176: Loss = 0.22545, Training (Code) = 0.8999, Validation (Code) = 0.90075, Training (X) = 0.88957, Validation (X) = 0.88695, Training (Z) = 0.88922, Validation (Z) = 0.88528
Epoch 177: Loss = 0.22546, Training (Code) = 0.90108, Validation (Code) = 0.89992, Training (X) = 0.8874, Validation (X) = 0.88767, Training (Z) = 0.88812, Validation (Z) = 0.88582
Epoch 178: Loss = 0.22547, Training (Code) = 0.90102, Validation (Code) = 0.89642, Training (X) = 0.88959, Validation (X) = 0.88631, Training (Z) = 0.88596, Validation (Z) = 0.88714
Epoch 179: Loss = 0.22548, Training (Code) = 0.90112, Validation (Code) = 0.90025, Training (X) = 0.89044, Validation (X) = 0.88744, Training (Z) = 0.88729, Validation (Z) = 0.88827
Epoch 180: Loss = 0.2255, Training (Code) = 0.90169, Validation (Code) = 0.89833, Training (X) = 0.889, Validation (X) = 0.88636, Training (Z) = 0.88718, Validation (Z) = 0.88349
Epoch 181: Loss = 0.22552, Training (Code) = 0.90017, Validation (Code) = 0.89808, Training (X) = 0.89129, Validation (X) = 0.88782, Training (Z) = 0.88949, Validation (Z) = 0.88642
Epoch 182: Loss = 0.22554, Training (Code) = 0.90158, Validation (Code) = 0.90108, Training (X) = 0.89001, Validation (X) = 0.8905, Training (Z) = 0.88559, Validation (Z) = 0.88486
Epoch 183: Loss = 0.22556, Training (Code) = 0.90146, Validation (Code) = 0.90117, Training (X) = 0.88821, Validation (X) = 0.8858, Training (Z) = 0.88687, Validation (Z) = 0.8882
Epoch 184: Loss = 0.22559, Training (Code) = 0.90221, Validation (Code) = 0.89992, Training (X) = 0.88944, Validation (X) = 0.88527, Training (Z) = 0.88741, Validation (Z) = 0.88601
Epoch 185: Loss = 0.22562, Training (Code) = 0.89912, Validation (Code) = 0.9005, Training (X) = 0.88994, Validation (X) = 0.88923, Training (Z) = 0.88813, Validation (Z) = 0.88719
Epoch 186: Loss = 0.22564, Training (Code) = 0.9036, Validation (Code) = 0.8985, Training (X) = 0.88862, Validation (X) = 0.88991, Training (Z) = 0.88578, Validation (Z) = 0.8874
Epoch 187: Loss = 0.22567, Training (Code) = 0.8994, Validation (Code) = 0.89875, Training (X) = 0.88965, Validation (X) = 0.8879, Training (Z) = 0.88729, Validation (Z) = 0.88975
Epoch 188: Loss = 0.22571, Training (Code) = 0.90019, Validation (Code) = 0.89842, Training (X) = 0.88988, Validation (X) = 0.88795, Training (Z) = 0.88725, Validation (Z) = 0.88721
Epoch 189: Loss = 0.22574, Training (Code) = 0.90158, Validation (Code) = 0.8965, Training (X) = 0.89003, Validation (X) = 0.89124, Training (Z) = 0.88636, Validation (Z) = 0.88994
Epoch 190: Loss = 0.22577, Training (Code) = 0.90023, Validation (Code) = 0.90192, Training (X) = 0.88943, Validation (X) = 0.88589, Training (Z) = 0.88852, Validation (Z) = 0.88783
Epoch 191: Loss = 0.2258, Training (Code) = 0.90281, Validation (Code) = 0.8995, Training (X) = 0.88845, Validation (X) = 0.88873, Training (Z) = 0.88734, Validation (Z) = 0.88586
Epoch 192: Loss = 0.22583, Training (Code) = 0.90154, Validation (Code) = 0.89967, Training (X) = 0.8901, Validation (X) = 0.88977, Training (Z) = 0.88711, Validation (Z) = 0.88903
Epoch 193: Loss = 0.22586, Training (Code) = 0.89987, Validation (Code) = 0.89825, Training (X) = 0.88809, Validation (X) = 0.88812, Training (Z) = 0.88927, Validation (Z) = 0.88793
Epoch 194: Loss = 0.22588, Training (Code) = 0.90108, Validation (Code) = 0.90175, Training (X) = 0.88997, Validation (X) = 0.88846, Training (Z) = 0.88676, Validation (Z) = 0.88716
Epoch 195: Loss = 0.2259, Training (Code) = 0.90154, Validation (Code) = 0.90125, Training (X) = 0.88806, Validation (X) = 0.89052, Training (Z) = 0.88762, Validation (Z) = 0.88608
Epoch 196: Loss = 0.22591, Training (Code) = 0.90181, Validation (Code) = 0.89975, Training (X) = 0.88886, Validation (X) = 0.88599, Training (Z) = 0.88856, Validation (Z) = 0.88552
Epoch 197: Loss = 0.22591, Training (Code) = 0.90244, Validation (Code) = 0.89992, Training (X) = 0.88764, Validation (X) = 0.88527, Training (Z) = 0.88767, Validation (Z) = 0.88962
Epoch 198: Loss = 0.2259, Training (Code) = 0.90133, Validation (Code) = 0.90075, Training (X) = 0.88804, Validation (X) = 0.88815, Training (Z) = 0.88688, Validation (Z) = 0.88796
Epoch 199: Loss = 0.22588, Training (Code) = 0.90171, Validation (Code) = 0.89808, Training (X) = 0.89005, Validation (X) = 0.88977, Training (Z) = 0.88799, Validation (Z) = 0.88995
Epoch 200: Loss = 0.22584, Training (Code) = 0.90085, Validation (Code) = 0.90325, Training (X) = 0.88853, Validation (X) = 0.88597, Training (Z) = 0.88564, Validation (Z) = 0.88735
