==========================================
SLURM_JOB_ID = 6156120
SLURM_JOB_NODELIST = d18-30
TMPDIR = /tmp/SLURM_6156120
==========================================
10_10_15_01_10_462 [22, 24, 26, 28, 30, 32, 34, 36, 38, 40, 42, 44, 46] [Tanh(), Tanh(), Tanh(), Tanh(), Tanh(), Tanh(), Tanh(), Tanh(), Tanh(), Tanh(), Tanh(), Tanh(), Sigmoid()] 100 0.001 15
Epoch 1: Loss = 0.42306, Training (Code) = 0.12673, Validation (Code) = 0.12471, Training (X) = 1.0, Validation (X) = 1.0, Training (Z) = 1.0, Validation (Z) = 1.0
Epoch 2: Loss = 0.42317, Training (Code) = 0.12504, Validation (Code) = 0.12717, Training (X) = 1.0, Validation (X) = 1.0, Training (Z) = 1.0, Validation (Z) = 1.0
Epoch 3: Loss = 0.42317, Training (Code) = 0.12599, Validation (Code) = 0.12371, Training (X) = 1.0, Validation (X) = 1.0, Training (Z) = 1.0, Validation (Z) = 1.0
Epoch 4: Loss = 0.42317, Training (Code) = 0.12598, Validation (Code) = 0.126, Training (X) = 1.0, Validation (X) = 1.0, Training (Z) = 1.0, Validation (Z) = 0.99967
Epoch 5: Loss = 0.42317, Training (Code) = 0.12561, Validation (Code) = 0.12829, Training (X) = 1.0, Validation (X) = 1.0, Training (Z) = 1.0, Validation (Z) = 0.99968
Epoch 6: Loss = 0.42317, Training (Code) = 0.12655, Validation (Code) = 0.12592, Training (X) = 1.0, Validation (X) = 1.0, Training (Z) = 1.0, Validation (Z) = 1.0
Epoch 7: Loss = 0.42317, Training (Code) = 0.12749, Validation (Code) = 0.12579, Training (X) = 1.0, Validation (X) = 1.0, Training (Z) = 1.0, Validation (Z) = 1.0
Epoch 8: Loss = 0.42317, Training (Code) = 0.12694, Validation (Code) = 0.123, Training (X) = 0.99992, Validation (X) = 1.0, Training (Z) = 1.0, Validation (Z) = 1.0
Epoch 9: Loss = 0.42317, Training (Code) = 0.12694, Validation (Code) = 0.127, Training (X) = 1.0, Validation (X) = 1.0, Training (Z) = 1.0, Validation (Z) = 0.99967
Epoch 10: Loss = 0.42317, Training (Code) = 0.12661, Validation (Code) = 0.12483, Training (X) = 1.0, Validation (X) = 1.0, Training (Z) = 1.0, Validation (Z) = 1.0
Epoch 11: Loss = 0.42317, Training (Code) = 0.12605, Validation (Code) = 0.12683, Training (X) = 1.0, Validation (X) = 1.0, Training (Z) = 1.0, Validation (Z) = 1.0
Epoch 12: Loss = 0.42317, Training (Code) = 0.12736, Validation (Code) = 0.12475, Training (X) = 1.0, Validation (X) = 1.0, Training (Z) = 0.99992, Validation (Z) = 1.0
Epoch 13: Loss = 0.42317, Training (Code) = 0.12667, Validation (Code) = 0.12408, Training (X) = 0.99992, Validation (X) = 1.0, Training (Z) = 1.0, Validation (Z) = 1.0
Epoch 14: Loss = 0.42317, Training (Code) = 0.12682, Validation (Code) = 0.12746, Training (X) = 1.0, Validation (X) = 1.0, Training (Z) = 1.0, Validation (Z) = 1.0
Epoch 15: Loss = 0.42317, Training (Code) = 0.12548, Validation (Code) = 0.12521, Training (X) = 0.99992, Validation (X) = 1.0, Training (Z) = 0.99992, Validation (Z) = 1.0
Epoch 16: Loss = 0.42317, Training (Code) = 0.12598, Validation (Code) = 0.125, Training (X) = 1.0, Validation (X) = 1.0, Training (Z) = 1.0, Validation (Z) = 1.0
Epoch 17: Loss = 0.42317, Training (Code) = 0.12689, Validation (Code) = 0.12458, Training (X) = 1.0, Validation (X) = 1.0, Training (Z) = 0.99992, Validation (Z) = 1.0
Epoch 18: Loss = 0.42317, Training (Code) = 0.12501, Validation (Code) = 0.12462, Training (X) = 1.0, Validation (X) = 1.0, Training (Z) = 1.0, Validation (Z) = 1.0
Epoch 19: Loss = 0.42317, Training (Code) = 0.12609, Validation (Code) = 0.12433, Training (X) = 1.0, Validation (X) = 1.0, Training (Z) = 1.0, Validation (Z) = 0.99966
Epoch 20: Loss = 0.42317, Training (Code) = 0.12728, Validation (Code) = 0.126, Training (X) = 1.0, Validation (X) = 1.0, Training (Z) = 1.0, Validation (Z) = 1.0
Epoch 21: Loss = 0.42317, Training (Code) = 0.12622, Validation (Code) = 0.12683, Training (X) = 1.0, Validation (X) = 1.0, Training (Z) = 1.0, Validation (Z) = 1.0
Epoch 22: Loss = 0.42317, Training (Code) = 0.1271, Validation (Code) = 0.12554, Training (X) = 1.0, Validation (X) = 1.0, Training (Z) = 1.0, Validation (Z) = 1.0
Epoch 23: Loss = 0.42317, Training (Code) = 0.12567, Validation (Code) = 0.12496, Training (X) = 1.0, Validation (X) = 1.0, Training (Z) = 1.0, Validation (Z) = 1.0
Epoch 24: Loss = 0.42317, Training (Code) = 0.12508, Validation (Code) = 0.12725, Training (X) = 1.0, Validation (X) = 1.0, Training (Z) = 1.0, Validation (Z) = 1.0
Epoch 25: Loss = 0.42317, Training (Code) = 0.127, Validation (Code) = 0.1265, Training (X) = 0.99992, Validation (X) = 1.0, Training (Z) = 1.0, Validation (Z) = 1.0
Epoch 26: Loss = 0.42317, Training (Code) = 0.12618, Validation (Code) = 0.12537, Training (X) = 1.0, Validation (X) = 1.0, Training (Z) = 0.99992, Validation (Z) = 1.0
Epoch 27: Loss = 0.42317, Training (Code) = 0.12702, Validation (Code) = 0.12733, Training (X) = 1.0, Validation (X) = 1.0, Training (Z) = 1.0, Validation (Z) = 1.0
Epoch 28: Loss = 0.42317, Training (Code) = 0.12636, Validation (Code) = 0.12417, Training (X) = 1.0, Validation (X) = 1.0, Training (Z) = 0.99992, Validation (Z) = 1.0
Epoch 29: Loss = 0.42317, Training (Code) = 0.12597, Validation (Code) = 0.12296, Training (X) = 1.0, Validation (X) = 1.0, Training (Z) = 1.0, Validation (Z) = 1.0
Epoch 30: Loss = 0.42317, Training (Code) = 0.12575, Validation (Code) = 0.12512, Training (X) = 1.0, Validation (X) = 1.0, Training (Z) = 1.0, Validation (Z) = 1.0
Epoch 31: Loss = 0.42317, Training (Code) = 0.12624, Validation (Code) = 0.12675, Training (X) = 0.99983, Validation (X) = 1.0, Training (Z) = 1.0, Validation (Z) = 1.0
Epoch 32: Loss = 0.42317, Training (Code) = 0.12582, Validation (Code) = 0.12562, Training (X) = 1.0, Validation (X) = 1.0, Training (Z) = 1.0, Validation (Z) = 1.0
Epoch 33: Loss = 0.42317, Training (Code) = 0.12706, Validation (Code) = 0.12529, Training (X) = 0.99992, Validation (X) = 1.0, Training (Z) = 0.99984, Validation (Z) = 1.0
Epoch 34: Loss = 0.42317, Training (Code) = 0.12578, Validation (Code) = 0.12787, Training (X) = 1.0, Validation (X) = 1.0, Training (Z) = 1.0, Validation (Z) = 1.0
Epoch 35: Loss = 0.42317, Training (Code) = 0.12643, Validation (Code) = 0.12521, Training (X) = 1.0, Validation (X) = 1.0, Training (Z) = 1.0, Validation (Z) = 1.0
Epoch 36: Loss = 0.42317, Training (Code) = 0.12732, Validation (Code) = 0.12671, Training (X) = 0.99992, Validation (X) = 0.99967, Training (Z) = 1.0, Validation (Z) = 1.0
Epoch 37: Loss = 0.42317, Training (Code) = 0.12654, Validation (Code) = 0.12446, Training (X) = 1.0, Validation (X) = 1.0, Training (Z) = 1.0, Validation (Z) = 1.0
Epoch 38: Loss = 0.42317, Training (Code) = 0.12701, Validation (Code) = 0.12658, Training (X) = 0.99992, Validation (X) = 1.0, Training (Z) = 1.0, Validation (Z) = 1.0
Epoch 39: Loss = 0.42317, Training (Code) = 0.12682, Validation (Code) = 0.12533, Training (X) = 0.99992, Validation (X) = 1.0, Training (Z) = 1.0, Validation (Z) = 1.0
Epoch 40: Loss = 0.42317, Training (Code) = 0.12621, Validation (Code) = 0.12567, Training (X) = 1.0, Validation (X) = 1.0, Training (Z) = 1.0, Validation (Z) = 0.99967
Epoch 41: Loss = 0.42317, Training (Code) = 0.12504, Validation (Code) = 0.1235, Training (X) = 0.99992, Validation (X) = 1.0, Training (Z) = 0.99992, Validation (Z) = 1.0
Epoch 42: Loss = 0.42317, Training (Code) = 0.12511, Validation (Code) = 0.12829, Training (X) = 1.0, Validation (X) = 1.0, Training (Z) = 1.0, Validation (Z) = 1.0
Epoch 43: Loss = 0.42317, Training (Code) = 0.12655, Validation (Code) = 0.12787, Training (X) = 1.0, Validation (X) = 1.0, Training (Z) = 1.0, Validation (Z) = 1.0
Epoch 44: Loss = 0.42317, Training (Code) = 0.12659, Validation (Code) = 0.12667, Training (X) = 1.0, Validation (X) = 1.0, Training (Z) = 1.0, Validation (Z) = 1.0
Epoch 45: Loss = 0.42317, Training (Code) = 0.12754, Validation (Code) = 0.12421, Training (X) = 1.0, Validation (X) = 1.0, Training (Z) = 1.0, Validation (Z) = 1.0
Epoch 46: Loss = 0.42317, Training (Code) = 0.12604, Validation (Code) = 0.12742, Training (X) = 1.0, Validation (X) = 1.0, Training (Z) = 1.0, Validation (Z) = 1.0
Epoch 47: Loss = 0.42317, Training (Code) = 0.12672, Validation (Code) = 0.1265, Training (X) = 0.99992, Validation (X) = 1.0, Training (Z) = 1.0, Validation (Z) = 1.0
Epoch 48: Loss = 0.42317, Training (Code) = 0.12578, Validation (Code) = 0.12529, Training (X) = 1.0, Validation (X) = 1.0, Training (Z) = 1.0, Validation (Z) = 1.0
Epoch 49: Loss = 0.42317, Training (Code) = 0.12654, Validation (Code) = 0.12587, Training (X) = 1.0, Validation (X) = 1.0, Training (Z) = 1.0, Validation (Z) = 1.0
Epoch 50: Loss = 0.42317, Training (Code) = 0.12577, Validation (Code) = 0.12733, Training (X) = 1.0, Validation (X) = 1.0, Training (Z) = 0.99992, Validation (Z) = 1.0
Epoch 51: Loss = 0.42317, Training (Code) = 0.12701, Validation (Code) = 0.12567, Training (X) = 1.0, Validation (X) = 1.0, Training (Z) = 1.0, Validation (Z) = 1.0
Epoch 52: Loss = 0.42317, Training (Code) = 0.12507, Validation (Code) = 0.12925, Training (X) = 1.0, Validation (X) = 1.0, Training (Z) = 0.99992, Validation (Z) = 1.0
Epoch 53: Loss = 0.42317, Training (Code) = 0.12514, Validation (Code) = 0.12587, Training (X) = 1.0, Validation (X) = 1.0, Training (Z) = 1.0, Validation (Z) = 1.0
Epoch 54: Loss = 0.42317, Training (Code) = 0.12633, Validation (Code) = 0.12292, Training (X) = 1.0, Validation (X) = 1.0, Training (Z) = 1.0, Validation (Z) = 1.0
Epoch 55: Loss = 0.42317, Training (Code) = 0.12664, Validation (Code) = 0.12529, Training (X) = 0.99992, Validation (X) = 1.0, Training (Z) = 1.0, Validation (Z) = 1.0
Epoch 56: Loss = 0.42317, Training (Code) = 0.12618, Validation (Code) = 0.12475, Training (X) = 0.99992, Validation (X) = 1.0, Training (Z) = 1.0, Validation (Z) = 1.0
Epoch 57: Loss = 0.42317, Training (Code) = 0.12586, Validation (Code) = 0.12771, Training (X) = 1.0, Validation (X) = 1.0, Training (Z) = 1.0, Validation (Z) = 0.99967
Epoch 58: Loss = 0.42317, Training (Code) = 0.12519, Validation (Code) = 0.12642, Training (X) = 0.99992, Validation (X) = 1.0, Training (Z) = 1.0, Validation (Z) = 1.0
Epoch 59: Loss = 0.42317, Training (Code) = 0.12396, Validation (Code) = 0.12596, Training (X) = 0.99992, Validation (X) = 1.0, Training (Z) = 1.0, Validation (Z) = 1.0
Epoch 60: Loss = 0.42317, Training (Code) = 0.12829, Validation (Code) = 0.12387, Training (X) = 1.0, Validation (X) = 1.0, Training (Z) = 1.0, Validation (Z) = 1.0
Epoch 61: Loss = 0.42317, Training (Code) = 0.12678, Validation (Code) = 0.12608, Training (X) = 0.99984, Validation (X) = 1.0, Training (Z) = 1.0, Validation (Z) = 1.0
Epoch 62: Loss = 0.42317, Training (Code) = 0.12639, Validation (Code) = 0.12454, Training (X) = 0.99992, Validation (X) = 1.0, Training (Z) = 1.0, Validation (Z) = 1.0
Epoch 63: Loss = 0.42317, Training (Code) = 0.12581, Validation (Code) = 0.12446, Training (X) = 1.0, Validation (X) = 1.0, Training (Z) = 1.0, Validation (Z) = 1.0
Epoch 64: Loss = 0.42317, Training (Code) = 0.12572, Validation (Code) = 0.12171, Training (X) = 1.0, Validation (X) = 1.0, Training (Z) = 1.0, Validation (Z) = 1.0
Epoch 65: Loss = 0.42317, Training (Code) = 0.12621, Validation (Code) = 0.12554, Training (X) = 0.99992, Validation (X) = 1.0, Training (Z) = 1.0, Validation (Z) = 1.0
Epoch 66: Loss = 0.42317, Training (Code) = 0.12643, Validation (Code) = 0.12337, Training (X) = 0.99984, Validation (X) = 1.0, Training (Z) = 1.0, Validation (Z) = 1.0
Epoch 67: Loss = 0.42317, Training (Code) = 0.12569, Validation (Code) = 0.12417, Training (X) = 1.0, Validation (X) = 1.0, Training (Z) = 1.0, Validation (Z) = 1.0
Epoch 68: Loss = 0.42317, Training (Code) = 0.12449, Validation (Code) = 0.12571, Training (X) = 1.0, Validation (X) = 1.0, Training (Z) = 1.0, Validation (Z) = 1.0
Epoch 69: Loss = 0.42317, Training (Code) = 0.12632, Validation (Code) = 0.12621, Training (X) = 0.99992, Validation (X) = 1.0, Training (Z) = 1.0, Validation (Z) = 1.0
Epoch 70: Loss = 0.42317, Training (Code) = 0.12486, Validation (Code) = 0.12629, Training (X) = 1.0, Validation (X) = 1.0, Training (Z) = 1.0, Validation (Z) = 1.0
Epoch 71: Loss = 0.42317, Training (Code) = 0.12708, Validation (Code) = 0.12571, Training (X) = 1.0, Validation (X) = 1.0, Training (Z) = 1.0, Validation (Z) = 1.0
Epoch 72: Loss = 0.42317, Training (Code) = 0.12696, Validation (Code) = 0.12633, Training (X) = 1.0, Validation (X) = 0.99967, Training (Z) = 1.0, Validation (Z) = 1.0
Epoch 73: Loss = 0.42317, Training (Code) = 0.12597, Validation (Code) = 0.12767, Training (X) = 1.0, Validation (X) = 1.0, Training (Z) = 0.99992, Validation (Z) = 1.0
Epoch 74: Loss = 0.42317, Training (Code) = 0.12644, Validation (Code) = 0.12546, Training (X) = 1.0, Validation (X) = 1.0, Training (Z) = 0.99992, Validation (Z) = 1.0
Epoch 75: Loss = 0.42317, Training (Code) = 0.1271, Validation (Code) = 0.12621, Training (X) = 0.99992, Validation (X) = 1.0, Training (Z) = 1.0, Validation (Z) = 1.0
Epoch 76: Loss = 0.42317, Training (Code) = 0.1258, Validation (Code) = 0.12596, Training (X) = 1.0, Validation (X) = 1.0, Training (Z) = 1.0, Validation (Z) = 1.0
Epoch 77: Loss = 0.42317, Training (Code) = 0.12658, Validation (Code) = 0.12612, Training (X) = 1.0, Validation (X) = 1.0, Training (Z) = 1.0, Validation (Z) = 1.0
Epoch 78: Loss = 0.42317, Training (Code) = 0.12739, Validation (Code) = 0.12779, Training (X) = 1.0, Validation (X) = 0.99967, Training (Z) = 1.0, Validation (Z) = 1.0
Epoch 79: Loss = 0.42317, Training (Code) = 0.12469, Validation (Code) = 0.12637, Training (X) = 1.0, Validation (X) = 1.0, Training (Z) = 1.0, Validation (Z) = 1.0
Epoch 80: Loss = 0.42317, Training (Code) = 0.12464, Validation (Code) = 0.12433, Training (X) = 1.0, Validation (X) = 1.0, Training (Z) = 1.0, Validation (Z) = 1.0
Epoch 81: Loss = 0.42317, Training (Code) = 0.12593, Validation (Code) = 0.12487, Training (X) = 1.0, Validation (X) = 1.0, Training (Z) = 0.99992, Validation (Z) = 1.0
Epoch 82: Loss = 0.42317, Training (Code) = 0.1267, Validation (Code) = 0.12829, Training (X) = 0.99992, Validation (X) = 0.99968, Training (Z) = 1.0, Validation (Z) = 1.0
Epoch 83: Loss = 0.42317, Training (Code) = 0.12622, Validation (Code) = 0.12383, Training (X) = 1.0, Validation (X) = 1.0, Training (Z) = 1.0, Validation (Z) = 1.0
Epoch 84: Loss = 0.42317, Training (Code) = 0.12526, Validation (Code) = 0.12458, Training (X) = 1.0, Validation (X) = 1.0, Training (Z) = 1.0, Validation (Z) = 1.0
Epoch 85: Loss = 0.42317, Training (Code) = 0.12558, Validation (Code) = 0.1265, Training (X) = 0.99992, Validation (X) = 1.0, Training (Z) = 1.0, Validation (Z) = 1.0
Epoch 86: Loss = 0.42317, Training (Code) = 0.12631, Validation (Code) = 0.12679, Training (X) = 1.0, Validation (X) = 1.0, Training (Z) = 1.0, Validation (Z) = 1.0
Epoch 87: Loss = 0.42317, Training (Code) = 0.12679, Validation (Code) = 0.12704, Training (X) = 1.0, Validation (X) = 1.0, Training (Z) = 1.0, Validation (Z) = 1.0
Epoch 88: Loss = 0.42317, Training (Code) = 0.12789, Validation (Code) = 0.12442, Training (X) = 0.99992, Validation (X) = 1.0, Training (Z) = 1.0, Validation (Z) = 1.0
Epoch 89: Loss = 0.42317, Training (Code) = 0.12676, Validation (Code) = 0.12467, Training (X) = 1.0, Validation (X) = 1.0, Training (Z) = 0.99992, Validation (Z) = 1.0
Epoch 90: Loss = 0.42317, Training (Code) = 0.12582, Validation (Code) = 0.12304, Training (X) = 1.0, Validation (X) = 1.0, Training (Z) = 1.0, Validation (Z) = 1.0
Epoch 91: Loss = 0.42317, Training (Code) = 0.12724, Validation (Code) = 0.12612, Training (X) = 1.0, Validation (X) = 1.0, Training (Z) = 1.0, Validation (Z) = 1.0
Epoch 92: Loss = 0.42317, Training (Code) = 0.12551, Validation (Code) = 0.12525, Training (X) = 1.0, Validation (X) = 1.0, Training (Z) = 0.99992, Validation (Z) = 1.0
Epoch 93: Loss = 0.42317, Training (Code) = 0.12615, Validation (Code) = 0.12596, Training (X) = 1.0, Validation (X) = 1.0, Training (Z) = 1.0, Validation (Z) = 1.0
Epoch 94: Loss = 0.42317, Training (Code) = 0.12587, Validation (Code) = 0.12712, Training (X) = 0.99992, Validation (X) = 1.0, Training (Z) = 1.0, Validation (Z) = 1.0
Epoch 95: Loss = 0.42317, Training (Code) = 0.12567, Validation (Code) = 0.1265, Training (X) = 1.0, Validation (X) = 1.0, Training (Z) = 1.0, Validation (Z) = 1.0
Epoch 96: Loss = 0.42317, Training (Code) = 0.12518, Validation (Code) = 0.12408, Training (X) = 1.0, Validation (X) = 1.0, Training (Z) = 0.99992, Validation (Z) = 1.0
Epoch 97: Loss = 0.42317, Training (Code) = 0.1243, Validation (Code) = 0.1225, Training (X) = 0.99992, Validation (X) = 1.0, Training (Z) = 1.0, Validation (Z) = 1.0
Epoch 98: Loss = 0.42317, Training (Code) = 0.12532, Validation (Code) = 0.12262, Training (X) = 1.0, Validation (X) = 1.0, Training (Z) = 1.0, Validation (Z) = 1.0
Epoch 99: Loss = 0.42317, Training (Code) = 0.12609, Validation (Code) = 0.12687, Training (X) = 0.99992, Validation (X) = 1.0, Training (Z) = 1.0, Validation (Z) = 1.0
Epoch 100: Loss = 0.42317, Training (Code) = 0.12648, Validation (Code) = 0.12546, Training (X) = 1.0, Validation (X) = 0.99967, Training (Z) = 1.0, Validation (Z) = 1.0
