==========================================
SLURM_JOB_ID = 6156497
SLURM_JOB_NODELIST = d05-08
TMPDIR = /tmp/SLURM_6156497
==========================================
10_10_16_06_01_385 [6, 40, 40, 40, 40, 14] [Tanh(), Tanh(), Tanh(), Tanh(), Tanh(), Sigmoid()] 200 0.001 25
Epoch 1: Loss = 0.20093, Training (Code) = 0.86915, Validation (Code) = 0.8735, Training (X) = 0.89103, Validation (X) = 0.88914, Training (Z) = 0.89151, Validation (Z) = 0.89077
Epoch 2: Loss = 0.19182, Training (Code) = 0.88135, Validation (Code) = 0.88467, Training (X) = 0.89136, Validation (X) = 0.88885, Training (Z) = 0.89025, Validation (Z) = 0.8896
Epoch 3: Loss = 0.18589, Training (Code) = 0.88629, Validation (Code) = 0.88425, Training (X) = 0.89056, Validation (X) = 0.8903, Training (Z) = 0.88938, Validation (Z) = 0.88993
Epoch 4: Loss = 0.18368, Training (Code) = 0.88983, Validation (Code) = 0.88992, Training (X) = 0.89092, Validation (X) = 0.89212, Training (Z) = 0.88839, Validation (Z) = 0.89091
Epoch 5: Loss = 0.18318, Training (Code) = 0.88885, Validation (Code) = 0.89483, Training (X) = 0.89132, Validation (X) = 0.89039, Training (Z) = 0.89099, Validation (Z) = 0.88555
Epoch 6: Loss = 0.1829, Training (Code) = 0.89306, Validation (Code) = 0.89717, Training (X) = 0.89015, Validation (X) = 0.88752, Training (Z) = 0.89085, Validation (Z) = 0.88714
Epoch 7: Loss = 0.18253, Training (Code) = 0.89392, Validation (Code) = 0.89183, Training (X) = 0.89098, Validation (X) = 0.88834, Training (Z) = 0.89035, Validation (Z) = 0.88825
Epoch 8: Loss = 0.18212, Training (Code) = 0.89496, Validation (Code) = 0.89267, Training (X) = 0.88952, Validation (X) = 0.89068, Training (Z) = 0.88852, Validation (Z) = 0.88788
Epoch 9: Loss = 0.18174, Training (Code) = 0.89435, Validation (Code) = 0.89383, Training (X) = 0.89112, Validation (X) = 0.88933, Training (Z) = 0.88877, Validation (Z) = 0.88868
Epoch 10: Loss = 0.18156, Training (Code) = 0.8921, Validation (Code) = 0.8975, Training (X) = 0.89269, Validation (X) = 0.88858, Training (Z) = 0.89078, Validation (Z) = 0.88644
Epoch 11: Loss = 0.18136, Training (Code) = 0.89392, Validation (Code) = 0.89467, Training (X) = 0.89072, Validation (X) = 0.89298, Training (Z) = 0.89011, Validation (Z) = 0.88841
Epoch 12: Loss = 0.18107, Training (Code) = 0.8946, Validation (Code) = 0.88967, Training (X) = 0.89132, Validation (X) = 0.89369, Training (Z) = 0.89017, Validation (Z) = 0.89088
Epoch 13: Loss = 0.18089, Training (Code) = 0.89517, Validation (Code) = 0.89292, Training (X) = 0.89001, Validation (X) = 0.89146, Training (Z) = 0.89013, Validation (Z) = 0.89127
Epoch 14: Loss = 0.18085, Training (Code) = 0.8946, Validation (Code) = 0.89275, Training (X) = 0.88917, Validation (X) = 0.88621, Training (Z) = 0.89078, Validation (Z) = 0.89079
Epoch 15: Loss = 0.18081, Training (Code) = 0.89733, Validation (Code) = 0.90017, Training (X) = 0.89211, Validation (X) = 0.88919, Training (Z) = 0.8897, Validation (Z) = 0.89122
Epoch 16: Loss = 0.18066, Training (Code) = 0.89654, Validation (Code) = 0.89975, Training (X) = 0.89083, Validation (X) = 0.89015, Training (Z) = 0.89018, Validation (Z) = 0.88951
Epoch 17: Loss = 0.18042, Training (Code) = 0.89983, Validation (Code) = 0.899, Training (X) = 0.8903, Validation (X) = 0.8871, Training (Z) = 0.8901, Validation (Z) = 0.88895
Epoch 18: Loss = 0.18014, Training (Code) = 0.89775, Validation (Code) = 0.90025, Training (X) = 0.889, Validation (X) = 0.89179, Training (Z) = 0.89123, Validation (Z) = 0.8917
Epoch 19: Loss = 0.17986, Training (Code) = 0.89942, Validation (Code) = 0.89842, Training (X) = 0.89116, Validation (X) = 0.88897, Training (Z) = 0.89155, Validation (Z) = 0.88656
Epoch 20: Loss = 0.17961, Training (Code) = 0.89823, Validation (Code) = 0.89517, Training (X) = 0.88983, Validation (X) = 0.89183, Training (Z) = 0.89036, Validation (Z) = 0.88922
Epoch 21: Loss = 0.17938, Training (Code) = 0.89852, Validation (Code) = 0.89817, Training (X) = 0.88993, Validation (X) = 0.89089, Training (Z) = 0.88891, Validation (Z) = 0.88829
Epoch 22: Loss = 0.17917, Training (Code) = 0.9014, Validation (Code) = 0.89525, Training (X) = 0.88913, Validation (X) = 0.89184, Training (Z) = 0.89001, Validation (Z) = 0.89035
Epoch 23: Loss = 0.17895, Training (Code) = 0.89919, Validation (Code) = 0.89817, Training (X) = 0.8921, Validation (X) = 0.88736, Training (Z) = 0.89108, Validation (Z) = 0.89033
Epoch 24: Loss = 0.17873, Training (Code) = 0.90002, Validation (Code) = 0.90225, Training (X) = 0.88903, Validation (X) = 0.88926, Training (Z) = 0.88908, Validation (Z) = 0.88843
Epoch 25: Loss = 0.1785, Training (Code) = 0.89869, Validation (Code) = 0.90108, Training (X) = 0.89065, Validation (X) = 0.89115, Training (Z) = 0.89088, Validation (Z) = 0.89032
Epoch 26: Loss = 0.17825, Training (Code) = 0.90019, Validation (Code) = 0.8985, Training (X) = 0.88965, Validation (X) = 0.88954, Training (Z) = 0.89111, Validation (Z) = 0.8926
Epoch 27: Loss = 0.17802, Training (Code) = 0.90096, Validation (Code) = 0.89808, Training (X) = 0.89081, Validation (X) = 0.89051, Training (Z) = 0.88891, Validation (Z) = 0.89357
Epoch 28: Loss = 0.17785, Training (Code) = 0.89963, Validation (Code) = 0.90158, Training (X) = 0.89046, Validation (X) = 0.89241, Training (Z) = 0.8906, Validation (Z) = 0.88788
Epoch 29: Loss = 0.17778, Training (Code) = 0.8999, Validation (Code) = 0.89983, Training (X) = 0.89084, Validation (X) = 0.88739, Training (Z) = 0.89003, Validation (Z) = 0.89054
Epoch 30: Loss = 0.17794, Training (Code) = 0.9019, Validation (Code) = 0.89992, Training (X) = 0.89019, Validation (X) = 0.89045, Training (Z) = 0.89085, Validation (Z) = 0.88869
Epoch 31: Loss = 0.17818, Training (Code) = 0.90135, Validation (Code) = 0.9, Training (X) = 0.89118, Validation (X) = 0.88824, Training (Z) = 0.88924, Validation (Z) = 0.89046
Epoch 32: Loss = 0.17838, Training (Code) = 0.90308, Validation (Code) = 0.90567, Training (X) = 0.88855, Validation (X) = 0.88609, Training (Z) = 0.89151, Validation (Z) = 0.8894
Epoch 33: Loss = 0.17852, Training (Code) = 0.89956, Validation (Code) = 0.901, Training (X) = 0.8909, Validation (X) = 0.8879, Training (Z) = 0.89027, Validation (Z) = 0.88725
Epoch 34: Loss = 0.17865, Training (Code) = 0.89963, Validation (Code) = 0.90358, Training (X) = 0.89116, Validation (X) = 0.88951, Training (Z) = 0.88954, Validation (Z) = 0.8909
Epoch 35: Loss = 0.17878, Training (Code) = 0.90033, Validation (Code) = 0.90217, Training (X) = 0.8903, Validation (X) = 0.88814, Training (Z) = 0.89293, Validation (Z) = 0.88869
Epoch 36: Loss = 0.17892, Training (Code) = 0.89952, Validation (Code) = 0.90092, Training (X) = 0.88999, Validation (X) = 0.88956, Training (Z) = 0.89115, Validation (Z) = 0.89372
Epoch 37: Loss = 0.17907, Training (Code) = 0.89996, Validation (Code) = 0.90233, Training (X) = 0.89032, Validation (X) = 0.88788, Training (Z) = 0.89111, Validation (Z) = 0.88927
Epoch 38: Loss = 0.17922, Training (Code) = 0.89948, Validation (Code) = 0.89817, Training (X) = 0.89184, Validation (X) = 0.8907, Training (Z) = 0.89001, Validation (Z) = 0.89191
Epoch 39: Loss = 0.17937, Training (Code) = 0.90165, Validation (Code) = 0.901, Training (X) = 0.88842, Validation (X) = 0.89142, Training (Z) = 0.89076, Validation (Z) = 0.88984
Epoch 40: Loss = 0.17951, Training (Code) = 0.9014, Validation (Code) = 0.90225, Training (X) = 0.891, Validation (X) = 0.88935, Training (Z) = 0.89093, Validation (Z) = 0.88686
Epoch 41: Loss = 0.17962, Training (Code) = 0.90096, Validation (Code) = 0.90192, Training (X) = 0.88822, Validation (X) = 0.89005, Training (Z) = 0.891, Validation (Z) = 0.88959
Epoch 42: Loss = 0.17972, Training (Code) = 0.90135, Validation (Code) = 0.90017, Training (X) = 0.8904, Validation (X) = 0.88789, Training (Z) = 0.89035, Validation (Z) = 0.89085
Epoch 43: Loss = 0.1798, Training (Code) = 0.90054, Validation (Code) = 0.90167, Training (X) = 0.89097, Validation (X) = 0.89076, Training (Z) = 0.89069, Validation (Z) = 0.89104
Epoch 44: Loss = 0.17985, Training (Code) = 0.90104, Validation (Code) = 0.901, Training (X) = 0.88923, Validation (X) = 0.8867, Training (Z) = 0.89105, Validation (Z) = 0.88966
Epoch 45: Loss = 0.17988, Training (Code) = 0.90121, Validation (Code) = 0.89933, Training (X) = 0.89089, Validation (X) = 0.88964, Training (Z) = 0.89186, Validation (Z) = 0.8876
Epoch 46: Loss = 0.17989, Training (Code) = 0.90138, Validation (Code) = 0.90392, Training (X) = 0.89204, Validation (X) = 0.88826, Training (Z) = 0.89014, Validation (Z) = 0.88909
Epoch 47: Loss = 0.17988, Training (Code) = 0.9001, Validation (Code) = 0.90292, Training (X) = 0.89057, Validation (X) = 0.88713, Training (Z) = 0.89034, Validation (Z) = 0.8886
Epoch 48: Loss = 0.17987, Training (Code) = 0.90183, Validation (Code) = 0.90375, Training (X) = 0.88976, Validation (X) = 0.8888, Training (Z) = 0.89101, Validation (Z) = 0.88953
Epoch 49: Loss = 0.17986, Training (Code) = 0.90279, Validation (Code) = 0.90283, Training (X) = 0.88868, Validation (X) = 0.88647, Training (Z) = 0.88822, Validation (Z) = 0.88758
Epoch 50: Loss = 0.17984, Training (Code) = 0.90287, Validation (Code) = 0.9005, Training (X) = 0.88961, Validation (X) = 0.88682, Training (Z) = 0.88857, Validation (Z) = 0.88784
Epoch 51: Loss = 0.1798, Training (Code) = 0.90273, Validation (Code) = 0.9, Training (X) = 0.8904, Validation (X) = 0.89028, Training (Z) = 0.89079, Validation (Z) = 0.88815
Epoch 52: Loss = 0.17975, Training (Code) = 0.90323, Validation (Code) = 0.89942, Training (X) = 0.88825, Validation (X) = 0.88947, Training (Z) = 0.89032, Validation (Z) = 0.89021
Epoch 53: Loss = 0.17965, Training (Code) = 0.90138, Validation (Code) = 0.90042, Training (X) = 0.88904, Validation (X) = 0.88607, Training (Z) = 0.89139, Validation (Z) = 0.88848
Epoch 54: Loss = 0.17949, Training (Code) = 0.90165, Validation (Code) = 0.90208, Training (X) = 0.889, Validation (X) = 0.88748, Training (Z) = 0.89071, Validation (Z) = 0.88878
Epoch 55: Loss = 0.17925, Training (Code) = 0.9006, Validation (Code) = 0.901, Training (X) = 0.89118, Validation (X) = 0.88725, Training (Z) = 0.89093, Validation (Z) = 0.88966
Epoch 56: Loss = 0.17896, Training (Code) = 0.90044, Validation (Code) = 0.90167, Training (X) = 0.89146, Validation (X) = 0.88734, Training (Z) = 0.89054, Validation (Z) = 0.89261
Epoch 57: Loss = 0.17866, Training (Code) = 0.90031, Validation (Code) = 0.89975, Training (X) = 0.88981, Validation (X) = 0.88951, Training (Z) = 0.89071, Validation (Z) = 0.88728
Epoch 58: Loss = 0.17839, Training (Code) = 0.90275, Validation (Code) = 0.9025, Training (X) = 0.89082, Validation (X) = 0.89077, Training (Z) = 0.89084, Validation (Z) = 0.88781
Epoch 59: Loss = 0.17815, Training (Code) = 0.90281, Validation (Code) = 0.90483, Training (X) = 0.88947, Validation (X) = 0.8869, Training (Z) = 0.88963, Validation (Z) = 0.88865
Epoch 60: Loss = 0.17795, Training (Code) = 0.90312, Validation (Code) = 0.90417, Training (X) = 0.8892, Validation (X) = 0.88885, Training (Z) = 0.89038, Validation (Z) = 0.88645
Epoch 61: Loss = 0.17778, Training (Code) = 0.90419, Validation (Code) = 0.89733, Training (X) = 0.89007, Validation (X) = 0.89199, Training (Z) = 0.88848, Validation (Z) = 0.88995
Epoch 62: Loss = 0.17762, Training (Code) = 0.90169, Validation (Code) = 0.90058, Training (X) = 0.88928, Validation (X) = 0.89044, Training (Z) = 0.89085, Validation (Z) = 0.89007
Epoch 63: Loss = 0.17748, Training (Code) = 0.90285, Validation (Code) = 0.90208, Training (X) = 0.89104, Validation (X) = 0.89099, Training (Z) = 0.89026, Validation (Z) = 0.88942
Epoch 64: Loss = 0.17733, Training (Code) = 0.90269, Validation (Code) = 0.90142, Training (X) = 0.89084, Validation (X) = 0.89036, Training (Z) = 0.89192, Validation (Z) = 0.88925
Epoch 65: Loss = 0.17715, Training (Code) = 0.90423, Validation (Code) = 0.90192, Training (X) = 0.89026, Validation (X) = 0.88876, Training (Z) = 0.88989, Validation (Z) = 0.88857
Epoch 66: Loss = 0.17687, Training (Code) = 0.90612, Validation (Code) = 0.90217, Training (X) = 0.89084, Validation (X) = 0.88869, Training (Z) = 0.8907, Validation (Z) = 0.8922
Epoch 67: Loss = 0.17612, Training (Code) = 0.90587, Validation (Code) = 0.90483, Training (X) = 0.88828, Validation (X) = 0.89114, Training (Z) = 0.88931, Validation (Z) = 0.88865
Epoch 68: Loss = 0.17622, Training (Code) = 0.90529, Validation (Code) = 0.90392, Training (X) = 0.89172, Validation (X) = 0.89168, Training (Z) = 0.88912, Validation (Z) = 0.88863
Epoch 69: Loss = 0.17635, Training (Code) = 0.90573, Validation (Code) = 0.90917, Training (X) = 0.88991, Validation (X) = 0.89056, Training (Z) = 0.89014, Validation (Z) = 0.88873
Epoch 70: Loss = 0.17642, Training (Code) = 0.9061, Validation (Code) = 0.90583, Training (X) = 0.89109, Validation (X) = 0.88997, Training (Z) = 0.89007, Validation (Z) = 0.89034
Epoch 71: Loss = 0.17649, Training (Code) = 0.90669, Validation (Code) = 0.90825, Training (X) = 0.88929, Validation (X) = 0.88916, Training (Z) = 0.89031, Validation (Z) = 0.88935
Epoch 72: Loss = 0.17656, Training (Code) = 0.90633, Validation (Code) = 0.9085, Training (X) = 0.89086, Validation (X) = 0.88782, Training (Z) = 0.88927, Validation (Z) = 0.8903
Epoch 73: Loss = 0.1766, Training (Code) = 0.90633, Validation (Code) = 0.90467, Training (X) = 0.89086, Validation (X) = 0.88845, Training (Z) = 0.88976, Validation (Z) = 0.88919
Epoch 74: Loss = 0.17657, Training (Code) = 0.90458, Validation (Code) = 0.90458, Training (X) = 0.88996, Validation (X) = 0.88816, Training (Z) = 0.88871, Validation (Z) = 0.89166
Epoch 75: Loss = 0.17645, Training (Code) = 0.90742, Validation (Code) = 0.90283, Training (X) = 0.88996, Validation (X) = 0.88878, Training (Z) = 0.88858, Validation (Z) = 0.88905
Epoch 76: Loss = 0.17628, Training (Code) = 0.90548, Validation (Code) = 0.9065, Training (X) = 0.89124, Validation (X) = 0.88987, Training (Z) = 0.88931, Validation (Z) = 0.88812
Epoch 77: Loss = 0.17606, Training (Code) = 0.90752, Validation (Code) = 0.90608, Training (X) = 0.89075, Validation (X) = 0.88835, Training (Z) = 0.88944, Validation (Z) = 0.89157
Epoch 78: Loss = 0.17581, Training (Code) = 0.90742, Validation (Code) = 0.907, Training (X) = 0.88915, Validation (X) = 0.88938, Training (Z) = 0.88977, Validation (Z) = 0.88975
Epoch 79: Loss = 0.17553, Training (Code) = 0.90787, Validation (Code) = 0.90492, Training (X) = 0.89091, Validation (X) = 0.89041, Training (Z) = 0.88923, Validation (Z) = 0.88912
Epoch 80: Loss = 0.17521, Training (Code) = 0.90717, Validation (Code) = 0.90975, Training (X) = 0.89048, Validation (X) = 0.88935, Training (Z) = 0.88981, Validation (Z) = 0.88742
Epoch 81: Loss = 0.17479, Training (Code) = 0.90646, Validation (Code) = 0.91, Training (X) = 0.89055, Validation (X) = 0.88883, Training (Z) = 0.89163, Validation (Z) = 0.88929
Epoch 82: Loss = 0.17424, Training (Code) = 0.90817, Validation (Code) = 0.90658, Training (X) = 0.88961, Validation (X) = 0.88749, Training (Z) = 0.88883, Validation (Z) = 0.88639
Epoch 83: Loss = 0.17361, Training (Code) = 0.90773, Validation (Code) = 0.90683, Training (X) = 0.88857, Validation (X) = 0.88697, Training (Z) = 0.88896, Validation (Z) = 0.89331
Epoch 84: Loss = 0.17301, Training (Code) = 0.90648, Validation (Code) = 0.9055, Training (X) = 0.88961, Validation (X) = 0.88874, Training (Z) = 0.8906, Validation (Z) = 0.88662
Epoch 85: Loss = 0.1725, Training (Code) = 0.90702, Validation (Code) = 0.90775, Training (X) = 0.89184, Validation (X) = 0.89066, Training (Z) = 0.88892, Validation (Z) = 0.8903
Epoch 86: Loss = 0.17211, Training (Code) = 0.9075, Validation (Code) = 0.91333, Training (X) = 0.88972, Validation (X) = 0.88668, Training (Z) = 0.8893, Validation (Z) = 0.88796
Epoch 87: Loss = 0.17184, Training (Code) = 0.90702, Validation (Code) = 0.90667, Training (X) = 0.89099, Validation (X) = 0.88961, Training (Z) = 0.8883, Validation (Z) = 0.88934
Epoch 88: Loss = 0.17165, Training (Code) = 0.90896, Validation (Code) = 0.90775, Training (X) = 0.88962, Validation (X) = 0.88864, Training (Z) = 0.88737, Validation (Z) = 0.89048
Epoch 89: Loss = 0.17144, Training (Code) = 0.90744, Validation (Code) = 0.90875, Training (X) = 0.89058, Validation (X) = 0.89234, Training (Z) = 0.88874, Validation (Z) = 0.8884
Epoch 90: Loss = 0.17112, Training (Code) = 0.90529, Validation (Code) = 0.90858, Training (X) = 0.89115, Validation (X) = 0.88865, Training (Z) = 0.89069, Validation (Z) = 0.88829
Epoch 91: Loss = 0.17072, Training (Code) = 0.91002, Validation (Code) = 0.90717, Training (X) = 0.8892, Validation (X) = 0.8883, Training (Z) = 0.88732, Validation (Z) = 0.88967
Epoch 92: Loss = 0.17054, Training (Code) = 0.90765, Validation (Code) = 0.90925, Training (X) = 0.88999, Validation (X) = 0.88929, Training (Z) = 0.89026, Validation (Z) = 0.88516
Epoch 93: Loss = 0.17049, Training (Code) = 0.90838, Validation (Code) = 0.90458, Training (X) = 0.89076, Validation (X) = 0.88918, Training (Z) = 0.889, Validation (Z) = 0.88411
Epoch 94: Loss = 0.17049, Training (Code) = 0.90648, Validation (Code) = 0.90992, Training (X) = 0.89056, Validation (X) = 0.8912, Training (Z) = 0.88835, Validation (Z) = 0.8857
Epoch 95: Loss = 0.1705, Training (Code) = 0.90723, Validation (Code) = 0.90442, Training (X) = 0.8906, Validation (X) = 0.89302, Training (Z) = 0.88886, Validation (Z) = 0.89017
Epoch 96: Loss = 0.17051, Training (Code) = 0.90898, Validation (Code) = 0.91158, Training (X) = 0.88951, Validation (X) = 0.89103, Training (Z) = 0.8882, Validation (Z) = 0.88829
Epoch 97: Loss = 0.17053, Training (Code) = 0.90679, Validation (Code) = 0.90875, Training (X) = 0.89064, Validation (X) = 0.88932, Training (Z) = 0.88873, Validation (Z) = 0.88923
Epoch 98: Loss = 0.17055, Training (Code) = 0.9076, Validation (Code) = 0.9075, Training (X) = 0.89129, Validation (X) = 0.89109, Training (Z) = 0.88883, Validation (Z) = 0.88623
Epoch 99: Loss = 0.17056, Training (Code) = 0.90738, Validation (Code) = 0.90617, Training (X) = 0.89062, Validation (X) = 0.88928, Training (Z) = 0.8888, Validation (Z) = 0.88541
Epoch 100: Loss = 0.17058, Training (Code) = 0.90865, Validation (Code) = 0.906, Training (X) = 0.88875, Validation (X) = 0.88981, Training (Z) = 0.88882, Validation (Z) = 0.88779
Epoch 101: Loss = 0.17059, Training (Code) = 0.90627, Validation (Code) = 0.90275, Training (X) = 0.89157, Validation (X) = 0.8884, Training (Z) = 0.89117, Validation (Z) = 0.8895
Epoch 102: Loss = 0.1706, Training (Code) = 0.90669, Validation (Code) = 0.91158, Training (X) = 0.89047, Validation (X) = 0.8893, Training (Z) = 0.88923, Validation (Z) = 0.88902
Epoch 103: Loss = 0.17062, Training (Code) = 0.90663, Validation (Code) = 0.90667, Training (X) = 0.88988, Validation (X) = 0.88787, Training (Z) = 0.88789, Validation (Z) = 0.88778
Epoch 104: Loss = 0.17063, Training (Code) = 0.90706, Validation (Code) = 0.9035, Training (X) = 0.89097, Validation (X) = 0.89264, Training (Z) = 0.88939, Validation (Z) = 0.8895
Epoch 105: Loss = 0.17064, Training (Code) = 0.90777, Validation (Code) = 0.90792, Training (X) = 0.89092, Validation (X) = 0.89041, Training (Z) = 0.88883, Validation (Z) = 0.88793
Epoch 106: Loss = 0.17065, Training (Code) = 0.90675, Validation (Code) = 0.90625, Training (X) = 0.89139, Validation (X) = 0.88828, Training (Z) = 0.88944, Validation (Z) = 0.89021
Epoch 107: Loss = 0.17065, Training (Code) = 0.90677, Validation (Code) = 0.90867, Training (X) = 0.89119, Validation (X) = 0.89041, Training (Z) = 0.89073, Validation (Z) = 0.88986
Epoch 108: Loss = 0.17065, Training (Code) = 0.90621, Validation (Code) = 0.90567, Training (X) = 0.88997, Validation (X) = 0.8883, Training (Z) = 0.88931, Validation (Z) = 0.88692
Epoch 109: Loss = 0.17065, Training (Code) = 0.90796, Validation (Code) = 0.90842, Training (X) = 0.89103, Validation (X) = 0.89047, Training (Z) = 0.88865, Validation (Z) = 0.89029
Epoch 110: Loss = 0.17064, Training (Code) = 0.90819, Validation (Code) = 0.90492, Training (X) = 0.89113, Validation (X) = 0.89189, Training (Z) = 0.88904, Validation (Z) = 0.88811
Epoch 111: Loss = 0.17063, Training (Code) = 0.90794, Validation (Code) = 0.90808, Training (X) = 0.88958, Validation (X) = 0.88786, Training (Z) = 0.8891, Validation (Z) = 0.88795
Epoch 112: Loss = 0.17061, Training (Code) = 0.90815, Validation (Code) = 0.90475, Training (X) = 0.89115, Validation (X) = 0.89002, Training (Z) = 0.88773, Validation (Z) = 0.88818
Epoch 113: Loss = 0.17059, Training (Code) = 0.91035, Validation (Code) = 0.90758, Training (X) = 0.88855, Validation (X) = 0.89119, Training (Z) = 0.88812, Validation (Z) = 0.88945
Epoch 114: Loss = 0.17056, Training (Code) = 0.90785, Validation (Code) = 0.90708, Training (X) = 0.89217, Validation (X) = 0.8893, Training (Z) = 0.88762, Validation (Z) = 0.8893
Epoch 115: Loss = 0.17052, Training (Code) = 0.90729, Validation (Code) = 0.90775, Training (X) = 0.89132, Validation (X) = 0.89002, Training (Z) = 0.88861, Validation (Z) = 0.88727
Epoch 116: Loss = 0.17047, Training (Code) = 0.90863, Validation (Code) = 0.90392, Training (X) = 0.88949, Validation (X) = 0.89416, Training (Z) = 0.88873, Validation (Z) = 0.88955
Epoch 117: Loss = 0.17042, Training (Code) = 0.90838, Validation (Code) = 0.90683, Training (X) = 0.89122, Validation (X) = 0.89046, Training (Z) = 0.88803, Validation (Z) = 0.88862
Epoch 118: Loss = 0.17036, Training (Code) = 0.90752, Validation (Code) = 0.90608, Training (X) = 0.88937, Validation (X) = 0.89028, Training (Z) = 0.88807, Validation (Z) = 0.88973
Epoch 119: Loss = 0.17029, Training (Code) = 0.90704, Validation (Code) = 0.90567, Training (X) = 0.89163, Validation (X) = 0.89106, Training (Z) = 0.88968, Validation (Z) = 0.89032
Epoch 120: Loss = 0.17023, Training (Code) = 0.90717, Validation (Code) = 0.90733, Training (X) = 0.89041, Validation (X) = 0.88997, Training (Z) = 0.88892, Validation (Z) = 0.88685
Epoch 121: Loss = 0.17016, Training (Code) = 0.90769, Validation (Code) = 0.90808, Training (X) = 0.89157, Validation (X) = 0.88813, Training (Z) = 0.88898, Validation (Z) = 0.89034
Epoch 122: Loss = 0.17009, Training (Code) = 0.90833, Validation (Code) = 0.90358, Training (X) = 0.89053, Validation (X) = 0.88684, Training (Z) = 0.88826, Validation (Z) = 0.88859
Epoch 123: Loss = 0.17002, Training (Code) = 0.90673, Validation (Code) = 0.9045, Training (X) = 0.89107, Validation (X) = 0.89082, Training (Z) = 0.88709, Validation (Z) = 0.88981
Epoch 124: Loss = 0.16996, Training (Code) = 0.90765, Validation (Code) = 0.90733, Training (X) = 0.89308, Validation (X) = 0.89135, Training (Z) = 0.89012, Validation (Z) = 0.88832
Epoch 125: Loss = 0.1699, Training (Code) = 0.90798, Validation (Code) = 0.90742, Training (X) = 0.89122, Validation (X) = 0.88906, Training (Z) = 0.88925, Validation (Z) = 0.88741
Epoch 126: Loss = 0.16984, Training (Code) = 0.90931, Validation (Code) = 0.906, Training (X) = 0.89092, Validation (X) = 0.88935, Training (Z) = 0.8868, Validation (Z) = 0.88861
Epoch 127: Loss = 0.16979, Training (Code) = 0.90687, Validation (Code) = 0.9095, Training (X) = 0.88907, Validation (X) = 0.88849, Training (Z) = 0.88966, Validation (Z) = 0.88877
Epoch 128: Loss = 0.16974, Training (Code) = 0.90692, Validation (Code) = 0.90883, Training (X) = 0.88974, Validation (X) = 0.88694, Training (Z) = 0.8899, Validation (Z) = 0.8885
Epoch 129: Loss = 0.1697, Training (Code) = 0.90742, Validation (Code) = 0.90558, Training (X) = 0.88987, Validation (X) = 0.89022, Training (Z) = 0.88844, Validation (Z) = 0.8904
Epoch 130: Loss = 0.16966, Training (Code) = 0.90787, Validation (Code) = 0.90808, Training (X) = 0.89153, Validation (X) = 0.88813, Training (Z) = 0.88974, Validation (Z) = 0.88639
Epoch 131: Loss = 0.16963, Training (Code) = 0.90798, Validation (Code) = 0.91083, Training (X) = 0.88991, Validation (X) = 0.8893, Training (Z) = 0.88996, Validation (Z) = 0.88838
Epoch 132: Loss = 0.16959, Training (Code) = 0.90694, Validation (Code) = 0.90858, Training (X) = 0.88985, Validation (X) = 0.88847, Training (Z) = 0.88942, Validation (Z) = 0.89131
Epoch 133: Loss = 0.16957, Training (Code) = 0.90796, Validation (Code) = 0.91042, Training (X) = 0.89023, Validation (X) = 0.88833, Training (Z) = 0.89041, Validation (Z) = 0.88906
Epoch 134: Loss = 0.16954, Training (Code) = 0.90725, Validation (Code) = 0.905, Training (X) = 0.89092, Validation (X) = 0.88849, Training (Z) = 0.88923, Validation (Z) = 0.89107
Epoch 135: Loss = 0.16952, Training (Code) = 0.90869, Validation (Code) = 0.90708, Training (X) = 0.89002, Validation (X) = 0.88801, Training (Z) = 0.88839, Validation (Z) = 0.88939
Epoch 136: Loss = 0.1695, Training (Code) = 0.90708, Validation (Code) = 0.9065, Training (X) = 0.88999, Validation (X) = 0.89217, Training (Z) = 0.88863, Validation (Z) = 0.88858
Epoch 137: Loss = 0.16948, Training (Code) = 0.90758, Validation (Code) = 0.90833, Training (X) = 0.88996, Validation (X) = 0.8889, Training (Z) = 0.88924, Validation (Z) = 0.88853
Epoch 138: Loss = 0.16947, Training (Code) = 0.90571, Validation (Code) = 0.90508, Training (X) = 0.89092, Validation (X) = 0.892, Training (Z) = 0.8889, Validation (Z) = 0.8874
Epoch 139: Loss = 0.16945, Training (Code) = 0.90865, Validation (Code) = 0.90958, Training (X) = 0.8904, Validation (X) = 0.89043, Training (Z) = 0.88802, Validation (Z) = 0.88502
Epoch 140: Loss = 0.16944, Training (Code) = 0.90783, Validation (Code) = 0.90675, Training (X) = 0.88916, Validation (X) = 0.8899, Training (Z) = 0.88884, Validation (Z) = 0.88723
Epoch 141: Loss = 0.16943, Training (Code) = 0.90863, Validation (Code) = 0.90567, Training (X) = 0.89001, Validation (X) = 0.88784, Training (Z) = 0.88916, Validation (Z) = 0.88903
Epoch 142: Loss = 0.16942, Training (Code) = 0.9076, Validation (Code) = 0.90217, Training (X) = 0.89101, Validation (X) = 0.89036, Training (Z) = 0.8895, Validation (Z) = 0.89414
Epoch 143: Loss = 0.16941, Training (Code) = 0.90819, Validation (Code) = 0.90792, Training (X) = 0.88964, Validation (X) = 0.88793, Training (Z) = 0.88929, Validation (Z) = 0.88995
Epoch 144: Loss = 0.16941, Training (Code) = 0.90831, Validation (Code) = 0.91058, Training (X) = 0.89025, Validation (X) = 0.89018, Training (Z) = 0.89046, Validation (Z) = 0.88798
Epoch 145: Loss = 0.1694, Training (Code) = 0.90817, Validation (Code) = 0.90667, Training (X) = 0.88954, Validation (X) = 0.88851, Training (Z) = 0.88964, Validation (Z) = 0.88704
Epoch 146: Loss = 0.16939, Training (Code) = 0.90944, Validation (Code) = 0.91083, Training (X) = 0.88903, Validation (X) = 0.88737, Training (Z) = 0.88846, Validation (Z) = 0.88445
Epoch 147: Loss = 0.16939, Training (Code) = 0.90769, Validation (Code) = 0.90442, Training (X) = 0.88944, Validation (X) = 0.89229, Training (Z) = 0.88877, Validation (Z) = 0.88916
Epoch 148: Loss = 0.16938, Training (Code) = 0.90781, Validation (Code) = 0.9075, Training (X) = 0.88911, Validation (X) = 0.89174, Training (Z) = 0.8884, Validation (Z) = 0.88714
Epoch 149: Loss = 0.16938, Training (Code) = 0.90631, Validation (Code) = 0.9075, Training (X) = 0.89219, Validation (X) = 0.89091, Training (Z) = 0.88934, Validation (Z) = 0.8877
Epoch 150: Loss = 0.16937, Training (Code) = 0.90896, Validation (Code) = 0.90692, Training (X) = 0.89051, Validation (X) = 0.88955, Training (Z) = 0.88946, Validation (Z) = 0.88744
Epoch 151: Loss = 0.16937, Training (Code) = 0.90869, Validation (Code) = 0.90742, Training (X) = 0.88942, Validation (X) = 0.88943, Training (Z) = 0.88878, Validation (Z) = 0.88934
Epoch 152: Loss = 0.16937, Training (Code) = 0.9096, Validation (Code) = 0.90967, Training (X) = 0.89036, Validation (X) = 0.88815, Training (Z) = 0.88901, Validation (Z) = 0.8876
Epoch 153: Loss = 0.16936, Training (Code) = 0.91029, Validation (Code) = 0.90542, Training (X) = 0.89127, Validation (X) = 0.88817, Training (Z) = 0.88742, Validation (Z) = 0.89001
Epoch 154: Loss = 0.16936, Training (Code) = 0.90746, Validation (Code) = 0.9085, Training (X) = 0.88994, Validation (X) = 0.88993, Training (Z) = 0.88854, Validation (Z) = 0.8891
Epoch 155: Loss = 0.16936, Training (Code) = 0.90785, Validation (Code) = 0.90883, Training (X) = 0.88875, Validation (X) = 0.89226, Training (Z) = 0.88951, Validation (Z) = 0.8874
Epoch 156: Loss = 0.16936, Training (Code) = 0.90617, Validation (Code) = 0.9075, Training (X) = 0.89151, Validation (X) = 0.88806, Training (Z) = 0.88889, Validation (Z) = 0.88779
Epoch 157: Loss = 0.16936, Training (Code) = 0.90915, Validation (Code) = 0.908, Training (X) = 0.88969, Validation (X) = 0.89014, Training (Z) = 0.88863, Validation (Z) = 0.88372
Epoch 158: Loss = 0.16935, Training (Code) = 0.90954, Validation (Code) = 0.90808, Training (X) = 0.88916, Validation (X) = 0.89254, Training (Z) = 0.88877, Validation (Z) = 0.89135
Epoch 159: Loss = 0.16935, Training (Code) = 0.90804, Validation (Code) = 0.9115, Training (X) = 0.89072, Validation (X) = 0.88865, Training (Z) = 0.88918, Validation (Z) = 0.887
Epoch 160: Loss = 0.16935, Training (Code) = 0.90625, Validation (Code) = 0.90792, Training (X) = 0.89184, Validation (X) = 0.8872, Training (Z) = 0.88897, Validation (Z) = 0.88637
Epoch 161: Loss = 0.16935, Training (Code) = 0.9079, Validation (Code) = 0.90525, Training (X) = 0.88995, Validation (X) = 0.89119, Training (Z) = 0.88809, Validation (Z) = 0.89156
Epoch 162: Loss = 0.16935, Training (Code) = 0.90942, Validation (Code) = 0.90425, Training (X) = 0.89052, Validation (X) = 0.89181, Training (Z) = 0.88828, Validation (Z) = 0.89135
Epoch 163: Loss = 0.16935, Training (Code) = 0.90898, Validation (Code) = 0.90867, Training (X) = 0.88994, Validation (X) = 0.88711, Training (Z) = 0.88866, Validation (Z) = 0.88637
Epoch 164: Loss = 0.16935, Training (Code) = 0.90787, Validation (Code) = 0.90975, Training (X) = 0.89047, Validation (X) = 0.88962, Training (Z) = 0.88923, Validation (Z) = 0.8866
Epoch 165: Loss = 0.16935, Training (Code) = 0.90775, Validation (Code) = 0.90767, Training (X) = 0.89172, Validation (X) = 0.88964, Training (Z) = 0.88906, Validation (Z) = 0.889
Epoch 166: Loss = 0.16934, Training (Code) = 0.90733, Validation (Code) = 0.90275, Training (X) = 0.89192, Validation (X) = 0.88886, Training (Z) = 0.88953, Validation (Z) = 0.89255
Epoch 167: Loss = 0.16934, Training (Code) = 0.9075, Validation (Code) = 0.90992, Training (X) = 0.89116, Validation (X) = 0.88955, Training (Z) = 0.88726, Validation (Z) = 0.8879
Epoch 168: Loss = 0.16934, Training (Code) = 0.90906, Validation (Code) = 0.907, Training (X) = 0.89107, Validation (X) = 0.88965, Training (Z) = 0.88803, Validation (Z) = 0.89002
Epoch 169: Loss = 0.16934, Training (Code) = 0.90887, Validation (Code) = 0.90775, Training (X) = 0.89018, Validation (X) = 0.89213, Training (Z) = 0.88917, Validation (Z) = 0.88699
Epoch 170: Loss = 0.16934, Training (Code) = 0.90825, Validation (Code) = 0.90667, Training (X) = 0.88985, Validation (X) = 0.88824, Training (Z) = 0.88882, Validation (Z) = 0.88796
Epoch 171: Loss = 0.16934, Training (Code) = 0.908, Validation (Code) = 0.90633, Training (X) = 0.8909, Validation (X) = 0.89123, Training (Z) = 0.89046, Validation (Z) = 0.88773
Epoch 172: Loss = 0.16934, Training (Code) = 0.90885, Validation (Code) = 0.90742, Training (X) = 0.89171, Validation (X) = 0.88961, Training (Z) = 0.88974, Validation (Z) = 0.88658
Epoch 173: Loss = 0.16934, Training (Code) = 0.90573, Validation (Code) = 0.90975, Training (X) = 0.89095, Validation (X) = 0.88715, Training (Z) = 0.88957, Validation (Z) = 0.89118
Epoch 174: Loss = 0.16934, Training (Code) = 0.90804, Validation (Code) = 0.90575, Training (X) = 0.88932, Validation (X) = 0.89107, Training (Z) = 0.88893, Validation (Z) = 0.88831
Epoch 175: Loss = 0.16934, Training (Code) = 0.90702, Validation (Code) = 0.90625, Training (X) = 0.89074, Validation (X) = 0.89103, Training (Z) = 0.88911, Validation (Z) = 0.88634
Epoch 176: Loss = 0.16934, Training (Code) = 0.90827, Validation (Code) = 0.90592, Training (X) = 0.88988, Validation (X) = 0.8909, Training (Z) = 0.88974, Validation (Z) = 0.89044
Epoch 177: Loss = 0.16934, Training (Code) = 0.90733, Validation (Code) = 0.90483, Training (X) = 0.89032, Validation (X) = 0.89003, Training (Z) = 0.88979, Validation (Z) = 0.88847
Epoch 178: Loss = 0.16934, Training (Code) = 0.9079, Validation (Code) = 0.90633, Training (X) = 0.8896, Validation (X) = 0.88911, Training (Z) = 0.88777, Validation (Z) = 0.8847
Epoch 179: Loss = 0.16934, Training (Code) = 0.90706, Validation (Code) = 0.90825, Training (X) = 0.8909, Validation (X) = 0.89072, Training (Z) = 0.88904, Validation (Z) = 0.88705
Epoch 180: Loss = 0.16934, Training (Code) = 0.90817, Validation (Code) = 0.90467, Training (X) = 0.89037, Validation (X) = 0.89269, Training (Z) = 0.88938, Validation (Z) = 0.8879
Epoch 181: Loss = 0.16934, Training (Code) = 0.90875, Validation (Code) = 0.90925, Training (X) = 0.89062, Validation (X) = 0.88562, Training (Z) = 0.889, Validation (Z) = 0.88919
Epoch 182: Loss = 0.16934, Training (Code) = 0.90615, Validation (Code) = 0.90858, Training (X) = 0.89054, Validation (X) = 0.88902, Training (Z) = 0.8893, Validation (Z) = 0.88581
Epoch 183: Loss = 0.16934, Training (Code) = 0.90802, Validation (Code) = 0.90425, Training (X) = 0.89054, Validation (X) = 0.89162, Training (Z) = 0.88861, Validation (Z) = 0.88904
Epoch 184: Loss = 0.16934, Training (Code) = 0.90802, Validation (Code) = 0.904, Training (X) = 0.88937, Validation (X) = 0.88717, Training (Z) = 0.88792, Validation (Z) = 0.88791
Epoch 185: Loss = 0.16934, Training (Code) = 0.90946, Validation (Code) = 0.90383, Training (X) = 0.88897, Validation (X) = 0.8912, Training (Z) = 0.88846, Validation (Z) = 0.89268
Epoch 186: Loss = 0.16934, Training (Code) = 0.90696, Validation (Code) = 0.90483, Training (X) = 0.8913, Validation (X) = 0.8916, Training (Z) = 0.88834, Validation (Z) = 0.88865
Epoch 187: Loss = 0.16934, Training (Code) = 0.9094, Validation (Code) = 0.90875, Training (X) = 0.88978, Validation (X) = 0.8906, Training (Z) = 0.88917, Validation (Z) = 0.8884
Epoch 188: Loss = 0.16934, Training (Code) = 0.90781, Validation (Code) = 0.90358, Training (X) = 0.88911, Validation (X) = 0.89025, Training (Z) = 0.88838, Validation (Z) = 0.89053
Epoch 189: Loss = 0.16934, Training (Code) = 0.90923, Validation (Code) = 0.90683, Training (X) = 0.88821, Validation (X) = 0.88945, Training (Z) = 0.88724, Validation (Z) = 0.8923
Epoch 190: Loss = 0.16934, Training (Code) = 0.909, Validation (Code) = 0.91125, Training (X) = 0.89008, Validation (X) = 0.89063, Training (Z) = 0.88914, Validation (Z) = 0.88669
Epoch 191: Loss = 0.16934, Training (Code) = 0.90883, Validation (Code) = 0.90475, Training (X) = 0.89034, Validation (X) = 0.88837, Training (Z) = 0.88871, Validation (Z) = 0.88901
Epoch 192: Loss = 0.16934, Training (Code) = 0.90787, Validation (Code) = 0.90992, Training (X) = 0.89075, Validation (X) = 0.88726, Training (Z) = 0.88967, Validation (Z) = 0.89111
Epoch 193: Loss = 0.16934, Training (Code) = 0.90738, Validation (Code) = 0.90717, Training (X) = 0.88862, Validation (X) = 0.88793, Training (Z) = 0.88869, Validation (Z) = 0.88848
Epoch 194: Loss = 0.16934, Training (Code) = 0.90973, Validation (Code) = 0.90633, Training (X) = 0.89026, Validation (X) = 0.89215, Training (Z) = 0.88966, Validation (Z) = 0.88783
Epoch 195: Loss = 0.16934, Training (Code) = 0.9076, Validation (Code) = 0.90317, Training (X) = 0.88886, Validation (X) = 0.89177, Training (Z) = 0.88952, Validation (Z) = 0.88863
Epoch 196: Loss = 0.16934, Training (Code) = 0.90792, Validation (Code) = 0.9095, Training (X) = 0.88979, Validation (X) = 0.89124, Training (Z) = 0.88807, Validation (Z) = 0.88849
Epoch 197: Loss = 0.16934, Training (Code) = 0.909, Validation (Code) = 0.90575, Training (X) = 0.88951, Validation (X) = 0.88564, Training (Z) = 0.88948, Validation (Z) = 0.88361
Epoch 198: Loss = 0.16934, Training (Code) = 0.90821, Validation (Code) = 0.90925, Training (X) = 0.88957, Validation (X) = 0.888, Training (Z) = 0.88943, Validation (Z) = 0.88901
Epoch 199: Loss = 0.16934, Training (Code) = 0.90821, Validation (Code) = 0.90583, Training (X) = 0.8906, Validation (X) = 0.89218, Training (Z) = 0.88904, Validation (Z) = 0.89071
Epoch 200: Loss = 0.16934, Training (Code) = 0.90658, Validation (Code) = 0.90375, Training (X) = 0.89091, Validation (X) = 0.89083, Training (Z) = 0.88988, Validation (Z) = 0.88917
