==========================================
SLURM_JOB_ID = 6156478
SLURM_JOB_NODELIST = d05-32
TMPDIR = /tmp/SLURM_6156478
==========================================
10_10_15_34_05_180 [6, 20, 20, 20, 20, 20, 20, 20, 20, 14] [Tanh(), Tanh(), Tanh(), Tanh(), Tanh(), Tanh(), Tanh(), Tanh(), Tanh(), Sigmoid()] 200 0.005 5
Epoch 1: Loss = 0.40043, Training (Code) = 0.36392, Validation (Code) = 0.36092, Training (X) = 0.96262, Validation (X) = 0.96144, Training (Z) = 0.95884, Validation (Z) = 0.96006
Epoch 2: Loss = 0.40046, Training (Code) = 0.36602, Validation (Code) = 0.36292, Training (X) = 0.96289, Validation (X) = 0.96073, Training (Z) = 0.95856, Validation (Z) = 0.95729
Epoch 3: Loss = 0.40047, Training (Code) = 0.36475, Validation (Code) = 0.35192, Training (X) = 0.96213, Validation (X) = 0.95998, Training (Z) = 0.96225, Validation (Z) = 0.9633
Epoch 4: Loss = 0.40047, Training (Code) = 0.36885, Validation (Code) = 0.36117, Training (X) = 0.96233, Validation (X) = 0.95639, Training (Z) = 0.95945, Validation (Z) = 0.95801
Epoch 5: Loss = 0.40047, Training (Code) = 0.36379, Validation (Code) = 0.35475, Training (X) = 0.96266, Validation (X) = 0.96007, Training (Z) = 0.96134, Validation (Z) = 0.96054
Epoch 6: Loss = 0.40047, Training (Code) = 0.36327, Validation (Code) = 0.35667, Training (X) = 0.96358, Validation (X) = 0.95491, Training (Z) = 0.95905, Validation (Z) = 0.95748
Epoch 7: Loss = 0.40047, Training (Code) = 0.36496, Validation (Code) = 0.35642, Training (X) = 0.9601, Validation (X) = 0.95955, Training (Z) = 0.95787, Validation (Z) = 0.95604
Epoch 8: Loss = 0.40047, Training (Code) = 0.36338, Validation (Code) = 0.3625, Training (X) = 0.96348, Validation (X) = 0.95885, Training (Z) = 0.96067, Validation (Z) = 0.95701
Epoch 9: Loss = 0.40047, Training (Code) = 0.36665, Validation (Code) = 0.35492, Training (X) = 0.96119, Validation (X) = 0.9622, Training (Z) = 0.9592, Validation (Z) = 0.9575
Epoch 10: Loss = 0.40047, Training (Code) = 0.36317, Validation (Code) = 0.35825, Training (X) = 0.96168, Validation (X) = 0.95906, Training (Z) = 0.96134, Validation (Z) = 0.9572
Epoch 11: Loss = 0.40047, Training (Code) = 0.36619, Validation (Code) = 0.35542, Training (X) = 0.96291, Validation (X) = 0.95803, Training (Z) = 0.95756, Validation (Z) = 0.96342
Epoch 12: Loss = 0.40047, Training (Code) = 0.36594, Validation (Code) = 0.35408, Training (X) = 0.96419, Validation (X) = 0.9647, Training (Z) = 0.95935, Validation (Z) = 0.95952
Epoch 13: Loss = 0.40047, Training (Code) = 0.3656, Validation (Code) = 0.357, Training (X) = 0.96456, Validation (X) = 0.96312, Training (Z) = 0.95994, Validation (Z) = 0.96289
Epoch 14: Loss = 0.40047, Training (Code) = 0.36417, Validation (Code) = 0.3615, Training (X) = 0.96562, Validation (X) = 0.95735, Training (Z) = 0.96076, Validation (Z) = 0.95528
Epoch 15: Loss = 0.40047, Training (Code) = 0.36779, Validation (Code) = 0.35983, Training (X) = 0.96018, Validation (X) = 0.95692, Training (Z) = 0.96086, Validation (Z) = 0.95692
Epoch 16: Loss = 0.40047, Training (Code) = 0.36365, Validation (Code) = 0.35892, Training (X) = 0.96374, Validation (X) = 0.96285, Training (Z) = 0.96127, Validation (Z) = 0.95751
Epoch 17: Loss = 0.40047, Training (Code) = 0.36529, Validation (Code) = 0.35717, Training (X) = 0.96264, Validation (X) = 0.96034, Training (Z) = 0.95888, Validation (Z) = 0.96057
Epoch 18: Loss = 0.40047, Training (Code) = 0.36577, Validation (Code) = 0.35767, Training (X) = 0.96349, Validation (X) = 0.96319, Training (Z) = 0.96212, Validation (Z) = 0.95993
Epoch 19: Loss = 0.40047, Training (Code) = 0.36733, Validation (Code) = 0.35408, Training (X) = 0.96041, Validation (X) = 0.95693, Training (Z) = 0.9582, Validation (Z) = 0.9574
Epoch 20: Loss = 0.40047, Training (Code) = 0.36573, Validation (Code) = 0.35408, Training (X) = 0.96212, Validation (X) = 0.9567, Training (Z) = 0.9603, Validation (Z) = 0.9614
Epoch 21: Loss = 0.40047, Training (Code) = 0.36802, Validation (Code) = 0.35783, Training (X) = 0.96315, Validation (X) = 0.95762, Training (Z) = 0.95845, Validation (Z) = 0.96064
Epoch 22: Loss = 0.40047, Training (Code) = 0.3675, Validation (Code) = 0.35575, Training (X) = 0.96151, Validation (X) = 0.95854, Training (Z) = 0.95918, Validation (Z) = 0.95807
Epoch 23: Loss = 0.40047, Training (Code) = 0.36515, Validation (Code) = 0.3565, Training (X) = 0.96246, Validation (X) = 0.95909, Training (Z) = 0.96103, Validation (Z) = 0.96517
Epoch 24: Loss = 0.40047, Training (Code) = 0.36275, Validation (Code) = 0.35592, Training (X) = 0.96227, Validation (X) = 0.95973, Training (Z) = 0.96106, Validation (Z) = 0.95622
Epoch 25: Loss = 0.40047, Training (Code) = 0.36688, Validation (Code) = 0.36275, Training (X) = 0.96139, Validation (X) = 0.96072, Training (Z) = 0.959, Validation (Z) = 0.95635
Epoch 26: Loss = 0.40047, Training (Code) = 0.36462, Validation (Code) = 0.35883, Training (X) = 0.96595, Validation (X) = 0.95727, Training (Z) = 0.9628, Validation (Z) = 0.96052
Epoch 27: Loss = 0.40047, Training (Code) = 0.36627, Validation (Code) = 0.35958, Training (X) = 0.96087, Validation (X) = 0.96153, Training (Z) = 0.95984, Validation (Z) = 0.95689
Epoch 28: Loss = 0.40047, Training (Code) = 0.36544, Validation (Code) = 0.35683, Training (X) = 0.96294, Validation (X) = 0.9582, Training (Z) = 0.95969, Validation (Z) = 0.96474
Epoch 29: Loss = 0.40047, Training (Code) = 0.36544, Validation (Code) = 0.36233, Training (X) = 0.96254, Validation (X) = 0.95906, Training (Z) = 0.95759, Validation (Z) = 0.9609
Epoch 30: Loss = 0.40047, Training (Code) = 0.36488, Validation (Code) = 0.35575, Training (X) = 0.96077, Validation (X) = 0.96416, Training (Z) = 0.96026, Validation (Z) = 0.95924
Epoch 31: Loss = 0.40047, Training (Code) = 0.36508, Validation (Code) = 0.35808, Training (X) = 0.96376, Validation (X) = 0.963, Training (Z) = 0.95886, Validation (Z) = 0.96276
Epoch 32: Loss = 0.40047, Training (Code) = 0.36556, Validation (Code) = 0.35733, Training (X) = 0.96341, Validation (X) = 0.96409, Training (Z) = 0.96034, Validation (Z) = 0.95546
Epoch 33: Loss = 0.40047, Training (Code) = 0.3639, Validation (Code) = 0.35858, Training (X) = 0.96428, Validation (X) = 0.95701, Training (Z) = 0.96124, Validation (Z) = 0.96096
Epoch 34: Loss = 0.40047, Training (Code) = 0.36517, Validation (Code) = 0.35867, Training (X) = 0.96189, Validation (X) = 0.9605, Training (Z) = 0.96024, Validation (Z) = 0.95655
Epoch 35: Loss = 0.40047, Training (Code) = 0.36517, Validation (Code) = 0.359, Training (X) = 0.96309, Validation (X) = 0.95915, Training (Z) = 0.95761, Validation (Z) = 0.95984
Epoch 36: Loss = 0.40047, Training (Code) = 0.36646, Validation (Code) = 0.35808, Training (X) = 0.96453, Validation (X) = 0.95764, Training (Z) = 0.95969, Validation (Z) = 0.96439
Epoch 37: Loss = 0.40047, Training (Code) = 0.36627, Validation (Code) = 0.36325, Training (X) = 0.96269, Validation (X) = 0.95572, Training (Z) = 0.96149, Validation (Z) = 0.95481
Epoch 38: Loss = 0.40047, Training (Code) = 0.36379, Validation (Code) = 0.35608, Training (X) = 0.96249, Validation (X) = 0.95905, Training (Z) = 0.96123, Validation (Z) = 0.95811
Epoch 39: Loss = 0.40047, Training (Code) = 0.36456, Validation (Code) = 0.35942, Training (X) = 0.96434, Validation (X) = 0.96221, Training (Z) = 0.95937, Validation (Z) = 0.95711
Epoch 40: Loss = 0.40047, Training (Code) = 0.36577, Validation (Code) = 0.35683, Training (X) = 0.96195, Validation (X) = 0.96077, Training (Z) = 0.9611, Validation (Z) = 0.9617
Epoch 41: Loss = 0.40047, Training (Code) = 0.36504, Validation (Code) = 0.35842, Training (X) = 0.96199, Validation (X) = 0.9614, Training (Z) = 0.96199, Validation (Z) = 0.95606
Epoch 42: Loss = 0.40047, Training (Code) = 0.36525, Validation (Code) = 0.35683, Training (X) = 0.96156, Validation (X) = 0.95936, Training (Z) = 0.9587, Validation (Z) = 0.961
Epoch 43: Loss = 0.40047, Training (Code) = 0.36454, Validation (Code) = 0.35875, Training (X) = 0.95971, Validation (X) = 0.95889, Training (Z) = 0.96011, Validation (Z) = 0.95772
Epoch 44: Loss = 0.40047, Training (Code) = 0.36546, Validation (Code) = 0.35983, Training (X) = 0.96238, Validation (X) = 0.95716, Training (Z) = 0.95827, Validation (Z) = 0.95878
Epoch 45: Loss = 0.40047, Training (Code) = 0.36685, Validation (Code) = 0.355, Training (X) = 0.96184, Validation (X) = 0.9615, Training (Z) = 0.95871, Validation (Z) = 0.95728
Epoch 46: Loss = 0.40047, Training (Code) = 0.36456, Validation (Code) = 0.36075, Training (X) = 0.96165, Validation (X) = 0.96004, Training (Z) = 0.96051, Validation (Z) = 0.9575
Epoch 47: Loss = 0.40047, Training (Code) = 0.36765, Validation (Code) = 0.359, Training (X) = 0.96254, Validation (X) = 0.95566, Training (Z) = 0.95914, Validation (Z) = 0.95868
Epoch 48: Loss = 0.40047, Training (Code) = 0.36383, Validation (Code) = 0.35958, Training (X) = 0.96398, Validation (X) = 0.96246, Training (Z) = 0.95929, Validation (Z) = 0.95504
Epoch 49: Loss = 0.40047, Training (Code) = 0.36504, Validation (Code) = 0.36108, Training (X) = 0.96205, Validation (X) = 0.95684, Training (Z) = 0.95868, Validation (Z) = 0.96123
Epoch 50: Loss = 0.40047, Training (Code) = 0.36552, Validation (Code) = 0.355, Training (X) = 0.96272, Validation (X) = 0.96432, Training (Z) = 0.9609, Validation (Z) = 0.95845
Epoch 51: Loss = 0.40047, Training (Code) = 0.3639, Validation (Code) = 0.3585, Training (X) = 0.96153, Validation (X) = 0.96141, Training (Z) = 0.96164, Validation (Z) = 0.95979
Epoch 52: Loss = 0.40047, Training (Code) = 0.36629, Validation (Code) = 0.3545, Training (X) = 0.96058, Validation (X) = 0.96262, Training (Z) = 0.96104, Validation (Z) = 0.95863
Epoch 53: Loss = 0.40047, Training (Code) = 0.36454, Validation (Code) = 0.3585, Training (X) = 0.96034, Validation (X) = 0.96002, Training (Z) = 0.96274, Validation (Z) = 0.95955
Epoch 54: Loss = 0.40047, Training (Code) = 0.36492, Validation (Code) = 0.35775, Training (X) = 0.96272, Validation (X) = 0.95807, Training (Z) = 0.95992, Validation (Z) = 0.95807
Epoch 55: Loss = 0.40047, Training (Code) = 0.3651, Validation (Code) = 0.35308, Training (X) = 0.96268, Validation (X) = 0.96389, Training (Z) = 0.96063, Validation (Z) = 0.96129
Epoch 56: Loss = 0.40047, Training (Code) = 0.36706, Validation (Code) = 0.35817, Training (X) = 0.96084, Validation (X) = 0.95835, Training (Z) = 0.96175, Validation (Z) = 0.95579
Epoch 57: Loss = 0.40047, Training (Code) = 0.36573, Validation (Code) = 0.35458, Training (X) = 0.96223, Validation (X) = 0.96522, Training (Z) = 0.9603, Validation (Z) = 0.95887
Epoch 58: Loss = 0.40047, Training (Code) = 0.3646, Validation (Code) = 0.35892, Training (X) = 0.96166, Validation (X) = 0.95798, Training (Z) = 0.95932, Validation (Z) = 0.95612
Epoch 59: Loss = 0.40047, Training (Code) = 0.36583, Validation (Code) = 0.36, Training (X) = 0.96145, Validation (X) = 0.9581, Training (Z) = 0.95905, Validation (Z) = 0.95671
Epoch 60: Loss = 0.40047, Training (Code) = 0.36606, Validation (Code) = 0.36025, Training (X) = 0.96244, Validation (X) = 0.95813, Training (Z) = 0.95914, Validation (Z) = 0.95836
Epoch 61: Loss = 0.40047, Training (Code) = 0.36612, Validation (Code) = 0.36308, Training (X) = 0.96244, Validation (X) = 0.95983, Training (Z) = 0.96222, Validation (Z) = 0.96029
Epoch 62: Loss = 0.40047, Training (Code) = 0.36598, Validation (Code) = 0.35883, Training (X) = 0.96192, Validation (X) = 0.96168, Training (Z) = 0.95839, Validation (Z) = 0.94961
Epoch 63: Loss = 0.40047, Training (Code) = 0.36631, Validation (Code) = 0.35333, Training (X) = 0.96514, Validation (X) = 0.9625, Training (Z) = 0.95837, Validation (Z) = 0.95943
Epoch 64: Loss = 0.40047, Training (Code) = 0.36485, Validation (Code) = 0.35533, Training (X) = 0.96123, Validation (X) = 0.96318, Training (Z) = 0.96003, Validation (Z) = 0.9599
Epoch 65: Loss = 0.40047, Training (Code) = 0.36579, Validation (Code) = 0.358, Training (X) = 0.96173, Validation (X) = 0.9602, Training (Z) = 0.96093, Validation (Z) = 0.95601
Epoch 66: Loss = 0.40047, Training (Code) = 0.36496, Validation (Code) = 0.35183, Training (X) = 0.9621, Validation (X) = 0.96518, Training (Z) = 0.95981, Validation (Z) = 0.95926
Epoch 67: Loss = 0.40047, Training (Code) = 0.3649, Validation (Code) = 0.35342, Training (X) = 0.96369, Validation (X) = 0.96605, Training (Z) = 0.96078, Validation (Z) = 0.95897
Epoch 68: Loss = 0.40047, Training (Code) = 0.36475, Validation (Code) = 0.35808, Training (X) = 0.9627, Validation (X) = 0.96346, Training (Z) = 0.96316, Validation (Z) = 0.96439
Epoch 69: Loss = 0.40047, Training (Code) = 0.36783, Validation (Code) = 0.35883, Training (X) = 0.96154, Validation (X) = 0.95866, Training (Z) = 0.95894, Validation (Z) = 0.96075
Epoch 70: Loss = 0.40047, Training (Code) = 0.36456, Validation (Code) = 0.36142, Training (X) = 0.96028, Validation (X) = 0.96149, Training (Z) = 0.96034, Validation (Z) = 0.9585
Epoch 71: Loss = 0.40047, Training (Code) = 0.36558, Validation (Code) = 0.35692, Training (X) = 0.96296, Validation (X) = 0.96288, Training (Z) = 0.96125, Validation (Z) = 0.95984
Epoch 72: Loss = 0.40047, Training (Code) = 0.36321, Validation (Code) = 0.35175, Training (X) = 0.9622, Validation (X) = 0.95925, Training (Z) = 0.95876, Validation (Z) = 0.95949
Epoch 73: Loss = 0.40047, Training (Code) = 0.36421, Validation (Code) = 0.35867, Training (X) = 0.96242, Validation (X) = 0.96236, Training (Z) = 0.96122, Validation (Z) = 0.96166
Epoch 74: Loss = 0.40047, Training (Code) = 0.3646, Validation (Code) = 0.35942, Training (X) = 0.96286, Validation (X) = 0.96429, Training (Z) = 0.95892, Validation (Z) = 0.96128
Epoch 75: Loss = 0.40047, Training (Code) = 0.36544, Validation (Code) = 0.3585, Training (X) = 0.96334, Validation (X) = 0.96211, Training (Z) = 0.9573, Validation (Z) = 0.96165
Epoch 76: Loss = 0.40047, Training (Code) = 0.36365, Validation (Code) = 0.36117, Training (X) = 0.96282, Validation (X) = 0.95962, Training (Z) = 0.96024, Validation (Z) = 0.95985
Epoch 77: Loss = 0.40047, Training (Code) = 0.36479, Validation (Code) = 0.35417, Training (X) = 0.96311, Validation (X) = 0.96071, Training (Z) = 0.96299, Validation (Z) = 0.96212
Epoch 78: Loss = 0.40047, Training (Code) = 0.3639, Validation (Code) = 0.35742, Training (X) = 0.9629, Validation (X) = 0.96666, Training (Z) = 0.9637, Validation (Z) = 0.96036
Epoch 79: Loss = 0.40047, Training (Code) = 0.36471, Validation (Code) = 0.35558, Training (X) = 0.96224, Validation (X) = 0.96203, Training (Z) = 0.96093, Validation (Z) = 0.95899
Epoch 80: Loss = 0.40047, Training (Code) = 0.36375, Validation (Code) = 0.36267, Training (X) = 0.9618, Validation (X) = 0.96002, Training (Z) = 0.96105, Validation (Z) = 0.95795
Epoch 81: Loss = 0.40047, Training (Code) = 0.36679, Validation (Code) = 0.35633, Training (X) = 0.96297, Validation (X) = 0.95907, Training (Z) = 0.95888, Validation (Z) = 0.95931
Epoch 82: Loss = 0.40047, Training (Code) = 0.36438, Validation (Code) = 0.35275, Training (X) = 0.96129, Validation (X) = 0.9563, Training (Z) = 0.96141, Validation (Z) = 0.95795
Epoch 83: Loss = 0.40047, Training (Code) = 0.363, Validation (Code) = 0.35817, Training (X) = 0.96315, Validation (X) = 0.95789, Training (Z) = 0.95954, Validation (Z) = 0.95742
Epoch 84: Loss = 0.40047, Training (Code) = 0.36677, Validation (Code) = 0.36083, Training (X) = 0.96279, Validation (X) = 0.96236, Training (Z) = 0.95927, Validation (Z) = 0.96028
Epoch 85: Loss = 0.40047, Training (Code) = 0.36429, Validation (Code) = 0.36267, Training (X) = 0.96363, Validation (X) = 0.96117, Training (Z) = 0.95831, Validation (Z) = 0.96071
Epoch 86: Loss = 0.40047, Training (Code) = 0.36594, Validation (Code) = 0.35525, Training (X) = 0.96043, Validation (X) = 0.96223, Training (Z) = 0.95992, Validation (Z) = 0.96106
Epoch 87: Loss = 0.40047, Training (Code) = 0.3659, Validation (Code) = 0.35933, Training (X) = 0.96396, Validation (X) = 0.95988, Training (Z) = 0.95963, Validation (Z) = 0.95942
Epoch 88: Loss = 0.40047, Training (Code) = 0.3656, Validation (Code) = 0.36033, Training (X) = 0.9645, Validation (X) = 0.95675, Training (Z) = 0.95943, Validation (Z) = 0.96022
Epoch 89: Loss = 0.40047, Training (Code) = 0.36498, Validation (Code) = 0.35558, Training (X) = 0.96079, Validation (X) = 0.96016, Training (Z) = 0.9605, Validation (Z) = 0.95735
Epoch 90: Loss = 0.40047, Training (Code) = 0.36502, Validation (Code) = 0.35708, Training (X) = 0.96222, Validation (X) = 0.96523, Training (Z) = 0.95845, Validation (Z) = 0.95986
Epoch 91: Loss = 0.40047, Training (Code) = 0.36529, Validation (Code) = 0.35792, Training (X) = 0.96333, Validation (X) = 0.95693, Training (Z) = 0.95945, Validation (Z) = 0.95856
Epoch 92: Loss = 0.40047, Training (Code) = 0.36921, Validation (Code) = 0.35975, Training (X) = 0.96298, Validation (X) = 0.96039, Training (Z) = 0.95695, Validation (Z) = 0.9583
Epoch 93: Loss = 0.40047, Training (Code) = 0.3655, Validation (Code) = 0.35958, Training (X) = 0.96238, Validation (X) = 0.96176, Training (Z) = 0.96153, Validation (Z) = 0.95527
Epoch 94: Loss = 0.40047, Training (Code) = 0.36698, Validation (Code) = 0.35825, Training (X) = 0.96304, Validation (X) = 0.9579, Training (Z) = 0.96072, Validation (Z) = 0.95976
Epoch 95: Loss = 0.40047, Training (Code) = 0.3674, Validation (Code) = 0.35642, Training (X) = 0.96087, Validation (X) = 0.96025, Training (Z) = 0.95617, Validation (Z) = 0.95791
Epoch 96: Loss = 0.40047, Training (Code) = 0.36581, Validation (Code) = 0.35908, Training (X) = 0.9623, Validation (X) = 0.95892, Training (Z) = 0.95717, Validation (Z) = 0.95823
Epoch 97: Loss = 0.40047, Training (Code) = 0.365, Validation (Code) = 0.35642, Training (X) = 0.96353, Validation (X) = 0.95815, Training (Z) = 0.96239, Validation (Z) = 0.95768
Epoch 98: Loss = 0.40047, Training (Code) = 0.36427, Validation (Code) = 0.35592, Training (X) = 0.96054, Validation (X) = 0.96137, Training (Z) = 0.95945, Validation (Z) = 0.96043
Epoch 99: Loss = 0.40047, Training (Code) = 0.36388, Validation (Code) = 0.36, Training (X) = 0.96124, Validation (X) = 0.9588, Training (Z) = 0.95952, Validation (Z) = 0.95764
Epoch 100: Loss = 0.40047, Training (Code) = 0.36458, Validation (Code) = 0.362, Training (X) = 0.96223, Validation (X) = 0.9611, Training (Z) = 0.95994, Validation (Z) = 0.95143
Epoch 101: Loss = 0.40047, Training (Code) = 0.36521, Validation (Code) = 0.35575, Training (X) = 0.96423, Validation (X) = 0.95948, Training (Z) = 0.96372, Validation (Z) = 0.96112
Epoch 102: Loss = 0.40047, Training (Code) = 0.36354, Validation (Code) = 0.35858, Training (X) = 0.96464, Validation (X) = 0.96189, Training (Z) = 0.96149, Validation (Z) = 0.95492
Epoch 103: Loss = 0.40047, Training (Code) = 0.36252, Validation (Code) = 0.36467, Training (X) = 0.96448, Validation (X) = 0.95681, Training (Z) = 0.96109, Validation (Z) = 0.95795
Epoch 104: Loss = 0.40047, Training (Code) = 0.36273, Validation (Code) = 0.36167, Training (X) = 0.96146, Validation (X) = 0.96037, Training (Z) = 0.95922, Validation (Z) = 0.95783
Epoch 105: Loss = 0.40047, Training (Code) = 0.36606, Validation (Code) = 0.35408, Training (X) = 0.96289, Validation (X) = 0.95999, Training (Z) = 0.95783, Validation (Z) = 0.95999
Epoch 106: Loss = 0.40047, Training (Code) = 0.36508, Validation (Code) = 0.35875, Training (X) = 0.96411, Validation (X) = 0.9619, Training (Z) = 0.96045, Validation (Z) = 0.96167
Epoch 107: Loss = 0.40047, Training (Code) = 0.36702, Validation (Code) = 0.36192, Training (X) = 0.9622, Validation (X) = 0.96316, Training (Z) = 0.95902, Validation (Z) = 0.95901
Epoch 108: Loss = 0.40047, Training (Code) = 0.36554, Validation (Code) = 0.35517, Training (X) = 0.96113, Validation (X) = 0.95988, Training (Z) = 0.96124, Validation (Z) = 0.96363
Epoch 109: Loss = 0.40047, Training (Code) = 0.36325, Validation (Code) = 0.36008, Training (X) = 0.96335, Validation (X) = 0.96043, Training (Z) = 0.9583, Validation (Z) = 0.96205
Epoch 110: Loss = 0.40047, Training (Code) = 0.36644, Validation (Code) = 0.3605, Training (X) = 0.96333, Validation (X) = 0.95492, Training (Z) = 0.96009, Validation (Z) = 0.96117
Epoch 111: Loss = 0.40047, Training (Code) = 0.36327, Validation (Code) = 0.35508, Training (X) = 0.96295, Validation (X) = 0.96268, Training (Z) = 0.95871, Validation (Z) = 0.95517
Epoch 112: Loss = 0.40047, Training (Code) = 0.36425, Validation (Code) = 0.35725, Training (X) = 0.96351, Validation (X) = 0.96151, Training (Z) = 0.95962, Validation (Z) = 0.95498
Epoch 113: Loss = 0.40047, Training (Code) = 0.36546, Validation (Code) = 0.35717, Training (X) = 0.96181, Validation (X) = 0.95614, Training (Z) = 0.96015, Validation (Z) = 0.95917
Epoch 114: Loss = 0.40047, Training (Code) = 0.36423, Validation (Code) = 0.35692, Training (X) = 0.96379, Validation (X) = 0.96054, Training (Z) = 0.95956, Validation (Z) = 0.96288
Epoch 115: Loss = 0.40047, Training (Code) = 0.36548, Validation (Code) = 0.35467, Training (X) = 0.96375, Validation (X) = 0.96241, Training (Z) = 0.95964, Validation (Z) = 0.96593
Epoch 116: Loss = 0.40047, Training (Code) = 0.36467, Validation (Code) = 0.35592, Training (X) = 0.96167, Validation (X) = 0.95622, Training (Z) = 0.96092, Validation (Z) = 0.96043
Epoch 117: Loss = 0.40047, Training (Code) = 0.36579, Validation (Code) = 0.35808, Training (X) = 0.96247, Validation (X) = 0.96137, Training (Z) = 0.95848, Validation (Z) = 0.9616
Epoch 118: Loss = 0.40047, Training (Code) = 0.36502, Validation (Code) = 0.35642, Training (X) = 0.96467, Validation (X) = 0.95908, Training (Z) = 0.96153, Validation (Z) = 0.95511
Epoch 119: Loss = 0.40047, Training (Code) = 0.36279, Validation (Code) = 0.35575, Training (X) = 0.96164, Validation (X) = 0.96088, Training (Z) = 0.95963, Validation (Z) = 0.95807
Epoch 120: Loss = 0.40047, Training (Code) = 0.36504, Validation (Code) = 0.35608, Training (X) = 0.96439, Validation (X) = 0.95905, Training (Z) = 0.95817, Validation (Z) = 0.95975
Epoch 121: Loss = 0.40047, Training (Code) = 0.36535, Validation (Code) = 0.35467, Training (X) = 0.96373, Validation (X) = 0.9617, Training (Z) = 0.96054, Validation (Z) = 0.95935
Epoch 122: Loss = 0.40047, Training (Code) = 0.36558, Validation (Code) = 0.35858, Training (X) = 0.96273, Validation (X) = 0.95887, Training (Z) = 0.9584, Validation (Z) = 0.9591
Epoch 123: Loss = 0.40047, Training (Code) = 0.36608, Validation (Code) = 0.3605, Training (X) = 0.96307, Validation (X) = 0.9614, Training (Z) = 0.95829, Validation (Z) = 0.96001
Epoch 124: Loss = 0.40047, Training (Code) = 0.36498, Validation (Code) = 0.36058, Training (X) = 0.96061, Validation (X) = 0.95979, Training (Z) = 0.96016, Validation (Z) = 0.95355
Epoch 125: Loss = 0.40047, Training (Code) = 0.36669, Validation (Code) = 0.35617, Training (X) = 0.96142, Validation (X) = 0.96256, Training (Z) = 0.95824, Validation (Z) = 0.95555
Epoch 126: Loss = 0.40047, Training (Code) = 0.36242, Validation (Code) = 0.35917, Training (X) = 0.9635, Validation (X) = 0.96032, Training (Z) = 0.95988, Validation (Z) = 0.95638
Epoch 127: Loss = 0.40047, Training (Code) = 0.36333, Validation (Code) = 0.35683, Training (X) = 0.96279, Validation (X) = 0.96333, Training (Z) = 0.96084, Validation (Z) = 0.9589
Epoch 128: Loss = 0.40047, Training (Code) = 0.36735, Validation (Code) = 0.357, Training (X) = 0.96132, Validation (X) = 0.96289, Training (Z) = 0.9603, Validation (Z) = 0.95868
Epoch 129: Loss = 0.40047, Training (Code) = 0.3655, Validation (Code) = 0.35333, Training (X) = 0.96369, Validation (X) = 0.96557, Training (Z) = 0.95999, Validation (Z) = 0.96108
Epoch 130: Loss = 0.40047, Training (Code) = 0.36631, Validation (Code) = 0.35875, Training (X) = 0.96423, Validation (X) = 0.9626, Training (Z) = 0.96138, Validation (Z) = 0.95889
Epoch 131: Loss = 0.40047, Training (Code) = 0.36581, Validation (Code) = 0.35617, Training (X) = 0.96275, Validation (X) = 0.95976, Training (Z) = 0.96076, Validation (Z) = 0.95812
Epoch 132: Loss = 0.40047, Training (Code) = 0.36504, Validation (Code) = 0.358, Training (X) = 0.96245, Validation (X) = 0.95857, Training (Z) = 0.95914, Validation (Z) = 0.9588
Epoch 133: Loss = 0.40047, Training (Code) = 0.36548, Validation (Code) = 0.36042, Training (X) = 0.96392, Validation (X) = 0.96, Training (Z) = 0.95976, Validation (Z) = 0.95561
Epoch 134: Loss = 0.40047, Training (Code) = 0.36623, Validation (Code) = 0.35675, Training (X) = 0.96325, Validation (X) = 0.96356, Training (Z) = 0.95955, Validation (Z) = 0.95655
Epoch 135: Loss = 0.40047, Training (Code) = 0.36571, Validation (Code) = 0.35775, Training (X) = 0.96309, Validation (X) = 0.96459, Training (Z) = 0.96098, Validation (Z) = 0.95737
Epoch 136: Loss = 0.40047, Training (Code) = 0.36265, Validation (Code) = 0.36175, Training (X) = 0.96191, Validation (X) = 0.96084, Training (Z) = 0.9603, Validation (Z) = 0.96061
Epoch 137: Loss = 0.40047, Training (Code) = 0.36644, Validation (Code) = 0.35858, Training (X) = 0.96299, Validation (X) = 0.95654, Training (Z) = 0.96009, Validation (Z) = 0.9584
Epoch 138: Loss = 0.40047, Training (Code) = 0.36538, Validation (Code) = 0.35558, Training (X) = 0.96088, Validation (X) = 0.95711, Training (Z) = 0.95644, Validation (Z) = 0.95735
Epoch 139: Loss = 0.40047, Training (Code) = 0.36523, Validation (Code) = 0.36083, Training (X) = 0.96423, Validation (X) = 0.95681, Training (Z) = 0.96167, Validation (Z) = 0.96351
Epoch 140: Loss = 0.40047, Training (Code) = 0.36796, Validation (Code) = 0.35825, Training (X) = 0.9594, Validation (X) = 0.9579, Training (Z) = 0.96139, Validation (Z) = 0.95255
Epoch 141: Loss = 0.40047, Training (Code) = 0.3639, Validation (Code) = 0.36192, Training (X) = 0.96433, Validation (X) = 0.96132, Training (Z) = 0.96073, Validation (Z) = 0.9604
Epoch 142: Loss = 0.40047, Training (Code) = 0.36602, Validation (Code) = 0.357, Training (X) = 0.96169, Validation (X) = 0.96522, Training (Z) = 0.95913, Validation (Z) = 0.96148
Epoch 143: Loss = 0.40047, Training (Code) = 0.36494, Validation (Code) = 0.364, Training (X) = 0.96232, Validation (X) = 0.96337, Training (Z) = 0.96135, Validation (Z) = 0.9581
Epoch 144: Loss = 0.40047, Training (Code) = 0.36592, Validation (Code) = 0.3585, Training (X) = 0.96231, Validation (X) = 0.96467, Training (Z) = 0.96117, Validation (Z) = 0.95653
Epoch 145: Loss = 0.40047, Training (Code) = 0.36892, Validation (Code) = 0.35483, Training (X) = 0.96053, Validation (X) = 0.96454, Training (Z) = 0.95934, Validation (Z) = 0.95655
Epoch 146: Loss = 0.40047, Training (Code) = 0.36312, Validation (Code) = 0.35675, Training (X) = 0.96357, Validation (X) = 0.95982, Training (Z) = 0.95898, Validation (Z) = 0.96263
Epoch 147: Loss = 0.40047, Training (Code) = 0.36529, Validation (Code) = 0.36042, Training (X) = 0.96031, Validation (X) = 0.96185, Training (Z) = 0.95837, Validation (Z) = 0.96208
Epoch 148: Loss = 0.40047, Training (Code) = 0.3664, Validation (Code) = 0.35725, Training (X) = 0.9631, Validation (X) = 0.96501, Training (Z) = 0.95963, Validation (Z) = 0.95778
Epoch 149: Loss = 0.40047, Training (Code) = 0.36625, Validation (Code) = 0.35567, Training (X) = 0.96246, Validation (X) = 0.95853, Training (Z) = 0.95859, Validation (Z) = 0.95923
Epoch 150: Loss = 0.40047, Training (Code) = 0.3651, Validation (Code) = 0.35833, Training (X) = 0.96359, Validation (X) = 0.96209, Training (Z) = 0.9604, Validation (Z) = 0.96186
Epoch 151: Loss = 0.40047, Training (Code) = 0.36483, Validation (Code) = 0.354, Training (X) = 0.96534, Validation (X) = 0.95904, Training (Z) = 0.96123, Validation (Z) = 0.96139
Epoch 152: Loss = 0.40047, Training (Code) = 0.36631, Validation (Code) = 0.36, Training (X) = 0.9619, Validation (X) = 0.96157, Training (Z) = 0.95979, Validation (Z) = 0.96319
Epoch 153: Loss = 0.40047, Training (Code) = 0.36369, Validation (Code) = 0.35683, Training (X) = 0.96294, Validation (X) = 0.95539, Training (Z) = 0.95841, Validation (Z) = 0.96053
Epoch 154: Loss = 0.40047, Training (Code) = 0.36548, Validation (Code) = 0.35667, Training (X) = 0.96318, Validation (X) = 0.96379, Training (Z) = 0.96198, Validation (Z) = 0.95748
Epoch 155: Loss = 0.40047, Training (Code) = 0.36456, Validation (Code) = 0.36467, Training (X) = 0.96228, Validation (X) = 0.95544, Training (Z) = 0.96148, Validation (Z) = 0.95407
Epoch 156: Loss = 0.40047, Training (Code) = 0.3661, Validation (Code) = 0.35433, Training (X) = 0.96324, Validation (X) = 0.96214, Training (Z) = 0.95715, Validation (Z) = 0.95908
Epoch 157: Loss = 0.40047, Training (Code) = 0.36373, Validation (Code) = 0.35792, Training (X) = 0.96185, Validation (X) = 0.95879, Training (Z) = 0.95996, Validation (Z) = 0.95576
Epoch 158: Loss = 0.40047, Training (Code) = 0.36698, Validation (Code) = 0.36175, Training (X) = 0.96202, Validation (X) = 0.96015, Training (Z) = 0.96134, Validation (Z) = 0.96015
Epoch 159: Loss = 0.40047, Training (Code) = 0.36425, Validation (Code) = 0.36058, Training (X) = 0.96156, Validation (X) = 0.95748, Training (Z) = 0.95773, Validation (Z) = 0.96002
Epoch 160: Loss = 0.40047, Training (Code) = 0.3651, Validation (Code) = 0.35925, Training (X) = 0.96308, Validation (X) = 0.95755, Training (Z) = 0.9588, Validation (Z) = 0.9543
Epoch 161: Loss = 0.40047, Training (Code) = 0.36425, Validation (Code) = 0.36025, Training (X) = 0.96299, Validation (X) = 0.96276, Training (Z) = 0.96105, Validation (Z) = 0.95628
Epoch 162: Loss = 0.40047, Training (Code) = 0.36273, Validation (Code) = 0.36033, Training (X) = 0.966, Validation (X) = 0.95698, Training (Z) = 0.96278, Validation (Z) = 0.96253
Epoch 163: Loss = 0.40047, Training (Code) = 0.36456, Validation (Code) = 0.3625, Training (X) = 0.9636, Validation (X) = 0.95954, Training (Z) = 0.95965, Validation (Z) = 0.95931
Epoch 164: Loss = 0.40047, Training (Code) = 0.36431, Validation (Code) = 0.35358, Training (X) = 0.9614, Validation (X) = 0.95828, Training (Z) = 0.95797, Validation (Z) = 0.96394
Epoch 165: Loss = 0.40047, Training (Code) = 0.36515, Validation (Code) = 0.35508, Training (X) = 0.96251, Validation (X) = 0.95846, Training (Z) = 0.95989, Validation (Z) = 0.96151
Epoch 166: Loss = 0.40047, Training (Code) = 0.36556, Validation (Code) = 0.35792, Training (X) = 0.96284, Validation (X) = 0.96158, Training (Z) = 0.95828, Validation (Z) = 0.96228
Epoch 167: Loss = 0.40047, Training (Code) = 0.36404, Validation (Code) = 0.35725, Training (X) = 0.96154, Validation (X) = 0.96151, Training (Z) = 0.96194, Validation (Z) = 0.96128
Epoch 168: Loss = 0.40047, Training (Code) = 0.36467, Validation (Code) = 0.35675, Training (X) = 0.96212, Validation (X) = 0.96613, Training (Z) = 0.95852, Validation (Z) = 0.96099
Epoch 169: Loss = 0.40047, Training (Code) = 0.3669, Validation (Code) = 0.35983, Training (X) = 0.96059, Validation (X) = 0.96225, Training (Z) = 0.95963, Validation (Z) = 0.96109
Epoch 170: Loss = 0.40047, Training (Code) = 0.36417, Validation (Code) = 0.3545, Training (X) = 0.96316, Validation (X) = 0.9638, Training (Z) = 0.96339, Validation (Z) = 0.96356
Epoch 171: Loss = 0.40047, Training (Code) = 0.36781, Validation (Code) = 0.35508, Training (X) = 0.96188, Validation (X) = 0.95987, Training (Z) = 0.96063, Validation (Z) = 0.95752
Epoch 172: Loss = 0.40047, Training (Code) = 0.36612, Validation (Code) = 0.35433, Training (X) = 0.96034, Validation (X) = 0.96167, Training (Z) = 0.95789, Validation (Z) = 0.95861
Epoch 173: Loss = 0.40047, Training (Code) = 0.36598, Validation (Code) = 0.36308, Training (X) = 0.96431, Validation (X) = 0.96167, Training (Z) = 0.96163, Validation (Z) = 0.95685
Epoch 174: Loss = 0.40047, Training (Code) = 0.36548, Validation (Code) = 0.35592, Training (X) = 0.96363, Validation (X) = 0.95668, Training (Z) = 0.95839, Validation (Z) = 0.95739
Epoch 175: Loss = 0.40047, Training (Code) = 0.36565, Validation (Code) = 0.359, Training (X) = 0.96171, Validation (X) = 0.95706, Training (Z) = 0.95938, Validation (Z) = 0.95682
Epoch 176: Loss = 0.40047, Training (Code) = 0.36921, Validation (Code) = 0.3555, Training (X) = 0.96225, Validation (X) = 0.96343, Training (Z) = 0.96044, Validation (Z) = 0.95734
Epoch 177: Loss = 0.40047, Training (Code) = 0.36773, Validation (Code) = 0.35642, Training (X) = 0.96114, Validation (X) = 0.96353, Training (Z) = 0.95808, Validation (Z) = 0.95955
Epoch 178: Loss = 0.40047, Training (Code) = 0.36475, Validation (Code) = 0.35542, Training (X) = 0.96362, Validation (X) = 0.96178, Training (Z) = 0.96156, Validation (Z) = 0.96225
Epoch 179: Loss = 0.40047, Training (Code) = 0.36471, Validation (Code) = 0.36167, Training (X) = 0.96253, Validation (X) = 0.96106, Training (Z) = 0.96007, Validation (Z) = 0.95991
Epoch 180: Loss = 0.40047, Training (Code) = 0.3656, Validation (Code) = 0.36158, Training (X) = 0.95715, Validation (X) = 0.95736, Training (Z) = 0.95926, Validation (Z) = 0.96289
Epoch 181: Loss = 0.40047, Training (Code) = 0.36588, Validation (Code) = 0.357, Training (X) = 0.96225, Validation (X) = 0.96218, Training (Z) = 0.96037, Validation (Z) = 0.95658
Epoch 182: Loss = 0.40047, Training (Code) = 0.36531, Validation (Code) = 0.35992, Training (X) = 0.96008, Validation (X) = 0.96295, Training (Z) = 0.96002, Validation (Z) = 0.95902
Epoch 183: Loss = 0.40047, Training (Code) = 0.36606, Validation (Code) = 0.35508, Training (X) = 0.96102, Validation (X) = 0.96245, Training (Z) = 0.9609, Validation (Z) = 0.95776
Epoch 184: Loss = 0.40047, Training (Code) = 0.36512, Validation (Code) = 0.35917, Training (X) = 0.96246, Validation (X) = 0.96009, Training (Z) = 0.95898, Validation (Z) = 0.96288
Epoch 185: Loss = 0.40047, Training (Code) = 0.36429, Validation (Code) = 0.35817, Training (X) = 0.96409, Validation (X) = 0.96324, Training (Z) = 0.95968, Validation (Z) = 0.96277
Epoch 186: Loss = 0.40047, Training (Code) = 0.36394, Validation (Code) = 0.359, Training (X) = 0.96153, Validation (X) = 0.96193, Training (Z) = 0.96056, Validation (Z) = 0.95799
Epoch 187: Loss = 0.40047, Training (Code) = 0.36715, Validation (Code) = 0.35625, Training (X) = 0.96295, Validation (X) = 0.95673, Training (Z) = 0.95948, Validation (Z) = 0.95439
Epoch 188: Loss = 0.40047, Training (Code) = 0.36508, Validation (Code) = 0.36133, Training (X) = 0.96, Validation (X) = 0.9548, Training (Z) = 0.95897, Validation (Z) = 0.95941
Epoch 189: Loss = 0.40047, Training (Code) = 0.36212, Validation (Code) = 0.35767, Training (X) = 0.96422, Validation (X) = 0.96435, Training (Z) = 0.95904, Validation (Z) = 0.9569
Epoch 190: Loss = 0.40047, Training (Code) = 0.36706, Validation (Code) = 0.35917, Training (X) = 0.96021, Validation (X) = 0.95963, Training (Z) = 0.96095, Validation (Z) = 0.96079
Epoch 191: Loss = 0.40047, Training (Code) = 0.36321, Validation (Code) = 0.35975, Training (X) = 0.96277, Validation (X) = 0.95691, Training (Z) = 0.95853, Validation (Z) = 0.95529
Epoch 192: Loss = 0.40047, Training (Code) = 0.36454, Validation (Code) = 0.35933, Training (X) = 0.96451, Validation (X) = 0.96405, Training (Z) = 0.96182, Validation (Z) = 0.95895
Epoch 193: Loss = 0.40047, Training (Code) = 0.36744, Validation (Code) = 0.35892, Training (X) = 0.96059, Validation (X) = 0.96007, Training (Z) = 0.95714, Validation (Z) = 0.95728
Epoch 194: Loss = 0.40047, Training (Code) = 0.36577, Validation (Code) = 0.35833, Training (X) = 0.96343, Validation (X) = 0.96093, Training (Z) = 0.95933, Validation (Z) = 0.95837
Epoch 195: Loss = 0.40047, Training (Code) = 0.36419, Validation (Code) = 0.35217, Training (X) = 0.96139, Validation (X) = 0.96001, Training (Z) = 0.95818, Validation (Z) = 0.95906
Epoch 196: Loss = 0.40047, Training (Code) = 0.36504, Validation (Code) = 0.35725, Training (X) = 0.96182, Validation (X) = 0.96035, Training (Z) = 0.9584, Validation (Z) = 0.96011
Epoch 197: Loss = 0.40047, Training (Code) = 0.36396, Validation (Code) = 0.36067, Training (X) = 0.96314, Validation (X) = 0.95656, Training (Z) = 0.95936, Validation (Z) = 0.95726
Epoch 198: Loss = 0.40047, Training (Code) = 0.36452, Validation (Code) = 0.35758, Training (X) = 0.96342, Validation (X) = 0.96714, Training (Z) = 0.96056, Validation (Z) = 0.95549
Epoch 199: Loss = 0.40047, Training (Code) = 0.36412, Validation (Code) = 0.35783, Training (X) = 0.96327, Validation (X) = 0.96274, Training (Z) = 0.95863, Validation (Z) = 0.95994
Epoch 200: Loss = 0.40047, Training (Code) = 0.36565, Validation (Code) = 0.35717, Training (X) = 0.96097, Validation (X) = 0.96314, Training (Z) = 0.95955, Validation (Z) = 0.9622
