==========================================
SLURM_JOB_ID = 6156500
SLURM_JOB_NODELIST = e17-14
TMPDIR = /tmp/SLURM_6156500
==========================================
10_10_16_09_23_000 [6, 40, 40, 40, 40, 14] [Tanh(), Tanh(), Tanh(), Tanh(), Tanh(), Sigmoid()] 200 0.0002 25
Epoch 1: Loss = 0.24593, Training (Code) = 0.81019, Validation (Code) = 0.80817, Training (X) = 0.88843, Validation (X) = 0.88565, Training (Z) = 0.88994, Validation (Z) = 0.89111
Epoch 2: Loss = 0.22621, Training (Code) = 0.84179, Validation (Code) = 0.83892, Training (X) = 0.89163, Validation (X) = 0.88875, Training (Z) = 0.89217, Validation (Z) = 0.89202
Epoch 3: Loss = 0.22278, Training (Code) = 0.85198, Validation (Code) = 0.85192, Training (X) = 0.89057, Validation (X) = 0.89025, Training (Z) = 0.88798, Validation (Z) = 0.8879
Epoch 4: Loss = 0.22182, Training (Code) = 0.85837, Validation (Code) = 0.85783, Training (X) = 0.89044, Validation (X) = 0.88809, Training (Z) = 0.89085, Validation (Z) = 0.88838
Epoch 5: Loss = 0.22159, Training (Code) = 0.86448, Validation (Code) = 0.862, Training (X) = 0.88789, Validation (X) = 0.88882, Training (Z) = 0.88914, Validation (Z) = 0.88969
Epoch 6: Loss = 0.22184, Training (Code) = 0.8694, Validation (Code) = 0.86942, Training (X) = 0.88764, Validation (X) = 0.89188, Training (Z) = 0.88979, Validation (Z) = 0.8868
Epoch 7: Loss = 0.22153, Training (Code) = 0.87102, Validation (Code) = 0.87058, Training (X) = 0.88825, Validation (X) = 0.88494, Training (Z) = 0.88751, Validation (Z) = 0.88858
Epoch 8: Loss = 0.22002, Training (Code) = 0.87617, Validation (Code) = 0.8805, Training (X) = 0.88867, Validation (X) = 0.88728, Training (Z) = 0.88779, Validation (Z) = 0.88482
Epoch 9: Loss = 0.21785, Training (Code) = 0.87481, Validation (Code) = 0.87708, Training (X) = 0.88826, Validation (X) = 0.88865, Training (Z) = 0.88795, Validation (Z) = 0.88903
Epoch 10: Loss = 0.2156, Training (Code) = 0.88102, Validation (Code) = 0.87733, Training (X) = 0.88704, Validation (X) = 0.8863, Training (Z) = 0.88761, Validation (Z) = 0.88944
Epoch 11: Loss = 0.21342, Training (Code) = 0.88108, Validation (Code) = 0.88425, Training (X) = 0.88851, Validation (X) = 0.88672, Training (Z) = 0.88873, Validation (Z) = 0.88813
Epoch 12: Loss = 0.21128, Training (Code) = 0.88283, Validation (Code) = 0.88025, Training (X) = 0.88859, Validation (X) = 0.88943, Training (Z) = 0.88656, Validation (Z) = 0.88696
Epoch 13: Loss = 0.20913, Training (Code) = 0.88556, Validation (Code) = 0.88558, Training (X) = 0.8868, Validation (X) = 0.88595, Training (Z) = 0.88583, Validation (Z) = 0.88435
Epoch 14: Loss = 0.20693, Training (Code) = 0.88485, Validation (Code) = 0.88458, Training (X) = 0.88699, Validation (X) = 0.88394, Training (Z) = 0.88795, Validation (Z) = 0.88902
Epoch 15: Loss = 0.20467, Training (Code) = 0.88633, Validation (Code) = 0.88933, Training (X) = 0.88786, Validation (X) = 0.88709, Training (Z) = 0.888, Validation (Z) = 0.88709
Epoch 16: Loss = 0.20234, Training (Code) = 0.88831, Validation (Code) = 0.88242, Training (X) = 0.88738, Validation (X) = 0.88837, Training (Z) = 0.88855, Validation (Z) = 0.88819
Epoch 17: Loss = 0.19993, Training (Code) = 0.88806, Validation (Code) = 0.886, Training (X) = 0.88667, Validation (X) = 0.8892, Training (Z) = 0.88671, Validation (Z) = 0.88826
Epoch 18: Loss = 0.19746, Training (Code) = 0.888, Validation (Code) = 0.88875, Training (X) = 0.88793, Validation (X) = 0.88392, Training (Z) = 0.88753, Validation (Z) = 0.88692
Epoch 19: Loss = 0.195, Training (Code) = 0.89048, Validation (Code) = 0.88875, Training (X) = 0.8877, Validation (X) = 0.89076, Training (Z) = 0.88861, Validation (Z) = 0.88748
Epoch 20: Loss = 0.19266, Training (Code) = 0.89098, Validation (Code) = 0.887, Training (X) = 0.8905, Validation (X) = 0.89045, Training (Z) = 0.88755, Validation (Z) = 0.88839
Epoch 21: Loss = 0.19051, Training (Code) = 0.89081, Validation (Code) = 0.88708, Training (X) = 0.88632, Validation (X) = 0.8884, Training (Z) = 0.88718, Validation (Z) = 0.88755
Epoch 22: Loss = 0.18858, Training (Code) = 0.89048, Validation (Code) = 0.89317, Training (X) = 0.88665, Validation (X) = 0.88935, Training (Z) = 0.88953, Validation (Z) = 0.88617
Epoch 23: Loss = 0.18683, Training (Code) = 0.8916, Validation (Code) = 0.89075, Training (X) = 0.88738, Validation (X) = 0.88558, Training (Z) = 0.88698, Validation (Z) = 0.88942
Epoch 24: Loss = 0.18527, Training (Code) = 0.89244, Validation (Code) = 0.89175, Training (X) = 0.88939, Validation (X) = 0.88655, Training (Z) = 0.88832, Validation (Z) = 0.88496
Epoch 25: Loss = 0.18387, Training (Code) = 0.89327, Validation (Code) = 0.89, Training (X) = 0.88803, Validation (X) = 0.88792, Training (Z) = 0.88689, Validation (Z) = 0.88886
Epoch 26: Loss = 0.18263, Training (Code) = 0.89152, Validation (Code) = 0.89492, Training (X) = 0.88685, Validation (X) = 0.88658, Training (Z) = 0.8875, Validation (Z) = 0.88891
Epoch 27: Loss = 0.18152, Training (Code) = 0.89215, Validation (Code) = 0.89717, Training (X) = 0.88929, Validation (X) = 0.88464, Training (Z) = 0.88948, Validation (Z) = 0.88882
Epoch 28: Loss = 0.18054, Training (Code) = 0.89544, Validation (Code) = 0.89542, Training (X) = 0.88816, Validation (X) = 0.88739, Training (Z) = 0.88821, Validation (Z) = 0.8899
Epoch 29: Loss = 0.17967, Training (Code) = 0.89519, Validation (Code) = 0.89567, Training (X) = 0.88922, Validation (X) = 0.88556, Training (Z) = 0.88843, Validation (Z) = 0.88696
Epoch 30: Loss = 0.17889, Training (Code) = 0.89652, Validation (Code) = 0.891, Training (X) = 0.88778, Validation (X) = 0.88683, Training (Z) = 0.88665, Validation (Z) = 0.88861
Epoch 31: Loss = 0.17819, Training (Code) = 0.89677, Validation (Code) = 0.89517, Training (X) = 0.88698, Validation (X) = 0.89034, Training (Z) = 0.88949, Validation (Z) = 0.88931
Epoch 32: Loss = 0.17757, Training (Code) = 0.89598, Validation (Code) = 0.89592, Training (X) = 0.88702, Validation (X) = 0.88494, Training (Z) = 0.88958, Validation (Z) = 0.8882
Epoch 33: Loss = 0.17701, Training (Code) = 0.89767, Validation (Code) = 0.89667, Training (X) = 0.88758, Validation (X) = 0.88699, Training (Z) = 0.88939, Validation (Z) = 0.88708
Epoch 34: Loss = 0.1765, Training (Code) = 0.89881, Validation (Code) = 0.89633, Training (X) = 0.88786, Validation (X) = 0.88369, Training (Z) = 0.88779, Validation (Z) = 0.88565
Epoch 35: Loss = 0.17604, Training (Code) = 0.89756, Validation (Code) = 0.89458, Training (X) = 0.88896, Validation (X) = 0.8871, Training (Z) = 0.889, Validation (Z) = 0.89064
Epoch 36: Loss = 0.17562, Training (Code) = 0.89808, Validation (Code) = 0.89675, Training (X) = 0.88582, Validation (X) = 0.8883, Training (Z) = 0.88898, Validation (Z) = 0.88663
Epoch 37: Loss = 0.17524, Training (Code) = 0.89925, Validation (Code) = 0.89633, Training (X) = 0.88829, Validation (X) = 0.88546, Training (Z) = 0.88759, Validation (Z) = 0.8863
Epoch 38: Loss = 0.17488, Training (Code) = 0.89821, Validation (Code) = 0.89825, Training (X) = 0.88741, Validation (X) = 0.8858, Training (Z) = 0.8883, Validation (Z) = 0.88969
Epoch 39: Loss = 0.17454, Training (Code) = 0.89883, Validation (Code) = 0.89958, Training (X) = 0.88756, Validation (X) = 0.8855, Training (Z) = 0.88677, Validation (Z) = 0.8881
Epoch 40: Loss = 0.17423, Training (Code) = 0.89952, Validation (Code) = 0.89842, Training (X) = 0.88807, Validation (X) = 0.88758, Training (Z) = 0.88827, Validation (Z) = 0.88535
Epoch 41: Loss = 0.17394, Training (Code) = 0.90033, Validation (Code) = 0.89442, Training (X) = 0.88798, Validation (X) = 0.88997, Training (Z) = 0.88826, Validation (Z) = 0.89071
Epoch 42: Loss = 0.17367, Training (Code) = 0.89954, Validation (Code) = 0.89917, Training (X) = 0.88874, Validation (X) = 0.88526, Training (Z) = 0.88696, Validation (Z) = 0.88749
Epoch 43: Loss = 0.17341, Training (Code) = 0.89875, Validation (Code) = 0.9025, Training (X) = 0.88936, Validation (X) = 0.88495, Training (Z) = 0.8889, Validation (Z) = 0.888
Epoch 44: Loss = 0.17317, Training (Code) = 0.90031, Validation (Code) = 0.9, Training (X) = 0.88761, Validation (X) = 0.88843, Training (Z) = 0.8887, Validation (Z) = 0.88741
Epoch 45: Loss = 0.17295, Training (Code) = 0.90173, Validation (Code) = 0.89825, Training (X) = 0.88827, Validation (X) = 0.88468, Training (Z) = 0.8873, Validation (Z) = 0.8896
Epoch 46: Loss = 0.17274, Training (Code) = 0.9011, Validation (Code) = 0.90075, Training (X) = 0.88798, Validation (X) = 0.88269, Training (Z) = 0.88884, Validation (Z) = 0.88787
Epoch 47: Loss = 0.17255, Training (Code) = 0.90065, Validation (Code) = 0.89925, Training (X) = 0.88874, Validation (X) = 0.88944, Training (Z) = 0.88969, Validation (Z) = 0.8888
Epoch 48: Loss = 0.17237, Training (Code) = 0.8996, Validation (Code) = 0.90108, Training (X) = 0.88835, Validation (X) = 0.88468, Training (Z) = 0.89046, Validation (Z) = 0.88634
Epoch 49: Loss = 0.1722, Training (Code) = 0.90044, Validation (Code) = 0.89917, Training (X) = 0.88848, Validation (X) = 0.88536, Training (Z) = 0.89003, Validation (Z) = 0.88971
Epoch 50: Loss = 0.17203, Training (Code) = 0.90083, Validation (Code) = 0.89975, Training (X) = 0.88927, Validation (X) = 0.88895, Training (Z) = 0.88848, Validation (Z) = 0.88932
Epoch 51: Loss = 0.17184, Training (Code) = 0.90233, Validation (Code) = 0.9025, Training (X) = 0.88754, Validation (X) = 0.8867, Training (Z) = 0.88793, Validation (Z) = 0.88513
Epoch 52: Loss = 0.17164, Training (Code) = 0.90094, Validation (Code) = 0.90008, Training (X) = 0.88713, Validation (X) = 0.88658, Training (Z) = 0.88822, Validation (Z) = 0.88853
Epoch 53: Loss = 0.17141, Training (Code) = 0.90275, Validation (Code) = 0.90267, Training (X) = 0.88731, Validation (X) = 0.88737, Training (Z) = 0.88803, Validation (Z) = 0.88866
Epoch 54: Loss = 0.17117, Training (Code) = 0.90269, Validation (Code) = 0.89725, Training (X) = 0.88767, Validation (X) = 0.88976, Training (Z) = 0.8852, Validation (Z) = 0.89217
Epoch 55: Loss = 0.1709, Training (Code) = 0.90115, Validation (Code) = 0.90175, Training (X) = 0.88774, Validation (X) = 0.88615, Training (Z) = 0.88815, Validation (Z) = 0.88679
Epoch 56: Loss = 0.17062, Training (Code) = 0.90054, Validation (Code) = 0.90375, Training (X) = 0.88794, Validation (X) = 0.88815, Training (Z) = 0.89016, Validation (Z) = 0.88861
Epoch 57: Loss = 0.17033, Training (Code) = 0.90304, Validation (Code) = 0.90058, Training (X) = 0.88834, Validation (X) = 0.88452, Training (Z) = 0.88903, Validation (Z) = 0.88535
Epoch 58: Loss = 0.17004, Training (Code) = 0.90354, Validation (Code) = 0.90117, Training (X) = 0.88725, Validation (X) = 0.88589, Training (Z) = 0.88663, Validation (Z) = 0.88524
Epoch 59: Loss = 0.16977, Training (Code) = 0.90031, Validation (Code) = 0.90133, Training (X) = 0.88858, Validation (X) = 0.88859, Training (Z) = 0.88934, Validation (Z) = 0.88767
Epoch 60: Loss = 0.16951, Training (Code) = 0.90254, Validation (Code) = 0.90167, Training (X) = 0.88715, Validation (X) = 0.89057, Training (Z) = 0.88814, Validation (Z) = 0.88577
Epoch 61: Loss = 0.16926, Training (Code) = 0.90358, Validation (Code) = 0.9025, Training (X) = 0.88776, Validation (X) = 0.8856, Training (Z) = 0.88677, Validation (Z) = 0.89178
Epoch 62: Loss = 0.16903, Training (Code) = 0.90227, Validation (Code) = 0.90258, Training (X) = 0.88691, Validation (X) = 0.88782, Training (Z) = 0.88732, Validation (Z) = 0.88699
Epoch 63: Loss = 0.16881, Training (Code) = 0.90194, Validation (Code) = 0.90367, Training (X) = 0.88832, Validation (X) = 0.8863, Training (Z) = 0.88793, Validation (Z) = 0.88796
Epoch 64: Loss = 0.1686, Training (Code) = 0.90248, Validation (Code) = 0.90375, Training (X) = 0.88892, Validation (X) = 0.88373, Training (Z) = 0.88829, Validation (Z) = 0.88465
Epoch 65: Loss = 0.1684, Training (Code) = 0.90442, Validation (Code) = 0.90208, Training (X) = 0.88754, Validation (X) = 0.88822, Training (Z) = 0.88768, Validation (Z) = 0.89035
Epoch 66: Loss = 0.16821, Training (Code) = 0.9015, Validation (Code) = 0.90533, Training (X) = 0.88912, Validation (X) = 0.88439, Training (Z) = 0.88806, Validation (Z) = 0.88789
Epoch 67: Loss = 0.16802, Training (Code) = 0.90125, Validation (Code) = 0.90625, Training (X) = 0.88812, Validation (X) = 0.88561, Training (Z) = 0.88835, Validation (Z) = 0.89048
Epoch 68: Loss = 0.16784, Training (Code) = 0.90485, Validation (Code) = 0.90075, Training (X) = 0.88622, Validation (X) = 0.88463, Training (Z) = 0.88734, Validation (Z) = 0.88907
Epoch 69: Loss = 0.16767, Training (Code) = 0.90333, Validation (Code) = 0.90417, Training (X) = 0.8902, Validation (X) = 0.88811, Training (Z) = 0.88856, Validation (Z) = 0.89041
Epoch 70: Loss = 0.16751, Training (Code) = 0.90273, Validation (Code) = 0.905, Training (X) = 0.88858, Validation (X) = 0.88711, Training (Z) = 0.88943, Validation (Z) = 0.88803
Epoch 71: Loss = 0.16735, Training (Code) = 0.90346, Validation (Code) = 0.90167, Training (X) = 0.88763, Validation (X) = 0.88577, Training (Z) = 0.88805, Validation (Z) = 0.88521
Epoch 72: Loss = 0.1672, Training (Code) = 0.90338, Validation (Code) = 0.90625, Training (X) = 0.88861, Validation (X) = 0.88699, Training (Z) = 0.8876, Validation (Z) = 0.88589
Epoch 73: Loss = 0.16705, Training (Code) = 0.90442, Validation (Code) = 0.906, Training (X) = 0.88611, Validation (X) = 0.88631, Training (Z) = 0.88522, Validation (Z) = 0.8853
Epoch 74: Loss = 0.16691, Training (Code) = 0.90338, Validation (Code) = 0.90467, Training (X) = 0.88845, Validation (X) = 0.88532, Training (Z) = 0.88891, Validation (Z) = 0.88716
Epoch 75: Loss = 0.16678, Training (Code) = 0.90631, Validation (Code) = 0.90292, Training (X) = 0.88734, Validation (X) = 0.88851, Training (Z) = 0.88711, Validation (Z) = 0.88639
Epoch 76: Loss = 0.16665, Training (Code) = 0.90379, Validation (Code) = 0.9045, Training (X) = 0.88802, Validation (X) = 0.88484, Training (Z) = 0.88746, Validation (Z) = 0.89018
Epoch 77: Loss = 0.16652, Training (Code) = 0.90306, Validation (Code) = 0.90458, Training (X) = 0.89017, Validation (X) = 0.88558, Training (Z) = 0.88765, Validation (Z) = 0.88798
Epoch 78: Loss = 0.16641, Training (Code) = 0.90338, Validation (Code) = 0.90258, Training (X) = 0.88674, Validation (X) = 0.88699, Training (Z) = 0.88958, Validation (Z) = 0.88764
Epoch 79: Loss = 0.1663, Training (Code) = 0.90623, Validation (Code) = 0.90317, Training (X) = 0.88786, Validation (X) = 0.8866, Training (Z) = 0.88685, Validation (Z) = 0.88836
Epoch 80: Loss = 0.16619, Training (Code) = 0.90248, Validation (Code) = 0.902, Training (X) = 0.88949, Validation (X) = 0.88729, Training (Z) = 0.88878, Validation (Z) = 0.88766
Epoch 81: Loss = 0.16609, Training (Code) = 0.9044, Validation (Code) = 0.90158, Training (X) = 0.88892, Validation (X) = 0.88613, Training (Z) = 0.88708, Validation (Z) = 0.8865
Epoch 82: Loss = 0.16599, Training (Code) = 0.9016, Validation (Code) = 0.90008, Training (X) = 0.89001, Validation (X) = 0.8889, Training (Z) = 0.88816, Validation (Z) = 0.89001
Epoch 83: Loss = 0.1659, Training (Code) = 0.90429, Validation (Code) = 0.90275, Training (X) = 0.88856, Validation (X) = 0.88757, Training (Z) = 0.88861, Validation (Z) = 0.8884
Epoch 84: Loss = 0.16582, Training (Code) = 0.90602, Validation (Code) = 0.9015, Training (X) = 0.8873, Validation (X) = 0.88898, Training (Z) = 0.89023, Validation (Z) = 0.89037
Epoch 85: Loss = 0.16574, Training (Code) = 0.90248, Validation (Code) = 0.90317, Training (X) = 0.88735, Validation (X) = 0.88882, Training (Z) = 0.89097, Validation (Z) = 0.88706
Epoch 86: Loss = 0.16566, Training (Code) = 0.90448, Validation (Code) = 0.903, Training (X) = 0.88817, Validation (X) = 0.8863, Training (Z) = 0.8882, Validation (Z) = 0.88723
Epoch 87: Loss = 0.16559, Training (Code) = 0.90435, Validation (Code) = 0.9055, Training (X) = 0.88774, Validation (X) = 0.88321, Training (Z) = 0.88956, Validation (Z) = 0.88745
Epoch 88: Loss = 0.16553, Training (Code) = 0.90519, Validation (Code) = 0.90383, Training (X) = 0.88768, Validation (X) = 0.88595, Training (Z) = 0.88605, Validation (Z) = 0.88899
Epoch 89: Loss = 0.16546, Training (Code) = 0.90129, Validation (Code) = 0.90342, Training (X) = 0.88824, Validation (X) = 0.88414, Training (Z) = 0.88748, Validation (Z) = 0.88931
Epoch 90: Loss = 0.1654, Training (Code) = 0.90394, Validation (Code) = 0.90617, Training (X) = 0.88723, Validation (X) = 0.88919, Training (Z) = 0.88686, Validation (Z) = 0.8901
Epoch 91: Loss = 0.16534, Training (Code) = 0.90383, Validation (Code) = 0.90567, Training (X) = 0.88752, Validation (X) = 0.88866, Training (Z) = 0.88975, Validation (Z) = 0.88544
Epoch 92: Loss = 0.16529, Training (Code) = 0.90415, Validation (Code) = 0.90075, Training (X) = 0.88984, Validation (X) = 0.88759, Training (Z) = 0.88735, Validation (Z) = 0.89231
Epoch 93: Loss = 0.16524, Training (Code) = 0.90523, Validation (Code) = 0.90408, Training (X) = 0.88682, Validation (X) = 0.88699, Training (Z) = 0.88757, Validation (Z) = 0.88967
Epoch 94: Loss = 0.16519, Training (Code) = 0.905, Validation (Code) = 0.90408, Training (X) = 0.88909, Validation (X) = 0.88736, Training (Z) = 0.88642, Validation (Z) = 0.8869
Epoch 95: Loss = 0.16514, Training (Code) = 0.90273, Validation (Code) = 0.9015, Training (X) = 0.8898, Validation (X) = 0.88649, Training (Z) = 0.88957, Validation (Z) = 0.8875
Epoch 96: Loss = 0.1651, Training (Code) = 0.90181, Validation (Code) = 0.90333, Training (X) = 0.88798, Validation (X) = 0.88506, Training (Z) = 0.88796, Validation (Z) = 0.88755
Epoch 97: Loss = 0.16505, Training (Code) = 0.90423, Validation (Code) = 0.90242, Training (X) = 0.88842, Validation (X) = 0.89029, Training (Z) = 0.8874, Validation (Z) = 0.88993
Epoch 98: Loss = 0.16501, Training (Code) = 0.90358, Validation (Code) = 0.90608, Training (X) = 0.88753, Validation (X) = 0.88412, Training (Z) = 0.88767, Validation (Z) = 0.8889
Epoch 99: Loss = 0.16497, Training (Code) = 0.90581, Validation (Code) = 0.90433, Training (X) = 0.88778, Validation (X) = 0.88647, Training (Z) = 0.88657, Validation (Z) = 0.88518
Epoch 100: Loss = 0.16493, Training (Code) = 0.90383, Validation (Code) = 0.89833, Training (X) = 0.88825, Validation (X) = 0.88701, Training (Z) = 0.88745, Validation (Z) = 0.88794
Epoch 101: Loss = 0.1649, Training (Code) = 0.90287, Validation (Code) = 0.906, Training (X) = 0.88597, Validation (X) = 0.8865, Training (Z) = 0.88795, Validation (Z) = 0.88843
Epoch 102: Loss = 0.16486, Training (Code) = 0.90302, Validation (Code) = 0.90333, Training (X) = 0.88866, Validation (X) = 0.88828, Training (Z) = 0.88741, Validation (Z) = 0.88672
Epoch 103: Loss = 0.16483, Training (Code) = 0.90263, Validation (Code) = 0.90167, Training (X) = 0.88995, Validation (X) = 0.88826, Training (Z) = 0.88822, Validation (Z) = 0.88956
Epoch 104: Loss = 0.1648, Training (Code) = 0.90487, Validation (Code) = 0.90142, Training (X) = 0.88822, Validation (X) = 0.88971, Training (Z) = 0.88992, Validation (Z) = 0.88611
Epoch 105: Loss = 0.16477, Training (Code) = 0.90308, Validation (Code) = 0.90417, Training (X) = 0.88878, Validation (X) = 0.88562, Training (Z) = 0.88874, Validation (Z) = 0.88571
Epoch 106: Loss = 0.16474, Training (Code) = 0.90369, Validation (Code) = 0.90367, Training (X) = 0.8886, Validation (X) = 0.88823, Training (Z) = 0.8883, Validation (Z) = 0.88805
Epoch 107: Loss = 0.16471, Training (Code) = 0.90338, Validation (Code) = 0.90492, Training (X) = 0.88864, Validation (X) = 0.88903, Training (Z) = 0.89043, Validation (Z) = 0.88618
Epoch 108: Loss = 0.16469, Training (Code) = 0.90402, Validation (Code) = 0.8995, Training (X) = 0.88885, Validation (X) = 0.88679, Training (Z) = 0.88747, Validation (Z) = 0.89225
Epoch 109: Loss = 0.16466, Training (Code) = 0.90356, Validation (Code) = 0.90367, Training (X) = 0.88808, Validation (X) = 0.88602, Training (Z) = 0.88674, Validation (Z) = 0.88657
Epoch 110: Loss = 0.16464, Training (Code) = 0.90333, Validation (Code) = 0.90375, Training (X) = 0.88722, Validation (X) = 0.88741, Training (Z) = 0.88886, Validation (Z) = 0.88889
Epoch 111: Loss = 0.16461, Training (Code) = 0.90452, Validation (Code) = 0.90683, Training (X) = 0.88698, Validation (X) = 0.88807, Training (Z) = 0.88691, Validation (Z) = 0.88798
Epoch 112: Loss = 0.16459, Training (Code) = 0.90412, Validation (Code) = 0.90608, Training (X) = 0.8876, Validation (X) = 0.88614, Training (Z) = 0.89023, Validation (Z) = 0.88559
Epoch 113: Loss = 0.16457, Training (Code) = 0.90338, Validation (Code) = 0.90583, Training (X) = 0.88801, Validation (X) = 0.88638, Training (Z) = 0.89, Validation (Z) = 0.88537
Epoch 114: Loss = 0.16455, Training (Code) = 0.90217, Validation (Code) = 0.904, Training (X) = 0.88726, Validation (X) = 0.88781, Training (Z) = 0.88832, Validation (Z) = 0.88855
Epoch 115: Loss = 0.16453, Training (Code) = 0.90379, Validation (Code) = 0.90058, Training (X) = 0.88848, Validation (X) = 0.88776, Training (Z) = 0.88825, Validation (Z) = 0.88979
Epoch 116: Loss = 0.16452, Training (Code) = 0.90404, Validation (Code) = 0.90542, Training (X) = 0.88796, Validation (X) = 0.89066, Training (Z) = 0.88701, Validation (Z) = 0.88827
Epoch 117: Loss = 0.1645, Training (Code) = 0.90192, Validation (Code) = 0.90467, Training (X) = 0.88882, Validation (X) = 0.8878, Training (Z) = 0.89056, Validation (Z) = 0.89001
Epoch 118: Loss = 0.16448, Training (Code) = 0.90287, Validation (Code) = 0.9015, Training (X) = 0.88765, Validation (X) = 0.8863, Training (Z) = 0.89083, Validation (Z) = 0.88852
Epoch 119: Loss = 0.16447, Training (Code) = 0.90602, Validation (Code) = 0.89975, Training (X) = 0.88703, Validation (X) = 0.88784, Training (Z) = 0.88705, Validation (Z) = 0.8908
Epoch 120: Loss = 0.16445, Training (Code) = 0.90506, Validation (Code) = 0.90158, Training (X) = 0.8888, Validation (X) = 0.88964, Training (Z) = 0.88781, Validation (Z) = 0.8877
Epoch 121: Loss = 0.16444, Training (Code) = 0.90352, Validation (Code) = 0.90233, Training (X) = 0.88898, Validation (X) = 0.88862, Training (Z) = 0.88872, Validation (Z) = 0.89019
Epoch 122: Loss = 0.16443, Training (Code) = 0.90481, Validation (Code) = 0.90125, Training (X) = 0.88752, Validation (X) = 0.88636, Training (Z) = 0.88964, Validation (Z) = 0.88951
Epoch 123: Loss = 0.16441, Training (Code) = 0.9046, Validation (Code) = 0.90667, Training (X) = 0.88662, Validation (X) = 0.88281, Training (Z) = 0.88895, Validation (Z) = 0.88796
Epoch 124: Loss = 0.1644, Training (Code) = 0.90223, Validation (Code) = 0.90217, Training (X) = 0.88902, Validation (X) = 0.88962, Training (Z) = 0.88817, Validation (Z) = 0.88795
Epoch 125: Loss = 0.16439, Training (Code) = 0.90454, Validation (Code) = 0.90325, Training (X) = 0.88871, Validation (X) = 0.88957, Training (Z) = 0.88804, Validation (Z) = 0.88938
Epoch 126: Loss = 0.16438, Training (Code) = 0.90431, Validation (Code) = 0.90533, Training (X) = 0.88905, Validation (X) = 0.88669, Training (Z) = 0.88801, Validation (Z) = 0.88743
Epoch 127: Loss = 0.16437, Training (Code) = 0.90275, Validation (Code) = 0.89892, Training (X) = 0.88703, Validation (X) = 0.89265, Training (Z) = 0.88768, Validation (Z) = 0.88866
Epoch 128: Loss = 0.16436, Training (Code) = 0.90302, Validation (Code) = 0.90283, Training (X) = 0.89062, Validation (X) = 0.88878, Training (Z) = 0.89, Validation (Z) = 0.88435
Epoch 129: Loss = 0.16435, Training (Code) = 0.902, Validation (Code) = 0.90075, Training (X) = 0.88722, Validation (X) = 0.88917, Training (Z) = 0.88865, Validation (Z) = 0.89092
Epoch 130: Loss = 0.16434, Training (Code) = 0.90421, Validation (Code) = 0.90117, Training (X) = 0.88664, Validation (X) = 0.88635, Training (Z) = 0.88952, Validation (Z) = 0.88839
Epoch 131: Loss = 0.16434, Training (Code) = 0.9045, Validation (Code) = 0.90417, Training (X) = 0.88721, Validation (X) = 0.88664, Training (Z) = 0.88744, Validation (Z) = 0.88553
Epoch 132: Loss = 0.16433, Training (Code) = 0.90438, Validation (Code) = 0.90167, Training (X) = 0.88846, Validation (X) = 0.89279, Training (Z) = 0.88837, Validation (Z) = 0.889
Epoch 133: Loss = 0.16432, Training (Code) = 0.90477, Validation (Code) = 0.89875, Training (X) = 0.88673, Validation (X) = 0.88929, Training (Z) = 0.88837, Validation (Z) = 0.88901
Epoch 134: Loss = 0.16431, Training (Code) = 0.90344, Validation (Code) = 0.90175, Training (X) = 0.88634, Validation (X) = 0.88698, Training (Z) = 0.88869, Validation (Z) = 0.89003
Epoch 135: Loss = 0.16431, Training (Code) = 0.90379, Validation (Code) = 0.90258, Training (X) = 0.88767, Validation (X) = 0.88533, Training (Z) = 0.88781, Validation (Z) = 0.88782
Epoch 136: Loss = 0.1643, Training (Code) = 0.90358, Validation (Code) = 0.90533, Training (X) = 0.88864, Validation (X) = 0.88982, Training (Z) = 0.88866, Validation (Z) = 0.89056
Epoch 137: Loss = 0.16429, Training (Code) = 0.90456, Validation (Code) = 0.9, Training (X) = 0.88722, Validation (X) = 0.88741, Training (Z) = 0.88998, Validation (Z) = 0.88741
Epoch 138: Loss = 0.16429, Training (Code) = 0.905, Validation (Code) = 0.90417, Training (X) = 0.8875, Validation (X) = 0.88304, Training (Z) = 0.88748, Validation (Z) = 0.89134
Epoch 139: Loss = 0.16428, Training (Code) = 0.90265, Validation (Code) = 0.90425, Training (X) = 0.88811, Validation (X) = 0.88748, Training (Z) = 0.88958, Validation (Z) = 0.8872
Epoch 140: Loss = 0.16428, Training (Code) = 0.9036, Validation (Code) = 0.90608, Training (X) = 0.88793, Validation (X) = 0.88678, Training (Z) = 0.8882, Validation (Z) = 0.88816
Epoch 141: Loss = 0.16427, Training (Code) = 0.9044, Validation (Code) = 0.905, Training (X) = 0.88821, Validation (X) = 0.87974, Training (Z) = 0.88782, Validation (Z) = 0.8861
Epoch 142: Loss = 0.16427, Training (Code) = 0.90442, Validation (Code) = 0.90567, Training (X) = 0.888, Validation (X) = 0.88406, Training (Z) = 0.88968, Validation (Z) = 0.88618
Epoch 143: Loss = 0.16426, Training (Code) = 0.90512, Validation (Code) = 0.90308, Training (X) = 0.88825, Validation (X) = 0.88936, Training (Z) = 0.88828, Validation (Z) = 0.88761
Epoch 144: Loss = 0.16426, Training (Code) = 0.90465, Validation (Code) = 0.90492, Training (X) = 0.88727, Validation (X) = 0.88434, Training (Z) = 0.88838, Validation (Z) = 0.88756
Epoch 145: Loss = 0.16426, Training (Code) = 0.90498, Validation (Code) = 0.902, Training (X) = 0.88835, Validation (X) = 0.88867, Training (Z) = 0.88872, Validation (Z) = 0.8895
Epoch 146: Loss = 0.16425, Training (Code) = 0.9031, Validation (Code) = 0.90508, Training (X) = 0.88895, Validation (X) = 0.89007, Training (Z) = 0.88832, Validation (Z) = 0.88519
Epoch 147: Loss = 0.16425, Training (Code) = 0.9049, Validation (Code) = 0.90725, Training (X) = 0.88829, Validation (X) = 0.88445, Training (Z) = 0.88843, Validation (Z) = 0.88326
Epoch 148: Loss = 0.16424, Training (Code) = 0.90569, Validation (Code) = 0.90817, Training (X) = 0.88694, Validation (X) = 0.88328, Training (Z) = 0.88749, Validation (Z) = 0.88512
Epoch 149: Loss = 0.16424, Training (Code) = 0.90304, Validation (Code) = 0.90433, Training (X) = 0.88802, Validation (X) = 0.88813, Training (Z) = 0.88876, Validation (Z) = 0.88721
Epoch 150: Loss = 0.16424, Training (Code) = 0.9036, Validation (Code) = 0.90617, Training (X) = 0.88756, Validation (X) = 0.88873, Training (Z) = 0.88993, Validation (Z) = 0.88495
Epoch 151: Loss = 0.16423, Training (Code) = 0.9044, Validation (Code) = 0.90158, Training (X) = 0.88775, Validation (X) = 0.8901, Training (Z) = 0.88874, Validation (Z) = 0.8877
Epoch 152: Loss = 0.16423, Training (Code) = 0.90269, Validation (Code) = 0.90183, Training (X) = 0.88807, Validation (X) = 0.88819, Training (Z) = 0.88943, Validation (Z) = 0.8905
Epoch 153: Loss = 0.16423, Training (Code) = 0.90502, Validation (Code) = 0.90475, Training (X) = 0.88753, Validation (X) = 0.88929, Training (Z) = 0.88895, Validation (Z) = 0.88864
Epoch 154: Loss = 0.16423, Training (Code) = 0.9039, Validation (Code) = 0.90092, Training (X) = 0.88902, Validation (X) = 0.88845, Training (Z) = 0.88909, Validation (Z) = 0.889
Epoch 155: Loss = 0.16422, Training (Code) = 0.9049, Validation (Code) = 0.90408, Training (X) = 0.88885, Validation (X) = 0.88875, Training (Z) = 0.88786, Validation (Z) = 0.88838
Epoch 156: Loss = 0.16422, Training (Code) = 0.90296, Validation (Code) = 0.901, Training (X) = 0.88888, Validation (X) = 0.88809, Training (Z) = 0.8881, Validation (Z) = 0.89003
Epoch 157: Loss = 0.16422, Training (Code) = 0.9051, Validation (Code) = 0.90342, Training (X) = 0.88645, Validation (X) = 0.88746, Training (Z) = 0.88832, Validation (Z) = 0.89115
Epoch 158: Loss = 0.16422, Training (Code) = 0.90569, Validation (Code) = 0.90233, Training (X) = 0.88887, Validation (X) = 0.88631, Training (Z) = 0.88851, Validation (Z) = 0.88936
Epoch 159: Loss = 0.16422, Training (Code) = 0.90229, Validation (Code) = 0.90533, Training (X) = 0.89009, Validation (X) = 0.88476, Training (Z) = 0.88887, Validation (Z) = 0.88466
Epoch 160: Loss = 0.16422, Training (Code) = 0.90425, Validation (Code) = 0.90558, Training (X) = 0.88916, Validation (X) = 0.88534, Training (Z) = 0.88888, Validation (Z) = 0.88755
Epoch 161: Loss = 0.16422, Training (Code) = 0.90517, Validation (Code) = 0.90492, Training (X) = 0.88906, Validation (X) = 0.8882, Training (Z) = 0.88759, Validation (Z) = 0.88526
Epoch 162: Loss = 0.16421, Training (Code) = 0.90344, Validation (Code) = 0.90217, Training (X) = 0.88837, Validation (X) = 0.8886, Training (Z) = 0.88807, Validation (Z) = 0.88731
Epoch 163: Loss = 0.16422, Training (Code) = 0.90523, Validation (Code) = 0.9035, Training (X) = 0.88794, Validation (X) = 0.88784, Training (Z) = 0.88753, Validation (Z) = 0.88591
Epoch 164: Loss = 0.16422, Training (Code) = 0.90154, Validation (Code) = 0.90275, Training (X) = 0.8888, Validation (X) = 0.88683, Training (Z) = 0.88945, Validation (Z) = 0.8835
Epoch 165: Loss = 0.16422, Training (Code) = 0.90392, Validation (Code) = 0.90317, Training (X) = 0.88792, Validation (X) = 0.88762, Training (Z) = 0.88852, Validation (Z) = 0.88808
Epoch 166: Loss = 0.16422, Training (Code) = 0.90367, Validation (Code) = 0.90242, Training (X) = 0.88763, Validation (X) = 0.88771, Training (Z) = 0.88939, Validation (Z) = 0.88808
Epoch 167: Loss = 0.16422, Training (Code) = 0.90521, Validation (Code) = 0.90642, Training (X) = 0.8896, Validation (X) = 0.88738, Training (Z) = 0.88723, Validation (Z) = 0.88499
Epoch 168: Loss = 0.16422, Training (Code) = 0.90406, Validation (Code) = 0.90592, Training (X) = 0.88789, Validation (X) = 0.89063, Training (Z) = 0.8887, Validation (Z) = 0.88713
Epoch 169: Loss = 0.16423, Training (Code) = 0.90458, Validation (Code) = 0.90833, Training (X) = 0.88883, Validation (X) = 0.88972, Training (Z) = 0.88699, Validation (Z) = 0.88688
Epoch 170: Loss = 0.16423, Training (Code) = 0.90235, Validation (Code) = 0.90508, Training (X) = 0.88784, Validation (X) = 0.88703, Training (Z) = 0.88853, Validation (Z) = 0.89117
Epoch 171: Loss = 0.16424, Training (Code) = 0.90167, Validation (Code) = 0.90367, Training (X) = 0.89025, Validation (X) = 0.88962, Training (Z) = 0.88986, Validation (Z) = 0.88731
Epoch 172: Loss = 0.16425, Training (Code) = 0.9056, Validation (Code) = 0.89983, Training (X) = 0.88797, Validation (X) = 0.89137, Training (Z) = 0.88815, Validation (Z) = 0.8922
Epoch 173: Loss = 0.16426, Training (Code) = 0.90244, Validation (Code) = 0.90292, Training (X) = 0.88753, Validation (X) = 0.88629, Training (Z) = 0.88868, Validation (Z) = 0.8862
Epoch 174: Loss = 0.16427, Training (Code) = 0.90387, Validation (Code) = 0.90233, Training (X) = 0.88913, Validation (X) = 0.88576, Training (Z) = 0.88996, Validation (Z) = 0.88825
Epoch 175: Loss = 0.16428, Training (Code) = 0.90421, Validation (Code) = 0.90267, Training (X) = 0.88943, Validation (X) = 0.88654, Training (Z) = 0.88869, Validation (Z) = 0.89014
Epoch 176: Loss = 0.1643, Training (Code) = 0.90477, Validation (Code) = 0.90525, Training (X) = 0.88938, Validation (X) = 0.88686, Training (Z) = 0.8877, Validation (Z) = 0.88502
Epoch 177: Loss = 0.16431, Training (Code) = 0.90542, Validation (Code) = 0.90692, Training (X) = 0.88578, Validation (X) = 0.8868, Training (Z) = 0.88725, Validation (Z) = 0.88358
Epoch 178: Loss = 0.16433, Training (Code) = 0.90512, Validation (Code) = 0.90583, Training (X) = 0.88864, Validation (X) = 0.88473, Training (Z) = 0.88936, Validation (Z) = 0.88712
Epoch 179: Loss = 0.16435, Training (Code) = 0.90415, Validation (Code) = 0.9025, Training (X) = 0.88753, Validation (X) = 0.88957, Training (Z) = 0.88779, Validation (Z) = 0.88855
Epoch 180: Loss = 0.16437, Training (Code) = 0.90406, Validation (Code) = 0.89792, Training (X) = 0.88619, Validation (X) = 0.89104, Training (Z) = 0.88886, Validation (Z) = 0.88677
Epoch 181: Loss = 0.1644, Training (Code) = 0.90352, Validation (Code) = 0.90467, Training (X) = 0.88593, Validation (X) = 0.88311, Training (Z) = 0.88948, Validation (Z) = 0.88771
Epoch 182: Loss = 0.16443, Training (Code) = 0.90375, Validation (Code) = 0.90308, Training (X) = 0.88806, Validation (X) = 0.88742, Training (Z) = 0.88866, Validation (Z) = 0.89241
Epoch 183: Loss = 0.16446, Training (Code) = 0.90306, Validation (Code) = 0.90575, Training (X) = 0.8889, Validation (X) = 0.88683, Training (Z) = 0.88867, Validation (Z) = 0.88794
Epoch 184: Loss = 0.16449, Training (Code) = 0.90419, Validation (Code) = 0.9, Training (X) = 0.88821, Validation (X) = 0.88741, Training (Z) = 0.88938, Validation (Z) = 0.89176
Epoch 185: Loss = 0.16453, Training (Code) = 0.90463, Validation (Code) = 0.9045, Training (X) = 0.88759, Validation (X) = 0.88622, Training (Z) = 0.88911, Validation (Z) = 0.88705
Epoch 186: Loss = 0.16457, Training (Code) = 0.90504, Validation (Code) = 0.90208, Training (X) = 0.88873, Validation (X) = 0.88785, Training (Z) = 0.88734, Validation (Z) = 0.8849
Epoch 187: Loss = 0.16461, Training (Code) = 0.90496, Validation (Code) = 0.90392, Training (X) = 0.88881, Validation (X) = 0.88743, Training (Z) = 0.88899, Validation (Z) = 0.88716
Epoch 188: Loss = 0.16466, Training (Code) = 0.9039, Validation (Code) = 0.90025, Training (X) = 0.8887, Validation (X) = 0.88633, Training (Z) = 0.88782, Validation (Z) = 0.88679
Epoch 189: Loss = 0.16471, Training (Code) = 0.90402, Validation (Code) = 0.901, Training (X) = 0.88835, Validation (X) = 0.88809, Training (Z) = 0.88832, Validation (Z) = 0.88947
Epoch 190: Loss = 0.16476, Training (Code) = 0.90494, Validation (Code) = 0.90592, Training (X) = 0.88901, Validation (X) = 0.88915, Training (Z) = 0.88804, Validation (Z) = 0.88492
Epoch 191: Loss = 0.16482, Training (Code) = 0.90454, Validation (Code) = 0.903, Training (X) = 0.88777, Validation (X) = 0.88704, Training (Z) = 0.88887, Validation (Z) = 0.88815
Epoch 192: Loss = 0.16488, Training (Code) = 0.90321, Validation (Code) = 0.90208, Training (X) = 0.8882, Validation (X) = 0.88813, Training (Z) = 0.88921, Validation (Z) = 0.88758
Epoch 193: Loss = 0.16493, Training (Code) = 0.90358, Validation (Code) = 0.90617, Training (X) = 0.88848, Validation (X) = 0.88716, Training (Z) = 0.88965, Validation (Z) = 0.88505
Epoch 194: Loss = 0.16499, Training (Code) = 0.90387, Validation (Code) = 0.90583, Training (X) = 0.88787, Validation (X) = 0.88841, Training (Z) = 0.88909, Validation (Z) = 0.88868
Epoch 195: Loss = 0.16504, Training (Code) = 0.90315, Validation (Code) = 0.90175, Training (X) = 0.88863, Validation (X) = 0.8867, Training (Z) = 0.8884, Validation (Z) = 0.88864
Epoch 196: Loss = 0.16508, Training (Code) = 0.90281, Validation (Code) = 0.90092, Training (X) = 0.8885, Validation (X) = 0.88743, Training (Z) = 0.88935, Validation (Z) = 0.8878
Epoch 197: Loss = 0.1651, Training (Code) = 0.9056, Validation (Code) = 0.9055, Training (X) = 0.88682, Validation (X) = 0.88579, Training (Z) = 0.88946, Validation (Z) = 0.88929
Epoch 198: Loss = 0.1651, Training (Code) = 0.90306, Validation (Code) = 0.90517, Training (X) = 0.88797, Validation (X) = 0.88695, Training (Z) = 0.88774, Validation (Z) = 0.88695
Epoch 199: Loss = 0.16507, Training (Code) = 0.9009, Validation (Code) = 0.90492, Training (X) = 0.88907, Validation (X) = 0.8859, Training (Z) = 0.88976, Validation (Z) = 0.88903
Epoch 200: Loss = 0.16501, Training (Code) = 0.90633, Validation (Code) = 0.90175, Training (X) = 0.88659, Validation (X) = 0.88827, Training (Z) = 0.88718, Validation (Z) = 0.88772
