==========================================
SLURM_JOB_ID = 6156477
SLURM_JOB_NODELIST = d05-31
TMPDIR = /tmp/SLURM_6156477
==========================================
10_10_15_33_00_495 [6, 20, 20, 20, 20, 20, 20, 20, 20, 14] [Tanh(), Tanh(), Tanh(), Tanh(), Tanh(), Tanh(), Tanh(), Tanh(), Tanh(), Sigmoid()] 200 0.001 5
Epoch 1: Loss = 0.39018, Training (Code) = 0.38202, Validation (Code) = 0.3775, Training (X) = 0.96199, Validation (X) = 0.95629, Training (Z) = 0.95943, Validation (Z) = 0.95364
Epoch 2: Loss = 0.38744, Training (Code) = 0.38602, Validation (Code) = 0.37808, Training (X) = 0.96028, Validation (X) = 0.95658, Training (Z) = 0.95941, Validation (Z) = 0.96407
Epoch 3: Loss = 0.38599, Training (Code) = 0.38588, Validation (Code) = 0.37783, Training (X) = 0.96334, Validation (X) = 0.95721, Training (Z) = 0.96059, Validation (Z) = 0.95964
Epoch 4: Loss = 0.38477, Training (Code) = 0.38581, Validation (Code) = 0.37883, Training (X) = 0.96096, Validation (X) = 0.95601, Training (Z) = 0.95907, Validation (Z) = 0.95821
Epoch 5: Loss = 0.38375, Training (Code) = 0.38488, Validation (Code) = 0.37367, Training (X) = 0.95902, Validation (X) = 0.95406, Training (Z) = 0.95902, Validation (Z) = 0.95986
Epoch 6: Loss = 0.38295, Training (Code) = 0.38435, Validation (Code) = 0.37258, Training (X) = 0.96179, Validation (X) = 0.96019, Training (Z) = 0.95843, Validation (Z) = 0.95571
Epoch 7: Loss = 0.3824, Training (Code) = 0.38771, Validation (Code) = 0.37817, Training (X) = 0.95954, Validation (X) = 0.95659, Training (Z) = 0.95943, Validation (Z) = 0.95549
Epoch 8: Loss = 0.38201, Training (Code) = 0.38575, Validation (Code) = 0.38075, Training (X) = 0.96165, Validation (X) = 0.96017, Training (Z) = 0.95771, Validation (Z) = 0.9571
Epoch 9: Loss = 0.38175, Training (Code) = 0.38808, Validation (Code) = 0.37883, Training (X) = 0.95925, Validation (X) = 0.95425, Training (Z) = 0.96167, Validation (Z) = 0.95842
Epoch 10: Loss = 0.38157, Training (Code) = 0.38685, Validation (Code) = 0.37767, Training (X) = 0.95939, Validation (X) = 0.96117, Training (Z) = 0.95907, Validation (Z) = 0.96028
Epoch 11: Loss = 0.38144, Training (Code) = 0.3864, Validation (Code) = 0.37508, Training (X) = 0.96086, Validation (X) = 0.95845, Training (Z) = 0.95924, Validation (Z) = 0.95868
Epoch 12: Loss = 0.38135, Training (Code) = 0.38465, Validation (Code) = 0.37383, Training (X) = 0.95965, Validation (X) = 0.96166, Training (Z) = 0.96014, Validation (Z) = 0.95988
Epoch 13: Loss = 0.38128, Training (Code) = 0.38242, Validation (Code) = 0.38008, Training (X) = 0.96072, Validation (X) = 0.959, Training (Z) = 0.96263, Validation (Z) = 0.96119
Epoch 14: Loss = 0.38123, Training (Code) = 0.3864, Validation (Code) = 0.37742, Training (X) = 0.95929, Validation (X) = 0.96114, Training (Z) = 0.95886, Validation (Z) = 0.95871
Epoch 15: Loss = 0.38119, Training (Code) = 0.38465, Validation (Code) = 0.37967, Training (X) = 0.96019, Validation (X) = 0.95281, Training (Z) = 0.96003, Validation (Z) = 0.96225
Epoch 16: Loss = 0.38116, Training (Code) = 0.38665, Validation (Code) = 0.38108, Training (X) = 0.9604, Validation (X) = 0.95452, Training (Z) = 0.95846, Validation (Z) = 0.95692
Epoch 17: Loss = 0.38114, Training (Code) = 0.38504, Validation (Code) = 0.375, Training (X) = 0.96169, Validation (X) = 0.96133, Training (Z) = 0.96029, Validation (Z) = 0.95933
Epoch 18: Loss = 0.38112, Training (Code) = 0.38485, Validation (Code) = 0.37942, Training (X) = 0.96324, Validation (X) = 0.95783, Training (Z) = 0.9607, Validation (Z) = 0.96178
Epoch 19: Loss = 0.3811, Training (Code) = 0.38571, Validation (Code) = 0.37683, Training (X) = 0.96089, Validation (X) = 0.9613, Training (Z) = 0.96041, Validation (Z) = 0.96528
Epoch 20: Loss = 0.38109, Training (Code) = 0.38542, Validation (Code) = 0.37725, Training (X) = 0.96254, Validation (X) = 0.9556, Training (Z) = 0.95989, Validation (Z) = 0.96002
Epoch 21: Loss = 0.38108, Training (Code) = 0.38452, Validation (Code) = 0.38083, Training (X) = 0.96191, Validation (X) = 0.95492, Training (Z) = 0.96126, Validation (Z) = 0.96018
Epoch 22: Loss = 0.38108, Training (Code) = 0.38631, Validation (Code) = 0.38217, Training (X) = 0.95998, Validation (X) = 0.95704, Training (Z) = 0.96031, Validation (Z) = 0.95094
Epoch 23: Loss = 0.38107, Training (Code) = 0.38592, Validation (Code) = 0.37867, Training (X) = 0.96086, Validation (X) = 0.95863, Training (Z) = 0.95984, Validation (Z) = 0.95995
Epoch 24: Loss = 0.38107, Training (Code) = 0.38658, Validation (Code) = 0.37508, Training (X) = 0.9633, Validation (X) = 0.95823, Training (Z) = 0.95991, Validation (Z) = 0.95512
Epoch 25: Loss = 0.38106, Training (Code) = 0.38673, Validation (Code) = 0.37983, Training (X) = 0.96062, Validation (X) = 0.95963, Training (Z) = 0.95976, Validation (Z) = 0.96095
Epoch 26: Loss = 0.38106, Training (Code) = 0.38502, Validation (Code) = 0.381, Training (X) = 0.96407, Validation (X) = 0.95757, Training (Z) = 0.95953, Validation (Z) = 0.95647
Epoch 27: Loss = 0.38106, Training (Code) = 0.38698, Validation (Code) = 0.37508, Training (X) = 0.96022, Validation (X) = 0.95823, Training (Z) = 0.95908, Validation (Z) = 0.9589
Epoch 28: Loss = 0.38106, Training (Code) = 0.38652, Validation (Code) = 0.3815, Training (X) = 0.96044, Validation (X) = 0.95675, Training (Z) = 0.95952, Validation (Z) = 0.95609
Epoch 29: Loss = 0.38105, Training (Code) = 0.3856, Validation (Code) = 0.37692, Training (X) = 0.95959, Validation (X) = 0.95954, Training (Z) = 0.95975, Validation (Z) = 0.95954
Epoch 30: Loss = 0.38105, Training (Code) = 0.38627, Validation (Code) = 0.37975, Training (X) = 0.95917, Validation (X) = 0.95874, Training (Z) = 0.9589, Validation (Z) = 0.95809
Epoch 31: Loss = 0.38105, Training (Code) = 0.38588, Validation (Code) = 0.37692, Training (X) = 0.96091, Validation (X) = 0.9602, Training (Z) = 0.96221, Validation (Z) = 0.95998
Epoch 32: Loss = 0.38105, Training (Code) = 0.3845, Validation (Code) = 0.37658, Training (X) = 0.96007, Validation (X) = 0.9615, Training (Z) = 0.96126, Validation (Z) = 0.95796
Epoch 33: Loss = 0.38105, Training (Code) = 0.38471, Validation (Code) = 0.37667, Training (X) = 0.95917, Validation (X) = 0.96062, Training (Z) = 0.96036, Validation (Z) = 0.95332
Epoch 34: Loss = 0.38105, Training (Code) = 0.38746, Validation (Code) = 0.38033, Training (X) = 0.9594, Validation (X) = 0.95465, Training (Z) = 0.95811, Validation (Z) = 0.96166
Epoch 35: Loss = 0.38105, Training (Code) = 0.38652, Validation (Code) = 0.37892, Training (X) = 0.96179, Validation (X) = 0.95272, Training (Z) = 0.96006, Validation (Z) = 0.95536
Epoch 36: Loss = 0.38105, Training (Code) = 0.386, Validation (Code) = 0.37508, Training (X) = 0.96001, Validation (X) = 0.95645, Training (Z) = 0.96028, Validation (Z) = 0.95445
Epoch 37: Loss = 0.38105, Training (Code) = 0.38656, Validation (Code) = 0.37625, Training (X) = 0.95947, Validation (X) = 0.9608, Training (Z) = 0.9592, Validation (Z) = 0.95991
Epoch 38: Loss = 0.38105, Training (Code) = 0.38708, Validation (Code) = 0.382, Training (X) = 0.96001, Validation (X) = 0.95681, Training (Z) = 0.95953, Validation (Z) = 0.95659
Epoch 39: Loss = 0.38105, Training (Code) = 0.38752, Validation (Code) = 0.37608, Training (X) = 0.96086, Validation (X) = 0.95746, Training (Z) = 0.95893, Validation (Z) = 0.95856
Epoch 40: Loss = 0.38105, Training (Code) = 0.38798, Validation (Code) = 0.37717, Training (X) = 0.96096, Validation (X) = 0.9578, Training (Z) = 0.95967, Validation (Z) = 0.95647
Epoch 41: Loss = 0.38105, Training (Code) = 0.38569, Validation (Code) = 0.37917, Training (X) = 0.96019, Validation (X) = 0.95846, Training (Z) = 0.96062, Validation (Z) = 0.95604
Epoch 42: Loss = 0.38105, Training (Code) = 0.3876, Validation (Code) = 0.3755, Training (X) = 0.96168, Validation (X) = 0.96161, Training (Z) = 0.96039, Validation (Z) = 0.95628
Epoch 43: Loss = 0.38105, Training (Code) = 0.38852, Validation (Code) = 0.37842, Training (X) = 0.95957, Validation (X) = 0.95992, Training (Z) = 0.95994, Validation (Z) = 0.9586
Epoch 44: Loss = 0.38105, Training (Code) = 0.38742, Validation (Code) = 0.37325, Training (X) = 0.96225, Validation (X) = 0.96138, Training (Z) = 0.95816, Validation (Z) = 0.96472
Epoch 45: Loss = 0.38105, Training (Code) = 0.38669, Validation (Code) = 0.37908, Training (X) = 0.95965, Validation (X) = 0.95691, Training (Z) = 0.95965, Validation (Z) = 0.95801
Epoch 46: Loss = 0.38105, Training (Code) = 0.38388, Validation (Code) = 0.37633, Training (X) = 0.96223, Validation (X) = 0.95859, Training (Z) = 0.96092, Validation (Z) = 0.95793
Epoch 47: Loss = 0.38105, Training (Code) = 0.38579, Validation (Code) = 0.37608, Training (X) = 0.96036, Validation (X) = 0.95701, Training (Z) = 0.95971, Validation (Z) = 0.96056
Epoch 48: Loss = 0.38105, Training (Code) = 0.38625, Validation (Code) = 0.38017, Training (X) = 0.96192, Validation (X) = 0.95397, Training (Z) = 0.96294, Validation (Z) = 0.95528
Epoch 49: Loss = 0.38105, Training (Code) = 0.38604, Validation (Code) = 0.37958, Training (X) = 0.96012, Validation (X) = 0.95631, Training (Z) = 0.96087, Validation (Z) = 0.95763
Epoch 50: Loss = 0.38105, Training (Code) = 0.38494, Validation (Code) = 0.38317, Training (X) = 0.96217, Validation (X) = 0.95629, Training (Z) = 0.9619, Validation (Z) = 0.95585
Epoch 51: Loss = 0.38105, Training (Code) = 0.38619, Validation (Code) = 0.37758, Training (X) = 0.96089, Validation (X) = 0.95829, Training (Z) = 0.95879, Validation (Z) = 0.96358
Epoch 52: Loss = 0.38105, Training (Code) = 0.38612, Validation (Code) = 0.37833, Training (X) = 0.96045, Validation (X) = 0.95749, Training (Z) = 0.9598, Validation (Z) = 0.95881
Epoch 53: Loss = 0.38105, Training (Code) = 0.385, Validation (Code) = 0.37983, Training (X) = 0.96234, Validation (X) = 0.95305, Training (Z) = 0.96006, Validation (Z) = 0.95393
Epoch 54: Loss = 0.38105, Training (Code) = 0.38421, Validation (Code) = 0.381, Training (X) = 0.96025, Validation (X) = 0.96019, Training (Z) = 0.96188, Validation (Z) = 0.95516
Epoch 55: Loss = 0.38105, Training (Code) = 0.38096, Validation (Code) = 0.382, Training (X) = 0.96478, Validation (X) = 0.95833, Training (Z) = 0.9638, Validation (Z) = 0.95702
Epoch 56: Loss = 0.38105, Training (Code) = 0.38762, Validation (Code) = 0.38, Training (X) = 0.9591, Validation (X) = 0.95965, Training (Z) = 0.95996, Validation (Z) = 0.95746
Epoch 57: Loss = 0.38105, Training (Code) = 0.38723, Validation (Code) = 0.37517, Training (X) = 0.9618, Validation (X) = 0.96046, Training (Z) = 0.95841, Validation (Z) = 0.95757
Epoch 58: Loss = 0.38105, Training (Code) = 0.3856, Validation (Code) = 0.37675, Training (X) = 0.96207, Validation (X) = 0.9666, Training (Z) = 0.9611, Validation (Z) = 0.95886
Epoch 59: Loss = 0.38105, Training (Code) = 0.38733, Validation (Code) = 0.38158, Training (X) = 0.96208, Validation (X) = 0.95807, Training (Z) = 0.95977, Validation (Z) = 0.95501
Epoch 60: Loss = 0.38105, Training (Code) = 0.38546, Validation (Code) = 0.38, Training (X) = 0.96044, Validation (X) = 0.95636, Training (Z) = 0.95892, Validation (Z) = 0.96184
Epoch 61: Loss = 0.38105, Training (Code) = 0.38617, Validation (Code) = 0.37742, Training (X) = 0.95787, Validation (X) = 0.95694, Training (Z) = 0.95792, Validation (Z) = 0.95319
Epoch 62: Loss = 0.38105, Training (Code) = 0.38519, Validation (Code) = 0.3765, Training (X) = 0.96209, Validation (X) = 0.96259, Training (Z) = 0.95998, Validation (Z) = 0.95994
Epoch 63: Loss = 0.38105, Training (Code) = 0.38494, Validation (Code) = 0.37642, Training (X) = 0.96293, Validation (X) = 0.95882, Training (Z) = 0.96055, Validation (Z) = 0.95838
Epoch 64: Loss = 0.38105, Training (Code) = 0.38619, Validation (Code) = 0.37958, Training (X) = 0.96073, Validation (X) = 0.95609, Training (Z) = 0.95949, Validation (Z) = 0.96246
Epoch 65: Loss = 0.38105, Training (Code) = 0.38581, Validation (Code) = 0.37633, Training (X) = 0.9629, Validation (X) = 0.95793, Training (Z) = 0.96026, Validation (Z) = 0.95881
Epoch 66: Loss = 0.38105, Training (Code) = 0.38456, Validation (Code) = 0.38133, Training (X) = 0.96235, Validation (X) = 0.95695, Training (Z) = 0.95964, Validation (Z) = 0.95739
Epoch 67: Loss = 0.38105, Training (Code) = 0.3866, Validation (Code) = 0.38333, Training (X) = 0.96028, Validation (X) = 0.95435, Training (Z) = 0.96023, Validation (Z) = 0.95717
Epoch 68: Loss = 0.38105, Training (Code) = 0.3854, Validation (Code) = 0.37783, Training (X) = 0.96065, Validation (X) = 0.96581, Training (Z) = 0.96297, Validation (Z) = 0.95699
Epoch 69: Loss = 0.38105, Training (Code) = 0.3891, Validation (Code) = 0.37692, Training (X) = 0.95915, Validation (X) = 0.96042, Training (Z) = 0.96086, Validation (Z) = 0.95976
Epoch 70: Loss = 0.38105, Training (Code) = 0.38667, Validation (Code) = 0.3815, Training (X) = 0.96088, Validation (X) = 0.95457, Training (Z) = 0.96061, Validation (Z) = 0.95391
Epoch 71: Loss = 0.38105, Training (Code) = 0.38721, Validation (Code) = 0.38133, Training (X) = 0.95895, Validation (X) = 0.96088, Training (Z) = 0.95916, Validation (Z) = 0.95848
Epoch 72: Loss = 0.38105, Training (Code) = 0.38729, Validation (Code) = 0.38167, Training (X) = 0.95949, Validation (X) = 0.95917, Training (Z) = 0.95675, Validation (Z) = 0.95502
Epoch 73: Loss = 0.38105, Training (Code) = 0.38729, Validation (Code) = 0.37883, Training (X) = 0.95955, Validation (X) = 0.95755, Training (Z) = 0.9589, Validation (Z) = 0.96238
Epoch 74: Loss = 0.38105, Training (Code) = 0.3861, Validation (Code) = 0.37667, Training (X) = 0.96158, Validation (X) = 0.96106, Training (Z) = 0.95932, Validation (Z) = 0.95752
Epoch 75: Loss = 0.38105, Training (Code) = 0.38596, Validation (Code) = 0.37942, Training (X) = 0.96081, Validation (X) = 0.95651, Training (Z) = 0.96011, Validation (Z) = 0.95783
Epoch 76: Loss = 0.38105, Training (Code) = 0.38729, Validation (Code) = 0.37967, Training (X) = 0.95912, Validation (X) = 0.95961, Training (Z) = 0.95939, Validation (Z) = 0.96005
Epoch 77: Loss = 0.38105, Training (Code) = 0.38523, Validation (Code) = 0.37758, Training (X) = 0.9629, Validation (X) = 0.96027, Training (Z) = 0.95679, Validation (Z) = 0.96292
Epoch 78: Loss = 0.38105, Training (Code) = 0.38325, Validation (Code) = 0.38, Training (X) = 0.96217, Validation (X) = 0.95877, Training (Z) = 0.96075, Validation (Z) = 0.95855
Epoch 79: Loss = 0.38105, Training (Code) = 0.38585, Validation (Code) = 0.37933, Training (X) = 0.96086, Validation (X) = 0.96112, Training (Z) = 0.96075, Validation (Z) = 0.95672
Epoch 80: Loss = 0.38105, Training (Code) = 0.38794, Validation (Code) = 0.37908, Training (X) = 0.95892, Validation (X) = 0.95647, Training (Z) = 0.95838, Validation (Z) = 0.95559
Epoch 81: Loss = 0.38105, Training (Code) = 0.38508, Validation (Code) = 0.37617, Training (X) = 0.95975, Validation (X) = 0.96212, Training (Z) = 0.96072, Validation (Z) = 0.9619
Epoch 82: Loss = 0.38105, Training (Code) = 0.38588, Validation (Code) = 0.379, Training (X) = 0.95908, Validation (X) = 0.95558, Training (Z) = 0.95962, Validation (Z) = 0.95449
Epoch 83: Loss = 0.38105, Training (Code) = 0.38579, Validation (Code) = 0.37517, Training (X) = 0.95901, Validation (X) = 0.96024, Training (Z) = 0.96063, Validation (Z) = 0.95646
Epoch 84: Loss = 0.38105, Training (Code) = 0.38656, Validation (Code) = 0.37283, Training (X) = 0.9592, Validation (X) = 0.9582, Training (Z) = 0.95866, Validation (Z) = 0.95977
Epoch 85: Loss = 0.38105, Training (Code) = 0.38629, Validation (Code) = 0.379, Training (X) = 0.96295, Validation (X) = 0.958, Training (Z) = 0.95896, Validation (Z) = 0.95822
Epoch 86: Loss = 0.38105, Training (Code) = 0.38665, Validation (Code) = 0.37875, Training (X) = 0.9625, Validation (X) = 0.9549, Training (Z) = 0.96088, Validation (Z) = 0.95754
Epoch 87: Loss = 0.38105, Training (Code) = 0.3876, Validation (Code) = 0.37925, Training (X) = 0.96033, Validation (X) = 0.96374, Training (Z) = 0.96023, Validation (Z) = 0.95649
Epoch 88: Loss = 0.38105, Training (Code) = 0.38519, Validation (Code) = 0.38175, Training (X) = 0.96279, Validation (X) = 0.9535, Training (Z) = 0.96014, Validation (Z) = 0.96005
Epoch 89: Loss = 0.38105, Training (Code) = 0.38521, Validation (Code) = 0.37808, Training (X) = 0.96117, Validation (X) = 0.95504, Training (Z) = 0.95798, Validation (Z) = 0.95812
Epoch 90: Loss = 0.38105, Training (Code) = 0.385, Validation (Code) = 0.37933, Training (X) = 0.96088, Validation (X) = 0.95628, Training (Z) = 0.95866, Validation (Z) = 0.9565
Epoch 91: Loss = 0.38105, Training (Code) = 0.38433, Validation (Code) = 0.3795, Training (X) = 0.96433, Validation (X) = 0.9552, Training (Z) = 0.96081, Validation (Z) = 0.96421
Epoch 92: Loss = 0.38105, Training (Code) = 0.38656, Validation (Code) = 0.37825, Training (X) = 0.95953, Validation (X) = 0.95836, Training (Z) = 0.95893, Validation (Z) = 0.95946
Epoch 93: Loss = 0.38105, Training (Code) = 0.38725, Validation (Code) = 0.37992, Training (X) = 0.96137, Validation (X) = 0.96315, Training (Z) = 0.95901, Validation (Z) = 0.95591
Epoch 94: Loss = 0.38105, Training (Code) = 0.38598, Validation (Code) = 0.37808, Training (X) = 0.96087, Validation (X) = 0.96143, Training (Z) = 0.96, Validation (Z) = 0.95592
Epoch 95: Loss = 0.38105, Training (Code) = 0.38462, Validation (Code) = 0.37875, Training (X) = 0.96295, Validation (X) = 0.95578, Training (Z) = 0.959, Validation (Z) = 0.95512
Epoch 96: Loss = 0.38105, Training (Code) = 0.38877, Validation (Code) = 0.3765, Training (X) = 0.95901, Validation (X) = 0.95573, Training (Z) = 0.95708, Validation (Z) = 0.95706
Epoch 97: Loss = 0.38105, Training (Code) = 0.3876, Validation (Code) = 0.376, Training (X) = 0.96152, Validation (X) = 0.96077, Training (Z) = 0.95937, Validation (Z) = 0.9641
Epoch 98: Loss = 0.38105, Training (Code) = 0.38631, Validation (Code) = 0.3745, Training (X) = 0.95934, Validation (X) = 0.95683, Training (Z) = 0.95961, Validation (Z) = 0.95683
Epoch 99: Loss = 0.38105, Training (Code) = 0.38635, Validation (Code) = 0.382, Training (X) = 0.95967, Validation (X) = 0.95572, Training (Z) = 0.9588, Validation (Z) = 0.95899
Epoch 100: Loss = 0.38105, Training (Code) = 0.38538, Validation (Code) = 0.37825, Training (X) = 0.95967, Validation (X) = 0.9566, Training (Z) = 0.95864, Validation (Z) = 0.95748
Epoch 101: Loss = 0.38105, Training (Code) = 0.3866, Validation (Code) = 0.38008, Training (X) = 0.96039, Validation (X) = 0.95615, Training (Z) = 0.96002, Validation (Z) = 0.96755
Epoch 102: Loss = 0.38105, Training (Code) = 0.38535, Validation (Code) = 0.37767, Training (X) = 0.95978, Validation (X) = 0.96139, Training (Z) = 0.96107, Validation (Z) = 0.96006
Epoch 103: Loss = 0.38105, Training (Code) = 0.38625, Validation (Code) = 0.38383, Training (X) = 0.95847, Validation (X) = 0.95462, Training (Z) = 0.95847, Validation (Z) = 0.95832
Epoch 104: Loss = 0.38105, Training (Code) = 0.38825, Validation (Code) = 0.37558, Training (X) = 0.95911, Validation (X) = 0.95829, Training (Z) = 0.95836, Validation (Z) = 0.95784
Epoch 105: Loss = 0.38105, Training (Code) = 0.38694, Validation (Code) = 0.37575, Training (X) = 0.96048, Validation (X) = 0.95786, Training (Z) = 0.95919, Validation (Z) = 0.95786
Epoch 106: Loss = 0.38105, Training (Code) = 0.3839, Validation (Code) = 0.3795, Training (X) = 0.95979, Validation (X) = 0.95564, Training (Z) = 0.95707, Validation (Z) = 0.95674
Epoch 107: Loss = 0.38105, Training (Code) = 0.38752, Validation (Code) = 0.38042, Training (X) = 0.9607, Validation (X) = 0.95509, Training (Z) = 0.95995, Validation (Z) = 0.95794
Epoch 108: Loss = 0.38105, Training (Code) = 0.38325, Validation (Code) = 0.37975, Training (X) = 0.96282, Validation (X) = 0.95545, Training (Z) = 0.96135, Validation (Z) = 0.95984
Epoch 109: Loss = 0.38105, Training (Code) = 0.38588, Validation (Code) = 0.3775, Training (X) = 0.95902, Validation (X) = 0.96093, Training (Z) = 0.96037, Validation (Z) = 0.95806
Epoch 110: Loss = 0.38105, Training (Code) = 0.38402, Validation (Code) = 0.38117, Training (X) = 0.96268, Validation (X) = 0.95234, Training (Z) = 0.96018, Validation (Z) = 0.96327
Epoch 111: Loss = 0.38105, Training (Code) = 0.3871, Validation (Code) = 0.37892, Training (X) = 0.96287, Validation (X) = 0.96085, Training (Z) = 0.96044, Validation (Z) = 0.95733
Epoch 112: Loss = 0.38105, Training (Code) = 0.3854, Validation (Code) = 0.37392, Training (X) = 0.96059, Validation (X) = 0.95966, Training (Z) = 0.96075, Validation (Z) = 0.96033
Epoch 113: Loss = 0.38105, Training (Code) = 0.38623, Validation (Code) = 0.37608, Training (X) = 0.96284, Validation (X) = 0.95546, Training (Z) = 0.95701, Validation (Z) = 0.95657
Epoch 114: Loss = 0.38105, Training (Code) = 0.38829, Validation (Code) = 0.38233, Training (X) = 0.95987, Validation (X) = 0.96055, Training (Z) = 0.96046, Validation (Z) = 0.95445
Epoch 115: Loss = 0.38105, Training (Code) = 0.386, Validation (Code) = 0.376, Training (X) = 0.95974, Validation (X) = 0.95656, Training (Z) = 0.96033, Validation (Z) = 0.95745
Epoch 116: Loss = 0.38105, Training (Code) = 0.38462, Validation (Code) = 0.37892, Training (X) = 0.96236, Validation (X) = 0.96349, Training (Z) = 0.9603, Validation (Z) = 0.95953
Epoch 117: Loss = 0.38105, Training (Code) = 0.38725, Validation (Code) = 0.37658, Training (X) = 0.96202, Validation (X) = 0.9615, Training (Z) = 0.9618, Validation (Z) = 0.95862
Epoch 118: Loss = 0.38105, Training (Code) = 0.38746, Validation (Code) = 0.3835, Training (X) = 0.96096, Validation (X) = 0.9548, Training (Z) = 0.95892, Validation (Z) = 0.95611
Epoch 119: Loss = 0.38105, Training (Code) = 0.38662, Validation (Code) = 0.37725, Training (X) = 0.95835, Validation (X) = 0.96068, Training (Z) = 0.95986, Validation (Z) = 0.95781
Epoch 120: Loss = 0.38105, Training (Code) = 0.38765, Validation (Code) = 0.37608, Training (X) = 0.95921, Validation (X) = 0.96034, Training (Z) = 0.96028, Validation (Z) = 0.95635
Epoch 121: Loss = 0.38105, Training (Code) = 0.38623, Validation (Code) = 0.38375, Training (X) = 0.96192, Validation (X) = 0.95418, Training (Z) = 0.96122, Validation (Z) = 0.95896
Epoch 122: Loss = 0.38105, Training (Code) = 0.38504, Validation (Code) = 0.37875, Training (X) = 0.96088, Validation (X) = 0.95424, Training (Z) = 0.96066, Validation (Z) = 0.95336
Epoch 123: Loss = 0.38105, Training (Code) = 0.38744, Validation (Code) = 0.37717, Training (X) = 0.95989, Validation (X) = 0.95625, Training (Z) = 0.95967, Validation (Z) = 0.95537
Epoch 124: Loss = 0.38105, Training (Code) = 0.38798, Validation (Code) = 0.37925, Training (X) = 0.96032, Validation (X) = 0.95539, Training (Z) = 0.9593, Validation (Z) = 0.95583
Epoch 125: Loss = 0.38105, Training (Code) = 0.38596, Validation (Code) = 0.382, Training (X) = 0.96265, Validation (X) = 0.95724, Training (Z) = 0.95935, Validation (Z) = 0.95462
Epoch 126: Loss = 0.38105, Training (Code) = 0.38362, Validation (Code) = 0.37933, Training (X) = 0.96204, Validation (X) = 0.95518, Training (Z) = 0.95943, Validation (Z) = 0.96156
Epoch 127: Loss = 0.38105, Training (Code) = 0.38794, Validation (Code) = 0.37575, Training (X) = 0.96192, Validation (X) = 0.95919, Training (Z) = 0.96026, Validation (Z) = 0.96075
Epoch 128: Loss = 0.38105, Training (Code) = 0.38702, Validation (Code) = 0.38142, Training (X) = 0.95984, Validation (X) = 0.95521, Training (Z) = 0.96081, Validation (Z) = 0.95761
Epoch 129: Loss = 0.38105, Training (Code) = 0.38444, Validation (Code) = 0.3785, Training (X) = 0.96114, Validation (X) = 0.95861, Training (Z) = 0.96212, Validation (Z) = 0.95795
Epoch 130: Loss = 0.38105, Training (Code) = 0.38621, Validation (Code) = 0.38342, Training (X) = 0.96294, Validation (X) = 0.96001, Training (Z) = 0.95749, Validation (Z) = 0.95762
Epoch 131: Loss = 0.38105, Training (Code) = 0.3865, Validation (Code) = 0.37833, Training (X) = 0.95876, Validation (X) = 0.95463, Training (Z) = 0.96141, Validation (Z) = 0.96322
Epoch 132: Loss = 0.38105, Training (Code) = 0.38558, Validation (Code) = 0.37992, Training (X) = 0.96029, Validation (X) = 0.96008, Training (Z) = 0.9598, Validation (Z) = 0.95789
Epoch 133: Loss = 0.38105, Training (Code) = 0.38538, Validation (Code) = 0.38025, Training (X) = 0.95956, Validation (X) = 0.95902, Training (Z) = 0.96113, Validation (Z) = 0.95946
Epoch 134: Loss = 0.38105, Training (Code) = 0.38527, Validation (Code) = 0.37958, Training (X) = 0.95971, Validation (X) = 0.95434, Training (Z) = 0.96107, Validation (Z) = 0.95851
Epoch 135: Loss = 0.38105, Training (Code) = 0.38571, Validation (Code) = 0.37533, Training (X) = 0.96116, Validation (X) = 0.96203, Training (Z) = 0.95938, Validation (Z) = 0.95893
Epoch 136: Loss = 0.38105, Training (Code) = 0.38702, Validation (Code) = 0.37358, Training (X) = 0.95909, Validation (X) = 0.95762, Training (Z) = 0.95925, Validation (Z) = 0.95851
Epoch 137: Loss = 0.38105, Training (Code) = 0.38771, Validation (Code) = 0.37883, Training (X) = 0.96212, Validation (X) = 0.95842, Training (Z) = 0.96045, Validation (Z) = 0.95799
Epoch 138: Loss = 0.38105, Training (Code) = 0.38638, Validation (Code) = 0.37775, Training (X) = 0.95934, Validation (X) = 0.96139, Training (Z) = 0.95767, Validation (Z) = 0.9572
Epoch 139: Loss = 0.38105, Training (Code) = 0.38458, Validation (Code) = 0.37633, Training (X) = 0.96035, Validation (X) = 0.95859, Training (Z) = 0.95943, Validation (Z) = 0.95549
Epoch 140: Loss = 0.38105, Training (Code) = 0.38577, Validation (Code) = 0.378, Training (X) = 0.96074, Validation (X) = 0.95966, Training (Z) = 0.95928, Validation (Z) = 0.95701
Epoch 141: Loss = 0.38105, Training (Code) = 0.38602, Validation (Code) = 0.38042, Training (X) = 0.9613, Validation (X) = 0.9575, Training (Z) = 0.95968, Validation (Z) = 0.95553
Epoch 142: Loss = 0.38105, Training (Code) = 0.38552, Validation (Code) = 0.37492, Training (X) = 0.96104, Validation (X) = 0.96132, Training (Z) = 0.95796, Validation (Z) = 0.96044
Epoch 143: Loss = 0.38105, Training (Code) = 0.38771, Validation (Code) = 0.37358, Training (X) = 0.95771, Validation (X) = 0.95561, Training (Z) = 0.95884, Validation (Z) = 0.95806
Epoch 144: Loss = 0.38105, Training (Code) = 0.38515, Validation (Code) = 0.37442, Training (X) = 0.96262, Validation (X) = 0.96083, Training (Z) = 0.95911, Validation (Z) = 0.95838
Epoch 145: Loss = 0.38105, Training (Code) = 0.38425, Validation (Code) = 0.37867, Training (X) = 0.96118, Validation (X) = 0.95467, Training (Z) = 0.96145, Validation (Z) = 0.95995
Epoch 146: Loss = 0.38105, Training (Code) = 0.38512, Validation (Code) = 0.37658, Training (X) = 0.96132, Validation (X) = 0.95508, Training (Z) = 0.96175, Validation (Z) = 0.95995
Epoch 147: Loss = 0.38105, Training (Code) = 0.38485, Validation (Code) = 0.37458, Training (X) = 0.96368, Validation (X) = 0.95551, Training (Z) = 0.95983, Validation (Z) = 0.95795
Epoch 148: Loss = 0.38105, Training (Code) = 0.38521, Validation (Code) = 0.37667, Training (X) = 0.96074, Validation (X) = 0.95619, Training (Z) = 0.96111, Validation (Z) = 0.96173
Epoch 149: Loss = 0.38105, Training (Code) = 0.38581, Validation (Code) = 0.37783, Training (X) = 0.96252, Validation (X) = 0.95721, Training (Z) = 0.95945, Validation (Z) = 0.95677
Epoch 150: Loss = 0.38105, Training (Code) = 0.38423, Validation (Code) = 0.37508, Training (X) = 0.95944, Validation (X) = 0.95912, Training (Z) = 0.96096, Validation (Z) = 0.95779
Epoch 151: Loss = 0.38105, Training (Code) = 0.38773, Validation (Code) = 0.3775, Training (X) = 0.96174, Validation (X) = 0.95629, Training (Z) = 0.96196, Validation (Z) = 0.9543
Epoch 152: Loss = 0.38105, Training (Code) = 0.38719, Validation (Code) = 0.37725, Training (X) = 0.95932, Validation (X) = 0.95803, Training (Z) = 0.95916, Validation (Z) = 0.95538
Epoch 153: Loss = 0.38105, Training (Code) = 0.38727, Validation (Code) = 0.37708, Training (X) = 0.9617, Validation (X) = 0.95845, Training (Z) = 0.95815, Validation (Z) = 0.95779
Epoch 154: Loss = 0.38105, Training (Code) = 0.3876, Validation (Code) = 0.3785, Training (X) = 0.9598, Validation (X) = 0.95773, Training (Z) = 0.95963, Validation (Z) = 0.95795
Epoch 155: Loss = 0.38105, Training (Code) = 0.38388, Validation (Code) = 0.37858, Training (X) = 0.9632, Validation (X) = 0.95884, Training (Z) = 0.96163, Validation (Z) = 0.96148
Epoch 156: Loss = 0.38105, Training (Code) = 0.38638, Validation (Code) = 0.37333, Training (X) = 0.95848, Validation (X) = 0.96205, Training (Z) = 0.95676, Validation (Z) = 0.96205
Epoch 157: Loss = 0.38105, Training (Code) = 0.38844, Validation (Code) = 0.37625, Training (X) = 0.95945, Validation (X) = 0.95836, Training (Z) = 0.95908, Validation (Z) = 0.9577
Epoch 158: Loss = 0.38105, Training (Code) = 0.38594, Validation (Code) = 0.37875, Training (X) = 0.96054, Validation (X) = 0.9571, Training (Z) = 0.9587, Validation (Z) = 0.96062
Epoch 159: Loss = 0.38105, Training (Code) = 0.38338, Validation (Code) = 0.38, Training (X) = 0.96066, Validation (X) = 0.95789, Training (Z) = 0.96169, Validation (Z) = 0.95965
Epoch 160: Loss = 0.38105, Training (Code) = 0.38629, Validation (Code) = 0.37883, Training (X) = 0.9609, Validation (X) = 0.95952, Training (Z) = 0.95939, Validation (Z) = 0.95755
Epoch 161: Loss = 0.38105, Training (Code) = 0.38471, Validation (Code) = 0.37542, Training (X) = 0.96068, Validation (X) = 0.95383, Training (Z) = 0.96188, Validation (Z) = 0.95805
Epoch 162: Loss = 0.38105, Training (Code) = 0.38548, Validation (Code) = 0.37967, Training (X) = 0.96238, Validation (X) = 0.95457, Training (Z) = 0.96082, Validation (Z) = 0.95939
Epoch 163: Loss = 0.38105, Training (Code) = 0.38521, Validation (Code) = 0.38092, Training (X) = 0.96095, Validation (X) = 0.9604, Training (Z) = 0.95884, Validation (Z) = 0.95646
Epoch 164: Loss = 0.38105, Training (Code) = 0.38371, Validation (Code) = 0.38375, Training (X) = 0.96199, Validation (X) = 0.95418, Training (Z) = 0.96107, Validation (Z) = 0.95657
Epoch 165: Loss = 0.38105, Training (Code) = 0.38669, Validation (Code) = 0.38133, Training (X) = 0.96045, Validation (X) = 0.95892, Training (Z) = 0.95975, Validation (Z) = 0.95629
Epoch 166: Loss = 0.38105, Training (Code) = 0.38898, Validation (Code) = 0.37992, Training (X) = 0.95785, Validation (X) = 0.96205, Training (Z) = 0.95715, Validation (Z) = 0.96008
Epoch 167: Loss = 0.38105, Training (Code) = 0.38775, Validation (Code) = 0.38017, Training (X) = 0.96035, Validation (X) = 0.95989, Training (Z) = 0.95879, Validation (Z) = 0.95704
Epoch 168: Loss = 0.38105, Training (Code) = 0.38577, Validation (Code) = 0.37783, Training (X) = 0.96117, Validation (X) = 0.95743, Training (Z) = 0.96063, Validation (Z) = 0.95942
Epoch 169: Loss = 0.38105, Training (Code) = 0.38754, Validation (Code) = 0.379, Training (X) = 0.95861, Validation (X) = 0.95493, Training (Z) = 0.96043, Validation (Z) = 0.95361
Epoch 170: Loss = 0.38105, Training (Code) = 0.38685, Validation (Code) = 0.38042, Training (X) = 0.96133, Validation (X) = 0.95991, Training (Z) = 0.96198, Validation (Z) = 0.95969
Epoch 171: Loss = 0.38105, Training (Code) = 0.38558, Validation (Code) = 0.37667, Training (X) = 0.96126, Validation (X) = 0.95796, Training (Z) = 0.96142, Validation (Z) = 0.95575
Epoch 172: Loss = 0.38105, Training (Code) = 0.38652, Validation (Code) = 0.37533, Training (X) = 0.96049, Validation (X) = 0.95693, Training (Z) = 0.96119, Validation (Z) = 0.96381
Epoch 173: Loss = 0.38105, Training (Code) = 0.38344, Validation (Code) = 0.38133, Training (X) = 0.96148, Validation (X) = 0.96372, Training (Z) = 0.96023, Validation (Z) = 0.95476
Epoch 174: Loss = 0.38105, Training (Code) = 0.3845, Validation (Code) = 0.37717, Training (X) = 0.96115, Validation (X) = 0.96133, Training (Z) = 0.95833, Validation (Z) = 0.96156
Epoch 175: Loss = 0.38105, Training (Code) = 0.38571, Validation (Code) = 0.37983, Training (X) = 0.96003, Validation (X) = 0.95634, Training (Z) = 0.96014, Validation (Z) = 0.95744
Epoch 176: Loss = 0.38105, Training (Code) = 0.3851, Validation (Code) = 0.38133, Training (X) = 0.96094, Validation (X) = 0.95892, Training (Z) = 0.96213, Validation (Z) = 0.95979
Epoch 177: Loss = 0.38105, Training (Code) = 0.38767, Validation (Code) = 0.38058, Training (X) = 0.95921, Validation (X) = 0.95686, Training (Z) = 0.95996, Validation (Z) = 0.9573
Epoch 178: Loss = 0.38105, Training (Code) = 0.38538, Validation (Code) = 0.38108, Training (X) = 0.95832, Validation (X) = 0.95976, Training (Z) = 0.96075, Validation (Z) = 0.95605
Epoch 179: Loss = 0.38105, Training (Code) = 0.38527, Validation (Code) = 0.3805, Training (X) = 0.9615, Validation (X) = 0.9597, Training (Z) = 0.95874, Validation (Z) = 0.95751
Epoch 180: Loss = 0.38105, Training (Code) = 0.38696, Validation (Code) = 0.37917, Training (X) = 0.96258, Validation (X) = 0.96352, Training (Z) = 0.96005, Validation (Z) = 0.95604
Epoch 181: Loss = 0.38105, Training (Code) = 0.38721, Validation (Code) = 0.37392, Training (X) = 0.96056, Validation (X) = 0.9561, Training (Z) = 0.95927, Validation (Z) = 0.95387
Epoch 182: Loss = 0.38105, Training (Code) = 0.38602, Validation (Code) = 0.37458, Training (X) = 0.95979, Validation (X) = 0.9604, Training (Z) = 0.96039, Validation (Z) = 0.95818
Epoch 183: Loss = 0.38105, Training (Code) = 0.38508, Validation (Code) = 0.38025, Training (X) = 0.96056, Validation (X) = 0.95924, Training (Z) = 0.96099, Validation (Z) = 0.95924
Epoch 184: Loss = 0.38105, Training (Code) = 0.38794, Validation (Code) = 0.3735, Training (X) = 0.95806, Validation (X) = 0.95917, Training (Z) = 0.96031, Validation (Z) = 0.95828
Epoch 185: Loss = 0.38105, Training (Code) = 0.38621, Validation (Code) = 0.38433, Training (X) = 0.96219, Validation (X) = 0.95035, Training (Z) = 0.96192, Validation (Z) = 0.95663
Epoch 186: Loss = 0.38105, Training (Code) = 0.38435, Validation (Code) = 0.37667, Training (X) = 0.95973, Validation (X) = 0.95819, Training (Z) = 0.96038, Validation (Z) = 0.96261
Epoch 187: Loss = 0.38105, Training (Code) = 0.38638, Validation (Code) = 0.37842, Training (X) = 0.96058, Validation (X) = 0.95794, Training (Z) = 0.9615, Validation (Z) = 0.95574
Epoch 188: Loss = 0.38105, Training (Code) = 0.38548, Validation (Code) = 0.37525, Training (X) = 0.95941, Validation (X) = 0.95803, Training (Z) = 0.95947, Validation (Z) = 0.95803
Epoch 189: Loss = 0.38105, Training (Code) = 0.38554, Validation (Code) = 0.37725, Training (X) = 0.96055, Validation (X) = 0.96068, Training (Z) = 0.96093, Validation (Z) = 0.95339
Epoch 190: Loss = 0.38105, Training (Code) = 0.38694, Validation (Code) = 0.38092, Training (X) = 0.95903, Validation (X) = 0.95668, Training (Z) = 0.9594, Validation (Z) = 0.95975
Epoch 191: Loss = 0.38105, Training (Code) = 0.38579, Validation (Code) = 0.37708, Training (X) = 0.9609, Validation (X) = 0.96552, Training (Z) = 0.95998, Validation (Z) = 0.95823
Epoch 192: Loss = 0.38105, Training (Code) = 0.38692, Validation (Code) = 0.38458, Training (X) = 0.9594, Validation (X) = 0.96381, Training (Z) = 0.95929, Validation (Z) = 0.95883
Epoch 193: Loss = 0.38105, Training (Code) = 0.38754, Validation (Code) = 0.37883, Training (X) = 0.96081, Validation (X) = 0.95667, Training (Z) = 0.95845, Validation (Z) = 0.96106
Epoch 194: Loss = 0.38105, Training (Code) = 0.38629, Validation (Code) = 0.37858, Training (X) = 0.95993, Validation (X) = 0.95774, Training (Z) = 0.96106, Validation (Z) = 0.95774
Epoch 195: Loss = 0.38105, Training (Code) = 0.38504, Validation (Code) = 0.37467, Training (X) = 0.96299, Validation (X) = 0.95863, Training (Z) = 0.95996, Validation (Z) = 0.95618
Epoch 196: Loss = 0.38105, Training (Code) = 0.38621, Validation (Code) = 0.378, Training (X) = 0.9617, Validation (X) = 0.9601, Training (Z) = 0.96046, Validation (Z) = 0.95613
Epoch 197: Loss = 0.38105, Training (Code) = 0.38619, Validation (Code) = 0.3845, Training (X) = 0.95938, Validation (X) = 0.95405, Training (Z) = 0.96051, Validation (Z) = 0.95795
Epoch 198: Loss = 0.38105, Training (Code) = 0.38625, Validation (Code) = 0.37625, Training (X) = 0.96073, Validation (X) = 0.95836, Training (Z) = 0.9596, Validation (Z) = 0.95858
Epoch 199: Loss = 0.38105, Training (Code) = 0.38408, Validation (Code) = 0.37833, Training (X) = 0.96133, Validation (X) = 0.95683, Training (Z) = 0.95888, Validation (Z) = 0.95947
Epoch 200: Loss = 0.38105, Training (Code) = 0.3866, Validation (Code) = 0.37475, Training (X) = 0.96002, Validation (X) = 0.95819, Training (Z) = 0.95829, Validation (Z) = 0.95997
