==========================================
SLURM_JOB_ID = 6161523
SLURM_JOB_NODELIST = d05-08
TMPDIR = /tmp/SLURM_6161523
==========================================
10_11_11_14_30_969 [6, 40, 40, 40, 40, 14] [Tanh(), Tanh(), Tanh(), Tanh(), Tanh(), Sigmoid()] 200 5e-05 45
Epoch 1: Loss = 0.37995, Training (Code) = 0.74485, Validation (Code) = 0.74292, Training (X) = 0.86907, Validation (X) = 0.86988, Training (Z) = 0.86656, Validation (Z) = 0.86315
Epoch 2: Loss = 0.29582, Training (Code) = 0.82498, Validation (Code) = 0.82508, Training (X) = 0.86697, Validation (X) = 0.86648, Training (Z) = 0.87222, Validation (Z) = 0.86577
Epoch 3: Loss = 0.24973, Training (Code) = 0.87662, Validation (Code) = 0.87792, Training (X) = 0.87072, Validation (X) = 0.86815, Training (Z) = 0.87333, Validation (Z) = 0.87385
Epoch 4: Loss = 0.23694, Training (Code) = 0.8946, Validation (Code) = 0.89667, Training (X) = 0.87308, Validation (X) = 0.87184, Training (Z) = 0.87576, Validation (Z) = 0.87193
Epoch 5: Loss = 0.23252, Training (Code) = 0.90479, Validation (Code) = 0.90158, Training (X) = 0.87382, Validation (X) = 0.8755, Training (Z) = 0.87396, Validation (Z) = 0.87855
Epoch 6: Loss = 0.23077, Training (Code) = 0.90827, Validation (Code) = 0.90717, Training (X) = 0.87371, Validation (X) = 0.87397, Training (Z) = 0.87394, Validation (Z) = 0.87378
Epoch 7: Loss = 0.23021, Training (Code) = 0.91079, Validation (Code) = 0.91025, Training (X) = 0.87579, Validation (X) = 0.87412, Training (Z) = 0.87612, Validation (Z) = 0.87256
Epoch 8: Loss = 0.23017, Training (Code) = 0.91065, Validation (Code) = 0.90992, Training (X) = 0.87484, Validation (X) = 0.87508, Training (Z) = 0.87431, Validation (Z) = 0.87297
Epoch 9: Loss = 0.23029, Training (Code) = 0.91256, Validation (Code) = 0.91192, Training (X) = 0.8746, Validation (X) = 0.87371, Training (Z) = 0.87537, Validation (Z) = 0.87599
Epoch 10: Loss = 0.23041, Training (Code) = 0.91658, Validation (Code) = 0.91742, Training (X) = 0.87376, Validation (X) = 0.87401, Training (Z) = 0.87558, Validation (Z) = 0.87092
Epoch 11: Loss = 0.23048, Training (Code) = 0.91885, Validation (Code) = 0.913, Training (X) = 0.87373, Validation (X) = 0.8734, Training (Z) = 0.87312, Validation (Z) = 0.87203
Epoch 12: Loss = 0.23049, Training (Code) = 0.92115, Validation (Code) = 0.92, Training (X) = 0.8728, Validation (X) = 0.87228, Training (Z) = 0.87326, Validation (Z) = 0.87165
Epoch 13: Loss = 0.23045, Training (Code) = 0.92048, Validation (Code) = 0.91908, Training (X) = 0.87233, Validation (X) = 0.87488, Training (Z) = 0.87436, Validation (Z) = 0.87406
Epoch 14: Loss = 0.23037, Training (Code) = 0.92317, Validation (Code) = 0.91983, Training (X) = 0.87441, Validation (X) = 0.87289, Training (Z) = 0.87547, Validation (Z) = 0.87344
Epoch 15: Loss = 0.23025, Training (Code) = 0.92233, Validation (Code) = 0.9205, Training (X) = 0.8752, Validation (X) = 0.86891, Training (Z) = 0.87326, Validation (Z) = 0.87525
Epoch 16: Loss = 0.2301, Training (Code) = 0.92373, Validation (Code) = 0.92367, Training (X) = 0.87478, Validation (X) = 0.87099, Training (Z) = 0.87415, Validation (Z) = 0.87189
Epoch 17: Loss = 0.22993, Training (Code) = 0.92444, Validation (Code) = 0.92375, Training (X) = 0.87355, Validation (X) = 0.87199, Training (Z) = 0.87495, Validation (Z) = 0.87091
Epoch 18: Loss = 0.22973, Training (Code) = 0.92546, Validation (Code) = 0.92333, Training (X) = 0.87486, Validation (X) = 0.87022, Training (Z) = 0.87513, Validation (Z) = 0.87166
Epoch 19: Loss = 0.22951, Training (Code) = 0.92658, Validation (Code) = 0.92725, Training (X) = 0.87465, Validation (X) = 0.8767, Training (Z) = 0.8758, Validation (Z) = 0.87148
Epoch 20: Loss = 0.22927, Training (Code) = 0.92723, Validation (Code) = 0.928, Training (X) = 0.87292, Validation (X) = 0.87545, Training (Z) = 0.87427, Validation (Z) = 0.86701
Epoch 21: Loss = 0.22902, Training (Code) = 0.92877, Validation (Code) = 0.92542, Training (X) = 0.87279, Validation (X) = 0.8724, Training (Z) = 0.87353, Validation (Z) = 0.8742
Epoch 22: Loss = 0.22875, Training (Code) = 0.92863, Validation (Code) = 0.93075, Training (X) = 0.87428, Validation (X) = 0.8691, Training (Z) = 0.87407, Validation (Z) = 0.87188
Epoch 23: Loss = 0.22849, Training (Code) = 0.929, Validation (Code) = 0.92742, Training (X) = 0.8717, Validation (X) = 0.87259, Training (Z) = 0.87446, Validation (Z) = 0.87384
Epoch 24: Loss = 0.22822, Training (Code) = 0.93058, Validation (Code) = 0.92925, Training (X) = 0.87385, Validation (X) = 0.87328, Training (Z) = 0.87168, Validation (Z) = 0.87382
Epoch 25: Loss = 0.22794, Training (Code) = 0.9319, Validation (Code) = 0.93333, Training (X) = 0.87195, Validation (X) = 0.87286, Training (Z) = 0.87224, Validation (Z) = 0.87491
Epoch 26: Loss = 0.22767, Training (Code) = 0.93323, Validation (Code) = 0.9335, Training (X) = 0.87456, Validation (X) = 0.87217, Training (Z) = 0.87231, Validation (Z) = 0.86815
Epoch 27: Loss = 0.2274, Training (Code) = 0.93356, Validation (Code) = 0.93458, Training (X) = 0.87282, Validation (X) = 0.87303, Training (Z) = 0.87537, Validation (Z) = 0.87303
Epoch 28: Loss = 0.22713, Training (Code) = 0.93333, Validation (Code) = 0.93083, Training (X) = 0.87167, Validation (X) = 0.87153, Training (Z) = 0.87315, Validation (Z) = 0.87637
Epoch 29: Loss = 0.22685, Training (Code) = 0.93223, Validation (Code) = 0.93392, Training (X) = 0.87335, Validation (X) = 0.87436, Training (Z) = 0.87539, Validation (Z) = 0.86785
Epoch 30: Loss = 0.22657, Training (Code) = 0.93273, Validation (Code) = 0.93233, Training (X) = 0.87275, Validation (X) = 0.87165, Training (Z) = 0.87447, Validation (Z) = 0.8721
Epoch 31: Loss = 0.22628, Training (Code) = 0.93727, Validation (Code) = 0.934, Training (X) = 0.87301, Validation (X) = 0.87277, Training (Z) = 0.87292, Validation (Z) = 0.87214
Epoch 32: Loss = 0.22598, Training (Code) = 0.93508, Validation (Code) = 0.93542, Training (X) = 0.87423, Validation (X) = 0.87109, Training (Z) = 0.87238, Validation (Z) = 0.87225
Epoch 33: Loss = 0.22569, Training (Code) = 0.93419, Validation (Code) = 0.932, Training (X) = 0.87342, Validation (X) = 0.87384, Training (Z) = 0.87373, Validation (Z) = 0.87652
Epoch 34: Loss = 0.2254, Training (Code) = 0.93658, Validation (Code) = 0.93492, Training (X) = 0.87403, Validation (X) = 0.87307, Training (Z) = 0.87279, Validation (Z) = 0.87138
Epoch 35: Loss = 0.22512, Training (Code) = 0.93767, Validation (Code) = 0.93575, Training (X) = 0.87424, Validation (X) = 0.8731, Training (Z) = 0.87296, Validation (Z) = 0.87176
Epoch 36: Loss = 0.22485, Training (Code) = 0.93773, Validation (Code) = 0.93758, Training (X) = 0.87601, Validation (X) = 0.87094, Training (Z) = 0.87265, Validation (Z) = 0.87628
Epoch 37: Loss = 0.2246, Training (Code) = 0.93671, Validation (Code) = 0.93725, Training (X) = 0.87443, Validation (X) = 0.87783, Training (Z) = 0.87247, Validation (Z) = 0.87232
Epoch 38: Loss = 0.22435, Training (Code) = 0.93808, Validation (Code) = 0.93717, Training (X) = 0.87386, Validation (X) = 0.87524, Training (Z) = 0.87383, Validation (Z) = 0.87275
Epoch 39: Loss = 0.22411, Training (Code) = 0.94031, Validation (Code) = 0.93933, Training (X) = 0.87371, Validation (X) = 0.87083, Training (Z) = 0.87143, Validation (Z) = 0.86914
Epoch 40: Loss = 0.22388, Training (Code) = 0.93858, Validation (Code) = 0.9365, Training (X) = 0.87494, Validation (X) = 0.87605, Training (Z) = 0.87235, Validation (Z) = 0.87008
Epoch 41: Loss = 0.22365, Training (Code) = 0.93858, Validation (Code) = 0.94033, Training (X) = 0.8779, Validation (X) = 0.8738, Training (Z) = 0.87454, Validation (Z) = 0.87185
Epoch 42: Loss = 0.22342, Training (Code) = 0.94012, Validation (Code) = 0.93808, Training (X) = 0.874, Validation (X) = 0.87252, Training (Z) = 0.87411, Validation (Z) = 0.87119
Epoch 43: Loss = 0.2232, Training (Code) = 0.94073, Validation (Code) = 0.94117, Training (X) = 0.87457, Validation (X) = 0.87507, Training (Z) = 0.87361, Validation (Z) = 0.86807
Epoch 44: Loss = 0.22298, Training (Code) = 0.93994, Validation (Code) = 0.94025, Training (X) = 0.87422, Validation (X) = 0.87096, Training (Z) = 0.87419, Validation (Z) = 0.8745
Epoch 45: Loss = 0.22276, Training (Code) = 0.93944, Validation (Code) = 0.94158, Training (X) = 0.87331, Validation (X) = 0.87229, Training (Z) = 0.87231, Validation (Z) = 0.87061
Epoch 46: Loss = 0.22254, Training (Code) = 0.94227, Validation (Code) = 0.94192, Training (X) = 0.87539, Validation (X) = 0.87499, Training (Z) = 0.87059, Validation (Z) = 0.87216
Epoch 47: Loss = 0.22232, Training (Code) = 0.94121, Validation (Code) = 0.93975, Training (X) = 0.87416, Validation (X) = 0.87115, Training (Z) = 0.87439, Validation (Z) = 0.8763
Epoch 48: Loss = 0.22211, Training (Code) = 0.94135, Validation (Code) = 0.94183, Training (X) = 0.87514, Validation (X) = 0.87639, Training (Z) = 0.8752, Validation (Z) = 0.86949
Epoch 49: Loss = 0.2219, Training (Code) = 0.94121, Validation (Code) = 0.93808, Training (X) = 0.87478, Validation (X) = 0.87403, Training (Z) = 0.87361, Validation (Z) = 0.87359
Epoch 50: Loss = 0.22169, Training (Code) = 0.941, Validation (Code) = 0.943, Training (X) = 0.87613, Validation (X) = 0.87663, Training (Z) = 0.87281, Validation (Z) = 0.87142
Epoch 51: Loss = 0.22148, Training (Code) = 0.9431, Validation (Code) = 0.94042, Training (X) = 0.873, Validation (X) = 0.87116, Training (Z) = 0.87287, Validation (Z) = 0.86876
Epoch 52: Loss = 0.22127, Training (Code) = 0.943, Validation (Code) = 0.93725, Training (X) = 0.87575, Validation (X) = 0.87757, Training (Z) = 0.8735, Validation (Z) = 0.87277
Epoch 53: Loss = 0.22107, Training (Code) = 0.94429, Validation (Code) = 0.9375, Training (X) = 0.87535, Validation (X) = 0.87858, Training (Z) = 0.87248, Validation (Z) = 0.87031
Epoch 54: Loss = 0.22086, Training (Code) = 0.94504, Validation (Code) = 0.94233, Training (X) = 0.8743, Validation (X) = 0.87628, Training (Z) = 0.87119, Validation (Z) = 0.87372
Epoch 55: Loss = 0.22065, Training (Code) = 0.94344, Validation (Code) = 0.94225, Training (X) = 0.87546, Validation (X) = 0.87769, Training (Z) = 0.87431, Validation (Z) = 0.87141
Epoch 56: Loss = 0.22045, Training (Code) = 0.94421, Validation (Code) = 0.94192, Training (X) = 0.87415, Validation (X) = 0.87375, Training (Z) = 0.87353, Validation (Z) = 0.87198
Epoch 57: Loss = 0.22024, Training (Code) = 0.94277, Validation (Code) = 0.94408, Training (X) = 0.87621, Validation (X) = 0.87572, Training (Z) = 0.87234, Validation (Z) = 0.86963
Epoch 58: Loss = 0.22003, Training (Code) = 0.94277, Validation (Code) = 0.94283, Training (X) = 0.87638, Validation (X) = 0.8767, Training (Z) = 0.87188, Validation (Z) = 0.87158
Epoch 59: Loss = 0.21982, Training (Code) = 0.94327, Validation (Code) = 0.94058, Training (X) = 0.87369, Validation (X) = 0.87579, Training (Z) = 0.87201, Validation (Z) = 0.87242
Epoch 60: Loss = 0.21962, Training (Code) = 0.94427, Validation (Code) = 0.94367, Training (X) = 0.87592, Validation (X) = 0.8769, Training (Z) = 0.87493, Validation (Z) = 0.87116
Epoch 61: Loss = 0.21941, Training (Code) = 0.94335, Validation (Code) = 0.94483, Training (X) = 0.87434, Validation (X) = 0.87238, Training (Z) = 0.87293, Validation (Z) = 0.86911
Epoch 62: Loss = 0.2192, Training (Code) = 0.94456, Validation (Code) = 0.94192, Training (X) = 0.87569, Validation (X) = 0.8757, Training (Z) = 0.87333, Validation (Z) = 0.87074
Epoch 63: Loss = 0.21899, Training (Code) = 0.94337, Validation (Code) = 0.94292, Training (X) = 0.87576, Validation (X) = 0.8753, Training (Z) = 0.87211, Validation (Z) = 0.87159
Epoch 64: Loss = 0.21878, Training (Code) = 0.9435, Validation (Code) = 0.94733, Training (X) = 0.87398, Validation (X) = 0.87368, Training (Z) = 0.87301, Validation (Z) = 0.87166
Epoch 65: Loss = 0.21856, Training (Code) = 0.94502, Validation (Code) = 0.94317, Training (X) = 0.87597, Validation (X) = 0.87312, Training (Z) = 0.87282, Validation (Z) = 0.871
Epoch 66: Loss = 0.21835, Training (Code) = 0.94583, Validation (Code) = 0.94408, Training (X) = 0.8759, Validation (X) = 0.87404, Training (Z) = 0.87414, Validation (Z) = 0.87148
Epoch 67: Loss = 0.21814, Training (Code) = 0.94517, Validation (Code) = 0.93925, Training (X) = 0.8756, Validation (X) = 0.87659, Training (Z) = 0.87379, Validation (Z) = 0.87605
Epoch 68: Loss = 0.21793, Training (Code) = 0.94512, Validation (Code) = 0.94458, Training (X) = 0.87517, Validation (X) = 0.87472, Training (Z) = 0.87405, Validation (Z) = 0.87181
Epoch 69: Loss = 0.21771, Training (Code) = 0.94494, Validation (Code) = 0.94542, Training (X) = 0.87475, Validation (X) = 0.87695, Training (Z) = 0.87224, Validation (Z) = 0.86831
Epoch 70: Loss = 0.2175, Training (Code) = 0.94704, Validation (Code) = 0.94267, Training (X) = 0.87595, Validation (X) = 0.87447, Training (Z) = 0.87184, Validation (Z) = 0.87367
Epoch 71: Loss = 0.21729, Training (Code) = 0.9464, Validation (Code) = 0.94392, Training (X) = 0.87595, Validation (X) = 0.87587, Training (Z) = 0.87091, Validation (Z) = 0.86872
Epoch 72: Loss = 0.21707, Training (Code) = 0.94565, Validation (Code) = 0.94542, Training (X) = 0.87308, Validation (X) = 0.87554, Training (Z) = 0.87308, Validation (Z) = 0.86858
Epoch 73: Loss = 0.21687, Training (Code) = 0.94454, Validation (Code) = 0.94567, Training (X) = 0.8747, Validation (X) = 0.87407, Training (Z) = 0.87395, Validation (Z) = 0.87046
Epoch 74: Loss = 0.21666, Training (Code) = 0.94315, Validation (Code) = 0.94575, Training (X) = 0.87646, Validation (X) = 0.87488, Training (Z) = 0.87213, Validation (Z) = 0.87179
Epoch 75: Loss = 0.21645, Training (Code) = 0.94485, Validation (Code) = 0.94642, Training (X) = 0.87599, Validation (X) = 0.87594, Training (Z) = 0.87469, Validation (Z) = 0.87241
Epoch 76: Loss = 0.21625, Training (Code) = 0.94477, Validation (Code) = 0.94558, Training (X) = 0.87537, Validation (X) = 0.87204, Training (Z) = 0.87466, Validation (Z) = 0.8708
Epoch 77: Loss = 0.21605, Training (Code) = 0.94533, Validation (Code) = 0.94567, Training (X) = 0.87637, Validation (X) = 0.87363, Training (Z) = 0.87379, Validation (Z) = 0.87196
Epoch 78: Loss = 0.21585, Training (Code) = 0.94531, Validation (Code) = 0.94492, Training (X) = 0.87504, Validation (X) = 0.87777, Training (Z) = 0.87445, Validation (Z) = 0.87142
Epoch 79: Loss = 0.21565, Training (Code) = 0.9451, Validation (Code) = 0.94558, Training (X) = 0.87645, Validation (X) = 0.87503, Training (Z) = 0.87173, Validation (Z) = 0.86983
Epoch 80: Loss = 0.21546, Training (Code) = 0.94579, Validation (Code) = 0.94567, Training (X) = 0.87519, Validation (X) = 0.87346, Training (Z) = 0.87345, Validation (Z) = 0.87161
Epoch 81: Loss = 0.21527, Training (Code) = 0.94598, Validation (Code) = 0.94742, Training (X) = 0.87509, Validation (X) = 0.8736, Training (Z) = 0.87442, Validation (Z) = 0.86912
Epoch 82: Loss = 0.21508, Training (Code) = 0.9451, Validation (Code) = 0.946, Training (X) = 0.87367, Validation (X) = 0.8757, Training (Z) = 0.87213, Validation (Z) = 0.86945
Epoch 83: Loss = 0.2149, Training (Code) = 0.94625, Validation (Code) = 0.94558, Training (X) = 0.87439, Validation (X) = 0.87591, Training (Z) = 0.87257, Validation (Z) = 0.86983
Epoch 84: Loss = 0.21472, Training (Code) = 0.94506, Validation (Code) = 0.94875, Training (X) = 0.87596, Validation (X) = 0.87378, Training (Z) = 0.873, Validation (Z) = 0.87141
Epoch 85: Loss = 0.21454, Training (Code) = 0.94621, Validation (Code) = 0.94317, Training (X) = 0.8763, Validation (X) = 0.87657, Training (Z) = 0.87267, Validation (Z) = 0.87392
Epoch 86: Loss = 0.21437, Training (Code) = 0.94554, Validation (Code) = 0.94317, Training (X) = 0.87688, Validation (X) = 0.87613, Training (Z) = 0.87225, Validation (Z) = 0.87233
Epoch 87: Loss = 0.2142, Training (Code) = 0.94567, Validation (Code) = 0.94658, Training (X) = 0.87678, Validation (X) = 0.87393, Training (Z) = 0.87438, Validation (Z) = 0.87059
Epoch 88: Loss = 0.21403, Training (Code) = 0.94519, Validation (Code) = 0.94567, Training (X) = 0.87478, Validation (X) = 0.87178, Training (Z) = 0.87527, Validation (Z) = 0.8709
Epoch 89: Loss = 0.21387, Training (Code) = 0.9455, Validation (Code) = 0.95, Training (X) = 0.87427, Validation (X) = 0.87465, Training (Z) = 0.87128, Validation (Z) = 0.87175
Epoch 90: Loss = 0.21371, Training (Code) = 0.94577, Validation (Code) = 0.94383, Training (X) = 0.87382, Validation (X) = 0.87392, Training (Z) = 0.87272, Validation (Z) = 0.8733
Epoch 91: Loss = 0.21355, Training (Code) = 0.94642, Validation (Code) = 0.94542, Training (X) = 0.87576, Validation (X) = 0.87572, Training (Z) = 0.87327, Validation (Z) = 0.86822
Epoch 92: Loss = 0.21339, Training (Code) = 0.94571, Validation (Code) = 0.94292, Training (X) = 0.87573, Validation (X) = 0.87521, Training (Z) = 0.87086, Validation (Z) = 0.87353
Epoch 93: Loss = 0.21324, Training (Code) = 0.94502, Validation (Code) = 0.94683, Training (X) = 0.87553, Validation (X) = 0.87467, Training (Z) = 0.87518, Validation (Z) = 0.87185
Epoch 94: Loss = 0.21309, Training (Code) = 0.94663, Validation (Code) = 0.94783, Training (X) = 0.87631, Validation (X) = 0.87533, Training (Z) = 0.87207, Validation (Z) = 0.87419
Epoch 95: Loss = 0.21294, Training (Code) = 0.94719, Validation (Code) = 0.94383, Training (X) = 0.87555, Validation (X) = 0.87604, Training (Z) = 0.87243, Validation (Z) = 0.87339
Epoch 96: Loss = 0.21279, Training (Code) = 0.94696, Validation (Code) = 0.94508, Training (X) = 0.87519, Validation (X) = 0.87647, Training (Z) = 0.87431, Validation (Z) = 0.87267
Epoch 97: Loss = 0.21265, Training (Code) = 0.94585, Validation (Code) = 0.94525, Training (X) = 0.87703, Validation (X) = 0.87878, Training (Z) = 0.87265, Validation (Z) = 0.87102
Epoch 98: Loss = 0.2125, Training (Code) = 0.9476, Validation (Code) = 0.94667, Training (X) = 0.87517, Validation (X) = 0.87773, Training (Z) = 0.87147, Validation (Z) = 0.87306
Epoch 99: Loss = 0.21236, Training (Code) = 0.94523, Validation (Code) = 0.94467, Training (X) = 0.87532, Validation (X) = 0.87138, Training (Z) = 0.87258, Validation (Z) = 0.87271
Epoch 100: Loss = 0.21222, Training (Code) = 0.94515, Validation (Code) = 0.94475, Training (X) = 0.875, Validation (X) = 0.87625, Training (Z) = 0.87319, Validation (Z) = 0.87325
Epoch 101: Loss = 0.21209, Training (Code) = 0.94819, Validation (Code) = 0.94708, Training (X) = 0.8747, Validation (X) = 0.87286, Training (Z) = 0.87129, Validation (Z) = 0.87083
Epoch 102: Loss = 0.21195, Training (Code) = 0.94606, Validation (Code) = 0.94567, Training (X) = 0.87635, Validation (X) = 0.87275, Training (Z) = 0.87378, Validation (Z) = 0.87293
Epoch 103: Loss = 0.21182, Training (Code) = 0.94754, Validation (Code) = 0.94675, Training (X) = 0.87318, Validation (X) = 0.87431, Training (Z) = 0.87336, Validation (Z) = 0.87272
Epoch 104: Loss = 0.21169, Training (Code) = 0.94802, Validation (Code) = 0.94525, Training (X) = 0.87441, Validation (X) = 0.87199, Training (Z) = 0.87223, Validation (Z) = 0.8712
Epoch 105: Loss = 0.21156, Training (Code) = 0.9466, Validation (Code) = 0.94783, Training (X) = 0.87631, Validation (X) = 0.87111, Training (Z) = 0.87272, Validation (Z) = 0.87058
Epoch 106: Loss = 0.21143, Training (Code) = 0.94654, Validation (Code) = 0.95058, Training (X) = 0.87446, Validation (X) = 0.87499, Training (Z) = 0.87498, Validation (Z) = 0.87008
Epoch 107: Loss = 0.2113, Training (Code) = 0.9476, Validation (Code) = 0.94775, Training (X) = 0.87644, Validation (X) = 0.87321, Training (Z) = 0.87282, Validation (Z) = 0.86837
Epoch 108: Loss = 0.21117, Training (Code) = 0.9471, Validation (Code) = 0.944, Training (X) = 0.87526, Validation (X) = 0.88012, Training (Z) = 0.8742, Validation (Z) = 0.87421
Epoch 109: Loss = 0.21105, Training (Code) = 0.9479, Validation (Code) = 0.94608, Training (X) = 0.87481, Validation (X) = 0.87563, Training (Z) = 0.87178, Validation (Z) = 0.87263
Epoch 110: Loss = 0.21093, Training (Code) = 0.94735, Validation (Code) = 0.94875, Training (X) = 0.87586, Validation (X) = 0.87422, Training (Z) = 0.87307, Validation (Z) = 0.87
Epoch 111: Loss = 0.2108, Training (Code) = 0.94569, Validation (Code) = 0.94867, Training (X) = 0.87626, Validation (X) = 0.87412, Training (Z) = 0.87254, Validation (Z) = 0.86885
Epoch 112: Loss = 0.21068, Training (Code) = 0.94677, Validation (Code) = 0.946, Training (X) = 0.87475, Validation (X) = 0.87456, Training (Z) = 0.87299, Validation (Z) = 0.87447
Epoch 113: Loss = 0.21056, Training (Code) = 0.94773, Validation (Code) = 0.943, Training (X) = 0.87472, Validation (X) = 0.87434, Training (Z) = 0.87268, Validation (Z) = 0.87177
Epoch 114: Loss = 0.21045, Training (Code) = 0.94571, Validation (Code) = 0.945, Training (X) = 0.87653, Validation (X) = 0.87804, Training (Z) = 0.8726, Validation (Z) = 0.86984
Epoch 115: Loss = 0.21033, Training (Code) = 0.9456, Validation (Code) = 0.94358, Training (X) = 0.87574, Validation (X) = 0.87662, Training (Z) = 0.87312, Validation (Z) = 0.87062
Epoch 116: Loss = 0.21022, Training (Code) = 0.94775, Validation (Code) = 0.94617, Training (X) = 0.87516, Validation (X) = 0.87476, Training (Z) = 0.8731, Validation (Z) = 0.87687
Epoch 117: Loss = 0.2101, Training (Code) = 0.94633, Validation (Code) = 0.94667, Training (X) = 0.8743, Validation (X) = 0.87526, Training (Z) = 0.87273, Validation (Z) = 0.86919
Epoch 118: Loss = 0.20999, Training (Code) = 0.94646, Validation (Code) = 0.9465, Training (X) = 0.87464, Validation (X) = 0.87603, Training (Z) = 0.87156, Validation (Z) = 0.87375
Epoch 119: Loss = 0.20988, Training (Code) = 0.94717, Validation (Code) = 0.94692, Training (X) = 0.87656, Validation (X) = 0.87266, Training (Z) = 0.87152, Validation (Z) = 0.87556
Epoch 120: Loss = 0.20977, Training (Code) = 0.94723, Validation (Code) = 0.94708, Training (X) = 0.87593, Validation (X) = 0.87444, Training (Z) = 0.87318, Validation (Z) = 0.87294
Epoch 121: Loss = 0.20966, Training (Code) = 0.94623, Validation (Code) = 0.94792, Training (X) = 0.87455, Validation (X) = 0.87376, Training (Z) = 0.87433, Validation (Z) = 0.87165
Epoch 122: Loss = 0.20956, Training (Code) = 0.9471, Validation (Code) = 0.94942, Training (X) = 0.87517, Validation (X) = 0.87089, Training (Z) = 0.87288, Validation (Z) = 0.87194
Epoch 123: Loss = 0.20945, Training (Code) = 0.94683, Validation (Code) = 0.94583, Training (X) = 0.87581, Validation (X) = 0.87515, Training (Z) = 0.8721, Validation (Z) = 0.8733
Epoch 124: Loss = 0.20935, Training (Code) = 0.9474, Validation (Code) = 0.94892, Training (X) = 0.87362, Validation (X) = 0.87196, Training (Z) = 0.87411, Validation (Z) = 0.87091
Epoch 125: Loss = 0.20925, Training (Code) = 0.94731, Validation (Code) = 0.94708, Training (X) = 0.8766, Validation (X) = 0.87083, Training (Z) = 0.87273, Validation (Z) = 0.87171
Epoch 126: Loss = 0.20914, Training (Code) = 0.94712, Validation (Code) = 0.94725, Training (X) = 0.8751, Validation (X) = 0.87534, Training (Z) = 0.874, Validation (Z) = 0.87006
Epoch 127: Loss = 0.20904, Training (Code) = 0.94748, Validation (Code) = 0.9445, Training (X) = 0.87465, Validation (X) = 0.87807, Training (Z) = 0.8726, Validation (Z) = 0.87401
Epoch 128: Loss = 0.20895, Training (Code) = 0.94869, Validation (Code) = 0.94525, Training (X) = 0.87663, Validation (X) = 0.87358, Training (Z) = 0.87109, Validation (Z) = 0.87261
Epoch 129: Loss = 0.20885, Training (Code) = 0.94721, Validation (Code) = 0.947, Training (X) = 0.87622, Validation (X) = 0.87566, Training (Z) = 0.87377, Validation (Z) = 0.87188
Epoch 130: Loss = 0.20875, Training (Code) = 0.94742, Validation (Code) = 0.94558, Training (X) = 0.87376, Validation (X) = 0.87635, Training (Z) = 0.87237, Validation (Z) = 0.87133
Epoch 131: Loss = 0.20866, Training (Code) = 0.94571, Validation (Code) = 0.94792, Training (X) = 0.87633, Validation (X) = 0.87244, Training (Z) = 0.87395, Validation (Z) = 0.87182
Epoch 132: Loss = 0.20856, Training (Code) = 0.9474, Validation (Code) = 0.94625, Training (X) = 0.87382, Validation (X) = 0.87618, Training (Z) = 0.87283, Validation (Z) = 0.86966
Epoch 133: Loss = 0.20847, Training (Code) = 0.94737, Validation (Code) = 0.94617, Training (X) = 0.87571, Validation (X) = 0.87502, Training (Z) = 0.87239, Validation (Z) = 0.87053
Epoch 134: Loss = 0.20838, Training (Code) = 0.94694, Validation (Code) = 0.948, Training (X) = 0.87515, Validation (X) = 0.8721, Training (Z) = 0.87341, Validation (Z) = 0.87307
Epoch 135: Loss = 0.20829, Training (Code) = 0.94721, Validation (Code) = 0.9475, Training (X) = 0.87276, Validation (X) = 0.87036, Training (Z) = 0.87289, Validation (Z) = 0.87282
Epoch 136: Loss = 0.2082, Training (Code) = 0.94771, Validation (Code) = 0.94683, Training (X) = 0.87613, Validation (X) = 0.87625, Training (Z) = 0.87309, Validation (Z) = 0.87089
Epoch 137: Loss = 0.20811, Training (Code) = 0.94723, Validation (Code) = 0.94575, Training (X) = 0.87589, Validation (X) = 0.87673, Training (Z) = 0.87395, Validation (Z) = 0.87118
Epoch 138: Loss = 0.20803, Training (Code) = 0.947, Validation (Code) = 0.94533, Training (X) = 0.87628, Validation (X) = 0.87526, Training (Z) = 0.87289, Validation (Z) = 0.87006
Epoch 139: Loss = 0.20794, Training (Code) = 0.94848, Validation (Code) = 0.947, Training (X) = 0.87469, Validation (X) = 0.87584, Training (Z) = 0.87137, Validation (Z) = 0.8717
Epoch 140: Loss = 0.20785, Training (Code) = 0.94792, Validation (Code) = 0.94825, Training (X) = 0.87602, Validation (X) = 0.87231, Training (Z) = 0.87484, Validation (Z) = 0.87143
Epoch 141: Loss = 0.20777, Training (Code) = 0.94671, Validation (Code) = 0.94517, Training (X) = 0.87681, Validation (X) = 0.87542, Training (Z) = 0.87214, Validation (Z) = 0.87092
Epoch 142: Loss = 0.20769, Training (Code) = 0.94777, Validation (Code) = 0.9465, Training (X) = 0.87574, Validation (X) = 0.87612, Training (Z) = 0.87424, Validation (Z) = 0.87198
Epoch 143: Loss = 0.20761, Training (Code) = 0.94677, Validation (Code) = 0.94875, Training (X) = 0.87614, Validation (X) = 0.87387, Training (Z) = 0.87358, Validation (Z) = 0.86965
Epoch 144: Loss = 0.20753, Training (Code) = 0.94837, Validation (Code) = 0.9495, Training (X) = 0.87373, Validation (X) = 0.87309, Training (Z) = 0.87281, Validation (Z) = 0.87239
Epoch 145: Loss = 0.20745, Training (Code) = 0.94815, Validation (Code) = 0.94542, Training (X) = 0.87451, Validation (X) = 0.87563, Training (Z) = 0.87348, Validation (Z) = 0.87122
Epoch 146: Loss = 0.20737, Training (Code) = 0.94683, Validation (Code) = 0.94883, Training (X) = 0.87551, Validation (X) = 0.8737, Training (Z) = 0.87247, Validation (Z) = 0.87098
Epoch 147: Loss = 0.20729, Training (Code) = 0.94894, Validation (Code) = 0.94758, Training (X) = 0.87624, Validation (X) = 0.87644, Training (Z) = 0.87359, Validation (Z) = 0.87152
Epoch 148: Loss = 0.20722, Training (Code) = 0.94848, Validation (Code) = 0.94842, Training (X) = 0.875, Validation (X) = 0.87198, Training (Z) = 0.87315, Validation (Z) = 0.87022
Epoch 149: Loss = 0.20714, Training (Code) = 0.94917, Validation (Code) = 0.94425, Training (X) = 0.87425, Validation (X) = 0.87344, Training (Z) = 0.87158, Validation (Z) = 0.87239
Epoch 150: Loss = 0.20707, Training (Code) = 0.94698, Validation (Code) = 0.94725, Training (X) = 0.87489, Validation (X) = 0.872, Training (Z) = 0.87328, Validation (Z) = 0.87358
Epoch 151: Loss = 0.207, Training (Code) = 0.94771, Validation (Code) = 0.94633, Training (X) = 0.87584, Validation (X) = 0.8717, Training (Z) = 0.87446, Validation (Z) = 0.87275
Epoch 152: Loss = 0.20692, Training (Code) = 0.94606, Validation (Code) = 0.94983, Training (X) = 0.87593, Validation (X) = 0.87261, Training (Z) = 0.87362, Validation (Z) = 0.87191
Epoch 153: Loss = 0.20685, Training (Code) = 0.94792, Validation (Code) = 0.94658, Training (X) = 0.87591, Validation (X) = 0.87252, Training (Z) = 0.87163, Validation (Z) = 0.87191
Epoch 154: Loss = 0.20678, Training (Code) = 0.94852, Validation (Code) = 0.94808, Training (X) = 0.87678, Validation (X) = 0.8758, Training (Z) = 0.87285, Validation (Z) = 0.87158
Epoch 155: Loss = 0.20671, Training (Code) = 0.9479, Validation (Code) = 0.94767, Training (X) = 0.87444, Validation (X) = 0.87619, Training (Z) = 0.87305, Validation (Z) = 0.87003
Epoch 156: Loss = 0.20664, Training (Code) = 0.9474, Validation (Code) = 0.94733, Training (X) = 0.87578, Validation (X) = 0.87781, Training (Z) = 0.87472, Validation (Z) = 0.8706
Epoch 157: Loss = 0.20658, Training (Code) = 0.94767, Validation (Code) = 0.949, Training (X) = 0.87518, Validation (X) = 0.87355, Training (Z) = 0.87513, Validation (Z) = 0.87548
Epoch 158: Loss = 0.20651, Training (Code) = 0.94723, Validation (Code) = 0.94867, Training (X) = 0.87571, Validation (X) = 0.87439, Training (Z) = 0.8734, Validation (Z) = 0.87078
Epoch 159: Loss = 0.20644, Training (Code) = 0.94806, Validation (Code) = 0.94883, Training (X) = 0.8745, Validation (X) = 0.87546, Training (Z) = 0.87389, Validation (Z) = 0.87133
Epoch 160: Loss = 0.20638, Training (Code) = 0.94812, Validation (Code) = 0.94575, Training (X) = 0.87559, Validation (X) = 0.87602, Training (Z) = 0.87332, Validation (Z) = 0.86977
Epoch 161: Loss = 0.20631, Training (Code) = 0.94815, Validation (Code) = 0.94717, Training (X) = 0.87425, Validation (X) = 0.87357, Training (Z) = 0.87249, Validation (Z) = 0.87119
Epoch 162: Loss = 0.20625, Training (Code) = 0.94692, Validation (Code) = 0.94542, Training (X) = 0.87552, Validation (X) = 0.87122, Training (Z) = 0.87336, Validation (Z) = 0.87298
Epoch 163: Loss = 0.20618, Training (Code) = 0.94883, Validation (Code) = 0.94842, Training (X) = 0.87434, Validation (X) = 0.87259, Training (Z) = 0.8723, Validation (Z) = 0.87242
Epoch 164: Loss = 0.20612, Training (Code) = 0.94915, Validation (Code) = 0.94917, Training (X) = 0.8746, Validation (X) = 0.87665, Training (Z) = 0.87337, Validation (Z) = 0.8727
Epoch 165: Loss = 0.20606, Training (Code) = 0.94779, Validation (Code) = 0.9485, Training (X) = 0.87431, Validation (X) = 0.87603, Training (Z) = 0.87365, Validation (Z) = 0.8741
Epoch 166: Loss = 0.206, Training (Code) = 0.94744, Validation (Code) = 0.94417, Training (X) = 0.8738, Validation (X) = 0.87502, Training (Z) = 0.8735, Validation (Z) = 0.87123
Epoch 167: Loss = 0.20594, Training (Code) = 0.94923, Validation (Code) = 0.94833, Training (X) = 0.87398, Validation (X) = 0.87469, Training (Z) = 0.87284, Validation (Z) = 0.87452
Epoch 168: Loss = 0.20588, Training (Code) = 0.94865, Validation (Code) = 0.9455, Training (X) = 0.87592, Validation (X) = 0.87582, Training (Z) = 0.87399, Validation (Z) = 0.87141
Epoch 169: Loss = 0.20582, Training (Code) = 0.94733, Validation (Code) = 0.9485, Training (X) = 0.8783, Validation (X) = 0.87638, Training (Z) = 0.8752, Validation (Z) = 0.87252
Epoch 170: Loss = 0.20576, Training (Code) = 0.94658, Validation (Code) = 0.94692, Training (X) = 0.87679, Validation (X) = 0.87389, Training (Z) = 0.87475, Validation (Z) = 0.86887
Epoch 171: Loss = 0.2057, Training (Code) = 0.94752, Validation (Code) = 0.94617, Training (X) = 0.8763, Validation (X) = 0.87485, Training (Z) = 0.87342, Validation (Z) = 0.87529
Epoch 172: Loss = 0.20565, Training (Code) = 0.94758, Validation (Code) = 0.94858, Training (X) = 0.8771, Validation (X) = 0.87719, Training (Z) = 0.87347, Validation (Z) = 0.86822
Epoch 173: Loss = 0.20559, Training (Code) = 0.9464, Validation (Code) = 0.94933, Training (X) = 0.87507, Validation (X) = 0.8736, Training (Z) = 0.87466, Validation (Z) = 0.86991
Epoch 174: Loss = 0.20553, Training (Code) = 0.94773, Validation (Code) = 0.94783, Training (X) = 0.87565, Validation (X) = 0.87718, Training (Z) = 0.87239, Validation (Z) = 0.8734
Epoch 175: Loss = 0.20548, Training (Code) = 0.94708, Validation (Code) = 0.9495, Training (X) = 0.87492, Validation (X) = 0.87406, Training (Z) = 0.87455, Validation (Z) = 0.86923
Epoch 176: Loss = 0.20542, Training (Code) = 0.9485, Validation (Code) = 0.94533, Training (X) = 0.8748, Validation (X) = 0.875, Training (Z) = 0.87406, Validation (Z) = 0.87447
Epoch 177: Loss = 0.20537, Training (Code) = 0.94708, Validation (Code) = 0.94783, Training (X) = 0.87558, Validation (X) = 0.87445, Training (Z) = 0.87492, Validation (Z) = 0.87278
Epoch 178: Loss = 0.20532, Training (Code) = 0.94842, Validation (Code) = 0.9455, Training (X) = 0.8756, Validation (X) = 0.87705, Training (Z) = 0.87275, Validation (Z) = 0.87388
Epoch 179: Loss = 0.20526, Training (Code) = 0.94833, Validation (Code) = 0.94642, Training (X) = 0.87568, Validation (X) = 0.87347, Training (Z) = 0.8732, Validation (Z) = 0.87391
Epoch 180: Loss = 0.20521, Training (Code) = 0.94835, Validation (Code) = 0.95017, Training (X) = 0.87483, Validation (X) = 0.87362, Training (Z) = 0.87395, Validation (Z) = 0.8702
Epoch 181: Loss = 0.20516, Training (Code) = 0.9494, Validation (Code) = 0.94758, Training (X) = 0.8758, Validation (X) = 0.87442, Training (Z) = 0.87303, Validation (Z) = 0.87169
Epoch 182: Loss = 0.20511, Training (Code) = 0.94896, Validation (Code) = 0.94883, Training (X) = 0.87502, Validation (X) = 0.87274, Training (Z) = 0.87278, Validation (Z) = 0.8716
Epoch 183: Loss = 0.20505, Training (Code) = 0.94748, Validation (Code) = 0.94675, Training (X) = 0.87533, Validation (X) = 0.8773, Training (Z) = 0.87322, Validation (Z) = 0.87202
Epoch 184: Loss = 0.205, Training (Code) = 0.94848, Validation (Code) = 0.94975, Training (X) = 0.87561, Validation (X) = 0.87514, Training (Z) = 0.87139, Validation (Z) = 0.87146
Epoch 185: Loss = 0.20495, Training (Code) = 0.94819, Validation (Code) = 0.94933, Training (X) = 0.87494, Validation (X) = 0.87298, Training (Z) = 0.8739, Validation (Z) = 0.87
Epoch 186: Loss = 0.2049, Training (Code) = 0.94869, Validation (Code) = 0.947, Training (X) = 0.87636, Validation (X) = 0.87804, Training (Z) = 0.87263, Validation (Z) = 0.87223
Epoch 187: Loss = 0.20485, Training (Code) = 0.94902, Validation (Code) = 0.94642, Training (X) = 0.87483, Validation (X) = 0.87514, Training (Z) = 0.87257, Validation (Z) = 0.87523
Epoch 188: Loss = 0.2048, Training (Code) = 0.94877, Validation (Code) = 0.949, Training (X) = 0.87539, Validation (X) = 0.87355, Training (Z) = 0.87464, Validation (Z) = 0.8725
Epoch 189: Loss = 0.20476, Training (Code) = 0.95035, Validation (Code) = 0.94942, Training (X) = 0.87494, Validation (X) = 0.86974, Training (Z) = 0.87399, Validation (Z) = 0.87124
Epoch 190: Loss = 0.20471, Training (Code) = 0.94817, Validation (Code) = 0.94608, Training (X) = 0.87627, Validation (X) = 0.8766, Training (Z) = 0.87282, Validation (Z) = 0.87061
Epoch 191: Loss = 0.20466, Training (Code) = 0.94746, Validation (Code) = 0.94692, Training (X) = 0.87411, Validation (X) = 0.87565, Training (Z) = 0.87444, Validation (Z) = 0.87583
Epoch 192: Loss = 0.20461, Training (Code) = 0.9486, Validation (Code) = 0.94817, Training (X) = 0.876, Validation (X) = 0.87458, Training (Z) = 0.87132, Validation (Z) = 0.87247
Epoch 193: Loss = 0.20456, Training (Code) = 0.9489, Validation (Code) = 0.94683, Training (X) = 0.87503, Validation (X) = 0.87458, Training (Z) = 0.87224, Validation (Z) = 0.87414
Epoch 194: Loss = 0.20452, Training (Code) = 0.94963, Validation (Code) = 0.94333, Training (X) = 0.87627, Validation (X) = 0.8765, Training (Z) = 0.87201, Validation (Z) = 0.87323
Epoch 195: Loss = 0.20447, Training (Code) = 0.94808, Validation (Code) = 0.94933, Training (X) = 0.87521, Validation (X) = 0.87316, Training (Z) = 0.87411, Validation (Z) = 0.87333
Epoch 196: Loss = 0.20443, Training (Code) = 0.94856, Validation (Code) = 0.94975, Training (X) = 0.87477, Validation (X) = 0.87725, Training (Z) = 0.87538, Validation (Z) = 0.87427
Epoch 197: Loss = 0.20438, Training (Code) = 0.94854, Validation (Code) = 0.95142, Training (X) = 0.87573, Validation (X) = 0.87457, Training (Z) = 0.87373, Validation (Z) = 0.87116
Epoch 198: Loss = 0.20433, Training (Code) = 0.94906, Validation (Code) = 0.947, Training (X) = 0.87514, Validation (X) = 0.87478, Training (Z) = 0.87294, Validation (Z) = 0.8702
Epoch 199: Loss = 0.20429, Training (Code) = 0.94777, Validation (Code) = 0.94583, Training (X) = 0.8775, Validation (X) = 0.8726, Training (Z) = 0.87233, Validation (Z) = 0.87242
Epoch 200: Loss = 0.20424, Training (Code) = 0.94823, Validation (Code) = 0.95008, Training (X) = 0.87815, Validation (X) = 0.87659, Training (Z) = 0.87272, Validation (Z) = 0.87194
