==========================================
SLURM_JOB_ID = 6161529
SLURM_JOB_NODELIST = d18-32
TMPDIR = /tmp/SLURM_6161529
==========================================
10_11_11_21_24_445 [6, 40, 40, 40, 40, 14] [Tanh(), Tanh(), Tanh(), Tanh(), Tanh(), Sigmoid()] 200 5e-05 45
Epoch 1: Loss = 0.26517, Training (Code) = 0.61504, Validation (Code) = 0.61408, Training (X) = 0.7387, Validation (X) = 0.74284, Training (Z) = 0.73274, Validation (Z) = 0.74053
Epoch 2: Loss = 0.21468, Training (Code) = 0.75944, Validation (Code) = 0.75933, Training (X) = 0.77401, Validation (X) = 0.77656, Training (Z) = 0.77267, Validation (Z) = 0.76482
Epoch 3: Loss = 0.17482, Training (Code) = 0.83121, Validation (Code) = 0.83058, Training (X) = 0.78791, Validation (X) = 0.78951, Training (Z) = 0.78631, Validation (Z) = 0.78308
Epoch 4: Loss = 0.15312, Training (Code) = 0.85746, Validation (Code) = 0.85733, Training (X) = 0.7969, Validation (X) = 0.79452, Training (Z) = 0.79226, Validation (Z) = 0.78859
Epoch 5: Loss = 0.14238, Training (Code) = 0.87529, Validation (Code) = 0.87342, Training (X) = 0.79926, Validation (X) = 0.79706, Training (Z) = 0.79628, Validation (Z) = 0.79658
Epoch 6: Loss = 0.1361, Training (Code) = 0.88246, Validation (Code) = 0.88158, Training (X) = 0.80136, Validation (X) = 0.79667, Training (Z) = 0.79491, Validation (Z) = 0.79544
Epoch 7: Loss = 0.13179, Training (Code) = 0.88913, Validation (Code) = 0.88925, Training (X) = 0.79915, Validation (X) = 0.7929, Training (Z) = 0.79732, Validation (Z) = 0.79636
Epoch 8: Loss = 0.12857, Training (Code) = 0.89627, Validation (Code) = 0.89175, Training (X) = 0.79968, Validation (X) = 0.79609, Training (Z) = 0.79763, Validation (Z) = 0.79637
Epoch 9: Loss = 0.12607, Training (Code) = 0.89925, Validation (Code) = 0.89833, Training (X) = 0.80141, Validation (X) = 0.79842, Training (Z) = 0.79861, Validation (Z) = 0.79787
Epoch 10: Loss = 0.12411, Training (Code) = 0.90306, Validation (Code) = 0.90192, Training (X) = 0.80257, Validation (X) = 0.79507, Training (Z) = 0.79763, Validation (Z) = 0.79885
Epoch 11: Loss = 0.12254, Training (Code) = 0.90558, Validation (Code) = 0.90758, Training (X) = 0.80128, Validation (X) = 0.80103, Training (Z) = 0.79836, Validation (Z) = 0.79745
Epoch 12: Loss = 0.12126, Training (Code) = 0.91156, Validation (Code) = 0.91183, Training (X) = 0.80107, Validation (X) = 0.80141, Training (Z) = 0.7997, Validation (Z) = 0.79766
Epoch 13: Loss = 0.12019, Training (Code) = 0.9156, Validation (Code) = 0.91708, Training (X) = 0.80161, Validation (X) = 0.79836, Training (Z) = 0.80025, Validation (Z) = 0.79318
Epoch 14: Loss = 0.11929, Training (Code) = 0.91852, Validation (Code) = 0.91892, Training (X) = 0.79954, Validation (X) = 0.79813, Training (Z) = 0.79802, Validation (Z) = 0.79849
Epoch 15: Loss = 0.1185, Training (Code) = 0.92063, Validation (Code) = 0.92133, Training (X) = 0.80222, Validation (X) = 0.80047, Training (Z) = 0.79844, Validation (Z) = 0.79513
Epoch 16: Loss = 0.11782, Training (Code) = 0.92135, Validation (Code) = 0.92117, Training (X) = 0.80398, Validation (X) = 0.80387, Training (Z) = 0.79941, Validation (Z) = 0.79401
Epoch 17: Loss = 0.11722, Training (Code) = 0.92365, Validation (Code) = 0.92567, Training (X) = 0.80045, Validation (X) = 0.7969, Training (Z) = 0.79921, Validation (Z) = 0.79672
Epoch 18: Loss = 0.11668, Training (Code) = 0.92819, Validation (Code) = 0.92592, Training (X) = 0.8025, Validation (X) = 0.80002, Training (Z) = 0.80084, Validation (Z) = 0.79444
Epoch 19: Loss = 0.11621, Training (Code) = 0.92679, Validation (Code) = 0.92925, Training (X) = 0.80135, Validation (X) = 0.79894, Training (Z) = 0.80086, Validation (Z) = 0.79796
Epoch 20: Loss = 0.11579, Training (Code) = 0.9271, Validation (Code) = 0.92733, Training (X) = 0.80304, Validation (X) = 0.79799, Training (Z) = 0.80045, Validation (Z) = 0.79969
Epoch 21: Loss = 0.11542, Training (Code) = 0.93037, Validation (Code) = 0.92783, Training (X) = 0.80425, Validation (X) = 0.80169, Training (Z) = 0.79977, Validation (Z) = 0.80304
Epoch 22: Loss = 0.11508, Training (Code) = 0.92833, Validation (Code) = 0.93242, Training (X) = 0.80413, Validation (X) = 0.79954, Training (Z) = 0.8, Validation (Z) = 0.80284
Epoch 23: Loss = 0.11479, Training (Code) = 0.93421, Validation (Code) = 0.93258, Training (X) = 0.80188, Validation (X) = 0.80198, Training (Z) = 0.80048, Validation (Z) = 0.79975
Epoch 24: Loss = 0.11452, Training (Code) = 0.93035, Validation (Code) = 0.934, Training (X) = 0.80211, Validation (X) = 0.80282, Training (Z) = 0.80303, Validation (Z) = 0.79764
Epoch 25: Loss = 0.11428, Training (Code) = 0.93337, Validation (Code) = 0.93658, Training (X) = 0.80438, Validation (X) = 0.80105, Training (Z) = 0.80119, Validation (Z) = 0.7966
Epoch 26: Loss = 0.11407, Training (Code) = 0.93402, Validation (Code) = 0.93225, Training (X) = 0.8024, Validation (X) = 0.80379, Training (Z) = 0.80296, Validation (Z) = 0.79878
Epoch 27: Loss = 0.11388, Training (Code) = 0.93342, Validation (Code) = 0.92908, Training (X) = 0.80395, Validation (X) = 0.80025, Training (Z) = 0.80209, Validation (Z) = 0.80339
Epoch 28: Loss = 0.1137, Training (Code) = 0.93408, Validation (Code) = 0.93225, Training (X) = 0.80281, Validation (X) = 0.80173, Training (Z) = 0.80083, Validation (Z) = 0.79896
Epoch 29: Loss = 0.11354, Training (Code) = 0.935, Validation (Code) = 0.93367, Training (X) = 0.8055, Validation (X) = 0.80052, Training (Z) = 0.80123, Validation (Z) = 0.79891
Epoch 30: Loss = 0.11339, Training (Code) = 0.93504, Validation (Code) = 0.93433, Training (X) = 0.80549, Validation (X) = 0.8028, Training (Z) = 0.8013, Validation (Z) = 0.80146
Epoch 31: Loss = 0.11325, Training (Code) = 0.93685, Validation (Code) = 0.9375, Training (X) = 0.8048, Validation (X) = 0.80142, Training (Z) = 0.80093, Validation (Z) = 0.80098
Epoch 32: Loss = 0.11313, Training (Code) = 0.93756, Validation (Code) = 0.93567, Training (X) = 0.80572, Validation (X) = 0.8013, Training (Z) = 0.80137, Validation (Z) = 0.80281
Epoch 33: Loss = 0.113, Training (Code) = 0.93669, Validation (Code) = 0.94167, Training (X) = 0.80423, Validation (X) = 0.80221, Training (Z) = 0.80296, Validation (Z) = 0.80345
Epoch 34: Loss = 0.11289, Training (Code) = 0.9389, Validation (Code) = 0.93642, Training (X) = 0.80735, Validation (X) = 0.80404, Training (Z) = 0.80245, Validation (Z) = 0.80012
Epoch 35: Loss = 0.11278, Training (Code) = 0.93694, Validation (Code) = 0.93967, Training (X) = 0.80506, Validation (X) = 0.79709, Training (Z) = 0.80577, Validation (Z) = 0.80259
Epoch 36: Loss = 0.11267, Training (Code) = 0.93942, Validation (Code) = 0.93825, Training (X) = 0.80478, Validation (X) = 0.80078, Training (Z) = 0.8056, Validation (Z) = 0.80327
Epoch 37: Loss = 0.11257, Training (Code) = 0.93854, Validation (Code) = 0.94067, Training (X) = 0.80515, Validation (X) = 0.80475, Training (Z) = 0.80519, Validation (Z) = 0.80129
Epoch 38: Loss = 0.11246, Training (Code) = 0.94081, Validation (Code) = 0.94017, Training (X) = 0.80516, Validation (X) = 0.80269, Training (Z) = 0.8029, Validation (Z) = 0.8011
Epoch 39: Loss = 0.11235, Training (Code) = 0.94002, Validation (Code) = 0.94175, Training (X) = 0.80765, Validation (X) = 0.8009, Training (Z) = 0.80479, Validation (Z) = 0.80515
Epoch 40: Loss = 0.11223, Training (Code) = 0.94183, Validation (Code) = 0.94142, Training (X) = 0.80641, Validation (X) = 0.80641, Training (Z) = 0.80468, Validation (Z) = 0.80119
Epoch 41: Loss = 0.11211, Training (Code) = 0.94365, Validation (Code) = 0.94508, Training (X) = 0.80587, Validation (X) = 0.80328, Training (Z) = 0.80453, Validation (Z) = 0.80381
Epoch 42: Loss = 0.11198, Training (Code) = 0.94152, Validation (Code) = 0.94108, Training (X) = 0.80661, Validation (X) = 0.80643, Training (Z) = 0.80495, Validation (Z) = 0.80483
Epoch 43: Loss = 0.11185, Training (Code) = 0.94135, Validation (Code) = 0.94375, Training (X) = 0.80662, Validation (X) = 0.80715, Training (Z) = 0.8075, Validation (Z) = 0.80592
Epoch 44: Loss = 0.11171, Training (Code) = 0.94437, Validation (Code) = 0.94558, Training (X) = 0.8066, Validation (X) = 0.80224, Training (Z) = 0.80552, Validation (Z) = 0.7981
Epoch 45: Loss = 0.11157, Training (Code) = 0.9451, Validation (Code) = 0.94133, Training (X) = 0.80657, Validation (X) = 0.80542, Training (Z) = 0.80463, Validation (Z) = 0.80418
Epoch 46: Loss = 0.11143, Training (Code) = 0.94237, Validation (Code) = 0.94075, Training (X) = 0.80963, Validation (X) = 0.80494, Training (Z) = 0.80583, Validation (Z) = 0.8053
Epoch 47: Loss = 0.11128, Training (Code) = 0.94471, Validation (Code) = 0.94267, Training (X) = 0.80834, Validation (X) = 0.80826, Training (Z) = 0.80611, Validation (Z) = 0.80781
Epoch 48: Loss = 0.11113, Training (Code) = 0.94556, Validation (Code) = 0.94592, Training (X) = 0.80825, Validation (X) = 0.8053, Training (Z) = 0.80635, Validation (Z) = 0.80636
Epoch 49: Loss = 0.11098, Training (Code) = 0.94408, Validation (Code) = 0.94317, Training (X) = 0.80691, Validation (X) = 0.80862, Training (Z) = 0.80711, Validation (Z) = 0.80668
Epoch 50: Loss = 0.11083, Training (Code) = 0.94592, Validation (Code) = 0.9455, Training (X) = 0.80784, Validation (X) = 0.8076, Training (Z) = 0.80484, Validation (Z) = 0.80213
Epoch 51: Loss = 0.11068, Training (Code) = 0.94744, Validation (Code) = 0.94958, Training (X) = 0.80856, Validation (X) = 0.80211, Training (Z) = 0.80663, Validation (Z) = 0.80176
Epoch 52: Loss = 0.11053, Training (Code) = 0.947, Validation (Code) = 0.94842, Training (X) = 0.80711, Validation (X) = 0.80248, Training (Z) = 0.80515, Validation (Z) = 0.80467
Epoch 53: Loss = 0.11039, Training (Code) = 0.94735, Validation (Code) = 0.94467, Training (X) = 0.80921, Validation (X) = 0.80496, Training (Z) = 0.80547, Validation (Z) = 0.80575
Epoch 54: Loss = 0.11025, Training (Code) = 0.94808, Validation (Code) = 0.945, Training (X) = 0.80768, Validation (X) = 0.80247, Training (Z) = 0.80643, Validation (Z) = 0.803
Epoch 55: Loss = 0.11011, Training (Code) = 0.94871, Validation (Code) = 0.95067, Training (X) = 0.80812, Validation (X) = 0.80312, Training (Z) = 0.80592, Validation (Z) = 0.80584
Epoch 56: Loss = 0.10998, Training (Code) = 0.9484, Validation (Code) = 0.94892, Training (X) = 0.80801, Validation (X) = 0.80311, Training (Z) = 0.80812, Validation (Z) = 0.80443
Epoch 57: Loss = 0.10986, Training (Code) = 0.9494, Validation (Code) = 0.94558, Training (X) = 0.80867, Validation (X) = 0.80559, Training (Z) = 0.80711, Validation (Z) = 0.80717
Epoch 58: Loss = 0.10973, Training (Code) = 0.94771, Validation (Code) = 0.95192, Training (X) = 0.80827, Validation (X) = 0.80303, Training (Z) = 0.80745, Validation (Z) = 0.80373
Epoch 59: Loss = 0.10962, Training (Code) = 0.94956, Validation (Code) = 0.95183, Training (X) = 0.80822, Validation (X) = 0.80721, Training (Z) = 0.80708, Validation (Z) = 0.80459
Epoch 60: Loss = 0.1095, Training (Code) = 0.94975, Validation (Code) = 0.94942, Training (X) = 0.80835, Validation (X) = 0.804, Training (Z) = 0.80703, Validation (Z) = 0.80137
Epoch 61: Loss = 0.1094, Training (Code) = 0.94896, Validation (Code) = 0.94975, Training (X) = 0.80955, Validation (X) = 0.8039, Training (Z) = 0.80676, Validation (Z) = 0.80469
Epoch 62: Loss = 0.10929, Training (Code) = 0.95052, Validation (Code) = 0.95, Training (X) = 0.8085, Validation (X) = 0.8064, Training (Z) = 0.80607, Validation (Z) = 0.80754
Epoch 63: Loss = 0.1092, Training (Code) = 0.9504, Validation (Code) = 0.95083, Training (X) = 0.80587, Validation (X) = 0.80044, Training (Z) = 0.80964, Validation (Z) = 0.80543
Epoch 64: Loss = 0.1091, Training (Code) = 0.95008, Validation (Code) = 0.94992, Training (X) = 0.80828, Validation (X) = 0.80858, Training (Z) = 0.80741, Validation (Z) = 0.80911
Epoch 65: Loss = 0.10901, Training (Code) = 0.95288, Validation (Code) = 0.95292, Training (X) = 0.80767, Validation (X) = 0.80481, Training (Z) = 0.80788, Validation (Z) = 0.80691
Epoch 66: Loss = 0.10893, Training (Code) = 0.95006, Validation (Code) = 0.95392, Training (X) = 0.80832, Validation (X) = 0.80563, Training (Z) = 0.80721, Validation (Z) = 0.80676
Epoch 67: Loss = 0.10884, Training (Code) = 0.95294, Validation (Code) = 0.94975, Training (X) = 0.80665, Validation (X) = 0.80512, Training (Z) = 0.80691, Validation (Z) = 0.80521
Epoch 68: Loss = 0.10876, Training (Code) = 0.95158, Validation (Code) = 0.95242, Training (X) = 0.80745, Validation (X) = 0.80304, Training (Z) = 0.80686, Validation (Z) = 0.80427
Epoch 69: Loss = 0.10869, Training (Code) = 0.95125, Validation (Code) = 0.95167, Training (X) = 0.80784, Validation (X) = 0.8056, Training (Z) = 0.80583, Validation (Z) = 0.80359
Epoch 70: Loss = 0.10862, Training (Code) = 0.95183, Validation (Code) = 0.95367, Training (X) = 0.80883, Validation (X) = 0.80505, Training (Z) = 0.80748, Validation (Z) = 0.804
Epoch 71: Loss = 0.10855, Training (Code) = 0.95177, Validation (Code) = 0.94917, Training (X) = 0.80946, Validation (X) = 0.80966, Training (Z) = 0.80849, Validation (Z) = 0.80658
Epoch 72: Loss = 0.10848, Training (Code) = 0.95219, Validation (Code) = 0.95375, Training (X) = 0.81076, Validation (X) = 0.80638, Training (Z) = 0.8067, Validation (Z) = 0.80559
Epoch 73: Loss = 0.10842, Training (Code) = 0.95212, Validation (Code) = 0.9535, Training (X) = 0.81005, Validation (X) = 0.80816, Training (Z) = 0.80749, Validation (Z) = 0.80738
Epoch 74: Loss = 0.10836, Training (Code) = 0.95181, Validation (Code) = 0.95292, Training (X) = 0.80813, Validation (X) = 0.8056, Training (Z) = 0.80747, Validation (Z) = 0.80289
Epoch 75: Loss = 0.1083, Training (Code) = 0.95229, Validation (Code) = 0.95358, Training (X) = 0.80847, Validation (X) = 0.80477, Training (Z) = 0.80704, Validation (Z) = 0.80521
Epoch 76: Loss = 0.10824, Training (Code) = 0.95269, Validation (Code) = 0.95308, Training (X) = 0.80721, Validation (X) = 0.80589, Training (Z) = 0.80715, Validation (Z) = 0.80441
Epoch 77: Loss = 0.10819, Training (Code) = 0.95275, Validation (Code) = 0.94967, Training (X) = 0.80989, Validation (X) = 0.8073, Training (Z) = 0.80937, Validation (Z) = 0.80607
Epoch 78: Loss = 0.10814, Training (Code) = 0.95152, Validation (Code) = 0.95175, Training (X) = 0.80941, Validation (X) = 0.80667, Training (Z) = 0.80735, Validation (Z) = 0.80369
Epoch 79: Loss = 0.10809, Training (Code) = 0.95154, Validation (Code) = 0.949, Training (X) = 0.80777, Validation (X) = 0.80453, Training (Z) = 0.80807, Validation (Z) = 0.80629
Epoch 80: Loss = 0.10804, Training (Code) = 0.95265, Validation (Code) = 0.95475, Training (X) = 0.81, Validation (X) = 0.80431, Training (Z) = 0.80766, Validation (Z) = 0.80196
Epoch 81: Loss = 0.10799, Training (Code) = 0.95317, Validation (Code) = 0.95408, Training (X) = 0.80737, Validation (X) = 0.80627, Training (Z) = 0.80842, Validation (Z) = 0.80339
Epoch 82: Loss = 0.10795, Training (Code) = 0.95433, Validation (Code) = 0.94992, Training (X) = 0.81043, Validation (X) = 0.80998, Training (Z) = 0.80639, Validation (Z) = 0.80226
Epoch 83: Loss = 0.1079, Training (Code) = 0.95202, Validation (Code) = 0.95225, Training (X) = 0.80826, Validation (X) = 0.80704, Training (Z) = 0.80839, Validation (Z) = 0.808
Epoch 84: Loss = 0.10786, Training (Code) = 0.95281, Validation (Code) = 0.95033, Training (X) = 0.8099, Validation (X) = 0.80665, Training (Z) = 0.80663, Validation (Z) = 0.80823
Epoch 85: Loss = 0.10782, Training (Code) = 0.95431, Validation (Code) = 0.95217, Training (X) = 0.80929, Validation (X) = 0.80588, Training (Z) = 0.80835, Validation (Z) = 0.80746
Epoch 86: Loss = 0.10779, Training (Code) = 0.95483, Validation (Code) = 0.95492, Training (X) = 0.80928, Validation (X) = 0.80906, Training (Z) = 0.80797, Validation (Z) = 0.80853
Epoch 87: Loss = 0.10775, Training (Code) = 0.95335, Validation (Code) = 0.9495, Training (X) = 0.80916, Validation (X) = 0.80665, Training (Z) = 0.80925, Validation (Z) = 0.80384
Epoch 88: Loss = 0.10772, Training (Code) = 0.95373, Validation (Code) = 0.95233, Training (X) = 0.80821, Validation (X) = 0.80303, Training (Z) = 0.80788, Validation (Z) = 0.80679
Epoch 89: Loss = 0.10769, Training (Code) = 0.95365, Validation (Code) = 0.95108, Training (X) = 0.80832, Validation (X) = 0.80584, Training (Z) = 0.80891, Validation (Z) = 0.80496
Epoch 90: Loss = 0.10766, Training (Code) = 0.95408, Validation (Code) = 0.95075, Training (X) = 0.80996, Validation (X) = 0.80726, Training (Z) = 0.80642, Validation (Z) = 0.80419
Epoch 91: Loss = 0.10763, Training (Code) = 0.95319, Validation (Code) = 0.952, Training (X) = 0.80902, Validation (X) = 0.80637, Training (Z) = 0.80762, Validation (Z) = 0.8041
Epoch 92: Loss = 0.10761, Training (Code) = 0.95452, Validation (Code) = 0.95317, Training (X) = 0.81079, Validation (X) = 0.80696, Training (Z) = 0.80717, Validation (Z) = 0.80512
Epoch 93: Loss = 0.10759, Training (Code) = 0.95362, Validation (Code) = 0.95058, Training (X) = 0.80991, Validation (X) = 0.8088, Training (Z) = 0.80817, Validation (Z) = 0.80582
Epoch 94: Loss = 0.10757, Training (Code) = 0.9534, Validation (Code) = 0.95108, Training (X) = 0.80965, Validation (X) = 0.80654, Training (Z) = 0.80631, Validation (Z) = 0.80697
Epoch 95: Loss = 0.10755, Training (Code) = 0.95404, Validation (Code) = 0.9565, Training (X) = 0.81032, Validation (X) = 0.80728, Training (Z) = 0.80773, Validation (Z) = 0.80589
Epoch 96: Loss = 0.10754, Training (Code) = 0.9535, Validation (Code) = 0.95283, Training (X) = 0.81035, Validation (X) = 0.80654, Training (Z) = 0.80663, Validation (Z) = 0.80462
Epoch 97: Loss = 0.10752, Training (Code) = 0.95479, Validation (Code) = 0.95275, Training (X) = 0.8089, Validation (X) = 0.79979, Training (Z) = 0.80807, Validation (Z) = 0.80679
Epoch 98: Loss = 0.10751, Training (Code) = 0.95519, Validation (Code) = 0.95292, Training (X) = 0.80957, Validation (X) = 0.80647, Training (Z) = 0.80763, Validation (Z) = 0.80621
Epoch 99: Loss = 0.1075, Training (Code) = 0.95533, Validation (Code) = 0.956, Training (X) = 0.80796, Validation (X) = 0.80335, Training (Z) = 0.80648, Validation (Z) = 0.80448
Epoch 100: Loss = 0.1075, Training (Code) = 0.95425, Validation (Code) = 0.95742, Training (X) = 0.80886, Validation (X) = 0.80834, Training (Z) = 0.80783, Validation (Z) = 0.8059
Epoch 101: Loss = 0.10749, Training (Code) = 0.95542, Validation (Code) = 0.95675, Training (X) = 0.80914, Validation (X) = 0.80498, Training (Z) = 0.80778, Validation (Z) = 0.80533
Epoch 102: Loss = 0.10749, Training (Code) = 0.95473, Validation (Code) = 0.954, Training (X) = 0.81136, Validation (X) = 0.80468, Training (Z) = 0.80754, Validation (Z) = 0.80477
Epoch 103: Loss = 0.10749, Training (Code) = 0.95481, Validation (Code) = 0.95483, Training (X) = 0.80836, Validation (X) = 0.80381, Training (Z) = 0.80888, Validation (Z) = 0.80477
Epoch 104: Loss = 0.10749, Training (Code) = 0.95444, Validation (Code) = 0.954, Training (X) = 0.81005, Validation (X) = 0.80669, Training (Z) = 0.80757, Validation (Z) = 0.80503
Epoch 105: Loss = 0.10749, Training (Code) = 0.95481, Validation (Code) = 0.95208, Training (X) = 0.81155, Validation (X) = 0.80709, Training (Z) = 0.80718, Validation (Z) = 0.80814
Epoch 106: Loss = 0.1075, Training (Code) = 0.95523, Validation (Code) = 0.95283, Training (X) = 0.81049, Validation (X) = 0.80873, Training (Z) = 0.80768, Validation (Z) = 0.80645
Epoch 107: Loss = 0.10751, Training (Code) = 0.9551, Validation (Code) = 0.95458, Training (X) = 0.80715, Validation (X) = 0.80742, Training (Z) = 0.80811, Validation (Z) = 0.80585
Epoch 108: Loss = 0.10751, Training (Code) = 0.954, Validation (Code) = 0.95633, Training (X) = 0.80981, Validation (X) = 0.80847, Training (Z) = 0.80866, Validation (Z) = 0.80455
Epoch 109: Loss = 0.10753, Training (Code) = 0.95481, Validation (Code) = 0.95275, Training (X) = 0.80928, Validation (X) = 0.81002, Training (Z) = 0.80906, Validation (Z) = 0.80915
Epoch 110: Loss = 0.10754, Training (Code) = 0.95404, Validation (Code) = 0.95375, Training (X) = 0.80998, Validation (X) = 0.80839, Training (Z) = 0.80677, Validation (Z) = 0.80769
Epoch 111: Loss = 0.10755, Training (Code) = 0.95602, Validation (Code) = 0.95458, Training (X) = 0.80965, Validation (X) = 0.80847, Training (Z) = 0.80895, Validation (Z) = 0.80428
Epoch 112: Loss = 0.10757, Training (Code) = 0.95331, Validation (Code) = 0.95117, Training (X) = 0.8095, Validation (X) = 0.81032, Training (Z) = 0.8081, Validation (Z) = 0.80524
Epoch 113: Loss = 0.10758, Training (Code) = 0.95429, Validation (Code) = 0.95592, Training (X) = 0.8109, Validation (X) = 0.80586, Training (Z) = 0.8093, Validation (Z) = 0.80996
Epoch 114: Loss = 0.1076, Training (Code) = 0.95508, Validation (Code) = 0.95617, Training (X) = 0.81073, Validation (X) = 0.80957, Training (Z) = 0.80839, Validation (Z) = 0.80486
Epoch 115: Loss = 0.10762, Training (Code) = 0.95517, Validation (Code) = 0.9575, Training (X) = 0.80965, Validation (X) = 0.80601, Training (Z) = 0.80793, Validation (Z) = 0.80444
Epoch 116: Loss = 0.10764, Training (Code) = 0.95513, Validation (Code) = 0.95317, Training (X) = 0.80962, Validation (X) = 0.80818, Training (Z) = 0.8079, Validation (Z) = 0.80722
Epoch 117: Loss = 0.10766, Training (Code) = 0.95494, Validation (Code) = 0.95458, Training (X) = 0.80998, Validation (X) = 0.80917, Training (Z) = 0.809, Validation (Z) = 0.80637
Epoch 118: Loss = 0.10768, Training (Code) = 0.95542, Validation (Code) = 0.95242, Training (X) = 0.81034, Validation (X) = 0.80593, Training (Z) = 0.80674, Validation (Z) = 0.80794
Epoch 119: Loss = 0.10771, Training (Code) = 0.95525, Validation (Code) = 0.95658, Training (X) = 0.80984, Validation (X) = 0.80643, Training (Z) = 0.80886, Validation (Z) = 0.80686
Epoch 120: Loss = 0.10773, Training (Code) = 0.95454, Validation (Code) = 0.95583, Training (X) = 0.80999, Validation (X) = 0.80462, Training (Z) = 0.80828, Validation (Z) = 0.80628
Epoch 121: Loss = 0.10775, Training (Code) = 0.95519, Validation (Code) = 0.95583, Training (X) = 0.81029, Validation (X) = 0.80697, Training (Z) = 0.80933, Validation (Z) = 0.80584
Epoch 122: Loss = 0.10778, Training (Code) = 0.95521, Validation (Code) = 0.95633, Training (X) = 0.80899, Validation (X) = 0.80437, Training (Z) = 0.80805, Validation (Z) = 0.80542
Epoch 123: Loss = 0.1078, Training (Code) = 0.95527, Validation (Code) = 0.95525, Training (X) = 0.81207, Validation (X) = 0.80904, Training (Z) = 0.80782, Validation (Z) = 0.80511
Epoch 124: Loss = 0.10783, Training (Code) = 0.95498, Validation (Code) = 0.95408, Training (X) = 0.80986, Validation (X) = 0.80583, Training (Z) = 0.80765, Validation (Z) = 0.80907
Epoch 125: Loss = 0.10786, Training (Code) = 0.95592, Validation (Code) = 0.95608, Training (X) = 0.81107, Validation (X) = 0.81208, Training (Z) = 0.80974, Validation (Z) = 0.80485
Epoch 126: Loss = 0.10788, Training (Code) = 0.95485, Validation (Code) = 0.95675, Training (X) = 0.81125, Validation (X) = 0.80585, Training (Z) = 0.80684, Validation (Z) = 0.80725
Epoch 127: Loss = 0.10791, Training (Code) = 0.95654, Validation (Code) = 0.95525, Training (X) = 0.80853, Validation (X) = 0.80738, Training (Z) = 0.80818, Validation (Z) = 0.80817
Epoch 128: Loss = 0.10794, Training (Code) = 0.95679, Validation (Code) = 0.95308, Training (X) = 0.80982, Validation (X) = 0.80659, Training (Z) = 0.80858, Validation (Z) = 0.80729
Epoch 129: Loss = 0.10797, Training (Code) = 0.95446, Validation (Code) = 0.95508, Training (X) = 0.81071, Validation (X) = 0.80708, Training (Z) = 0.80997, Validation (Z) = 0.807
Epoch 130: Loss = 0.108, Training (Code) = 0.95669, Validation (Code) = 0.95625, Training (X) = 0.80935, Validation (X) = 0.80575, Training (Z) = 0.80745, Validation (Z) = 0.80627
Epoch 131: Loss = 0.10802, Training (Code) = 0.95633, Validation (Code) = 0.957, Training (X) = 0.80943, Validation (X) = 0.80791, Training (Z) = 0.80904, Validation (Z) = 0.8066
Epoch 132: Loss = 0.10805, Training (Code) = 0.95388, Validation (Code) = 0.9525, Training (X) = 0.81016, Validation (X) = 0.80805, Training (Z) = 0.80848, Validation (Z) = 0.81111
Epoch 133: Loss = 0.10808, Training (Code) = 0.95442, Validation (Code) = 0.95858, Training (X) = 0.80915, Validation (X) = 0.80805, Training (Z) = 0.80905, Validation (Z) = 0.8037
Epoch 134: Loss = 0.10811, Training (Code) = 0.95583, Validation (Code) = 0.95683, Training (X) = 0.81007, Validation (X) = 0.807, Training (Z) = 0.80741, Validation (Z) = 0.80988
Epoch 135: Loss = 0.10814, Training (Code) = 0.95456, Validation (Code) = 0.95567, Training (X) = 0.80829, Validation (X) = 0.80616, Training (Z) = 0.80737, Validation (Z) = 0.80651
Epoch 136: Loss = 0.10816, Training (Code) = 0.95637, Validation (Code) = 0.95583, Training (X) = 0.81022, Validation (X) = 0.80654, Training (Z) = 0.80859, Validation (Z) = 0.80628
Epoch 137: Loss = 0.10819, Training (Code) = 0.95537, Validation (Code) = 0.956, Training (X) = 0.81096, Validation (X) = 0.80718, Training (Z) = 0.80876, Validation (Z) = 0.80404
Epoch 138: Loss = 0.10822, Training (Code) = 0.95546, Validation (Code) = 0.95658, Training (X) = 0.80997, Validation (X) = 0.80565, Training (Z) = 0.80718, Validation (Z) = 0.8093
Epoch 139: Loss = 0.10825, Training (Code) = 0.95758, Validation (Code) = 0.95708, Training (X) = 0.81007, Validation (X) = 0.80322, Training (Z) = 0.80915, Validation (Z) = 0.80853
Epoch 140: Loss = 0.10828, Training (Code) = 0.9561, Validation (Code) = 0.95633, Training (X) = 0.81091, Validation (X) = 0.8096, Training (Z) = 0.80851, Validation (Z) = 0.80864
Epoch 141: Loss = 0.1083, Training (Code) = 0.95765, Validation (Code) = 0.95467, Training (X) = 0.81213, Validation (X) = 0.80875, Training (Z) = 0.80732, Validation (Z) = 0.80709
Epoch 142: Loss = 0.10833, Training (Code) = 0.95719, Validation (Code) = 0.95608, Training (X) = 0.81064, Validation (X) = 0.80964, Training (Z) = 0.80784, Validation (Z) = 0.80746
Epoch 143: Loss = 0.10836, Training (Code) = 0.95642, Validation (Code) = 0.95617, Training (X) = 0.81249, Validation (X) = 0.80669, Training (Z) = 0.80775, Validation (Z) = 0.80774
Epoch 144: Loss = 0.10839, Training (Code) = 0.95575, Validation (Code) = 0.95425, Training (X) = 0.81084, Validation (X) = 0.81102, Training (Z) = 0.80811, Validation (Z) = 0.80796
Epoch 145: Loss = 0.10841, Training (Code) = 0.957, Validation (Code) = 0.95325, Training (X) = 0.81191, Validation (X) = 0.81047, Training (Z) = 0.80847, Validation (Z) = 0.80907
Epoch 146: Loss = 0.10844, Training (Code) = 0.95688, Validation (Code) = 0.955, Training (X) = 0.81091, Validation (X) = 0.80777, Training (Z) = 0.80784, Validation (Z) = 0.80489
Epoch 147: Loss = 0.10847, Training (Code) = 0.9566, Validation (Code) = 0.954, Training (X) = 0.8119, Validation (X) = 0.80687, Training (Z) = 0.8072, Validation (Z) = 0.8039
Epoch 148: Loss = 0.10849, Training (Code) = 0.95825, Validation (Code) = 0.95533, Training (X) = 0.80935, Validation (X) = 0.80993, Training (Z) = 0.80761, Validation (Z) = 0.80775
Epoch 149: Loss = 0.10852, Training (Code) = 0.95667, Validation (Code) = 0.95492, Training (X) = 0.81006, Validation (X) = 0.80923, Training (Z) = 0.80878, Validation (Z) = 0.80391
Epoch 150: Loss = 0.10854, Training (Code) = 0.9571, Validation (Code) = 0.953, Training (X) = 0.81078, Validation (X) = 0.80867, Training (Z) = 0.80804, Validation (Z) = 0.80964
Epoch 151: Loss = 0.10857, Training (Code) = 0.9561, Validation (Code) = 0.95358, Training (X) = 0.81036, Validation (X) = 0.80783, Training (Z) = 0.80779, Validation (Z) = 0.80879
Epoch 152: Loss = 0.1086, Training (Code) = 0.95667, Validation (Code) = 0.95517, Training (X) = 0.81124, Validation (X) = 0.81173, Training (Z) = 0.80673, Validation (Z) = 0.80824
Epoch 153: Loss = 0.10862, Training (Code) = 0.95665, Validation (Code) = 0.95475, Training (X) = 0.81062, Validation (X) = 0.8092, Training (Z) = 0.80875, Validation (Z) = 0.80466
Epoch 154: Loss = 0.10864, Training (Code) = 0.95692, Validation (Code) = 0.95675, Training (X) = 0.81122, Validation (X) = 0.80742, Training (Z) = 0.80637, Validation (Z) = 0.80803
Epoch 155: Loss = 0.10867, Training (Code) = 0.95769, Validation (Code) = 0.95617, Training (X) = 0.81015, Validation (X) = 0.81149, Training (Z) = 0.80831, Validation (Z) = 0.80356
Epoch 156: Loss = 0.10869, Training (Code) = 0.95704, Validation (Code) = 0.95667, Training (X) = 0.8087, Validation (X) = 0.80784, Training (Z) = 0.80892, Validation (Z) = 0.80566
Epoch 157: Loss = 0.10872, Training (Code) = 0.95523, Validation (Code) = 0.955, Training (X) = 0.81215, Validation (X) = 0.8082, Training (Z) = 0.80844, Validation (Z) = 0.80785
Epoch 158: Loss = 0.10874, Training (Code) = 0.95744, Validation (Code) = 0.95725, Training (X) = 0.81163, Validation (X) = 0.80439, Training (Z) = 0.80847, Validation (Z) = 0.80665
Epoch 159: Loss = 0.10876, Training (Code) = 0.958, Validation (Code) = 0.958, Training (X) = 0.81091, Validation (X) = 0.80689, Training (Z) = 0.80795, Validation (Z) = 0.80576
Epoch 160: Loss = 0.10878, Training (Code) = 0.95713, Validation (Code) = 0.95817, Training (X) = 0.81078, Validation (X) = 0.81023, Training (Z) = 0.8083, Validation (Z) = 0.8084
Epoch 161: Loss = 0.10881, Training (Code) = 0.95944, Validation (Code) = 0.95642, Training (X) = 0.81146, Validation (X) = 0.8104, Training (Z) = 0.808, Validation (Z) = 0.80901
Epoch 162: Loss = 0.10883, Training (Code) = 0.95633, Validation (Code) = 0.95658, Training (X) = 0.81285, Validation (X) = 0.80808, Training (Z) = 0.80962, Validation (Z) = 0.80599
Epoch 163: Loss = 0.10885, Training (Code) = 0.95619, Validation (Code) = 0.95808, Training (X) = 0.81193, Validation (X) = 0.80934, Training (Z) = 0.8096, Validation (Z) = 0.80934
Epoch 164: Loss = 0.10887, Training (Code) = 0.95765, Validation (Code) = 0.95733, Training (X) = 0.80814, Validation (X) = 0.80832, Training (Z) = 0.80756, Validation (Z) = 0.80823
Epoch 165: Loss = 0.10889, Training (Code) = 0.95713, Validation (Code) = 0.95608, Training (X) = 0.8103, Validation (X) = 0.80598, Training (Z) = 0.80789, Validation (Z) = 0.8072
Epoch 166: Loss = 0.1089, Training (Code) = 0.95723, Validation (Code) = 0.95533, Training (X) = 0.81252, Validation (X) = 0.80897, Training (Z) = 0.80952, Validation (Z) = 0.80766
Epoch 167: Loss = 0.10892, Training (Code) = 0.95717, Validation (Code) = 0.95408, Training (X) = 0.81097, Validation (X) = 0.80645, Training (Z) = 0.80694, Validation (Z) = 0.80409
Epoch 168: Loss = 0.10894, Training (Code) = 0.95692, Validation (Code) = 0.95725, Training (X) = 0.8085, Validation (X) = 0.80804, Training (Z) = 0.80865, Validation (Z) = 0.80587
Epoch 169: Loss = 0.10896, Training (Code) = 0.9579, Validation (Code) = 0.95567, Training (X) = 0.81096, Validation (X) = 0.80834, Training (Z) = 0.80672, Validation (Z) = 0.8072
Epoch 170: Loss = 0.10897, Training (Code) = 0.95673, Validation (Code) = 0.958, Training (X) = 0.81225, Validation (X) = 0.80654, Training (Z) = 0.80866, Validation (Z) = 0.80585
Epoch 171: Loss = 0.10899, Training (Code) = 0.95769, Validation (Code) = 0.959, Training (X) = 0.81007, Validation (X) = 0.80648, Training (Z) = 0.80885, Validation (Z) = 0.80501
Epoch 172: Loss = 0.109, Training (Code) = 0.95646, Validation (Code) = 0.95858, Training (X) = 0.81124, Validation (X) = 0.80518, Training (Z) = 0.80897, Validation (Z) = 0.80883
Epoch 173: Loss = 0.10901, Training (Code) = 0.95831, Validation (Code) = 0.95617, Training (X) = 0.81141, Validation (X) = 0.80783, Training (Z) = 0.80865, Validation (Z) = 0.80626
Epoch 174: Loss = 0.10903, Training (Code) = 0.95819, Validation (Code) = 0.95525, Training (X) = 0.80943, Validation (X) = 0.81, Training (Z) = 0.80945, Validation (Z) = 0.80502
Epoch 175: Loss = 0.10904, Training (Code) = 0.95671, Validation (Code) = 0.9555, Training (X) = 0.81138, Validation (X) = 0.80761, Training (Z) = 0.80946, Validation (Z) = 0.80926
Epoch 176: Loss = 0.10905, Training (Code) = 0.9569, Validation (Code) = 0.95683, Training (X) = 0.81135, Validation (X) = 0.80604, Training (Z) = 0.80793, Validation (Z) = 0.80543
Epoch 177: Loss = 0.10906, Training (Code) = 0.95735, Validation (Code) = 0.95667, Training (X) = 0.8112, Validation (X) = 0.80828, Training (Z) = 0.80865, Validation (Z) = 0.80427
Epoch 178: Loss = 0.10907, Training (Code) = 0.95781, Validation (Code) = 0.95725, Training (X) = 0.81214, Validation (X) = 0.81022, Training (Z) = 0.80853, Validation (Z) = 0.80674
Epoch 179: Loss = 0.10908, Training (Code) = 0.95773, Validation (Code) = 0.95733, Training (X) = 0.81073, Validation (X) = 0.80937, Training (Z) = 0.80884, Validation (Z) = 0.80641
Epoch 180: Loss = 0.10909, Training (Code) = 0.95837, Validation (Code) = 0.95658, Training (X) = 0.80988, Validation (X) = 0.81253, Training (Z) = 0.80725, Validation (Z) = 0.80695
Epoch 181: Loss = 0.10909, Training (Code) = 0.95802, Validation (Code) = 0.95317, Training (X) = 0.81137, Validation (X) = 0.80783, Training (Z) = 0.8077, Validation (Z) = 0.81212
Epoch 182: Loss = 0.1091, Training (Code) = 0.95698, Validation (Code) = 0.95783, Training (X) = 0.81034, Validation (X) = 0.81025, Training (Z) = 0.8091, Validation (Z) = 0.80746
Epoch 183: Loss = 0.1091, Training (Code) = 0.95642, Validation (Code) = 0.9535, Training (X) = 0.81219, Validation (X) = 0.80965, Training (Z) = 0.8079, Validation (Z) = 0.8051
Epoch 184: Loss = 0.10911, Training (Code) = 0.95654, Validation (Code) = 0.95558, Training (X) = 0.81032, Validation (X) = 0.80762, Training (Z) = 0.80869, Validation (Z) = 0.80771
Epoch 185: Loss = 0.10911, Training (Code) = 0.95702, Validation (Code) = 0.95925, Training (X) = 0.81081, Validation (X) = 0.80619, Training (Z) = 0.80785, Validation (Z) = 0.80679
Epoch 186: Loss = 0.10912, Training (Code) = 0.95804, Validation (Code) = 0.959, Training (X) = 0.80912, Validation (X) = 0.80961, Training (Z) = 0.8077, Validation (Z) = 0.80648
Epoch 187: Loss = 0.10912, Training (Code) = 0.95731, Validation (Code) = 0.95675, Training (X) = 0.81191, Validation (X) = 0.80847, Training (Z) = 0.8093, Validation (Z) = 0.8062
Epoch 188: Loss = 0.10912, Training (Code) = 0.95813, Validation (Code) = 0.95817, Training (X) = 0.81124, Validation (X) = 0.80892, Training (Z) = 0.80826, Validation (Z) = 0.80649
Epoch 189: Loss = 0.10912, Training (Code) = 0.95723, Validation (Code) = 0.95942, Training (X) = 0.81204, Validation (X) = 0.80787, Training (Z) = 0.80911, Validation (Z) = 0.80379
Epoch 190: Loss = 0.10912, Training (Code) = 0.95673, Validation (Code) = 0.9545, Training (X) = 0.8114, Validation (X) = 0.80644, Training (Z) = 0.80905, Validation (Z) = 0.81081
Epoch 191: Loss = 0.10912, Training (Code) = 0.95752, Validation (Code) = 0.95525, Training (X) = 0.81017, Validation (X) = 0.81052, Training (Z) = 0.80816, Validation (Z) = 0.80485
Epoch 192: Loss = 0.10912, Training (Code) = 0.95729, Validation (Code) = 0.95483, Training (X) = 0.8101, Validation (X) = 0.80546, Training (Z) = 0.80773, Validation (Z) = 0.81079
Epoch 193: Loss = 0.10912, Training (Code) = 0.95704, Validation (Code) = 0.95342, Training (X) = 0.81072, Validation (X) = 0.80745, Training (Z) = 0.80807, Validation (Z) = 0.80858
Epoch 194: Loss = 0.10911, Training (Code) = 0.95685, Validation (Code) = 0.95767, Training (X) = 0.8104, Validation (X) = 0.80569, Training (Z) = 0.80823, Validation (Z) = 0.80282
Epoch 195: Loss = 0.10911, Training (Code) = 0.95681, Validation (Code) = 0.95592, Training (X) = 0.81105, Validation (X) = 0.80429, Training (Z) = 0.80904, Validation (Z) = 0.80228
Epoch 196: Loss = 0.1091, Training (Code) = 0.95627, Validation (Code) = 0.95883, Training (X) = 0.81164, Validation (X) = 0.80714, Training (Z) = 0.81031, Validation (Z) = 0.80601
Epoch 197: Loss = 0.1091, Training (Code) = 0.95654, Validation (Code) = 0.957, Training (X) = 0.81089, Validation (X) = 0.80886, Training (Z) = 0.80906, Validation (Z) = 0.80503
Epoch 198: Loss = 0.10909, Training (Code) = 0.95858, Validation (Code) = 0.95667, Training (X) = 0.81059, Validation (X) = 0.80793, Training (Z) = 0.80738, Validation (Z) = 0.80357
Epoch 199: Loss = 0.10908, Training (Code) = 0.95762, Validation (Code) = 0.95633, Training (X) = 0.81208, Validation (X) = 0.81065, Training (Z) = 0.80912, Validation (Z) = 0.80603
Epoch 200: Loss = 0.10908, Training (Code) = 0.95756, Validation (Code) = 0.95817, Training (X) = 0.81228, Validation (X) = 0.80631, Training (Z) = 0.8058, Validation (Z) = 0.80623
