==========================================
SLURM_JOB_ID = 6161520
SLURM_JOB_NODELIST = e16-12
TMPDIR = /tmp/SLURM_6161520
==========================================
10_11_11_12_19_617 [6, 40, 40, 40, 40, 14] [Tanh(), Tanh(), Tanh(), Tanh(), Tanh(), Sigmoid()] 200 5e-05 5
Epoch 1: Loss = 0.37707, Training (Code) = 0.40775, Validation (Code) = 0.399, Training (X) = 0.95611, Validation (X) = 0.95008, Training (Z) = 0.95294, Validation (Z) = 0.94967
Epoch 2: Loss = 0.31952, Training (Code) = 0.45104, Validation (Code) = 0.44667, Training (X) = 0.95127, Validation (X) = 0.95075, Training (Z) = 0.94873, Validation (Z) = 0.94907
Epoch 3: Loss = 0.282, Training (Code) = 0.48677, Validation (Code) = 0.4845, Training (X) = 0.94607, Validation (X) = 0.94014, Training (Z) = 0.9471, Validation (Z) = 0.94083
Epoch 4: Loss = 0.26304, Training (Code) = 0.51517, Validation (Code) = 0.50217, Training (X) = 0.94201, Validation (X) = 0.94374, Training (Z) = 0.94076, Validation (Z) = 0.9454
Epoch 5: Loss = 0.25282, Training (Code) = 0.53542, Validation (Code) = 0.52758, Training (X) = 0.94043, Validation (X) = 0.93682, Training (Z) = 0.9384, Validation (Z) = 0.93761
Epoch 6: Loss = 0.24724, Training (Code) = 0.54696, Validation (Code) = 0.53642, Training (X) = 0.93719, Validation (X) = 0.93304, Training (Z) = 0.93803, Validation (Z) = 0.94174
Epoch 7: Loss = 0.24423, Training (Code) = 0.55573, Validation (Code) = 0.55083, Training (X) = 0.93886, Validation (X) = 0.93631, Training (Z) = 0.93485, Validation (Z) = 0.9351
Epoch 8: Loss = 0.24253, Training (Code) = 0.56204, Validation (Code) = 0.56225, Training (X) = 0.93521, Validation (X) = 0.93731, Training (Z) = 0.93739, Validation (Z) = 0.93597
Epoch 9: Loss = 0.24145, Training (Code) = 0.56531, Validation (Code) = 0.55733, Training (X) = 0.93735, Validation (X) = 0.9372, Training (Z) = 0.93543, Validation (Z) = 0.9378
Epoch 10: Loss = 0.24063, Training (Code) = 0.5749, Validation (Code) = 0.56842, Training (X) = 0.9355, Validation (X) = 0.93549, Training (Z) = 0.93695, Validation (Z) = 0.93241
Epoch 11: Loss = 0.23988, Training (Code) = 0.57477, Validation (Code) = 0.57117, Training (X) = 0.93458, Validation (X) = 0.93741, Training (Z) = 0.9353, Validation (Z) = 0.9358
Epoch 12: Loss = 0.23907, Training (Code) = 0.58142, Validation (Code) = 0.57242, Training (X) = 0.93797, Validation (X) = 0.93594, Training (Z) = 0.93468, Validation (Z) = 0.93449
Epoch 13: Loss = 0.23811, Training (Code) = 0.58392, Validation (Code) = 0.57942, Training (X) = 0.93428, Validation (X) = 0.93514, Training (Z) = 0.93417, Validation (Z) = 0.93053
Epoch 14: Loss = 0.23701, Training (Code) = 0.58717, Validation (Code) = 0.57625, Training (X) = 0.93404, Validation (X) = 0.93377, Training (Z) = 0.93294, Validation (Z) = 0.9368
Epoch 15: Loss = 0.23585, Training (Code) = 0.5896, Validation (Code) = 0.58967, Training (X) = 0.93354, Validation (X) = 0.93428, Training (Z) = 0.93506, Validation (Z) = 0.93202
Epoch 16: Loss = 0.23468, Training (Code) = 0.59281, Validation (Code) = 0.59125, Training (X) = 0.93428, Validation (X) = 0.93108, Training (Z) = 0.93133, Validation (Z) = 0.92981
Epoch 17: Loss = 0.23355, Training (Code) = 0.59504, Validation (Code) = 0.59375, Training (X) = 0.93232, Validation (X) = 0.93221, Training (Z) = 0.93222, Validation (Z) = 0.93319
Epoch 18: Loss = 0.23245, Training (Code) = 0.59902, Validation (Code) = 0.59383, Training (X) = 0.93322, Validation (X) = 0.93124, Training (Z) = 0.93288, Validation (Z) = 0.9332
Epoch 19: Loss = 0.23139, Training (Code) = 0.60148, Validation (Code) = 0.59633, Training (X) = 0.93357, Validation (X) = 0.9325, Training (Z) = 0.93274, Validation (Z) = 0.93167
Epoch 20: Loss = 0.23034, Training (Code) = 0.60273, Validation (Code) = 0.59825, Training (X) = 0.93388, Validation (X) = 0.9252, Training (Z) = 0.93256, Validation (Z) = 0.93383
Epoch 21: Loss = 0.22932, Training (Code) = 0.60388, Validation (Code) = 0.60108, Training (X) = 0.93059, Validation (X) = 0.93387, Training (Z) = 0.932, Validation (Z) = 0.93137
Epoch 22: Loss = 0.2283, Training (Code) = 0.607, Validation (Code) = 0.59958, Training (X) = 0.93383, Validation (X) = 0.93051, Training (Z) = 0.93036, Validation (Z) = 0.9294
Epoch 23: Loss = 0.22729, Training (Code) = 0.60796, Validation (Code) = 0.59783, Training (X) = 0.93352, Validation (X) = 0.93016, Training (Z) = 0.93386, Validation (Z) = 0.93351
Epoch 24: Loss = 0.22628, Training (Code) = 0.60987, Validation (Code) = 0.60458, Training (X) = 0.93247, Validation (X) = 0.9315, Training (Z) = 0.93072, Validation (Z) = 0.92943
Epoch 25: Loss = 0.22529, Training (Code) = 0.61269, Validation (Code) = 0.60567, Training (X) = 0.9306, Validation (X) = 0.92639, Training (Z) = 0.93108, Validation (Z) = 0.92653
Epoch 26: Loss = 0.22432, Training (Code) = 0.61298, Validation (Code) = 0.60317, Training (X) = 0.9322, Validation (X) = 0.9276, Training (Z) = 0.93175, Validation (Z) = 0.92774
Epoch 27: Loss = 0.22336, Training (Code) = 0.61479, Validation (Code) = 0.60758, Training (X) = 0.93263, Validation (X) = 0.92552, Training (Z) = 0.93165, Validation (Z) = 0.92758
Epoch 28: Loss = 0.22242, Training (Code) = 0.61404, Validation (Code) = 0.61975, Training (X) = 0.9313, Validation (X) = 0.93035, Training (Z) = 0.9313, Validation (Z) = 0.92779
Epoch 29: Loss = 0.22151, Training (Code) = 0.61525, Validation (Code) = 0.60992, Training (X) = 0.93265, Validation (X) = 0.92977, Training (Z) = 0.93065, Validation (Z) = 0.92936
Epoch 30: Loss = 0.22062, Training (Code) = 0.61473, Validation (Code) = 0.61058, Training (X) = 0.93134, Validation (X) = 0.93258, Training (Z) = 0.93019, Validation (Z) = 0.92917
Epoch 31: Loss = 0.21975, Training (Code) = 0.61813, Validation (Code) = 0.60958, Training (X) = 0.93104, Validation (X) = 0.93178, Training (Z) = 0.93259, Validation (Z) = 0.927
Epoch 32: Loss = 0.21892, Training (Code) = 0.6205, Validation (Code) = 0.62067, Training (X) = 0.93026, Validation (X) = 0.93153, Training (Z) = 0.92791, Validation (Z) = 0.93099
Epoch 33: Loss = 0.21811, Training (Code) = 0.62206, Validation (Code) = 0.61792, Training (X) = 0.93134, Validation (X) = 0.92974, Training (Z) = 0.92866, Validation (Z) = 0.92664
Epoch 34: Loss = 0.21733, Training (Code) = 0.6221, Validation (Code) = 0.6135, Training (X) = 0.93148, Validation (X) = 0.93507, Training (Z) = 0.93031, Validation (Z) = 0.9291
Epoch 35: Loss = 0.21658, Training (Code) = 0.62056, Validation (Code) = 0.61625, Training (X) = 0.93, Validation (X) = 0.93252, Training (Z) = 0.93151, Validation (Z) = 0.93009
Epoch 36: Loss = 0.21586, Training (Code) = 0.62244, Validation (Code) = 0.6135, Training (X) = 0.93145, Validation (X) = 0.93113, Training (Z) = 0.92995, Validation (Z) = 0.92719
Epoch 37: Loss = 0.21517, Training (Code) = 0.62348, Validation (Code) = 0.621, Training (X) = 0.93093, Validation (X) = 0.93022, Training (Z) = 0.92849, Validation (Z) = 0.92445
Epoch 38: Loss = 0.21451, Training (Code) = 0.62267, Validation (Code) = 0.61533, Training (X) = 0.93185, Validation (X) = 0.93229, Training (Z) = 0.93054, Validation (Z) = 0.92768
Epoch 39: Loss = 0.21387, Training (Code) = 0.62256, Validation (Code) = 0.62183, Training (X) = 0.93093, Validation (X) = 0.92924, Training (Z) = 0.92906, Validation (Z) = 0.92656
Epoch 40: Loss = 0.21327, Training (Code) = 0.62604, Validation (Code) = 0.61658, Training (X) = 0.93218, Validation (X) = 0.93161, Training (Z) = 0.92992, Validation (Z) = 0.93445
Epoch 41: Loss = 0.2127, Training (Code) = 0.62325, Validation (Code) = 0.62358, Training (X) = 0.93131, Validation (X) = 0.92864, Training (Z) = 0.92977, Validation (Z) = 0.92824
Epoch 42: Loss = 0.21215, Training (Code) = 0.62438, Validation (Code) = 0.62117, Training (X) = 0.93076, Validation (X) = 0.93252, Training (Z) = 0.93086, Validation (Z) = 0.93467
Epoch 43: Loss = 0.21163, Training (Code) = 0.62115, Validation (Code) = 0.62308, Training (X) = 0.93245, Validation (X) = 0.92631, Training (Z) = 0.9299, Validation (Z) = 0.92604
Epoch 44: Loss = 0.21113, Training (Code) = 0.6246, Validation (Code) = 0.62317, Training (X) = 0.93409, Validation (X) = 0.9302, Training (Z) = 0.93029, Validation (Z) = 0.92966
Epoch 45: Loss = 0.21066, Training (Code) = 0.62671, Validation (Code) = 0.62417, Training (X) = 0.93169, Validation (X) = 0.92777, Training (Z) = 0.93049, Validation (Z) = 0.92911
Epoch 46: Loss = 0.21021, Training (Code) = 0.6291, Validation (Code) = 0.62375, Training (X) = 0.92963, Validation (X) = 0.92999, Training (Z) = 0.92986, Validation (Z) = 0.92625
Epoch 47: Loss = 0.20978, Training (Code) = 0.62923, Validation (Code) = 0.62575, Training (X) = 0.93044, Validation (X) = 0.92742, Training (Z) = 0.92918, Validation (Z) = 0.92995
Epoch 48: Loss = 0.20938, Training (Code) = 0.62721, Validation (Code) = 0.62683, Training (X) = 0.93154, Validation (X) = 0.9322, Training (Z) = 0.93065, Validation (Z) = 0.92874
Epoch 49: Loss = 0.20899, Training (Code) = 0.62802, Validation (Code) = 0.6175, Training (X) = 0.93186, Validation (X) = 0.93266, Training (Z) = 0.92924, Validation (Z) = 0.92996
Epoch 50: Loss = 0.20863, Training (Code) = 0.62717, Validation (Code) = 0.61992, Training (X) = 0.92944, Validation (X) = 0.92916, Training (Z) = 0.92798, Validation (Z) = 0.93225
Epoch 51: Loss = 0.20828, Training (Code) = 0.62835, Validation (Code) = 0.62525, Training (X) = 0.93153, Validation (X) = 0.9263, Training (Z) = 0.92809, Validation (Z) = 0.9283
Epoch 52: Loss = 0.20795, Training (Code) = 0.62969, Validation (Code) = 0.6255, Training (X) = 0.93194, Validation (X) = 0.92966, Training (Z) = 0.92824, Validation (Z) = 0.92686
Epoch 53: Loss = 0.20763, Training (Code) = 0.62771, Validation (Code) = 0.62925, Training (X) = 0.93093, Validation (X) = 0.93047, Training (Z) = 0.93087, Validation (Z) = 0.92835
Epoch 54: Loss = 0.20734, Training (Code) = 0.62875, Validation (Code) = 0.62817, Training (X) = 0.93188, Validation (X) = 0.92677, Training (Z) = 0.92969, Validation (Z) = 0.92796
Epoch 55: Loss = 0.20705, Training (Code) = 0.63165, Validation (Code) = 0.62367, Training (X) = 0.93143, Validation (X) = 0.92838, Training (Z) = 0.92872, Validation (Z) = 0.92811
Epoch 56: Loss = 0.20678, Training (Code) = 0.6276, Validation (Code) = 0.62375, Training (X) = 0.93255, Validation (X) = 0.92986, Training (Z) = 0.93102, Validation (Z) = 0.92692
Epoch 57: Loss = 0.20653, Training (Code) = 0.6325, Validation (Code) = 0.6215, Training (X) = 0.93083, Validation (X) = 0.93054, Training (Z) = 0.92688, Validation (Z) = 0.92599
Epoch 58: Loss = 0.20628, Training (Code) = 0.62985, Validation (Code) = 0.62642, Training (X) = 0.92849, Validation (X) = 0.92949, Training (Z) = 0.92955, Validation (Z) = 0.92856
Epoch 59: Loss = 0.20605, Training (Code) = 0.62927, Validation (Code) = 0.62175, Training (X) = 0.93064, Validation (X) = 0.93419, Training (Z) = 0.92935, Validation (Z) = 0.93111
Epoch 60: Loss = 0.20583, Training (Code) = 0.63115, Validation (Code) = 0.62842, Training (X) = 0.93009, Validation (X) = 0.92574, Training (Z) = 0.92946, Validation (Z) = 0.93051
Epoch 61: Loss = 0.20561, Training (Code) = 0.63071, Validation (Code) = 0.62708, Training (X) = 0.93047, Validation (X) = 0.92877, Training (Z) = 0.92984, Validation (Z) = 0.92771
Epoch 62: Loss = 0.20541, Training (Code) = 0.63077, Validation (Code) = 0.62283, Training (X) = 0.93275, Validation (X) = 0.93123, Training (Z) = 0.92906, Validation (Z) = 0.92895
Epoch 63: Loss = 0.20522, Training (Code) = 0.63196, Validation (Code) = 0.63125, Training (X) = 0.9307, Validation (X) = 0.92924, Training (Z) = 0.92892, Validation (Z) = 0.927
Epoch 64: Loss = 0.20503, Training (Code) = 0.63021, Validation (Code) = 0.62833, Training (X) = 0.93124, Validation (X) = 0.9305, Training (Z) = 0.9324, Validation (Z) = 0.92958
Epoch 65: Loss = 0.20486, Training (Code) = 0.63027, Validation (Code) = 0.62683, Training (X) = 0.93154, Validation (X) = 0.92914, Training (Z) = 0.93151, Validation (Z) = 0.93034
Epoch 66: Loss = 0.20469, Training (Code) = 0.63029, Validation (Code) = 0.6315, Training (X) = 0.93184, Validation (X) = 0.92821, Training (Z) = 0.93022, Validation (Z) = 0.93138
Epoch 67: Loss = 0.20453, Training (Code) = 0.63192, Validation (Code) = 0.628, Training (X) = 0.93123, Validation (X) = 0.92941, Training (Z) = 0.9311, Validation (Z) = 0.92848
Epoch 68: Loss = 0.20437, Training (Code) = 0.63071, Validation (Code) = 0.62317, Training (X) = 0.92961, Validation (X) = 0.92846, Training (Z) = 0.9304, Validation (Z) = 0.92913
Epoch 69: Loss = 0.20422, Training (Code) = 0.63167, Validation (Code) = 0.62858, Training (X) = 0.93064, Validation (X) = 0.93292, Training (Z) = 0.92909, Validation (Z) = 0.9251
Epoch 70: Loss = 0.20408, Training (Code) = 0.62969, Validation (Code) = 0.63575, Training (X) = 0.93214, Validation (X) = 0.92974, Training (Z) = 0.92923, Validation (Z) = 0.92764
Epoch 71: Loss = 0.20394, Training (Code) = 0.63079, Validation (Code) = 0.62283, Training (X) = 0.93021, Validation (X) = 0.93511, Training (Z) = 0.92879, Validation (Z) = 0.92762
Epoch 72: Loss = 0.20381, Training (Code) = 0.63383, Validation (Code) = 0.62892, Training (X) = 0.92946, Validation (X) = 0.92832, Training (Z) = 0.93163, Validation (Z) = 0.92898
Epoch 73: Loss = 0.20368, Training (Code) = 0.62894, Validation (Code) = 0.63383, Training (X) = 0.9318, Validation (X) = 0.92953, Training (Z) = 0.92911, Validation (Z) = 0.92585
Epoch 74: Loss = 0.20356, Training (Code) = 0.63238, Validation (Code) = 0.62675, Training (X) = 0.93055, Validation (X) = 0.92966, Training (Z) = 0.93036, Validation (Z) = 0.92767
Epoch 75: Loss = 0.20344, Training (Code) = 0.63171, Validation (Code) = 0.62883, Training (X) = 0.93243, Validation (X) = 0.93096, Training (Z) = 0.9289, Validation (Z) = 0.92539
Epoch 76: Loss = 0.20332, Training (Code) = 0.62958, Validation (Code) = 0.62933, Training (X) = 0.93147, Validation (X) = 0.92903, Training (Z) = 0.93031, Validation (Z) = 0.93618
Epoch 77: Loss = 0.20321, Training (Code) = 0.63375, Validation (Code) = 0.63317, Training (X) = 0.92978, Validation (X) = 0.93314, Training (Z) = 0.92814, Validation (Z) = 0.9313
Epoch 78: Loss = 0.2031, Training (Code) = 0.63179, Validation (Code) = 0.629, Training (X) = 0.93118, Validation (X) = 0.93548, Training (Z) = 0.92943, Validation (Z) = 0.92978
Epoch 79: Loss = 0.20299, Training (Code) = 0.63202, Validation (Code) = 0.62858, Training (X) = 0.93299, Validation (X) = 0.92947, Training (Z) = 0.92949, Validation (Z) = 0.92934
Epoch 80: Loss = 0.20289, Training (Code) = 0.63127, Validation (Code) = 0.62875, Training (X) = 0.93079, Validation (X) = 0.92869, Training (Z) = 0.93251, Validation (Z) = 0.93439
Epoch 81: Loss = 0.20279, Training (Code) = 0.63323, Validation (Code) = 0.62642, Training (X) = 0.93038, Validation (X) = 0.92976, Training (Z) = 0.92851, Validation (Z) = 0.92989
Epoch 82: Loss = 0.20269, Training (Code) = 0.63348, Validation (Code) = 0.63158, Training (X) = 0.92979, Validation (X) = 0.92651, Training (Z) = 0.92939, Validation (Z) = 0.93073
Epoch 83: Loss = 0.20259, Training (Code) = 0.63279, Validation (Code) = 0.63442, Training (X) = 0.93188, Validation (X) = 0.93143, Training (Z) = 0.93096, Validation (Z) = 0.92776
Epoch 84: Loss = 0.20249, Training (Code) = 0.63319, Validation (Code) = 0.63208, Training (X) = 0.93094, Validation (X) = 0.93263, Training (Z) = 0.92775, Validation (Z) = 0.92657
Epoch 85: Loss = 0.20239, Training (Code) = 0.63206, Validation (Code) = 0.62858, Training (X) = 0.93042, Validation (X) = 0.92974, Training (Z) = 0.92923, Validation (Z) = 0.92974
Epoch 86: Loss = 0.2023, Training (Code) = 0.63544, Validation (Code) = 0.63208, Training (X) = 0.92967, Validation (X) = 0.92683, Training (Z) = 0.92938, Validation (Z) = 0.92854
Epoch 87: Loss = 0.20221, Training (Code) = 0.63067, Validation (Code) = 0.62717, Training (X) = 0.93205, Validation (X) = 0.93317, Training (Z) = 0.92901, Validation (Z) = 0.93077
Epoch 88: Loss = 0.20211, Training (Code) = 0.63592, Validation (Code) = 0.62342, Training (X) = 0.92874, Validation (X) = 0.93263, Training (Z) = 0.93078, Validation (Z) = 0.92474
Epoch 89: Loss = 0.20202, Training (Code) = 0.63375, Validation (Code) = 0.62275, Training (X) = 0.93031, Validation (X) = 0.93216, Training (Z) = 0.92995, Validation (Z) = 0.92988
Epoch 90: Loss = 0.20193, Training (Code) = 0.63321, Validation (Code) = 0.6315, Training (X) = 0.93163, Validation (X) = 0.93296, Training (Z) = 0.93074, Validation (Z) = 0.92597
Epoch 91: Loss = 0.20183, Training (Code) = 0.63127, Validation (Code) = 0.62933, Training (X) = 0.93274, Validation (X) = 0.92916, Training (Z) = 0.93162, Validation (Z) = 0.93101
Epoch 92: Loss = 0.20174, Training (Code) = 0.62938, Validation (Code) = 0.62775, Training (X) = 0.93211, Validation (X) = 0.92686, Training (Z) = 0.92883, Validation (Z) = 0.92898
Epoch 93: Loss = 0.20165, Training (Code) = 0.63579, Validation (Code) = 0.62558, Training (X) = 0.93158, Validation (X) = 0.93313, Training (Z) = 0.92899, Validation (Z) = 0.92793
Epoch 94: Loss = 0.20155, Training (Code) = 0.63417, Validation (Code) = 0.63875, Training (X) = 0.92947, Validation (X) = 0.92694, Training (Z) = 0.92832, Validation (Z) = 0.92759
Epoch 95: Loss = 0.20146, Training (Code) = 0.63427, Validation (Code) = 0.62475, Training (X) = 0.93037, Validation (X) = 0.92957, Training (Z) = 0.92961, Validation (Z) = 0.92477
Epoch 96: Loss = 0.20136, Training (Code) = 0.63156, Validation (Code) = 0.62792, Training (X) = 0.93208, Validation (X) = 0.92674, Training (Z) = 0.92756, Validation (Z) = 0.92873
Epoch 97: Loss = 0.20126, Training (Code) = 0.63633, Validation (Code) = 0.62917, Training (X) = 0.93252, Validation (X) = 0.93113, Training (Z) = 0.92981, Validation (Z) = 0.93073
Epoch 98: Loss = 0.20116, Training (Code) = 0.63665, Validation (Code) = 0.62867, Training (X) = 0.93099, Validation (X) = 0.93545, Training (Z) = 0.92964, Validation (Z) = 0.93226
Epoch 99: Loss = 0.20106, Training (Code) = 0.63215, Validation (Code) = 0.63342, Training (X) = 0.93188, Validation (X) = 0.92922, Training (Z) = 0.93096, Validation (Z) = 0.92646
Epoch 100: Loss = 0.20096, Training (Code) = 0.63892, Validation (Code) = 0.62967, Training (X) = 0.93042, Validation (X) = 0.93131, Training (Z) = 0.92986, Validation (Z) = 0.93039
Epoch 101: Loss = 0.20085, Training (Code) = 0.63481, Validation (Code) = 0.62892, Training (X) = 0.93118, Validation (X) = 0.92726, Training (Z) = 0.93115, Validation (Z) = 0.92924
Epoch 102: Loss = 0.20074, Training (Code) = 0.63533, Validation (Code) = 0.629, Training (X) = 0.93127, Validation (X) = 0.92886, Training (Z) = 0.93189, Validation (Z) = 0.92899
Epoch 103: Loss = 0.20062, Training (Code) = 0.63542, Validation (Code) = 0.63158, Training (X) = 0.93043, Validation (X) = 0.92928, Training (Z) = 0.93108, Validation (Z) = 0.92888
Epoch 104: Loss = 0.2005, Training (Code) = 0.63427, Validation (Code) = 0.62458, Training (X) = 0.92964, Validation (X) = 0.93035, Training (Z) = 0.93, Validation (Z) = 0.92728
Epoch 105: Loss = 0.20038, Training (Code) = 0.63871, Validation (Code) = 0.62792, Training (X) = 0.93118, Validation (X) = 0.93019, Training (Z) = 0.9287, Validation (Z) = 0.93099
Epoch 106: Loss = 0.20025, Training (Code) = 0.63806, Validation (Code) = 0.63508, Training (X) = 0.93163, Validation (X) = 0.93111, Training (Z) = 0.9282, Validation (Z) = 0.93137
Epoch 107: Loss = 0.20012, Training (Code) = 0.63413, Validation (Code) = 0.629, Training (X) = 0.9318, Validation (X) = 0.93084, Training (Z) = 0.93028, Validation (Z) = 0.92872
Epoch 108: Loss = 0.19997, Training (Code) = 0.63831, Validation (Code) = 0.62983, Training (X) = 0.93019, Validation (X) = 0.93173, Training (Z) = 0.92908, Validation (Z) = 0.92789
Epoch 109: Loss = 0.19983, Training (Code) = 0.63385, Validation (Code) = 0.62783, Training (X) = 0.93088, Validation (X) = 0.93045, Training (Z) = 0.93042, Validation (Z) = 0.92779
Epoch 110: Loss = 0.19967, Training (Code) = 0.63396, Validation (Code) = 0.62708, Training (X) = 0.93155, Validation (X) = 0.93063, Training (Z) = 0.92984, Validation (Z) = 0.93063
Epoch 111: Loss = 0.19951, Training (Code) = 0.63696, Validation (Code) = 0.63433, Training (X) = 0.93046, Validation (X) = 0.92709, Training (Z) = 0.92674, Validation (Z) = 0.93182
Epoch 112: Loss = 0.19933, Training (Code) = 0.63346, Validation (Code) = 0.63433, Training (X) = 0.92998, Validation (X) = 0.92551, Training (Z) = 0.93061, Validation (Z) = 0.92788
Epoch 113: Loss = 0.19915, Training (Code) = 0.63348, Validation (Code) = 0.63108, Training (X) = 0.93278, Validation (X) = 0.92737, Training (Z) = 0.92847, Validation (Z) = 0.92843
Epoch 114: Loss = 0.19896, Training (Code) = 0.63658, Validation (Code) = 0.63042, Training (X) = 0.9316, Validation (X) = 0.92439, Training (Z) = 0.92885, Validation (Z) = 0.92796
Epoch 115: Loss = 0.19877, Training (Code) = 0.63613, Validation (Code) = 0.63108, Training (X) = 0.92923, Validation (X) = 0.92685, Training (Z) = 0.92874, Validation (Z) = 0.92711
Epoch 116: Loss = 0.19856, Training (Code) = 0.63721, Validation (Code) = 0.62717, Training (X) = 0.93046, Validation (X) = 0.92931, Training (Z) = 0.93, Validation (Z) = 0.9325
Epoch 117: Loss = 0.19834, Training (Code) = 0.63671, Validation (Code) = 0.63067, Training (X) = 0.93086, Validation (X) = 0.92851, Training (Z) = 0.92874, Validation (Z) = 0.92957
Epoch 118: Loss = 0.19812, Training (Code) = 0.64069, Validation (Code) = 0.6315, Training (X) = 0.93012, Validation (X) = 0.93336, Training (Z) = 0.92921, Validation (Z) = 0.92663
Epoch 119: Loss = 0.19789, Training (Code) = 0.63971, Validation (Code) = 0.6355, Training (X) = 0.92923, Validation (X) = 0.9305, Training (Z) = 0.92868, Validation (Z) = 0.93076
Epoch 120: Loss = 0.19765, Training (Code) = 0.63842, Validation (Code) = 0.63567, Training (X) = 0.93134, Validation (X) = 0.92777, Training (Z) = 0.92716, Validation (Z) = 0.92803
Epoch 121: Loss = 0.19741, Training (Code) = 0.63935, Validation (Code) = 0.6335, Training (X) = 0.93053, Validation (X) = 0.92739, Training (Z) = 0.92874, Validation (Z) = 0.92791
Epoch 122: Loss = 0.19715, Training (Code) = 0.63723, Validation (Code) = 0.63667, Training (X) = 0.93033, Validation (X) = 0.9322, Training (Z) = 0.9317, Validation (Z) = 0.92605
Epoch 123: Loss = 0.19689, Training (Code) = 0.63842, Validation (Code) = 0.63975, Training (X) = 0.9301, Validation (X) = 0.9264, Training (Z) = 0.92964, Validation (Z) = 0.93031
Epoch 124: Loss = 0.19663, Training (Code) = 0.63935, Validation (Code) = 0.63267, Training (X) = 0.93301, Validation (X) = 0.93217, Training (Z) = 0.92919, Validation (Z) = 0.93361
Epoch 125: Loss = 0.19636, Training (Code) = 0.63975, Validation (Code) = 0.63975, Training (X) = 0.93161, Validation (X) = 0.93305, Training (Z) = 0.92953, Validation (Z) = 0.93213
Epoch 126: Loss = 0.19608, Training (Code) = 0.63613, Validation (Code) = 0.63217, Training (X) = 0.93234, Validation (X) = 0.92842, Training (Z) = 0.92674, Validation (Z) = 0.93132
Epoch 127: Loss = 0.1958, Training (Code) = 0.63621, Validation (Code) = 0.63267, Training (X) = 0.93038, Validation (X) = 0.92835, Training (Z) = 0.9295, Validation (Z) = 0.92927
Epoch 128: Loss = 0.19552, Training (Code) = 0.63617, Validation (Code) = 0.63, Training (X) = 0.93257, Validation (X) = 0.9295, Training (Z) = 0.93054, Validation (Z) = 0.92937
Epoch 129: Loss = 0.19523, Training (Code) = 0.63483, Validation (Code) = 0.634, Training (X) = 0.93197, Validation (X) = 0.93099, Training (Z) = 0.93036, Validation (Z) = 0.92955
Epoch 130: Loss = 0.19494, Training (Code) = 0.63756, Validation (Code) = 0.62917, Training (X) = 0.93125, Validation (X) = 0.93364, Training (Z) = 0.93063, Validation (Z) = 0.92967
Epoch 131: Loss = 0.19464, Training (Code) = 0.63833, Validation (Code) = 0.6405, Training (X) = 0.9312, Validation (X) = 0.92688, Training (Z) = 0.92921, Validation (Z) = 0.92922
Epoch 132: Loss = 0.19435, Training (Code) = 0.63779, Validation (Code) = 0.64008, Training (X) = 0.93104, Validation (X) = 0.92957, Training (Z) = 0.93013, Validation (Z) = 0.92905
Epoch 133: Loss = 0.19405, Training (Code) = 0.6389, Validation (Code) = 0.63408, Training (X) = 0.93319, Validation (X) = 0.92693, Training (Z) = 0.93015, Validation (Z) = 0.93048
Epoch 134: Loss = 0.19374, Training (Code) = 0.63792, Validation (Code) = 0.6355, Training (X) = 0.93148, Validation (X) = 0.92893, Training (Z) = 0.92946, Validation (Z) = 0.92775
Epoch 135: Loss = 0.19344, Training (Code) = 0.63738, Validation (Code) = 0.63825, Training (X) = 0.93201, Validation (X) = 0.93041, Training (Z) = 0.92894, Validation (Z) = 0.92336
Epoch 136: Loss = 0.19314, Training (Code) = 0.63758, Validation (Code) = 0.63442, Training (X) = 0.93259, Validation (X) = 0.93025, Training (Z) = 0.92916, Validation (Z) = 0.93051
Epoch 137: Loss = 0.19283, Training (Code) = 0.64121, Validation (Code) = 0.63233, Training (X) = 0.93099, Validation (X) = 0.9291, Training (Z) = 0.92781, Validation (Z) = 0.93187
Epoch 138: Loss = 0.19253, Training (Code) = 0.63904, Validation (Code) = 0.64042, Training (X) = 0.93085, Validation (X) = 0.93116, Training (Z) = 0.92795, Validation (Z) = 0.93012
Epoch 139: Loss = 0.19222, Training (Code) = 0.63892, Validation (Code) = 0.64158, Training (X) = 0.93126, Validation (X) = 0.9309, Training (Z) = 0.9281, Validation (Z) = 0.9248
Epoch 140: Loss = 0.19191, Training (Code) = 0.64027, Validation (Code) = 0.64233, Training (X) = 0.93297, Validation (X) = 0.92865, Training (Z) = 0.93037, Validation (Z) = 0.92475
Epoch 141: Loss = 0.19161, Training (Code) = 0.63921, Validation (Code) = 0.63392, Training (X) = 0.93103, Validation (X) = 0.93467, Training (Z) = 0.93068, Validation (Z) = 0.92941
Epoch 142: Loss = 0.1913, Training (Code) = 0.64035, Validation (Code) = 0.63675, Training (X) = 0.92982, Validation (X) = 0.93155, Training (Z) = 0.93008, Validation (Z) = 0.92867
Epoch 143: Loss = 0.191, Training (Code) = 0.64148, Validation (Code) = 0.63892, Training (X) = 0.92988, Validation (X) = 0.93074, Training (Z) = 0.93108, Validation (Z) = 0.93009
Epoch 144: Loss = 0.19069, Training (Code) = 0.63856, Validation (Code) = 0.633, Training (X) = 0.93201, Validation (X) = 0.9272, Training (Z) = 0.92937, Validation (Z) = 0.93246
Epoch 145: Loss = 0.19039, Training (Code) = 0.64108, Validation (Code) = 0.63983, Training (X) = 0.93039, Validation (X) = 0.92732, Training (Z) = 0.92818, Validation (Z) = 0.92746
Epoch 146: Loss = 0.19009, Training (Code) = 0.64265, Validation (Code) = 0.63517, Training (X) = 0.92946, Validation (X) = 0.93204, Training (Z) = 0.92725, Validation (Z) = 0.92981
Epoch 147: Loss = 0.18979, Training (Code) = 0.64085, Validation (Code) = 0.63825, Training (X) = 0.93027, Validation (X) = 0.92845, Training (Z) = 0.929, Validation (Z) = 0.93041
Epoch 148: Loss = 0.18949, Training (Code) = 0.64304, Validation (Code) = 0.64083, Training (X) = 0.93044, Validation (X) = 0.92731, Training (Z) = 0.92817, Validation (Z) = 0.92588
Epoch 149: Loss = 0.18919, Training (Code) = 0.6454, Validation (Code) = 0.63483, Training (X) = 0.93192, Validation (X) = 0.93161, Training (Z) = 0.92705, Validation (Z) = 0.93003
Epoch 150: Loss = 0.18889, Training (Code) = 0.64404, Validation (Code) = 0.64183, Training (X) = 0.93123, Validation (X) = 0.93028, Training (Z) = 0.92799, Validation (Z) = 0.92716
Epoch 151: Loss = 0.1886, Training (Code) = 0.64379, Validation (Code) = 0.64042, Training (X) = 0.93117, Validation (X) = 0.92934, Training (Z) = 0.92971, Validation (Z) = 0.92466
Epoch 152: Loss = 0.18831, Training (Code) = 0.64308, Validation (Code) = 0.64458, Training (X) = 0.92967, Validation (X) = 0.93006, Training (Z) = 0.92824, Validation (Z) = 0.93161
Epoch 153: Loss = 0.18802, Training (Code) = 0.64219, Validation (Code) = 0.63833, Training (X) = 0.93015, Validation (X) = 0.9299, Training (Z) = 0.93106, Validation (Z) = 0.92742
Epoch 154: Loss = 0.18774, Training (Code) = 0.64104, Validation (Code) = 0.63608, Training (X) = 0.93074, Validation (X) = 0.92677, Training (Z) = 0.93032, Validation (Z) = 0.92912
Epoch 155: Loss = 0.18745, Training (Code) = 0.64235, Validation (Code) = 0.64183, Training (X) = 0.93163, Validation (X) = 0.92768, Training (Z) = 0.92917, Validation (Z) = 0.9256
Epoch 156: Loss = 0.18717, Training (Code) = 0.64329, Validation (Code) = 0.63642, Training (X) = 0.93099, Validation (X) = 0.92968, Training (Z) = 0.92865, Validation (Z) = 0.92838
Epoch 157: Loss = 0.18689, Training (Code) = 0.64369, Validation (Code) = 0.6425, Training (X) = 0.93083, Validation (X) = 0.93139, Training (Z) = 0.93113, Validation (Z) = 0.92633
Epoch 158: Loss = 0.18662, Training (Code) = 0.6451, Validation (Code) = 0.64025, Training (X) = 0.93215, Validation (X) = 0.93245, Training (Z) = 0.93095, Validation (Z) = 0.92503
Epoch 159: Loss = 0.18635, Training (Code) = 0.6439, Validation (Code) = 0.63525, Training (X) = 0.93044, Validation (X) = 0.92877, Training (Z) = 0.9283, Validation (Z) = 0.93139
Epoch 160: Loss = 0.18608, Training (Code) = 0.64583, Validation (Code) = 0.64308, Training (X) = 0.92916, Validation (X) = 0.92471, Training (Z) = 0.92784, Validation (Z) = 0.92342
Epoch 161: Loss = 0.18581, Training (Code) = 0.64527, Validation (Code) = 0.63833, Training (X) = 0.92949, Validation (X) = 0.92794, Training (Z) = 0.93023, Validation (Z) = 0.92624
Epoch 162: Loss = 0.18555, Training (Code) = 0.64375, Validation (Code) = 0.64108, Training (X) = 0.93032, Validation (X) = 0.93163, Training (Z) = 0.92825, Validation (Z) = 0.92981
Epoch 163: Loss = 0.18529, Training (Code) = 0.64525, Validation (Code) = 0.64067, Training (X) = 0.93149, Validation (X) = 0.93158, Training (Z) = 0.92978, Validation (Z) = 0.92989
Epoch 164: Loss = 0.18503, Training (Code) = 0.64579, Validation (Code) = 0.64067, Training (X) = 0.92987, Validation (X) = 0.92937, Training (Z) = 0.92625, Validation (Z) = 0.92573
Epoch 165: Loss = 0.18478, Training (Code) = 0.6449, Validation (Code) = 0.64175, Training (X) = 0.93087, Validation (X) = 0.92585, Training (Z) = 0.92945, Validation (Z) = 0.92663
Epoch 166: Loss = 0.18453, Training (Code) = 0.64754, Validation (Code) = 0.64158, Training (X) = 0.93038, Validation (X) = 0.92973, Training (Z) = 0.92825, Validation (Z) = 0.93194
Epoch 167: Loss = 0.18428, Training (Code) = 0.64548, Validation (Code) = 0.63958, Training (X) = 0.92925, Validation (X) = 0.92925, Training (Z) = 0.92932, Validation (Z) = 0.93016
Epoch 168: Loss = 0.18404, Training (Code) = 0.64721, Validation (Code) = 0.64042, Training (X) = 0.93189, Validation (X) = 0.92765, Training (Z) = 0.92876, Validation (Z) = 0.92622
Epoch 169: Loss = 0.1838, Training (Code) = 0.64842, Validation (Code) = 0.64783, Training (X) = 0.93018, Validation (X) = 0.92809, Training (Z) = 0.92816, Validation (Z) = 0.92565
Epoch 170: Loss = 0.18356, Training (Code) = 0.64579, Validation (Code) = 0.6415, Training (X) = 0.929, Validation (X) = 0.92816, Training (Z) = 0.92845, Validation (Z) = 0.92686
Epoch 171: Loss = 0.18333, Training (Code) = 0.64894, Validation (Code) = 0.64208, Training (X) = 0.92838, Validation (X) = 0.9294, Training (Z) = 0.92931, Validation (Z) = 0.92602
Epoch 172: Loss = 0.1831, Training (Code) = 0.64998, Validation (Code) = 0.64775, Training (X) = 0.92997, Validation (X) = 0.92796, Training (Z) = 0.92772, Validation (Z) = 0.92577
Epoch 173: Loss = 0.18287, Training (Code) = 0.64704, Validation (Code) = 0.64325, Training (X) = 0.92978, Validation (X) = 0.93134, Training (Z) = 0.92916, Validation (Z) = 0.93108
Epoch 174: Loss = 0.18265, Training (Code) = 0.64706, Validation (Code) = 0.64233, Training (X) = 0.9319, Validation (X) = 0.92955, Training (Z) = 0.92978, Validation (Z) = 0.92878
Epoch 175: Loss = 0.18242, Training (Code) = 0.64923, Validation (Code) = 0.64192, Training (X) = 0.93053, Validation (X) = 0.93042, Training (Z) = 0.93043, Validation (Z) = 0.9273
Epoch 176: Loss = 0.1822, Training (Code) = 0.64581, Validation (Code) = 0.64675, Training (X) = 0.93074, Validation (X) = 0.929, Training (Z) = 0.92851, Validation (Z) = 0.9263
Epoch 177: Loss = 0.18199, Training (Code) = 0.64835, Validation (Code) = 0.64408, Training (X) = 0.93156, Validation (X) = 0.93013, Training (Z) = 0.92844, Validation (Z) = 0.92742
Epoch 178: Loss = 0.18177, Training (Code) = 0.64552, Validation (Code) = 0.64383, Training (X) = 0.93084, Validation (X) = 0.927, Training (Z) = 0.92993, Validation (Z) = 0.92571
Epoch 179: Loss = 0.18156, Training (Code) = 0.64963, Validation (Code) = 0.64408, Training (X) = 0.92929, Validation (X) = 0.93026, Training (Z) = 0.92727, Validation (Z) = 0.92936
Epoch 180: Loss = 0.18135, Training (Code) = 0.64898, Validation (Code) = 0.64858, Training (X) = 0.93002, Validation (X) = 0.92766, Training (Z) = 0.92665, Validation (Z) = 0.92484
Epoch 181: Loss = 0.18115, Training (Code) = 0.64833, Validation (Code) = 0.6445, Training (X) = 0.93004, Validation (X) = 0.92889, Training (Z) = 0.93075, Validation (Z) = 0.93018
Epoch 182: Loss = 0.18094, Training (Code) = 0.65304, Validation (Code) = 0.65375, Training (X) = 0.9302, Validation (X) = 0.92658, Training (Z) = 0.92733, Validation (Z) = 0.929
Epoch 183: Loss = 0.18074, Training (Code) = 0.64912, Validation (Code) = 0.64433, Training (X) = 0.93231, Validation (X) = 0.93132, Training (Z) = 0.92846, Validation (Z) = 0.92964
Epoch 184: Loss = 0.18055, Training (Code) = 0.64848, Validation (Code) = 0.64675, Training (X) = 0.93141, Validation (X) = 0.92694, Training (Z) = 0.92945, Validation (Z) = 0.9281
Epoch 185: Loss = 0.18035, Training (Code) = 0.64965, Validation (Code) = 0.6425, Training (X) = 0.93118, Validation (X) = 0.93074, Training (Z) = 0.92839, Validation (Z) = 0.9284
Epoch 186: Loss = 0.18015, Training (Code) = 0.65512, Validation (Code) = 0.64808, Training (X) = 0.92918, Validation (X) = 0.92581, Training (Z) = 0.9267, Validation (Z) = 0.92414
Epoch 187: Loss = 0.17996, Training (Code) = 0.64994, Validation (Code) = 0.64742, Training (X) = 0.93134, Validation (X) = 0.93165, Training (Z) = 0.92727, Validation (Z) = 0.92985
Epoch 188: Loss = 0.17977, Training (Code) = 0.65156, Validation (Code) = 0.65092, Training (X) = 0.93004, Validation (X) = 0.93035, Training (Z) = 0.92735, Validation (Z) = 0.92997
Epoch 189: Loss = 0.17959, Training (Code) = 0.65131, Validation (Code) = 0.64683, Training (X) = 0.92944, Validation (X) = 0.92322, Training (Z) = 0.92845, Validation (Z) = 0.92231
Epoch 190: Loss = 0.1794, Training (Code) = 0.65221, Validation (Code) = 0.64708, Training (X) = 0.93024, Validation (X) = 0.92865, Training (Z) = 0.92739, Validation (Z) = 0.92621
Epoch 191: Loss = 0.17922, Training (Code) = 0.64912, Validation (Code) = 0.64808, Training (X) = 0.92978, Validation (X) = 0.93108, Training (Z) = 0.93029, Validation (Z) = 0.92786
Epoch 192: Loss = 0.17904, Training (Code) = 0.65092, Validation (Code) = 0.651, Training (X) = 0.93048, Validation (X) = 0.92742, Training (Z) = 0.92936, Validation (Z) = 0.92499
Epoch 193: Loss = 0.17886, Training (Code) = 0.6541, Validation (Code) = 0.65275, Training (X) = 0.9291, Validation (X) = 0.92442, Training (Z) = 0.92776, Validation (Z) = 0.93055
Epoch 194: Loss = 0.17868, Training (Code) = 0.65438, Validation (Code) = 0.65183, Training (X) = 0.92939, Validation (X) = 0.92726, Training (Z) = 0.92814, Validation (Z) = 0.92457
Epoch 195: Loss = 0.17851, Training (Code) = 0.65165, Validation (Code) = 0.64533, Training (X) = 0.9305, Validation (X) = 0.92756, Training (Z) = 0.92887, Validation (Z) = 0.92794
Epoch 196: Loss = 0.17834, Training (Code) = 0.65115, Validation (Code) = 0.64883, Training (X) = 0.93083, Validation (X) = 0.92833, Training (Z) = 0.92801, Validation (Z) = 0.93013
Epoch 197: Loss = 0.17817, Training (Code) = 0.65371, Validation (Code) = 0.64792, Training (X) = 0.9304, Validation (X) = 0.93106, Training (Z) = 0.92785, Validation (Z) = 0.92926
Epoch 198: Loss = 0.178, Training (Code) = 0.65369, Validation (Code) = 0.64858, Training (X) = 0.92915, Validation (X) = 0.93087, Training (Z) = 0.92743, Validation (Z) = 0.93049
Epoch 199: Loss = 0.17783, Training (Code) = 0.65294, Validation (Code) = 0.65025, Training (X) = 0.92933, Validation (X) = 0.93067, Training (Z) = 0.92824, Validation (Z) = 0.92669
Epoch 200: Loss = 0.17767, Training (Code) = 0.654, Validation (Code) = 0.64692, Training (X) = 0.92884, Validation (X) = 0.92683, Training (Z) = 0.92654, Validation (Z) = 0.92554
