==========================================
SLURM_JOB_ID = 6161521
SLURM_JOB_NODELIST = e16-13
TMPDIR = /tmp/SLURM_6161521
==========================================
10_11_11_12_53_655 [6, 40, 40, 40, 40, 14] [Tanh(), Tanh(), Tanh(), Tanh(), Tanh(), Sigmoid()] 200 5e-05 25
Epoch 1: Loss = 0.38264, Training (Code) = 0.63104, Validation (Code) = 0.63125, Training (X) = 0.89297, Validation (X) = 0.89333, Training (Z) = 0.88871, Validation (Z) = 0.89083
Epoch 2: Loss = 0.33521, Training (Code) = 0.69469, Validation (Code) = 0.69158, Training (X) = 0.89249, Validation (X) = 0.89553, Training (Z) = 0.88772, Validation (Z) = 0.88878
Epoch 3: Loss = 0.29251, Training (Code) = 0.75738, Validation (Code) = 0.75508, Training (X) = 0.89162, Validation (X) = 0.89195, Training (Z) = 0.88719, Validation (Z) = 0.89273
Epoch 4: Loss = 0.26473, Training (Code) = 0.80181, Validation (Code) = 0.79942, Training (X) = 0.88929, Validation (X) = 0.89002, Training (Z) = 0.88752, Validation (Z) = 0.8845
Epoch 5: Loss = 0.25117, Training (Code) = 0.81746, Validation (Code) = 0.8155, Training (X) = 0.88881, Validation (X) = 0.89097, Training (Z) = 0.89102, Validation (Z) = 0.88851
Epoch 6: Loss = 0.24543, Training (Code) = 0.83329, Validation (Code) = 0.83092, Training (X) = 0.88992, Validation (X) = 0.88527, Training (Z) = 0.88789, Validation (Z) = 0.89058
Epoch 7: Loss = 0.2431, Training (Code) = 0.84194, Validation (Code) = 0.83692, Training (X) = 0.8885, Validation (X) = 0.89017, Training (Z) = 0.88969, Validation (Z) = 0.89127
Epoch 8: Loss = 0.24216, Training (Code) = 0.84408, Validation (Code) = 0.84933, Training (X) = 0.88844, Validation (X) = 0.8856, Training (Z) = 0.88953, Validation (Z) = 0.88805
Epoch 9: Loss = 0.24172, Training (Code) = 0.8519, Validation (Code) = 0.85033, Training (X) = 0.88914, Validation (X) = 0.88965, Training (Z) = 0.88567, Validation (Z) = 0.8874
Epoch 10: Loss = 0.24139, Training (Code) = 0.85304, Validation (Code) = 0.85592, Training (X) = 0.88756, Validation (X) = 0.88833, Training (Z) = 0.88673, Validation (Z) = 0.88657
Epoch 11: Loss = 0.24103, Training (Code) = 0.86, Validation (Code) = 0.85483, Training (X) = 0.88801, Validation (X) = 0.88731, Training (Z) = 0.8868, Validation (Z) = 0.8877
Epoch 12: Loss = 0.24058, Training (Code) = 0.86154, Validation (Code) = 0.85908, Training (X) = 0.88705, Validation (X) = 0.88961, Training (Z) = 0.88782, Validation (Z) = 0.88748
Epoch 13: Loss = 0.24004, Training (Code) = 0.86342, Validation (Code) = 0.85983, Training (X) = 0.88541, Validation (X) = 0.88903, Training (Z) = 0.88671, Validation (Z) = 0.88535
Epoch 14: Loss = 0.23943, Training (Code) = 0.86644, Validation (Code) = 0.8635, Training (X) = 0.88692, Validation (X) = 0.88834, Training (Z) = 0.8867, Validation (Z) = 0.88718
Epoch 15: Loss = 0.23877, Training (Code) = 0.8666, Validation (Code) = 0.86783, Training (X) = 0.88648, Validation (X) = 0.88515, Training (Z) = 0.88374, Validation (Z) = 0.88583
Epoch 16: Loss = 0.23806, Training (Code) = 0.8685, Validation (Code) = 0.8695, Training (X) = 0.88647, Validation (X) = 0.88566, Training (Z) = 0.88555, Validation (Z) = 0.88585
Epoch 17: Loss = 0.23734, Training (Code) = 0.87079, Validation (Code) = 0.86708, Training (X) = 0.88502, Validation (X) = 0.88688, Training (Z) = 0.88605, Validation (Z) = 0.88477
Epoch 18: Loss = 0.23661, Training (Code) = 0.87365, Validation (Code) = 0.87133, Training (X) = 0.88561, Validation (X) = 0.88476, Training (Z) = 0.88532, Validation (Z) = 0.88657
Epoch 19: Loss = 0.23588, Training (Code) = 0.87102, Validation (Code) = 0.87258, Training (X) = 0.88696, Validation (X) = 0.88941, Training (Z) = 0.88579, Validation (Z) = 0.88693
Epoch 20: Loss = 0.23517, Training (Code) = 0.87296, Validation (Code) = 0.87358, Training (X) = 0.88576, Validation (X) = 0.88458, Training (Z) = 0.88635, Validation (Z) = 0.88543
Epoch 21: Loss = 0.23449, Training (Code) = 0.87225, Validation (Code) = 0.87142, Training (X) = 0.88564, Validation (X) = 0.8862, Training (Z) = 0.88504, Validation (Z) = 0.88304
Epoch 22: Loss = 0.23384, Training (Code) = 0.87892, Validation (Code) = 0.87275, Training (X) = 0.88328, Validation (X) = 0.88341, Training (Z) = 0.88343, Validation (Z) = 0.88561
Epoch 23: Loss = 0.23323, Training (Code) = 0.87473, Validation (Code) = 0.87283, Training (X) = 0.88768, Validation (X) = 0.88868, Training (Z) = 0.88592, Validation (Z) = 0.884
Epoch 24: Loss = 0.23265, Training (Code) = 0.87587, Validation (Code) = 0.87425, Training (X) = 0.88433, Validation (X) = 0.88657, Training (Z) = 0.88538, Validation (Z) = 0.88619
Epoch 25: Loss = 0.2321, Training (Code) = 0.87815, Validation (Code) = 0.87408, Training (X) = 0.88712, Validation (X) = 0.88674, Training (Z) = 0.88627, Validation (Z) = 0.88531
Epoch 26: Loss = 0.23159, Training (Code) = 0.87783, Validation (Code) = 0.87458, Training (X) = 0.88663, Validation (X) = 0.88528, Training (Z) = 0.8877, Validation (Z) = 0.88471
Epoch 27: Loss = 0.23111, Training (Code) = 0.87777, Validation (Code) = 0.87592, Training (X) = 0.88698, Validation (X) = 0.88897, Training (Z) = 0.88479, Validation (Z) = 0.88812
Epoch 28: Loss = 0.23065, Training (Code) = 0.87813, Validation (Code) = 0.87442, Training (X) = 0.88598, Validation (X) = 0.88621, Training (Z) = 0.88458, Validation (Z) = 0.88526
Epoch 29: Loss = 0.23021, Training (Code) = 0.87925, Validation (Code) = 0.87933, Training (X) = 0.8857, Validation (X) = 0.88429, Training (Z) = 0.88643, Validation (Z) = 0.88182
Epoch 30: Loss = 0.2298, Training (Code) = 0.87846, Validation (Code) = 0.88033, Training (X) = 0.8859, Validation (X) = 0.88158, Training (Z) = 0.88586, Validation (Z) = 0.88338
Epoch 31: Loss = 0.2294, Training (Code) = 0.87654, Validation (Code) = 0.87883, Training (X) = 0.88487, Validation (X) = 0.88574, Training (Z) = 0.88672, Validation (Z) = 0.88735
Epoch 32: Loss = 0.22902, Training (Code) = 0.87975, Validation (Code) = 0.8805, Training (X) = 0.88643, Validation (X) = 0.88766, Training (Z) = 0.88754, Validation (Z) = 0.88652
Epoch 33: Loss = 0.22865, Training (Code) = 0.87854, Validation (Code) = 0.87992, Training (X) = 0.88553, Validation (X) = 0.88522, Training (Z) = 0.88572, Validation (Z) = 0.88967
Epoch 34: Loss = 0.22829, Training (Code) = 0.88023, Validation (Code) = 0.87992, Training (X) = 0.88741, Validation (X) = 0.88512, Training (Z) = 0.88528, Validation (Z) = 0.8855
Epoch 35: Loss = 0.22794, Training (Code) = 0.87942, Validation (Code) = 0.87667, Training (X) = 0.886, Validation (X) = 0.88308, Training (Z) = 0.88721, Validation (Z) = 0.88878
Epoch 36: Loss = 0.2276, Training (Code) = 0.88071, Validation (Code) = 0.88167, Training (X) = 0.88449, Validation (X) = 0.88554, Training (Z) = 0.88702, Validation (Z) = 0.88611
Epoch 37: Loss = 0.22727, Training (Code) = 0.88019, Validation (Code) = 0.87983, Training (X) = 0.88518, Validation (X) = 0.88549, Training (Z) = 0.88591, Validation (Z) = 0.88653
Epoch 38: Loss = 0.22695, Training (Code) = 0.88054, Validation (Code) = 0.88083, Training (X) = 0.88643, Validation (X) = 0.88553, Training (Z) = 0.8879, Validation (Z) = 0.88193
Epoch 39: Loss = 0.22663, Training (Code) = 0.88154, Validation (Code) = 0.88267, Training (X) = 0.88564, Validation (X) = 0.88576, Training (Z) = 0.88812, Validation (Z) = 0.8869
Epoch 40: Loss = 0.22632, Training (Code) = 0.88467, Validation (Code) = 0.88125, Training (X) = 0.88539, Validation (X) = 0.88189, Training (Z) = 0.88581, Validation (Z) = 0.8869
Epoch 41: Loss = 0.22601, Training (Code) = 0.88392, Validation (Code) = 0.88542, Training (X) = 0.88548, Validation (X) = 0.88602, Training (Z) = 0.88585, Validation (Z) = 0.88631
Epoch 42: Loss = 0.22571, Training (Code) = 0.88317, Validation (Code) = 0.882, Training (X) = 0.88543, Validation (X) = 0.88568, Training (Z) = 0.88654, Validation (Z) = 0.88917
Epoch 43: Loss = 0.2254, Training (Code) = 0.88262, Validation (Code) = 0.886, Training (X) = 0.88644, Validation (X) = 0.88553, Training (Z) = 0.88762, Validation (Z) = 0.88441
Epoch 44: Loss = 0.22509, Training (Code) = 0.88519, Validation (Code) = 0.884, Training (X) = 0.88475, Validation (X) = 0.88584, Training (Z) = 0.8851, Validation (Z) = 0.88612
Epoch 45: Loss = 0.22477, Training (Code) = 0.88419, Validation (Code) = 0.88292, Training (X) = 0.88624, Validation (X) = 0.88542, Training (Z) = 0.88584, Validation (Z) = 0.88797
Epoch 46: Loss = 0.22445, Training (Code) = 0.88494, Validation (Code) = 0.8845, Training (X) = 0.88582, Validation (X) = 0.88628, Training (Z) = 0.88789, Validation (Z) = 0.89071
Epoch 47: Loss = 0.22412, Training (Code) = 0.88525, Validation (Code) = 0.88425, Training (X) = 0.88581, Validation (X) = 0.8854, Training (Z) = 0.8861, Validation (Z) = 0.88408
Epoch 48: Loss = 0.22378, Training (Code) = 0.88748, Validation (Code) = 0.88792, Training (X) = 0.88709, Validation (X) = 0.88503, Training (Z) = 0.88561, Validation (Z) = 0.88531
Epoch 49: Loss = 0.22344, Training (Code) = 0.88365, Validation (Code) = 0.88708, Training (X) = 0.88629, Validation (X) = 0.88426, Training (Z) = 0.88589, Validation (Z) = 0.88398
Epoch 50: Loss = 0.22309, Training (Code) = 0.88533, Validation (Code) = 0.88633, Training (X) = 0.88702, Validation (X) = 0.88765, Training (Z) = 0.88733, Validation (Z) = 0.88793
Epoch 51: Loss = 0.22274, Training (Code) = 0.88648, Validation (Code) = 0.88242, Training (X) = 0.88701, Validation (X) = 0.88469, Training (Z) = 0.88698, Validation (Z) = 0.88686
Epoch 52: Loss = 0.22239, Training (Code) = 0.88519, Validation (Code) = 0.8855, Training (X) = 0.88649, Validation (X) = 0.88368, Training (Z) = 0.88807, Validation (Z) = 0.88792
Epoch 53: Loss = 0.22203, Training (Code) = 0.88575, Validation (Code) = 0.88508, Training (X) = 0.88658, Validation (X) = 0.8873, Training (Z) = 0.88569, Validation (Z) = 0.88683
Epoch 54: Loss = 0.22168, Training (Code) = 0.88569, Validation (Code) = 0.88967, Training (X) = 0.88733, Validation (X) = 0.88507, Training (Z) = 0.88592, Validation (Z) = 0.88629
Epoch 55: Loss = 0.22133, Training (Code) = 0.88773, Validation (Code) = 0.88567, Training (X) = 0.88468, Validation (X) = 0.88737, Training (Z) = 0.88618, Validation (Z) = 0.88756
Epoch 56: Loss = 0.22097, Training (Code) = 0.88681, Validation (Code) = 0.88642, Training (X) = 0.88895, Validation (X) = 0.88643, Training (Z) = 0.88724, Validation (Z) = 0.88493
Epoch 57: Loss = 0.22062, Training (Code) = 0.88898, Validation (Code) = 0.88942, Training (X) = 0.88423, Validation (X) = 0.88485, Training (Z) = 0.88585, Validation (Z) = 0.88691
Epoch 58: Loss = 0.22028, Training (Code) = 0.8889, Validation (Code) = 0.88417, Training (X) = 0.88687, Validation (X) = 0.88709, Training (Z) = 0.88612, Validation (Z) = 0.88831
Epoch 59: Loss = 0.21994, Training (Code) = 0.88683, Validation (Code) = 0.88683, Training (X) = 0.88794, Validation (X) = 0.88649, Training (Z) = 0.88576, Validation (Z) = 0.88724
Epoch 60: Loss = 0.2196, Training (Code) = 0.88923, Validation (Code) = 0.88592, Training (X) = 0.88597, Validation (X) = 0.88816, Training (Z) = 0.8875, Validation (Z) = 0.88477
Epoch 61: Loss = 0.21927, Training (Code) = 0.88883, Validation (Code) = 0.88983, Training (X) = 0.88569, Validation (X) = 0.88959, Training (Z) = 0.88705, Validation (Z) = 0.88706
Epoch 62: Loss = 0.21895, Training (Code) = 0.88777, Validation (Code) = 0.88675, Training (X) = 0.88684, Validation (X) = 0.88535, Training (Z) = 0.88658, Validation (Z) = 0.88619
Epoch 63: Loss = 0.21863, Training (Code) = 0.89002, Validation (Code) = 0.89008, Training (X) = 0.88514, Validation (X) = 0.88662, Training (Z) = 0.88696, Validation (Z) = 0.8869
Epoch 64: Loss = 0.21831, Training (Code) = 0.8906, Validation (Code) = 0.89042, Training (X) = 0.88458, Validation (X) = 0.88582, Training (Z) = 0.8869, Validation (Z) = 0.88442
Epoch 65: Loss = 0.21801, Training (Code) = 0.89, Validation (Code) = 0.88875, Training (X) = 0.88801, Validation (X) = 0.88204, Training (Z) = 0.88713, Validation (Z) = 0.88636
Epoch 66: Loss = 0.21771, Training (Code) = 0.88985, Validation (Code) = 0.89025, Training (X) = 0.88638, Validation (X) = 0.88543, Training (Z) = 0.88736, Validation (Z) = 0.88758
Epoch 67: Loss = 0.21742, Training (Code) = 0.89052, Validation (Code) = 0.88833, Training (X) = 0.88525, Validation (X) = 0.88668, Training (Z) = 0.88696, Validation (Z) = 0.88743
Epoch 68: Loss = 0.21714, Training (Code) = 0.88992, Validation (Code) = 0.88925, Training (X) = 0.88772, Validation (X) = 0.8868, Training (Z) = 0.88864, Validation (Z) = 0.88427
Epoch 69: Loss = 0.21686, Training (Code) = 0.89058, Validation (Code) = 0.8915, Training (X) = 0.88821, Validation (X) = 0.88512, Training (Z) = 0.88605, Validation (Z) = 0.88577
Epoch 70: Loss = 0.21659, Training (Code) = 0.8909, Validation (Code) = 0.88967, Training (X) = 0.88609, Validation (X) = 0.8876, Training (Z) = 0.88506, Validation (Z) = 0.88404
Epoch 71: Loss = 0.21633, Training (Code) = 0.8906, Validation (Code) = 0.88833, Training (X) = 0.88638, Validation (X) = 0.88696, Training (Z) = 0.88741, Validation (Z) = 0.88574
Epoch 72: Loss = 0.21607, Training (Code) = 0.89125, Validation (Code) = 0.89308, Training (X) = 0.88581, Validation (X) = 0.88318, Training (Z) = 0.88642, Validation (Z) = 0.88616
Epoch 73: Loss = 0.21582, Training (Code) = 0.89185, Validation (Code) = 0.8875, Training (X) = 0.8854, Validation (X) = 0.88592, Training (Z) = 0.88692, Validation (Z) = 0.88676
Epoch 74: Loss = 0.21558, Training (Code) = 0.89163, Validation (Code) = 0.89242, Training (X) = 0.8867, Validation (X) = 0.88533, Training (Z) = 0.88637, Validation (Z) = 0.88374
Epoch 75: Loss = 0.21534, Training (Code) = 0.89327, Validation (Code) = 0.88617, Training (X) = 0.88623, Validation (X) = 0.88659, Training (Z) = 0.8853, Validation (Z) = 0.88875
Epoch 76: Loss = 0.2151, Training (Code) = 0.89206, Validation (Code) = 0.88892, Training (X) = 0.88659, Validation (X) = 0.88694, Training (Z) = 0.88666, Validation (Z) = 0.88497
Epoch 77: Loss = 0.21488, Training (Code) = 0.89271, Validation (Code) = 0.88958, Training (X) = 0.88548, Validation (X) = 0.87934, Training (Z) = 0.88798, Validation (Z) = 0.88178
Epoch 78: Loss = 0.21465, Training (Code) = 0.89187, Validation (Code) = 0.89225, Training (X) = 0.88596, Validation (X) = 0.88353, Training (Z) = 0.88699, Validation (Z) = 0.88811
Epoch 79: Loss = 0.21443, Training (Code) = 0.89263, Validation (Code) = 0.89558, Training (X) = 0.88678, Validation (X) = 0.88453, Training (Z) = 0.88736, Validation (Z) = 0.88285
Epoch 80: Loss = 0.21422, Training (Code) = 0.89246, Validation (Code) = 0.89308, Training (X) = 0.88482, Validation (X) = 0.88168, Training (Z) = 0.88781, Validation (Z) = 0.8898
Epoch 81: Loss = 0.21401, Training (Code) = 0.89292, Validation (Code) = 0.8935, Training (X) = 0.88906, Validation (X) = 0.8878, Training (Z) = 0.88721, Validation (Z) = 0.88594
Epoch 82: Loss = 0.21381, Training (Code) = 0.89225, Validation (Code) = 0.89283, Training (X) = 0.88652, Validation (X) = 0.88464, Training (Z) = 0.88601, Validation (Z) = 0.88445
Epoch 83: Loss = 0.2136, Training (Code) = 0.8924, Validation (Code) = 0.89158, Training (X) = 0.8854, Validation (X) = 0.88532, Training (Z) = 0.88717, Validation (Z) = 0.88438
Epoch 84: Loss = 0.2134, Training (Code) = 0.89377, Validation (Code) = 0.891, Training (X) = 0.88548, Validation (X) = 0.8858, Training (Z) = 0.88937, Validation (Z) = 0.88945
Epoch 85: Loss = 0.21321, Training (Code) = 0.89206, Validation (Code) = 0.89533, Training (X) = 0.88704, Validation (X) = 0.88859, Training (Z) = 0.88603, Validation (Z) = 0.8884
Epoch 86: Loss = 0.21302, Training (Code) = 0.89225, Validation (Code) = 0.8955, Training (X) = 0.88659, Validation (X) = 0.88693, Training (Z) = 0.88869, Validation (Z) = 0.88824
Epoch 87: Loss = 0.21282, Training (Code) = 0.89412, Validation (Code) = 0.89108, Training (X) = 0.88632, Validation (X) = 0.88619, Training (Z) = 0.88713, Validation (Z) = 0.88815
Epoch 88: Loss = 0.21264, Training (Code) = 0.89387, Validation (Code) = 0.89292, Training (X) = 0.88608, Validation (X) = 0.88558, Training (Z) = 0.88815, Validation (Z) = 0.88931
Epoch 89: Loss = 0.21245, Training (Code) = 0.89427, Validation (Code) = 0.88825, Training (X) = 0.88711, Validation (X) = 0.88667, Training (Z) = 0.88839, Validation (Z) = 0.89042
Epoch 90: Loss = 0.21227, Training (Code) = 0.89396, Validation (Code) = 0.89542, Training (X) = 0.88627, Validation (X) = 0.88413, Training (Z) = 0.88849, Validation (Z) = 0.8819
Epoch 91: Loss = 0.21209, Training (Code) = 0.89425, Validation (Code) = 0.89667, Training (X) = 0.88717, Validation (X) = 0.88327, Training (Z) = 0.88845, Validation (Z) = 0.88801
Epoch 92: Loss = 0.21191, Training (Code) = 0.89342, Validation (Code) = 0.89192, Training (X) = 0.88585, Validation (X) = 0.88732, Training (Z) = 0.88802, Validation (Z) = 0.88368
Epoch 93: Loss = 0.21173, Training (Code) = 0.89556, Validation (Code) = 0.89558, Training (X) = 0.88601, Validation (X) = 0.88369, Training (Z) = 0.88636, Validation (Z) = 0.88639
Epoch 94: Loss = 0.21156, Training (Code) = 0.89663, Validation (Code) = 0.89483, Training (X) = 0.88777, Validation (X) = 0.88527, Training (Z) = 0.88636, Validation (Z) = 0.8876
Epoch 95: Loss = 0.21138, Training (Code) = 0.897, Validation (Code) = 0.89392, Training (X) = 0.88554, Validation (X) = 0.88431, Training (Z) = 0.88722, Validation (Z) = 0.88869
Epoch 96: Loss = 0.21121, Training (Code) = 0.89629, Validation (Code) = 0.89433, Training (X) = 0.88729, Validation (X) = 0.88576, Training (Z) = 0.88727, Validation (Z) = 0.88791
Epoch 97: Loss = 0.21104, Training (Code) = 0.89608, Validation (Code) = 0.89367, Training (X) = 0.88671, Validation (X) = 0.88353, Training (Z) = 0.88645, Validation (Z) = 0.88391
Epoch 98: Loss = 0.21088, Training (Code) = 0.89548, Validation (Code) = 0.89592, Training (X) = 0.88558, Validation (X) = 0.88289, Training (Z) = 0.88858, Validation (Z) = 0.8882
Epoch 99: Loss = 0.21071, Training (Code) = 0.89585, Validation (Code) = 0.8965, Training (X) = 0.88526, Validation (X) = 0.8839, Training (Z) = 0.88726, Validation (Z) = 0.88808
Epoch 100: Loss = 0.21055, Training (Code) = 0.89438, Validation (Code) = 0.89467, Training (X) = 0.88528, Validation (X) = 0.88608, Training (Z) = 0.88672, Validation (Z) = 0.88683
Epoch 101: Loss = 0.21039, Training (Code) = 0.89456, Validation (Code) = 0.898, Training (X) = 0.88796, Validation (X) = 0.88623, Training (Z) = 0.88807, Validation (Z) = 0.88604
Epoch 102: Loss = 0.21023, Training (Code) = 0.89525, Validation (Code) = 0.89725, Training (X) = 0.88562, Validation (X) = 0.88437, Training (Z) = 0.88807, Validation (Z) = 0.88613
Epoch 103: Loss = 0.21007, Training (Code) = 0.89496, Validation (Code) = 0.89675, Training (X) = 0.88691, Validation (X) = 0.88161, Training (Z) = 0.88749, Validation (Z) = 0.88793
Epoch 104: Loss = 0.20991, Training (Code) = 0.89658, Validation (Code) = 0.88858, Training (X) = 0.88538, Validation (X) = 0.88709, Training (Z) = 0.88617, Validation (Z) = 0.88915
Epoch 105: Loss = 0.20976, Training (Code) = 0.89692, Validation (Code) = 0.89367, Training (X) = 0.88604, Validation (X) = 0.88493, Training (Z) = 0.88895, Validation (Z) = 0.88717
Epoch 106: Loss = 0.2096, Training (Code) = 0.89623, Validation (Code) = 0.8975, Training (X) = 0.88514, Validation (X) = 0.88691, Training (Z) = 0.8871, Validation (Z) = 0.88691
Epoch 107: Loss = 0.20945, Training (Code) = 0.89783, Validation (Code) = 0.89475, Training (X) = 0.88813, Validation (X) = 0.88693, Training (Z) = 0.8856, Validation (Z) = 0.89066
Epoch 108: Loss = 0.2093, Training (Code) = 0.89667, Validation (Code) = 0.90117, Training (X) = 0.88553, Validation (X) = 0.8882, Training (Z) = 0.88892, Validation (Z) = 0.88728
Epoch 109: Loss = 0.20915, Training (Code) = 0.8975, Validation (Code) = 0.90333, Training (X) = 0.886, Validation (X) = 0.88192, Training (Z) = 0.88893, Validation (Z) = 0.88395
Epoch 110: Loss = 0.20901, Training (Code) = 0.89708, Validation (Code) = 0.89933, Training (X) = 0.88535, Validation (X) = 0.88186, Training (Z) = 0.8895, Validation (Z) = 0.8863
Epoch 111: Loss = 0.20886, Training (Code) = 0.8964, Validation (Code) = 0.89425, Training (X) = 0.88686, Validation (X) = 0.88836, Training (Z) = 0.88723, Validation (Z) = 0.88612
Epoch 112: Loss = 0.20872, Training (Code) = 0.89738, Validation (Code) = 0.895, Training (X) = 0.88657, Validation (X) = 0.88445, Training (Z) = 0.8871, Validation (Z) = 0.88529
Epoch 113: Loss = 0.20857, Training (Code) = 0.89971, Validation (Code) = 0.89958, Training (X) = 0.88556, Validation (X) = 0.88031, Training (Z) = 0.888, Validation (Z) = 0.8881
Epoch 114: Loss = 0.20843, Training (Code) = 0.89825, Validation (Code) = 0.89708, Training (X) = 0.88459, Validation (X) = 0.88583, Training (Z) = 0.88837, Validation (Z) = 0.88481
Epoch 115: Loss = 0.20829, Training (Code) = 0.8989, Validation (Code) = 0.89783, Training (X) = 0.88643, Validation (X) = 0.88853, Training (Z) = 0.88715, Validation (Z) = 0.88482
Epoch 116: Loss = 0.20815, Training (Code) = 0.89846, Validation (Code) = 0.89575, Training (X) = 0.88696, Validation (X) = 0.88408, Training (Z) = 0.88821, Validation (Z) = 0.88585
Epoch 117: Loss = 0.20801, Training (Code) = 0.89798, Validation (Code) = 0.895, Training (X) = 0.88609, Validation (X) = 0.88836, Training (Z) = 0.88681, Validation (Z) = 0.88575
Epoch 118: Loss = 0.20787, Training (Code) = 0.89967, Validation (Code) = 0.89292, Training (X) = 0.8866, Validation (X) = 0.88959, Training (Z) = 0.88748, Validation (Z) = 0.88791
Epoch 119: Loss = 0.20773, Training (Code) = 0.89987, Validation (Code) = 0.89808, Training (X) = 0.88672, Validation (X) = 0.88438, Training (Z) = 0.88721, Validation (Z) = 0.88707
Epoch 120: Loss = 0.20759, Training (Code) = 0.8975, Validation (Code) = 0.89925, Training (X) = 0.88663, Validation (X) = 0.88796, Training (Z) = 0.88721, Validation (Z) = 0.89009
Epoch 121: Loss = 0.20745, Training (Code) = 0.89812, Validation (Code) = 0.89783, Training (X) = 0.88597, Validation (X) = 0.88147, Training (Z) = 0.88778, Validation (Z) = 0.8876
Epoch 122: Loss = 0.20732, Training (Code) = 0.89746, Validation (Code) = 0.89792, Training (X) = 0.88632, Validation (X) = 0.88445, Training (Z) = 0.88778, Validation (Z) = 0.8865
Epoch 123: Loss = 0.20718, Training (Code) = 0.8976, Validation (Code) = 0.89975, Training (X) = 0.88646, Validation (X) = 0.88469, Training (Z) = 0.88878, Validation (Z) = 0.88626
Epoch 124: Loss = 0.20705, Training (Code) = 0.89927, Validation (Code) = 0.895, Training (X) = 0.88456, Validation (X) = 0.88566, Training (Z) = 0.88785, Validation (Z) = 0.88985
Epoch 125: Loss = 0.20691, Training (Code) = 0.89954, Validation (Code) = 0.90092, Training (X) = 0.88517, Validation (X) = 0.88271, Training (Z) = 0.88698, Validation (Z) = 0.88595
Epoch 126: Loss = 0.20678, Training (Code) = 0.90077, Validation (Code) = 0.89933, Training (X) = 0.88563, Validation (X) = 0.88149, Training (Z) = 0.88619, Validation (Z) = 0.88603
Epoch 127: Loss = 0.20664, Training (Code) = 0.90158, Validation (Code) = 0.89683, Training (X) = 0.88617, Validation (X) = 0.8885, Training (Z) = 0.88673, Validation (Z) = 0.88589
Epoch 128: Loss = 0.20651, Training (Code) = 0.90096, Validation (Code) = 0.8965, Training (X) = 0.88605, Validation (X) = 0.88864, Training (Z) = 0.88748, Validation (Z) = 0.88381
Epoch 129: Loss = 0.20637, Training (Code) = 0.89938, Validation (Code) = 0.89683, Training (X) = 0.8861, Validation (X) = 0.88608, Training (Z) = 0.88775, Validation (Z) = 0.88524
Epoch 130: Loss = 0.20624, Training (Code) = 0.90073, Validation (Code) = 0.90058, Training (X) = 0.88604, Validation (X) = 0.88489, Training (Z) = 0.88785, Validation (Z) = 0.8885
Epoch 131: Loss = 0.20611, Training (Code) = 0.89929, Validation (Code) = 0.90183, Training (X) = 0.88591, Validation (X) = 0.88542, Training (Z) = 0.89019, Validation (Z) = 0.88801
Epoch 132: Loss = 0.20598, Training (Code) = 0.90173, Validation (Code) = 0.9035, Training (X) = 0.88517, Validation (X) = 0.88425, Training (Z) = 0.88645, Validation (Z) = 0.8824
Epoch 133: Loss = 0.20585, Training (Code) = 0.90263, Validation (Code) = 0.90183, Training (X) = 0.88663, Validation (X) = 0.88523, Training (Z) = 0.88623, Validation (Z) = 0.88625
Epoch 134: Loss = 0.20571, Training (Code) = 0.90279, Validation (Code) = 0.90417, Training (X) = 0.88376, Validation (X) = 0.88387, Training (Z) = 0.88702, Validation (Z) = 0.88581
Epoch 135: Loss = 0.20558, Training (Code) = 0.90133, Validation (Code) = 0.90142, Training (X) = 0.88628, Validation (X) = 0.88601, Training (Z) = 0.88642, Validation (Z) = 0.88407
Epoch 136: Loss = 0.20545, Training (Code) = 0.90019, Validation (Code) = 0.89783, Training (X) = 0.8853, Validation (X) = 0.88658, Training (Z) = 0.88806, Validation (Z) = 0.88584
Epoch 137: Loss = 0.20532, Training (Code) = 0.90106, Validation (Code) = 0.90442, Training (X) = 0.8862, Validation (X) = 0.88381, Training (Z) = 0.88807, Validation (Z) = 0.88805
Epoch 138: Loss = 0.20519, Training (Code) = 0.90125, Validation (Code) = 0.90042, Training (X) = 0.88537, Validation (X) = 0.88857, Training (Z) = 0.88675, Validation (Z) = 0.88635
Epoch 139: Loss = 0.20506, Training (Code) = 0.90254, Validation (Code) = 0.89917, Training (X) = 0.88553, Validation (X) = 0.88452, Training (Z) = 0.88726, Validation (Z) = 0.88508
Epoch 140: Loss = 0.20493, Training (Code) = 0.90277, Validation (Code) = 0.90092, Training (X) = 0.88609, Validation (X) = 0.88567, Training (Z) = 0.88653, Validation (Z) = 0.88946
Epoch 141: Loss = 0.2048, Training (Code) = 0.90069, Validation (Code) = 0.89542, Training (X) = 0.88541, Validation (X) = 0.88813, Training (Z) = 0.88622, Validation (Z) = 0.88897
Epoch 142: Loss = 0.20468, Training (Code) = 0.90056, Validation (Code) = 0.90125, Training (X) = 0.88477, Validation (X) = 0.8834, Training (Z) = 0.88634, Validation (Z) = 0.88821
Epoch 143: Loss = 0.20455, Training (Code) = 0.904, Validation (Code) = 0.90092, Training (X) = 0.88558, Validation (X) = 0.88641, Training (Z) = 0.8871, Validation (Z) = 0.88484
Epoch 144: Loss = 0.20442, Training (Code) = 0.90167, Validation (Code) = 0.90342, Training (X) = 0.88644, Validation (X) = 0.88663, Training (Z) = 0.88732, Validation (Z) = 0.8858
Epoch 145: Loss = 0.20429, Training (Code) = 0.90333, Validation (Code) = 0.9045, Training (X) = 0.8863, Validation (X) = 0.88566, Training (Z) = 0.88752, Validation (Z) = 0.88649
Epoch 146: Loss = 0.20416, Training (Code) = 0.90167, Validation (Code) = 0.90325, Training (X) = 0.88701, Validation (X) = 0.88809, Training (Z) = 0.88692, Validation (Z) = 0.88717
Epoch 147: Loss = 0.20403, Training (Code) = 0.90419, Validation (Code) = 0.90442, Training (X) = 0.88565, Validation (X) = 0.88492, Training (Z) = 0.88857, Validation (Z) = 0.88704
Epoch 148: Loss = 0.2039, Training (Code) = 0.9021, Validation (Code) = 0.90267, Training (X) = 0.88432, Validation (X) = 0.88792, Training (Z) = 0.88809, Validation (Z) = 0.88912
Epoch 149: Loss = 0.20377, Training (Code) = 0.90338, Validation (Code) = 0.906, Training (X) = 0.8864, Validation (X) = 0.88521, Training (Z) = 0.88714, Validation (Z) = 0.88484
Epoch 150: Loss = 0.20364, Training (Code) = 0.90221, Validation (Code) = 0.90133, Training (X) = 0.88669, Validation (X) = 0.88563, Training (Z) = 0.88641, Validation (Z) = 0.88757
Epoch 151: Loss = 0.2035, Training (Code) = 0.90112, Validation (Code) = 0.905, Training (X) = 0.88755, Validation (X) = 0.88223, Training (Z) = 0.88919, Validation (Z) = 0.88158
Epoch 152: Loss = 0.20337, Training (Code) = 0.90344, Validation (Code) = 0.90233, Training (X) = 0.8865, Validation (X) = 0.8816, Training (Z) = 0.88613, Validation (Z) = 0.8865
Epoch 153: Loss = 0.20324, Training (Code) = 0.9019, Validation (Code) = 0.89925, Training (X) = 0.886, Validation (X) = 0.88518, Training (Z) = 0.88771, Validation (Z) = 0.88426
Epoch 154: Loss = 0.20311, Training (Code) = 0.90133, Validation (Code) = 0.90033, Training (X) = 0.88954, Validation (X) = 0.88495, Training (Z) = 0.88741, Validation (Z) = 0.88773
Epoch 155: Loss = 0.20298, Training (Code) = 0.90296, Validation (Code) = 0.89833, Training (X) = 0.88695, Validation (X) = 0.88618, Training (Z) = 0.8878, Validation (Z) = 0.88599
Epoch 156: Loss = 0.20285, Training (Code) = 0.9045, Validation (Code) = 0.90375, Training (X) = 0.88698, Validation (X) = 0.88575, Training (Z) = 0.8867, Validation (Z) = 0.88575
Epoch 157: Loss = 0.20271, Training (Code) = 0.90302, Validation (Code) = 0.90475, Training (X) = 0.88679, Validation (X) = 0.88809, Training (Z) = 0.88792, Validation (Z) = 0.88735
Epoch 158: Loss = 0.20258, Training (Code) = 0.90406, Validation (Code) = 0.90033, Training (X) = 0.88725, Validation (X) = 0.88578, Training (Z) = 0.88674, Validation (Z) = 0.88606
Epoch 159: Loss = 0.20245, Training (Code) = 0.9036, Validation (Code) = 0.90008, Training (X) = 0.88624, Validation (X) = 0.88566, Training (Z) = 0.88774, Validation (Z) = 0.88723
Epoch 160: Loss = 0.20232, Training (Code) = 0.90335, Validation (Code) = 0.90167, Training (X) = 0.88605, Validation (X) = 0.88355, Training (Z) = 0.88866, Validation (Z) = 0.88623
Epoch 161: Loss = 0.20219, Training (Code) = 0.90317, Validation (Code) = 0.90217, Training (X) = 0.88547, Validation (X) = 0.88518, Training (Z) = 0.8872, Validation (Z) = 0.88722
Epoch 162: Loss = 0.20206, Training (Code) = 0.90481, Validation (Code) = 0.9025, Training (X) = 0.88683, Validation (X) = 0.89114, Training (Z) = 0.88709, Validation (Z) = 0.88744
Epoch 163: Loss = 0.20193, Training (Code) = 0.90312, Validation (Code) = 0.90183, Training (X) = 0.88644, Validation (X) = 0.88764, Training (Z) = 0.8883, Validation (Z) = 0.88542
Epoch 164: Loss = 0.2018, Training (Code) = 0.9049, Validation (Code) = 0.90333, Training (X) = 0.88601, Validation (X) = 0.88764, Training (Z) = 0.88599, Validation (Z) = 0.88552
Epoch 165: Loss = 0.20168, Training (Code) = 0.90358, Validation (Code) = 0.90017, Training (X) = 0.88633, Validation (X) = 0.88863, Training (Z) = 0.88792, Validation (Z) = 0.88743
Epoch 166: Loss = 0.20155, Training (Code) = 0.90531, Validation (Code) = 0.90292, Training (X) = 0.88551, Validation (X) = 0.88279, Training (Z) = 0.88648, Validation (Z) = 0.8886
Epoch 167: Loss = 0.20142, Training (Code) = 0.90158, Validation (Code) = 0.90292, Training (X) = 0.88647, Validation (X) = 0.88546, Training (Z) = 0.8886, Validation (Z) = 0.88676
Epoch 168: Loss = 0.2013, Training (Code) = 0.90392, Validation (Code) = 0.90192, Training (X) = 0.88649, Validation (X) = 0.88377, Training (Z) = 0.8867, Validation (Z) = 0.89005
Epoch 169: Loss = 0.20118, Training (Code) = 0.90458, Validation (Code) = 0.90533, Training (X) = 0.8869, Validation (X) = 0.88779, Training (Z) = 0.88703, Validation (Z) = 0.88687
Epoch 170: Loss = 0.20105, Training (Code) = 0.90323, Validation (Code) = 0.90292, Training (X) = 0.88617, Validation (X) = 0.88676, Training (Z) = 0.88638, Validation (Z) = 0.88371
Epoch 171: Loss = 0.20093, Training (Code) = 0.90383, Validation (Code) = 0.90392, Training (X) = 0.88512, Validation (X) = 0.88707, Training (Z) = 0.88759, Validation (Z) = 0.88725
Epoch 172: Loss = 0.20081, Training (Code) = 0.90575, Validation (Code) = 0.904, Training (X) = 0.8858, Validation (X) = 0.8868, Training (Z) = 0.88941, Validation (Z) = 0.88496
Epoch 173: Loss = 0.2007, Training (Code) = 0.90515, Validation (Code) = 0.90133, Training (X) = 0.88641, Validation (X) = 0.88804, Training (Z) = 0.88651, Validation (Z) = 0.8897
Epoch 174: Loss = 0.20058, Training (Code) = 0.90494, Validation (Code) = 0.89983, Training (X) = 0.88583, Validation (X) = 0.88489, Training (Z) = 0.88708, Validation (Z) = 0.88859
Epoch 175: Loss = 0.20047, Training (Code) = 0.9039, Validation (Code) = 0.90258, Training (X) = 0.88688, Validation (X) = 0.88745, Training (Z) = 0.8872, Validation (Z) = 0.88699
Epoch 176: Loss = 0.20035, Training (Code) = 0.90456, Validation (Code) = 0.9, Training (X) = 0.88544, Validation (X) = 0.88639, Training (Z) = 0.88821, Validation (Z) = 0.88602
Epoch 177: Loss = 0.20024, Training (Code) = 0.90404, Validation (Code) = 0.89983, Training (X) = 0.88609, Validation (X) = 0.88544, Training (Z) = 0.88747, Validation (Z) = 0.88868
Epoch 178: Loss = 0.20013, Training (Code) = 0.90504, Validation (Code) = 0.90158, Training (X) = 0.88748, Validation (X) = 0.88834, Training (Z) = 0.88681, Validation (Z) = 0.88779
Epoch 179: Loss = 0.20002, Training (Code) = 0.90635, Validation (Code) = 0.90233, Training (X) = 0.88592, Validation (X) = 0.88788, Training (Z) = 0.88679, Validation (Z) = 0.88835
Epoch 180: Loss = 0.19992, Training (Code) = 0.9051, Validation (Code) = 0.90425, Training (X) = 0.88666, Validation (X) = 0.88738, Training (Z) = 0.88581, Validation (Z) = 0.88978
Epoch 181: Loss = 0.19981, Training (Code) = 0.90463, Validation (Code) = 0.90517, Training (X) = 0.88628, Validation (X) = 0.88317, Training (Z) = 0.88614, Validation (Z) = 0.8851
Epoch 182: Loss = 0.1997, Training (Code) = 0.90373, Validation (Code) = 0.89958, Training (X) = 0.88702, Validation (X) = 0.88837, Training (Z) = 0.88866, Validation (Z) = 0.88837
Epoch 183: Loss = 0.1996, Training (Code) = 0.90517, Validation (Code) = 0.90592, Training (X) = 0.88644, Validation (X) = 0.88566, Training (Z) = 0.88711, Validation (Z) = 0.8841
Epoch 184: Loss = 0.1995, Training (Code) = 0.90552, Validation (Code) = 0.90158, Training (X) = 0.88736, Validation (X) = 0.88761, Training (Z) = 0.88641, Validation (Z) = 0.88696
Epoch 185: Loss = 0.1994, Training (Code) = 0.90392, Validation (Code) = 0.9055, Training (X) = 0.88783, Validation (X) = 0.88165, Training (Z) = 0.88914, Validation (Z) = 0.88487
Epoch 186: Loss = 0.1993, Training (Code) = 0.90515, Validation (Code) = 0.90142, Training (X) = 0.88625, Validation (X) = 0.88777, Training (Z) = 0.88632, Validation (Z) = 0.88546
Epoch 187: Loss = 0.1992, Training (Code) = 0.90619, Validation (Code) = 0.90642, Training (X) = 0.88611, Validation (X) = 0.88333, Training (Z) = 0.88795, Validation (Z) = 0.88471
Epoch 188: Loss = 0.19911, Training (Code) = 0.9046, Validation (Code) = 0.90492, Training (X) = 0.88699, Validation (X) = 0.8824, Training (Z) = 0.88823, Validation (Z) = 0.88912
Epoch 189: Loss = 0.19901, Training (Code) = 0.90769, Validation (Code) = 0.902, Training (X) = 0.88572, Validation (X) = 0.88489, Training (Z) = 0.88593, Validation (Z) = 0.88646
Epoch 190: Loss = 0.19892, Training (Code) = 0.90369, Validation (Code) = 0.90133, Training (X) = 0.8869, Validation (X) = 0.88804, Training (Z) = 0.88639, Validation (Z) = 0.88822
Epoch 191: Loss = 0.19883, Training (Code) = 0.90367, Validation (Code) = 0.90317, Training (X) = 0.88736, Validation (X) = 0.88697, Training (Z) = 0.88805, Validation (Z) = 0.88706
Epoch 192: Loss = 0.19874, Training (Code) = 0.90675, Validation (Code) = 0.90308, Training (X) = 0.88792, Validation (X) = 0.88226, Training (Z) = 0.88703, Validation (Z) = 0.88678
Epoch 193: Loss = 0.19865, Training (Code) = 0.90404, Validation (Code) = 0.90683, Training (X) = 0.88662, Validation (X) = 0.88247, Training (Z) = 0.88736, Validation (Z) = 0.88467
Epoch 194: Loss = 0.19856, Training (Code) = 0.9054, Validation (Code) = 0.90233, Training (X) = 0.88621, Validation (X) = 0.88973, Training (Z) = 0.88794, Validation (Z) = 0.88659
Epoch 195: Loss = 0.19847, Training (Code) = 0.90377, Validation (Code) = 0.90367, Training (X) = 0.88638, Validation (X) = 0.89054, Training (Z) = 0.88838, Validation (Z) = 0.88731
Epoch 196: Loss = 0.19839, Training (Code) = 0.90481, Validation (Code) = 0.90117, Training (X) = 0.88563, Validation (X) = 0.88607, Training (Z) = 0.88819, Validation (Z) = 0.88903
Epoch 197: Loss = 0.1983, Training (Code) = 0.90444, Validation (Code) = 0.90375, Training (X) = 0.88547, Validation (X) = 0.88345, Training (Z) = 0.8875, Validation (Z) = 0.88603
Epoch 198: Loss = 0.19822, Training (Code) = 0.90567, Validation (Code) = 0.90392, Training (X) = 0.88749, Validation (X) = 0.8843, Training (Z) = 0.88747, Validation (Z) = 0.88882
Epoch 199: Loss = 0.19813, Training (Code) = 0.90465, Validation (Code) = 0.90442, Training (X) = 0.8866, Validation (X) = 0.88575, Training (Z) = 0.88672, Validation (Z) = 0.88722
Epoch 200: Loss = 0.19805, Training (Code) = 0.90683, Validation (Code) = 0.9075, Training (X) = 0.88594, Validation (X) = 0.88264, Training (Z) = 0.88639, Validation (Z) = 0.88402
