==========================================
SLURM_JOB_ID = 6161525
SLURM_JOB_NODELIST = d05-33
TMPDIR = /tmp/SLURM_6161525
==========================================
10_11_11_15_04_551 [6, 40, 40, 40, 40, 14] [Tanh(), Tanh(), Tanh(), Tanh(), Tanh(), Sigmoid()] 200 5e-05 75
Epoch 1: Loss = 0.37405, Training (Code) = 0.8346, Validation (Code) = 0.833, Training (X) = 0.84681, Validation (X) = 0.84344, Training (Z) = 0.84811, Validation (Z) = 0.84694
Epoch 2: Loss = 0.29762, Training (Code) = 0.90331, Validation (Code) = 0.90208, Training (X) = 0.85161, Validation (X) = 0.85367, Training (Z) = 0.85655, Validation (Z) = 0.85764
Epoch 3: Loss = 0.26132, Training (Code) = 0.93229, Validation (Code) = 0.934, Training (X) = 0.85837, Validation (X) = 0.85644, Training (Z) = 0.86221, Validation (Z) = 0.86099
Epoch 4: Loss = 0.24511, Training (Code) = 0.94306, Validation (Code) = 0.93975, Training (X) = 0.86078, Validation (X) = 0.85581, Training (Z) = 0.86509, Validation (Z) = 0.86663
Epoch 5: Loss = 0.23759, Training (Code) = 0.94883, Validation (Code) = 0.94642, Training (X) = 0.86295, Validation (X) = 0.86053, Training (Z) = 0.8642, Validation (Z) = 0.86352
Epoch 6: Loss = 0.23391, Training (Code) = 0.94829, Validation (Code) = 0.95025, Training (X) = 0.86473, Validation (X) = 0.866, Training (Z) = 0.86535, Validation (Z) = 0.86372
Epoch 7: Loss = 0.23188, Training (Code) = 0.95383, Validation (Code) = 0.95167, Training (X) = 0.86299, Validation (X) = 0.8655, Training (Z) = 0.86406, Validation (Z) = 0.86515
Epoch 8: Loss = 0.23055, Training (Code) = 0.95367, Validation (Code) = 0.95417, Training (X) = 0.86248, Validation (X) = 0.86437, Training (Z) = 0.86552, Validation (Z) = 0.86445
Epoch 9: Loss = 0.22948, Training (Code) = 0.95727, Validation (Code) = 0.95583, Training (X) = 0.86095, Validation (X) = 0.86382, Training (Z) = 0.86154, Validation (Z) = 0.86391
Epoch 10: Loss = 0.22855, Training (Code) = 0.95813, Validation (Code) = 0.955, Training (X) = 0.86277, Validation (X) = 0.86126, Training (Z) = 0.86458, Validation (Z) = 0.86483
Epoch 11: Loss = 0.22774, Training (Code) = 0.95954, Validation (Code) = 0.95933, Training (X) = 0.8617, Validation (X) = 0.86214, Training (Z) = 0.86532, Validation (Z) = 0.86562
Epoch 12: Loss = 0.22703, Training (Code) = 0.95921, Validation (Code) = 0.96142, Training (X) = 0.86278, Validation (X) = 0.86192, Training (Z) = 0.86321, Validation (Z) = 0.86149
Epoch 13: Loss = 0.22641, Training (Code) = 0.96067, Validation (Code) = 0.96542, Training (X) = 0.86552, Validation (X) = 0.85878, Training (Z) = 0.86411, Validation (Z) = 0.86085
Epoch 14: Loss = 0.22586, Training (Code) = 0.96233, Validation (Code) = 0.962, Training (X) = 0.86221, Validation (X) = 0.85603, Training (Z) = 0.86489, Validation (Z) = 0.86564
Epoch 15: Loss = 0.22537, Training (Code) = 0.9634, Validation (Code) = 0.96417, Training (X) = 0.86309, Validation (X) = 0.86111, Training (Z) = 0.86439, Validation (Z) = 0.86292
Epoch 16: Loss = 0.22491, Training (Code) = 0.9644, Validation (Code) = 0.96358, Training (X) = 0.86365, Validation (X) = 0.86336, Training (Z) = 0.86451, Validation (Z) = 0.86301
Epoch 17: Loss = 0.22447, Training (Code) = 0.96492, Validation (Code) = 0.965, Training (X) = 0.86294, Validation (X) = 0.86356, Training (Z) = 0.86357, Validation (Z) = 0.86373
Epoch 18: Loss = 0.22404, Training (Code) = 0.96715, Validation (Code) = 0.96383, Training (X) = 0.86112, Validation (X) = 0.86149, Training (Z) = 0.86246, Validation (Z) = 0.86305
Epoch 19: Loss = 0.22359, Training (Code) = 0.96617, Validation (Code) = 0.96733, Training (X) = 0.86368, Validation (X) = 0.86277, Training (Z) = 0.86305, Validation (Z) = 0.85949
Epoch 20: Loss = 0.22311, Training (Code) = 0.96848, Validation (Code) = 0.96742, Training (X) = 0.86108, Validation (X) = 0.85942, Training (Z) = 0.86289, Validation (Z) = 0.86424
Epoch 21: Loss = 0.22261, Training (Code) = 0.96852, Validation (Code) = 0.96792, Training (X) = 0.86124, Validation (X) = 0.86035, Training (Z) = 0.86408, Validation (Z) = 0.86345
Epoch 22: Loss = 0.22208, Training (Code) = 0.96779, Validation (Code) = 0.968, Training (X) = 0.86279, Validation (X) = 0.86123, Training (Z) = 0.86197, Validation (Z) = 0.86458
Epoch 23: Loss = 0.22151, Training (Code) = 0.96727, Validation (Code) = 0.96792, Training (X) = 0.86321, Validation (X) = 0.86268, Training (Z) = 0.8619, Validation (Z) = 0.86362
Epoch 24: Loss = 0.22092, Training (Code) = 0.96908, Validation (Code) = 0.97008, Training (X) = 0.86467, Validation (X) = 0.86127, Training (Z) = 0.86368, Validation (Z) = 0.86247
Epoch 25: Loss = 0.22029, Training (Code) = 0.9681, Validation (Code) = 0.9685, Training (X) = 0.86279, Validation (X) = 0.86801, Training (Z) = 0.86417, Validation (Z) = 0.86164
Epoch 26: Loss = 0.21965, Training (Code) = 0.96977, Validation (Code) = 0.96675, Training (X) = 0.86378, Validation (X) = 0.86596, Training (Z) = 0.86393, Validation (Z) = 0.86424
Epoch 27: Loss = 0.21898, Training (Code) = 0.97133, Validation (Code) = 0.971, Training (X) = 0.86353, Validation (X) = 0.85865, Training (Z) = 0.86513, Validation (Z) = 0.8644
Epoch 28: Loss = 0.21829, Training (Code) = 0.9701, Validation (Code) = 0.96975, Training (X) = 0.86322, Validation (X) = 0.86062, Training (Z) = 0.86288, Validation (Z) = 0.86362
Epoch 29: Loss = 0.21758, Training (Code) = 0.97092, Validation (Code) = 0.96908, Training (X) = 0.86289, Validation (X) = 0.86267, Training (Z) = 0.8637, Validation (Z) = 0.86663
Epoch 30: Loss = 0.21687, Training (Code) = 0.97137, Validation (Code) = 0.97175, Training (X) = 0.86488, Validation (X) = 0.86176, Training (Z) = 0.86325, Validation (Z) = 0.86159
Epoch 31: Loss = 0.21614, Training (Code) = 0.97248, Validation (Code) = 0.97167, Training (X) = 0.86456, Validation (X) = 0.86441, Training (Z) = 0.86264, Validation (Z) = 0.86261
Epoch 32: Loss = 0.2154, Training (Code) = 0.97208, Validation (Code) = 0.97042, Training (X) = 0.86522, Validation (X) = 0.86638, Training (Z) = 0.86352, Validation (Z) = 0.86509
Epoch 33: Loss = 0.21466, Training (Code) = 0.97233, Validation (Code) = 0.972, Training (X) = 0.86592, Validation (X) = 0.86428, Training (Z) = 0.86444, Validation (Z) = 0.86205
Epoch 34: Loss = 0.21391, Training (Code) = 0.97406, Validation (Code) = 0.97167, Training (X) = 0.8629, Validation (X) = 0.86166, Training (Z) = 0.86442, Validation (Z) = 0.86055
Epoch 35: Loss = 0.21317, Training (Code) = 0.97267, Validation (Code) = 0.97333, Training (X) = 0.86382, Validation (X) = 0.8661, Training (Z) = 0.86266, Validation (Z) = 0.86113
Epoch 36: Loss = 0.21242, Training (Code) = 0.97404, Validation (Code) = 0.97417, Training (X) = 0.86523, Validation (X) = 0.86099, Training (Z) = 0.86254, Validation (Z) = 0.86176
Epoch 37: Loss = 0.21168, Training (Code) = 0.97367, Validation (Code) = 0.9725, Training (X) = 0.86396, Validation (X) = 0.86264, Training (Z) = 0.86364, Validation (Z) = 0.8635
Epoch 38: Loss = 0.21094, Training (Code) = 0.97433, Validation (Code) = 0.97542, Training (X) = 0.86484, Validation (X) = 0.86348, Training (Z) = 0.86315, Validation (Z) = 0.86202
Epoch 39: Loss = 0.21021, Training (Code) = 0.97385, Validation (Code) = 0.97283, Training (X) = 0.86401, Validation (X) = 0.86097, Training (Z) = 0.86354, Validation (Z) = 0.86097
Epoch 40: Loss = 0.20949, Training (Code) = 0.97571, Validation (Code) = 0.97267, Training (X) = 0.86627, Validation (X) = 0.86472, Training (Z) = 0.86269, Validation (Z) = 0.86283
Epoch 41: Loss = 0.20879, Training (Code) = 0.97494, Validation (Code) = 0.9755, Training (X) = 0.86574, Validation (X) = 0.86221, Training (Z) = 0.86356, Validation (Z) = 0.86571
Epoch 42: Loss = 0.2081, Training (Code) = 0.97633, Validation (Code) = 0.97525, Training (X) = 0.86382, Validation (X) = 0.86362, Training (Z) = 0.86311, Validation (Z) = 0.86098
Epoch 43: Loss = 0.20743, Training (Code) = 0.97369, Validation (Code) = 0.9755, Training (X) = 0.86469, Validation (X) = 0.86588, Training (Z) = 0.86608, Validation (Z) = 0.8646
Epoch 44: Loss = 0.20677, Training (Code) = 0.97513, Validation (Code) = 0.97608, Training (X) = 0.86408, Validation (X) = 0.86195, Training (Z) = 0.86395, Validation (Z) = 0.86212
Epoch 45: Loss = 0.20613, Training (Code) = 0.97575, Validation (Code) = 0.97742, Training (X) = 0.86527, Validation (X) = 0.86359, Training (Z) = 0.86414, Validation (Z) = 0.86231
Epoch 46: Loss = 0.20552, Training (Code) = 0.97567, Validation (Code) = 0.97675, Training (X) = 0.86612, Validation (X) = 0.86392, Training (Z) = 0.86449, Validation (Z) = 0.864
Epoch 47: Loss = 0.20493, Training (Code) = 0.97637, Validation (Code) = 0.97475, Training (X) = 0.86493, Validation (X) = 0.86629, Training (Z) = 0.86355, Validation (Z) = 0.86304
Epoch 48: Loss = 0.20436, Training (Code) = 0.97579, Validation (Code) = 0.978, Training (X) = 0.86575, Validation (X) = 0.86239, Training (Z) = 0.86404, Validation (Z) = 0.86503
Epoch 49: Loss = 0.20381, Training (Code) = 0.97606, Validation (Code) = 0.97567, Training (X) = 0.86436, Validation (X) = 0.86898, Training (Z) = 0.86359, Validation (Z) = 0.86232
Epoch 50: Loss = 0.20329, Training (Code) = 0.97615, Validation (Code) = 0.97667, Training (X) = 0.86516, Validation (X) = 0.86374, Training (Z) = 0.86337, Validation (Z) = 0.86544
Epoch 51: Loss = 0.20279, Training (Code) = 0.9759, Validation (Code) = 0.9755, Training (X) = 0.86673, Validation (X) = 0.86383, Training (Z) = 0.86549, Validation (Z) = 0.86246
Epoch 52: Loss = 0.20231, Training (Code) = 0.97731, Validation (Code) = 0.97625, Training (X) = 0.86562, Validation (X) = 0.86317, Training (Z) = 0.86291, Validation (Z) = 0.86223
Epoch 53: Loss = 0.20186, Training (Code) = 0.97598, Validation (Code) = 0.97758, Training (X) = 0.86674, Validation (X) = 0.86259, Training (Z) = 0.86326, Validation (Z) = 0.86318
Epoch 54: Loss = 0.20143, Training (Code) = 0.97675, Validation (Code) = 0.97758, Training (X) = 0.86554, Validation (X) = 0.86941, Training (Z) = 0.86539, Validation (Z) = 0.85943
Epoch 55: Loss = 0.20102, Training (Code) = 0.97617, Validation (Code) = 0.97775, Training (X) = 0.86634, Validation (X) = 0.86252, Training (Z) = 0.86429, Validation (Z) = 0.86218
Epoch 56: Loss = 0.20063, Training (Code) = 0.97852, Validation (Code) = 0.9775, Training (X) = 0.86572, Validation (X) = 0.86547, Training (Z) = 0.86372, Validation (Z) = 0.86155
Epoch 57: Loss = 0.20027, Training (Code) = 0.97685, Validation (Code) = 0.97708, Training (X) = 0.86615, Validation (X) = 0.86431, Training (Z) = 0.86402, Validation (Z) = 0.86277
Epoch 58: Loss = 0.19992, Training (Code) = 0.97546, Validation (Code) = 0.97742, Training (X) = 0.86545, Validation (X) = 0.86452, Training (Z) = 0.86459, Validation (Z) = 0.86145
Epoch 59: Loss = 0.19959, Training (Code) = 0.97721, Validation (Code) = 0.97742, Training (X) = 0.86699, Validation (X) = 0.86555, Training (Z) = 0.86467, Validation (Z) = 0.86359
Epoch 60: Loss = 0.19928, Training (Code) = 0.97746, Validation (Code) = 0.97825, Training (X) = 0.86574, Validation (X) = 0.8666, Training (Z) = 0.86274, Validation (Z) = 0.86259
Epoch 61: Loss = 0.19899, Training (Code) = 0.97688, Validation (Code) = 0.97792, Training (X) = 0.86515, Validation (X) = 0.86306, Training (Z) = 0.86291, Validation (Z) = 0.86272
Epoch 62: Loss = 0.19872, Training (Code) = 0.97833, Validation (Code) = 0.97933, Training (X) = 0.86431, Validation (X) = 0.86479, Training (Z) = 0.86388, Validation (Z) = 0.86521
Epoch 63: Loss = 0.19845, Training (Code) = 0.9785, Validation (Code) = 0.97483, Training (X) = 0.86657, Validation (X) = 0.86476, Training (Z) = 0.86386, Validation (Z) = 0.86416
Epoch 64: Loss = 0.19821, Training (Code) = 0.9774, Validation (Code) = 0.97783, Training (X) = 0.86665, Validation (X) = 0.86612, Training (Z) = 0.86356, Validation (Z) = 0.8639
Epoch 65: Loss = 0.19797, Training (Code) = 0.97746, Validation (Code) = 0.977, Training (X) = 0.86753, Validation (X) = 0.8631, Training (Z) = 0.8631, Validation (Z) = 0.86771
Epoch 66: Loss = 0.19775, Training (Code) = 0.97792, Validation (Code) = 0.97733, Training (X) = 0.86602, Validation (X) = 0.864, Training (Z) = 0.86351, Validation (Z) = 0.86264
Epoch 67: Loss = 0.19754, Training (Code) = 0.97819, Validation (Code) = 0.97933, Training (X) = 0.86504, Validation (X) = 0.86547, Training (Z) = 0.86378, Validation (Z) = 0.86139
Epoch 68: Loss = 0.19733, Training (Code) = 0.97813, Validation (Code) = 0.97775, Training (X) = 0.8655, Validation (X) = 0.8673, Training (Z) = 0.86545, Validation (Z) = 0.86466
Epoch 69: Loss = 0.19714, Training (Code) = 0.97837, Validation (Code) = 0.97817, Training (X) = 0.86689, Validation (X) = 0.86505, Training (Z) = 0.86423, Validation (Z) = 0.86429
Epoch 70: Loss = 0.19696, Training (Code) = 0.97819, Validation (Code) = 0.97725, Training (X) = 0.86687, Validation (X) = 0.86569, Training (Z) = 0.8635, Validation (Z) = 0.86237
Epoch 71: Loss = 0.19678, Training (Code) = 0.97888, Validation (Code) = 0.97992, Training (X) = 0.86751, Validation (X) = 0.86555, Training (Z) = 0.86445, Validation (Z) = 0.85917
Epoch 72: Loss = 0.19661, Training (Code) = 0.97773, Validation (Code) = 0.97725, Training (X) = 0.86659, Validation (X) = 0.86407, Training (Z) = 0.86467, Validation (Z) = 0.86015
Epoch 73: Loss = 0.19645, Training (Code) = 0.978, Validation (Code) = 0.97942, Training (X) = 0.86578, Validation (X) = 0.86463, Training (Z) = 0.8646, Validation (Z) = 0.86174
Epoch 74: Loss = 0.19629, Training (Code) = 0.97765, Validation (Code) = 0.9785, Training (X) = 0.86745, Validation (X) = 0.86646, Training (Z) = 0.8649, Validation (Z) = 0.86323
Epoch 75: Loss = 0.19614, Training (Code) = 0.97802, Validation (Code) = 0.97675, Training (X) = 0.86663, Validation (X) = 0.86358, Training (Z) = 0.86427, Validation (Z) = 0.86631
Epoch 76: Loss = 0.19599, Training (Code) = 0.97913, Validation (Code) = 0.97717, Training (X) = 0.86482, Validation (X) = 0.86875, Training (Z) = 0.86393, Validation (Z) = 0.86406
Epoch 77: Loss = 0.19585, Training (Code) = 0.9794, Validation (Code) = 0.977, Training (X) = 0.86584, Validation (X) = 0.86583, Training (Z) = 0.86237, Validation (Z) = 0.86464
Epoch 78: Loss = 0.19572, Training (Code) = 0.97808, Validation (Code) = 0.97908, Training (X) = 0.86728, Validation (X) = 0.8639, Training (Z) = 0.86359, Validation (Z) = 0.86297
Epoch 79: Loss = 0.19558, Training (Code) = 0.97813, Validation (Code) = 0.97633, Training (X) = 0.86701, Validation (X) = 0.86719, Training (Z) = 0.86292, Validation (Z) = 0.86258
Epoch 80: Loss = 0.19546, Training (Code) = 0.97927, Validation (Code) = 0.9805, Training (X) = 0.86693, Validation (X) = 0.86317, Training (Z) = 0.86333, Validation (Z) = 0.86147
Epoch 81: Loss = 0.19534, Training (Code) = 0.97925, Validation (Code) = 0.979, Training (X) = 0.86761, Validation (X) = 0.86866, Training (Z) = 0.86329, Validation (Z) = 0.86202
Epoch 82: Loss = 0.19522, Training (Code) = 0.97929, Validation (Code) = 0.98008, Training (X) = 0.86604, Validation (X) = 0.86285, Training (Z) = 0.86508, Validation (Z) = 0.86217
Epoch 83: Loss = 0.1951, Training (Code) = 0.97892, Validation (Code) = 0.97967, Training (X) = 0.86688, Validation (X) = 0.86594, Training (Z) = 0.86362, Validation (Z) = 0.86347
Epoch 84: Loss = 0.19499, Training (Code) = 0.97902, Validation (Code) = 0.97567, Training (X) = 0.86489, Validation (X) = 0.8677, Training (Z) = 0.86317, Validation (Z) = 0.86505
Epoch 85: Loss = 0.19489, Training (Code) = 0.97846, Validation (Code) = 0.98025, Training (X) = 0.86622, Validation (X) = 0.86364, Training (Z) = 0.86273, Validation (Z) = 0.85964
Epoch 86: Loss = 0.19478, Training (Code) = 0.97833, Validation (Code) = 0.97733, Training (X) = 0.86699, Validation (X) = 0.86613, Training (Z) = 0.86265, Validation (Z) = 0.86357
Epoch 87: Loss = 0.19469, Training (Code) = 0.9796, Validation (Code) = 0.97858, Training (X) = 0.86683, Validation (X) = 0.86588, Training (Z) = 0.86344, Validation (Z) = 0.86452
Epoch 88: Loss = 0.19459, Training (Code) = 0.97865, Validation (Code) = 0.97992, Training (X) = 0.86599, Validation (X) = 0.86359, Training (Z) = 0.86318, Validation (Z) = 0.8613
Epoch 89: Loss = 0.1945, Training (Code) = 0.97837, Validation (Code) = 0.979, Training (X) = 0.86728, Validation (X) = 0.86602, Training (Z) = 0.86351, Validation (Z) = 0.86296
Epoch 90: Loss = 0.19442, Training (Code) = 0.97846, Validation (Code) = 0.97867, Training (X) = 0.86718, Validation (X) = 0.86478, Training (Z) = 0.86401, Validation (Z) = 0.86453
Epoch 91: Loss = 0.19433, Training (Code) = 0.97873, Validation (Code) = 0.97717, Training (X) = 0.86679, Validation (X) = 0.86577, Training (Z) = 0.8636, Validation (Z) = 0.86475
Epoch 92: Loss = 0.19426, Training (Code) = 0.9795, Validation (Code) = 0.97917, Training (X) = 0.86594, Validation (X) = 0.86553, Training (Z) = 0.86351, Validation (Z) = 0.85855
Epoch 93: Loss = 0.19418, Training (Code) = 0.9789, Validation (Code) = 0.97925, Training (X) = 0.8676, Validation (X) = 0.86444, Training (Z) = 0.86341, Validation (Z) = 0.86256
Epoch 94: Loss = 0.19411, Training (Code) = 0.97788, Validation (Code) = 0.9765, Training (X) = 0.86629, Validation (X) = 0.86644, Training (Z) = 0.86437, Validation (Z) = 0.86585
Epoch 95: Loss = 0.19404, Training (Code) = 0.97885, Validation (Code) = 0.97917, Training (X) = 0.86664, Validation (X) = 0.86494, Training (Z) = 0.86732, Validation (Z) = 0.8646
Epoch 96: Loss = 0.19398, Training (Code) = 0.97852, Validation (Code) = 0.98175, Training (X) = 0.86595, Validation (X) = 0.86606, Training (Z) = 0.86378, Validation (Z) = 0.86147
Epoch 97: Loss = 0.19392, Training (Code) = 0.97817, Validation (Code) = 0.97867, Training (X) = 0.8658, Validation (X) = 0.86895, Training (Z) = 0.8649, Validation (Z) = 0.86504
Epoch 98: Loss = 0.19387, Training (Code) = 0.97944, Validation (Code) = 0.97733, Training (X) = 0.86497, Validation (X) = 0.86502, Training (Z) = 0.86289, Validation (Z) = 0.86264
Epoch 99: Loss = 0.19382, Training (Code) = 0.97948, Validation (Code) = 0.98, Training (X) = 0.86677, Validation (X) = 0.86463, Training (Z) = 0.8633, Validation (Z) = 0.86361
Epoch 100: Loss = 0.19377, Training (Code) = 0.9794, Validation (Code) = 0.97992, Training (X) = 0.86597, Validation (X) = 0.86606, Training (Z) = 0.86254, Validation (Z) = 0.86453
Epoch 101: Loss = 0.19372, Training (Code) = 0.97871, Validation (Code) = 0.97975, Training (X) = 0.86568, Validation (X) = 0.86629, Training (Z) = 0.86347, Validation (Z) = 0.86229
Epoch 102: Loss = 0.19368, Training (Code) = 0.97948, Validation (Code) = 0.97825, Training (X) = 0.86623, Validation (X) = 0.86711, Training (Z) = 0.86362, Validation (Z) = 0.86268
Epoch 103: Loss = 0.19364, Training (Code) = 0.97917, Validation (Code) = 0.97933, Training (X) = 0.86574, Validation (X) = 0.86351, Training (Z) = 0.86472, Validation (Z) = 0.86317
Epoch 104: Loss = 0.19361, Training (Code) = 0.97902, Validation (Code) = 0.98033, Training (X) = 0.8669, Validation (X) = 0.86263, Training (Z) = 0.86175, Validation (Z) = 0.86569
Epoch 105: Loss = 0.19358, Training (Code) = 0.97977, Validation (Code) = 0.98008, Training (X) = 0.86698, Validation (X) = 0.86591, Training (Z) = 0.86325, Validation (Z) = 0.86464
Epoch 106: Loss = 0.19355, Training (Code) = 0.97719, Validation (Code) = 0.97658, Training (X) = 0.86726, Validation (X) = 0.86816, Training (Z) = 0.86407, Validation (Z) = 0.86142
Epoch 107: Loss = 0.19353, Training (Code) = 0.9785, Validation (Code) = 0.97992, Training (X) = 0.86712, Validation (X) = 0.86606, Training (Z) = 0.86408, Validation (Z) = 0.8607
Epoch 108: Loss = 0.1935, Training (Code) = 0.97894, Validation (Code) = 0.97875, Training (X) = 0.86556, Validation (X) = 0.86207, Training (Z) = 0.8638, Validation (Z) = 0.86403
Epoch 109: Loss = 0.19348, Training (Code) = 0.97867, Validation (Code) = 0.97817, Training (X) = 0.86668, Validation (X) = 0.86326, Training (Z) = 0.86551, Validation (Z) = 0.86096
Epoch 110: Loss = 0.19347, Training (Code) = 0.97996, Validation (Code) = 0.98083, Training (X) = 0.86619, Validation (X) = 0.86483, Training (Z) = 0.86449, Validation (Z) = 0.86364
Epoch 111: Loss = 0.19345, Training (Code) = 0.97798, Validation (Code) = 0.97908, Training (X) = 0.86673, Validation (X) = 0.86671, Training (Z) = 0.86456, Validation (Z) = 0.8645
Epoch 112: Loss = 0.19344, Training (Code) = 0.97969, Validation (Code) = 0.97592, Training (X) = 0.86592, Validation (X) = 0.86636, Training (Z) = 0.86371, Validation (Z) = 0.86517
Epoch 113: Loss = 0.19343, Training (Code) = 0.9791, Validation (Code) = 0.97858, Training (X) = 0.8658, Validation (X) = 0.86724, Training (Z) = 0.86442, Validation (Z) = 0.8629
Epoch 114: Loss = 0.19342, Training (Code) = 0.97948, Validation (Code) = 0.97633, Training (X) = 0.86849, Validation (X) = 0.86685, Training (Z) = 0.86415, Validation (Z) = 0.86318
Epoch 115: Loss = 0.19342, Training (Code) = 0.97965, Validation (Code) = 0.978, Training (X) = 0.868, Validation (X) = 0.86392, Training (Z) = 0.86477, Validation (Z) = 0.86512
Epoch 116: Loss = 0.19342, Training (Code) = 0.97948, Validation (Code) = 0.97775, Training (X) = 0.86572, Validation (X) = 0.86593, Training (Z) = 0.86645, Validation (Z) = 0.86789
Epoch 117: Loss = 0.19342, Training (Code) = 0.9796, Validation (Code) = 0.97992, Training (X) = 0.86691, Validation (X) = 0.86436, Training (Z) = 0.86466, Validation (Z) = 0.86453
Epoch 118: Loss = 0.19342, Training (Code) = 0.98058, Validation (Code) = 0.97942, Training (X) = 0.86507, Validation (X) = 0.86489, Training (Z) = 0.86267, Validation (Z) = 0.86489
Epoch 119: Loss = 0.19342, Training (Code) = 0.9801, Validation (Code) = 0.98025, Training (X) = 0.8677, Validation (X) = 0.86628, Training (Z) = 0.86419, Validation (Z) = 0.86143
Epoch 120: Loss = 0.19342, Training (Code) = 0.97908, Validation (Code) = 0.97942, Training (X) = 0.86446, Validation (X) = 0.86506, Training (Z) = 0.86373, Validation (Z) = 0.86438
Epoch 121: Loss = 0.19343, Training (Code) = 0.97833, Validation (Code) = 0.97775, Training (X) = 0.86667, Validation (X) = 0.86747, Training (Z) = 0.86261, Validation (Z) = 0.86662
Epoch 122: Loss = 0.19344, Training (Code) = 0.97858, Validation (Code) = 0.98008, Training (X) = 0.86801, Validation (X) = 0.86753, Training (Z) = 0.86524, Validation (Z) = 0.86362
Epoch 123: Loss = 0.19345, Training (Code) = 0.97979, Validation (Code) = 0.98058, Training (X) = 0.86477, Validation (X) = 0.86539, Training (Z) = 0.8636, Validation (Z) = 0.86275
Epoch 124: Loss = 0.19346, Training (Code) = 0.97969, Validation (Code) = 0.97825, Training (X) = 0.86592, Validation (X) = 0.86651, Training (Z) = 0.86335, Validation (Z) = 0.86447
Epoch 125: Loss = 0.19347, Training (Code) = 0.97971, Validation (Code) = 0.98158, Training (X) = 0.86705, Validation (X) = 0.86459, Training (Z) = 0.86388, Validation (Z) = 0.86264
Epoch 126: Loss = 0.19348, Training (Code) = 0.97915, Validation (Code) = 0.97792, Training (X) = 0.86723, Validation (X) = 0.86672, Training (Z) = 0.86466, Validation (Z) = 0.86016
Epoch 127: Loss = 0.19349, Training (Code) = 0.97885, Validation (Code) = 0.97925, Training (X) = 0.86574, Validation (X) = 0.86614, Training (Z) = 0.86591, Validation (Z) = 0.8641
Epoch 128: Loss = 0.19351, Training (Code) = 0.97915, Validation (Code) = 0.98017, Training (X) = 0.86687, Validation (X) = 0.86507, Training (Z) = 0.86349, Validation (Z) = 0.86065
Epoch 129: Loss = 0.19352, Training (Code) = 0.97896, Validation (Code) = 0.97958, Training (X) = 0.86655, Validation (X) = 0.86304, Training (Z) = 0.86525, Validation (Z) = 0.86346
Epoch 130: Loss = 0.19354, Training (Code) = 0.98085, Validation (Code) = 0.97983, Training (X) = 0.86449, Validation (X) = 0.86622, Training (Z) = 0.86156, Validation (Z) = 0.86214
Epoch 131: Loss = 0.19356, Training (Code) = 0.97973, Validation (Code) = 0.978, Training (X) = 0.86746, Validation (X) = 0.86818, Training (Z) = 0.86367, Validation (Z) = 0.86665
Epoch 132: Loss = 0.19358, Training (Code) = 0.97879, Validation (Code) = 0.97842, Training (X) = 0.86763, Validation (X) = 0.86747, Training (Z) = 0.86529, Validation (Z) = 0.86517
Epoch 133: Loss = 0.1936, Training (Code) = 0.97915, Validation (Code) = 0.97892, Training (X) = 0.86649, Validation (X) = 0.86541, Training (Z) = 0.86621, Validation (Z) = 0.86448
Epoch 134: Loss = 0.19361, Training (Code) = 0.9791, Validation (Code) = 0.97917, Training (X) = 0.86646, Validation (X) = 0.86562, Training (Z) = 0.86365, Validation (Z) = 0.86162
Epoch 135: Loss = 0.19364, Training (Code) = 0.98027, Validation (Code) = 0.98067, Training (X) = 0.8643, Validation (X) = 0.86735, Training (Z) = 0.864, Validation (Z) = 0.86319
Epoch 136: Loss = 0.19366, Training (Code) = 0.97888, Validation (Code) = 0.97983, Training (X) = 0.86705, Validation (X) = 0.86613, Training (Z) = 0.86496, Validation (Z) = 0.86511
Epoch 137: Loss = 0.19368, Training (Code) = 0.9791, Validation (Code) = 0.97817, Training (X) = 0.86842, Validation (X) = 0.86522, Training (Z) = 0.86369, Validation (Z) = 0.86403
Epoch 138: Loss = 0.1937, Training (Code) = 0.9791, Validation (Code) = 0.9815, Training (X) = 0.86731, Validation (X) = 0.86662, Training (Z) = 0.86784, Validation (Z) = 0.86415
Epoch 139: Loss = 0.19373, Training (Code) = 0.97925, Validation (Code) = 0.97892, Training (X) = 0.86835, Validation (X) = 0.86814, Training (Z) = 0.86578, Validation (Z) = 0.86507
Epoch 140: Loss = 0.19375, Training (Code) = 0.97952, Validation (Code) = 0.98017, Training (X) = 0.86567, Validation (X) = 0.8649, Training (Z) = 0.86513, Validation (Z) = 0.86524
Epoch 141: Loss = 0.19377, Training (Code) = 0.97952, Validation (Code) = 0.97858, Training (X) = 0.86679, Validation (X) = 0.86452, Training (Z) = 0.86471, Validation (Z) = 0.86179
Epoch 142: Loss = 0.1938, Training (Code) = 0.97902, Validation (Code) = 0.97892, Training (X) = 0.86545, Validation (X) = 0.86618, Training (Z) = 0.86568, Validation (Z) = 0.86414
Epoch 143: Loss = 0.19382, Training (Code) = 0.97937, Validation (Code) = 0.98042, Training (X) = 0.86582, Validation (X) = 0.86757, Training (Z) = 0.86624, Validation (Z) = 0.86281
Epoch 144: Loss = 0.19385, Training (Code) = 0.97969, Validation (Code) = 0.97833, Training (X) = 0.86565, Validation (X) = 0.86508, Training (Z) = 0.86314, Validation (Z) = 0.86201
Epoch 145: Loss = 0.19387, Training (Code) = 0.97898, Validation (Code) = 0.97858, Training (X) = 0.86768, Validation (X) = 0.86733, Training (Z) = 0.86406, Validation (Z) = 0.86434
Epoch 146: Loss = 0.1939, Training (Code) = 0.979, Validation (Code) = 0.97908, Training (X) = 0.86593, Validation (X) = 0.86569, Training (Z) = 0.86406, Validation (Z) = 0.86161
Epoch 147: Loss = 0.19393, Training (Code) = 0.98027, Validation (Code) = 0.97867, Training (X) = 0.86621, Validation (X) = 0.86972, Training (Z) = 0.86371, Validation (Z) = 0.86325
Epoch 148: Loss = 0.19395, Training (Code) = 0.98127, Validation (Code) = 0.98025, Training (X) = 0.86612, Validation (X) = 0.8667, Training (Z) = 0.8627, Validation (Z) = 0.86177
Epoch 149: Loss = 0.19398, Training (Code) = 0.97992, Validation (Code) = 0.97867, Training (X) = 0.86714, Validation (X) = 0.86453, Training (Z) = 0.86466, Validation (Z) = 0.86214
Epoch 150: Loss = 0.194, Training (Code) = 0.97917, Validation (Code) = 0.97917, Training (X) = 0.86483, Validation (X) = 0.8663, Training (Z) = 0.86404, Validation (Z) = 0.86698
Epoch 151: Loss = 0.19403, Training (Code) = 0.97948, Validation (Code) = 0.98067, Training (X) = 0.86702, Validation (X) = 0.86225, Training (Z) = 0.86379, Validation (Z) = 0.86234
Epoch 152: Loss = 0.19405, Training (Code) = 0.98054, Validation (Code) = 0.97875, Training (X) = 0.86598, Validation (X) = 0.86633, Training (Z) = 0.86377, Validation (Z) = 0.86215
Epoch 153: Loss = 0.19408, Training (Code) = 0.9801, Validation (Code) = 0.97942, Training (X) = 0.86568, Validation (X) = 0.86574, Training (Z) = 0.86353, Validation (Z) = 0.86259
Epoch 154: Loss = 0.1941, Training (Code) = 0.98067, Validation (Code) = 0.9805, Training (X) = 0.86701, Validation (X) = 0.86325, Training (Z) = 0.86338, Validation (Z) = 0.86418
Epoch 155: Loss = 0.19413, Training (Code) = 0.97979, Validation (Code) = 0.98008, Training (X) = 0.86766, Validation (X) = 0.86846, Training (Z) = 0.86532, Validation (Z) = 0.86081
Epoch 156: Loss = 0.19415, Training (Code) = 0.97983, Validation (Code) = 0.97992, Training (X) = 0.86822, Validation (X) = 0.86232, Training (Z) = 0.86365, Validation (Z) = 0.86215
Epoch 157: Loss = 0.19418, Training (Code) = 0.98015, Validation (Code) = 0.98142, Training (X) = 0.86588, Validation (X) = 0.86626, Training (Z) = 0.86422, Validation (Z) = 0.86635
Epoch 158: Loss = 0.1942, Training (Code) = 0.979, Validation (Code) = 0.98108, Training (X) = 0.8661, Validation (X) = 0.86231, Training (Z) = 0.86502, Validation (Z) = 0.86274
Epoch 159: Loss = 0.19422, Training (Code) = 0.97931, Validation (Code) = 0.9785, Training (X) = 0.86593, Validation (X) = 0.86536, Training (Z) = 0.865, Validation (Z) = 0.86561
Epoch 160: Loss = 0.19425, Training (Code) = 0.97852, Validation (Code) = 0.9805, Training (X) = 0.86636, Validation (X) = 0.86283, Training (Z) = 0.8637, Validation (Z) = 0.86308
Epoch 161: Loss = 0.19427, Training (Code) = 0.9791, Validation (Code) = 0.98067, Training (X) = 0.8672, Validation (X) = 0.86582, Training (Z) = 0.86501, Validation (Z) = 0.86234
Epoch 162: Loss = 0.19429, Training (Code) = 0.97992, Validation (Code) = 0.98083, Training (X) = 0.86757, Validation (X) = 0.86457, Training (Z) = 0.86434, Validation (Z) = 0.86219
Epoch 163: Loss = 0.19431, Training (Code) = 0.97992, Validation (Code) = 0.97933, Training (X) = 0.86595, Validation (X) = 0.86938, Training (Z) = 0.86415, Validation (Z) = 0.86104
Epoch 164: Loss = 0.19434, Training (Code) = 0.97921, Validation (Code) = 0.98208, Training (X) = 0.86794, Validation (X) = 0.86406, Training (Z) = 0.86532, Validation (Z) = 0.86432
Epoch 165: Loss = 0.19436, Training (Code) = 0.97979, Validation (Code) = 0.98208, Training (X) = 0.86653, Validation (X) = 0.86381, Training (Z) = 0.8633, Validation (Z) = 0.86542
Epoch 166: Loss = 0.19438, Training (Code) = 0.98056, Validation (Code) = 0.9775, Training (X) = 0.86485, Validation (X) = 0.8676, Training (Z) = 0.86623, Validation (Z) = 0.86232
Epoch 167: Loss = 0.1944, Training (Code) = 0.98019, Validation (Code) = 0.98175, Training (X) = 0.86584, Validation (X) = 0.86436, Training (Z) = 0.86554, Validation (Z) = 0.86096
Epoch 168: Loss = 0.19442, Training (Code) = 0.9805, Validation (Code) = 0.98125, Training (X) = 0.86661, Validation (X) = 0.86684, Training (Z) = 0.86631, Validation (Z) = 0.86641
Epoch 169: Loss = 0.19444, Training (Code) = 0.98029, Validation (Code) = 0.97933, Training (X) = 0.86596, Validation (X) = 0.86436, Training (Z) = 0.86545, Validation (Z) = 0.86181
Epoch 170: Loss = 0.19446, Training (Code) = 0.97973, Validation (Code) = 0.98033, Training (X) = 0.86682, Validation (X) = 0.86416, Training (Z) = 0.86527, Validation (Z) = 0.86493
Epoch 171: Loss = 0.19448, Training (Code) = 0.98081, Validation (Code) = 0.98167, Training (X) = 0.86546, Validation (X) = 0.86545, Training (Z) = 0.86389, Validation (Z) = 0.86316
Epoch 172: Loss = 0.1945, Training (Code) = 0.98044, Validation (Code) = 0.97867, Training (X) = 0.86709, Validation (X) = 0.86742, Training (Z) = 0.86435, Validation (Z) = 0.86214
Epoch 173: Loss = 0.19452, Training (Code) = 0.97983, Validation (Code) = 0.9795, Training (X) = 0.86775, Validation (X) = 0.86345, Training (Z) = 0.8663, Validation (Z) = 0.86243
Epoch 174: Loss = 0.19453, Training (Code) = 0.97958, Validation (Code) = 0.97967, Training (X) = 0.86567, Validation (X) = 0.86543, Training (Z) = 0.86525, Validation (Z) = 0.86526
Epoch 175: Loss = 0.19455, Training (Code) = 0.97998, Validation (Code) = 0.97992, Training (X) = 0.86754, Validation (X) = 0.8641, Training (Z) = 0.86343, Validation (Z) = 0.86045
Epoch 176: Loss = 0.19457, Training (Code) = 0.97965, Validation (Code) = 0.98042, Training (X) = 0.86809, Validation (X) = 0.8646, Training (Z) = 0.86458, Validation (Z) = 0.86426
Epoch 177: Loss = 0.19458, Training (Code) = 0.97933, Validation (Code) = 0.98, Training (X) = 0.86704, Validation (X) = 0.86361, Training (Z) = 0.86617, Validation (Z) = 0.8642
Epoch 178: Loss = 0.1946, Training (Code) = 0.98023, Validation (Code) = 0.97933, Training (X) = 0.86593, Validation (X) = 0.86981, Training (Z) = 0.86466, Validation (Z) = 0.86743
Epoch 179: Loss = 0.19462, Training (Code) = 0.97977, Validation (Code) = 0.97783, Training (X) = 0.86606, Validation (X) = 0.86475, Training (Z) = 0.86342, Validation (Z) = 0.86433
Epoch 180: Loss = 0.19463, Training (Code) = 0.98015, Validation (Code) = 0.97875, Training (X) = 0.86662, Validation (X) = 0.86777, Training (Z) = 0.86403, Validation (Z) = 0.86462
Epoch 181: Loss = 0.19465, Training (Code) = 0.9791, Validation (Code) = 0.98033, Training (X) = 0.86829, Validation (X) = 0.86408, Training (Z) = 0.86484, Validation (Z) = 0.86289
Epoch 182: Loss = 0.19466, Training (Code) = 0.97946, Validation (Code) = 0.97908, Training (X) = 0.8664, Validation (X) = 0.86348, Training (Z) = 0.86587, Validation (Z) = 0.86373
Epoch 183: Loss = 0.19468, Training (Code) = 0.98073, Validation (Code) = 0.97908, Training (X) = 0.86687, Validation (X) = 0.86348, Training (Z) = 0.86233, Validation (Z) = 0.86595
Epoch 184: Loss = 0.19469, Training (Code) = 0.98073, Validation (Code) = 0.979, Training (X) = 0.86547, Validation (X) = 0.86636, Training (Z) = 0.86524, Validation (Z) = 0.86381
Epoch 185: Loss = 0.1947, Training (Code) = 0.98025, Validation (Code) = 0.9805, Training (X) = 0.86557, Validation (X) = 0.86605, Training (Z) = 0.86364, Validation (Z) = 0.86206
Epoch 186: Loss = 0.19472, Training (Code) = 0.97923, Validation (Code) = 0.9775, Training (X) = 0.86558, Validation (X) = 0.86888, Training (Z) = 0.86448, Validation (Z) = 0.86283
Epoch 187: Loss = 0.19473, Training (Code) = 0.97865, Validation (Code) = 0.98033, Training (X) = 0.86833, Validation (X) = 0.86578, Training (Z) = 0.86574, Validation (Z) = 0.86331
Epoch 188: Loss = 0.19474, Training (Code) = 0.97881, Validation (Code) = 0.9815, Training (X) = 0.8668, Validation (X) = 0.86466, Training (Z) = 0.86589, Validation (Z) = 0.86288
Epoch 189: Loss = 0.19474, Training (Code) = 0.97825, Validation (Code) = 0.979, Training (X) = 0.86781, Validation (X) = 0.86662, Training (Z) = 0.8663, Validation (Z) = 0.86457
Epoch 190: Loss = 0.19475, Training (Code) = 0.98013, Validation (Code) = 0.97775, Training (X) = 0.86694, Validation (X) = 0.86781, Training (Z) = 0.86377, Validation (Z) = 0.86423
Epoch 191: Loss = 0.19476, Training (Code) = 0.97969, Validation (Code) = 0.979, Training (X) = 0.86614, Validation (X) = 0.86815, Training (Z) = 0.86465, Validation (Z) = 0.8644
Epoch 192: Loss = 0.19476, Training (Code) = 0.97948, Validation (Code) = 0.977, Training (X) = 0.86589, Validation (X) = 0.86592, Training (Z) = 0.86434, Validation (Z) = 0.86225
Epoch 193: Loss = 0.19477, Training (Code) = 0.97979, Validation (Code) = 0.97883, Training (X) = 0.86621, Validation (X) = 0.86259, Training (Z) = 0.8639, Validation (Z) = 0.86515
Epoch 194: Loss = 0.19477, Training (Code) = 0.97869, Validation (Code) = 0.98108, Training (X) = 0.86657, Validation (X) = 0.86512, Training (Z) = 0.86553, Validation (Z) = 0.86231
Epoch 195: Loss = 0.19477, Training (Code) = 0.98006, Validation (Code) = 0.98133, Training (X) = 0.86612, Validation (X) = 0.86439, Training (Z) = 0.86514, Validation (Z) = 0.86107
Epoch 196: Loss = 0.19477, Training (Code) = 0.98029, Validation (Code) = 0.97908, Training (X) = 0.86622, Validation (X) = 0.86705, Training (Z) = 0.86384, Validation (Z) = 0.86365
Epoch 197: Loss = 0.19477, Training (Code) = 0.97977, Validation (Code) = 0.97967, Training (X) = 0.86619, Validation (X) = 0.86875, Training (Z) = 0.86394, Validation (Z) = 0.86381
Epoch 198: Loss = 0.19476, Training (Code) = 0.97981, Validation (Code) = 0.9805, Training (X) = 0.86556, Validation (X) = 0.86716, Training (Z) = 0.86366, Validation (Z) = 0.86249
Epoch 199: Loss = 0.19476, Training (Code) = 0.97988, Validation (Code) = 0.97942, Training (X) = 0.8668, Validation (X) = 0.86735, Training (Z) = 0.86646, Validation (Z) = 0.86489
Epoch 200: Loss = 0.19476, Training (Code) = 0.97933, Validation (Code) = 0.9785, Training (X) = 0.86692, Validation (X) = 0.86791, Training (Z) = 0.86387, Validation (Z) = 0.86348
