==========================================
SLURM_JOB_ID = 6161530
SLURM_JOB_NODELIST = d18-33
TMPDIR = /tmp/SLURM_6161530
==========================================
10_11_11_23_00_042 [6, 40, 40, 40, 40, 14] [Tanh(), Tanh(), Tanh(), Tanh(), Tanh(), Sigmoid()] 200 5e-05 45
Epoch 1: Loss = 0.0446, Training (Code) = 0.01169, Validation (Code) = 0.01325, Training (X) = 0.57398, Validation (X) = 0.57862, Training (Z) = 0.58111, Validation (Z) = 0.61006
Epoch 2: Loss = 0.02919, Training (Code) = 0.01373, Validation (Code) = 0.015, Training (X) = 0.63733, Validation (X) = 0.65556, Training (Z) = 0.69196, Validation (Z) = 0.7
Epoch 3: Loss = 0.02254, Training (Code) = 0.015, Validation (Code) = 0.01658, Training (X) = 0.69722, Validation (X) = 0.68844, Training (Z) = 0.68056, Validation (Z) = 0.69849
Epoch 4: Loss = 0.019, Training (Code) = 0.0159, Validation (Code) = 0.01717, Training (X) = 0.71691, Validation (X) = 0.74272, Training (Z) = 0.75229, Validation (Z) = 0.73301
Epoch 5: Loss = 0.01684, Training (Code) = 0.01665, Validation (Code) = 0.01833, Training (X) = 0.74093, Validation (X) = 0.72727, Training (Z) = 0.74093, Validation (Z) = 0.72727
Epoch 6: Loss = 0.01539, Training (Code) = 0.01721, Validation (Code) = 0.017, Training (X) = 0.71671, Validation (X) = 0.78922, Training (Z) = 0.74818, Validation (Z) = 0.75
Epoch 7: Loss = 0.01434, Training (Code) = 0.01715, Validation (Code) = 0.019, Training (X) = 0.73755, Validation (X) = 0.72807, Training (Z) = 0.76549, Validation (Z) = 0.74123
Epoch 8: Loss = 0.01354, Training (Code) = 0.01804, Validation (Code) = 0.01833, Training (X) = 0.75404, Validation (X) = 0.74091, Training (Z) = 0.75173, Validation (Z) = 0.73182
Epoch 9: Loss = 0.0129, Training (Code) = 0.01781, Validation (Code) = 0.01992, Training (X) = 0.76959, Validation (X) = 0.75732, Training (Z) = 0.78129, Validation (Z) = 0.75732
Epoch 10: Loss = 0.01237, Training (Code) = 0.01821, Validation (Code) = 0.02033, Training (X) = 0.754, Validation (X) = 0.73361, Training (Z) = 0.78146, Validation (Z) = 0.79918
Epoch 11: Loss = 0.0119, Training (Code) = 0.01804, Validation (Code) = 0.01992, Training (X) = 0.76097, Validation (X) = 0.79498, Training (Z) = 0.78753, Validation (Z) = 0.78243
Epoch 12: Loss = 0.01148, Training (Code) = 0.0184, Validation (Code) = 0.02008, Training (X) = 0.76784, Validation (X) = 0.75934, Training (Z) = 0.78709, Validation (Z) = 0.80083
Epoch 13: Loss = 0.01112, Training (Code) = 0.01883, Validation (Code) = 0.01925, Training (X) = 0.77987, Validation (X) = 0.78788, Training (Z) = 0.7865, Validation (Z) = 0.79654
Epoch 14: Loss = 0.01082, Training (Code) = 0.01873, Validation (Code) = 0.02075, Training (X) = 0.78754, Validation (X) = 0.7751, Training (Z) = 0.81201, Validation (Z) = 0.77108
Epoch 15: Loss = 0.01056, Training (Code) = 0.01873, Validation (Code) = 0.01983, Training (X) = 0.78087, Validation (X) = 0.80252, Training (Z) = 0.78532, Validation (Z) = 0.79412
Epoch 16: Loss = 0.01034, Training (Code) = 0.01898, Validation (Code) = 0.02042, Training (X) = 0.79254, Validation (X) = 0.77551, Training (Z) = 0.80022, Validation (Z) = 0.80408
Epoch 17: Loss = 0.01015, Training (Code) = 0.0191, Validation (Code) = 0.02092, Training (X) = 0.77535, Validation (X) = 0.78486, Training (Z) = 0.78517, Validation (Z) = 0.77689
Epoch 18: Loss = 0.00999, Training (Code) = 0.01921, Validation (Code) = 0.02108, Training (X) = 0.8026, Validation (X) = 0.75889, Training (Z) = 0.79935, Validation (Z) = 0.80632
Epoch 19: Loss = 0.00985, Training (Code) = 0.01927, Validation (Code) = 0.021, Training (X) = 0.79243, Validation (X) = 0.80556, Training (Z) = 0.80865, Validation (Z) = 0.80159
Epoch 20: Loss = 0.00974, Training (Code) = 0.01921, Validation (Code) = 0.02083, Training (X) = 0.79826, Validation (X) = 0.76, Training (Z) = 0.8102, Validation (Z) = 0.784
Epoch 21: Loss = 0.00963, Training (Code) = 0.01973, Validation (Code) = 0.02017, Training (X) = 0.7698, Validation (X) = 0.79752, Training (Z) = 0.79303, Validation (Z) = 0.79339
Epoch 22: Loss = 0.00954, Training (Code) = 0.0199, Validation (Code) = 0.02075, Training (X) = 0.80314, Validation (X) = 0.79116, Training (Z) = 0.81885, Validation (Z) = 0.81928
Epoch 23: Loss = 0.00947, Training (Code) = 0.02013, Validation (Code) = 0.02183, Training (X) = 0.79089, Validation (X) = 0.78626, Training (Z) = 0.81573, Validation (Z) = 0.79389
Epoch 24: Loss = 0.0094, Training (Code) = 0.02002, Validation (Code) = 0.02175, Training (X) = 0.81374, Validation (X) = 0.81609, Training (Z) = 0.80125, Validation (Z) = 0.80843
Epoch 25: Loss = 0.00935, Training (Code) = 0.01983, Validation (Code) = 0.022, Training (X) = 0.81197, Validation (X) = 0.78788, Training (Z) = 0.81303, Validation (Z) = 0.79167
Epoch 26: Loss = 0.0093, Training (Code) = 0.02038, Validation (Code) = 0.02192, Training (X) = 0.78425, Validation (X) = 0.78327, Training (Z) = 0.818, Validation (Z) = 0.82129
Epoch 27: Loss = 0.00927, Training (Code) = 0.01996, Validation (Code) = 0.02083, Training (X) = 0.79749, Validation (X) = 0.796, Training (Z) = 0.82255, Validation (Z) = 0.808
Epoch 28: Loss = 0.00924, Training (Code) = 0.02038, Validation (Code) = 0.02158, Training (X) = 0.81391, Validation (X) = 0.83784, Training (Z) = 0.81084, Validation (Z) = 0.81467
Epoch 29: Loss = 0.00921, Training (Code) = 0.0205, Validation (Code) = 0.02233, Training (X) = 0.81606, Validation (X) = 0.78358, Training (Z) = 0.81504, Validation (Z) = 0.77985
Epoch 30: Loss = 0.00919, Training (Code) = 0.02033, Validation (Code) = 0.02183, Training (X) = 0.80123, Validation (X) = 0.81298, Training (Z) = 0.81045, Validation (Z) = 0.79771
Epoch 31: Loss = 0.00917, Training (Code) = 0.02071, Validation (Code) = 0.02258, Training (X) = 0.82294, Validation (X) = 0.80074, Training (Z) = 0.82193, Validation (Z) = 0.80443
Epoch 32: Loss = 0.00916, Training (Code) = 0.02056, Validation (Code) = 0.022, Training (X) = 0.80547, Validation (X) = 0.79545, Training (Z) = 0.82877, Validation (Z) = 0.79924
Epoch 33: Loss = 0.00914, Training (Code) = 0.02077, Validation (Code) = 0.02217, Training (X) = 0.81043, Validation (X) = 0.78571, Training (Z) = 0.8325, Validation (Z) = 0.81203
Epoch 34: Loss = 0.00912, Training (Code) = 0.02075, Validation (Code) = 0.02217, Training (X) = 0.80221, Validation (X) = 0.82331, Training (Z) = 0.81526, Validation (Z) = 0.82707
Epoch 35: Loss = 0.0091, Training (Code) = 0.02088, Validation (Code) = 0.02233, Training (X) = 0.81836, Validation (X) = 0.79104, Training (Z) = 0.82934, Validation (Z) = 0.81716
Epoch 36: Loss = 0.00909, Training (Code) = 0.0209, Validation (Code) = 0.02225, Training (X) = 0.83051, Validation (X) = 0.82397, Training (Z) = 0.83549, Validation (Z) = 0.82397
Epoch 37: Loss = 0.00907, Training (Code) = 0.02085, Validation (Code) = 0.02208, Training (X) = 0.81918, Validation (X) = 0.79623, Training (Z) = 0.81518, Validation (Z) = 0.81509
Epoch 38: Loss = 0.00906, Training (Code) = 0.02079, Validation (Code) = 0.02208, Training (X) = 0.80962, Validation (X) = 0.80377, Training (Z) = 0.81864, Validation (Z) = 0.83774
Epoch 39: Loss = 0.00904, Training (Code) = 0.0209, Validation (Code) = 0.0225, Training (X) = 0.80259, Validation (X) = 0.80741, Training (Z) = 0.81954, Validation (Z) = 0.79259
Epoch 40: Loss = 0.00902, Training (Code) = 0.02096, Validation (Code) = 0.02258, Training (X) = 0.81412, Validation (X) = 0.80074, Training (Z) = 0.82008, Validation (Z) = 0.83026
Epoch 41: Loss = 0.00901, Training (Code) = 0.02094, Validation (Code) = 0.02183, Training (X) = 0.83383, Validation (X) = 0.78244, Training (Z) = 0.82587, Validation (Z) = 0.83206
Epoch 42: Loss = 0.00899, Training (Code) = 0.02092, Validation (Code) = 0.02292, Training (X) = 0.80578, Validation (X) = 0.78909, Training (Z) = 0.82171, Validation (Z) = 0.82182
Epoch 43: Loss = 0.00898, Training (Code) = 0.021, Validation (Code) = 0.02275, Training (X) = 0.82143, Validation (X) = 0.78388, Training (Z) = 0.81845, Validation (Z) = 0.81319
Epoch 44: Loss = 0.00897, Training (Code) = 0.02104, Validation (Code) = 0.02283, Training (X) = 0.79901, Validation (X) = 0.79927, Training (Z) = 0.80594, Validation (Z) = 0.83212
Epoch 45: Loss = 0.00896, Training (Code) = 0.02102, Validation (Code) = 0.02233, Training (X) = 0.83251, Validation (X) = 0.77612, Training (Z) = 0.82161, Validation (Z) = 0.82836
Epoch 46: Loss = 0.00895, Training (Code) = 0.0211, Validation (Code) = 0.02325, Training (X) = 0.80948, Validation (X) = 0.78495, Training (Z) = 0.81639, Validation (Z) = 0.80645
Epoch 47: Loss = 0.00894, Training (Code) = 0.02129, Validation (Code) = 0.02283, Training (X) = 0.8092, Validation (X) = 0.81022, Training (Z) = 0.82192, Validation (Z) = 0.83577
Epoch 48: Loss = 0.00893, Training (Code) = 0.02113, Validation (Code) = 0.02267, Training (X) = 0.81657, Validation (X) = 0.79779, Training (Z) = 0.81755, Validation (Z) = 0.80147
Epoch 49: Loss = 0.00892, Training (Code) = 0.02127, Validation (Code) = 0.02292, Training (X) = 0.8002, Validation (X) = 0.78545, Training (Z) = 0.8237, Validation (Z) = 0.81455
Epoch 50: Loss = 0.00891, Training (Code) = 0.02117, Validation (Code) = 0.02283, Training (X) = 0.82283, Validation (X) = 0.79562, Training (Z) = 0.81299, Validation (Z) = 0.80657
Epoch 51: Loss = 0.0089, Training (Code) = 0.02123, Validation (Code) = 0.02292, Training (X) = 0.82041, Validation (X) = 0.82545, Training (Z) = 0.82336, Validation (Z) = 0.81455
Epoch 52: Loss = 0.00889, Training (Code) = 0.0211, Validation (Code) = 0.02233, Training (X) = 0.81639, Validation (X) = 0.79104, Training (Z) = 0.81935, Validation (Z) = 0.82836
Epoch 53: Loss = 0.00889, Training (Code) = 0.0211, Validation (Code) = 0.02258, Training (X) = 0.81244, Validation (X) = 0.81181, Training (Z) = 0.82132, Validation (Z) = 0.83395
Epoch 54: Loss = 0.00888, Training (Code) = 0.02108, Validation (Code) = 0.02283, Training (X) = 0.82411, Validation (X) = 0.79927, Training (Z) = 0.82905, Validation (Z) = 0.82482
Epoch 55: Loss = 0.00888, Training (Code) = 0.02113, Validation (Code) = 0.02275, Training (X) = 0.81361, Validation (X) = 0.82418, Training (Z) = 0.83432, Validation (Z) = 0.8315
Epoch 56: Loss = 0.00887, Training (Code) = 0.02115, Validation (Code) = 0.02283, Training (X) = 0.8069, Validation (X) = 0.80657, Training (Z) = 0.81379, Validation (Z) = 0.82117
Epoch 57: Loss = 0.00887, Training (Code) = 0.02113, Validation (Code) = 0.02292, Training (X) = 0.81953, Validation (X) = 0.81818, Training (Z) = 0.82742, Validation (Z) = 0.82909
Epoch 58: Loss = 0.00886, Training (Code) = 0.02135, Validation (Code) = 0.02308, Training (X) = 0.81561, Validation (X) = 0.83032, Training (Z) = 0.83024, Validation (Z) = 0.82671
Epoch 59: Loss = 0.00886, Training (Code) = 0.02131, Validation (Code) = 0.02317, Training (X) = 0.81329, Validation (X) = 0.82014, Training (Z) = 0.83284, Validation (Z) = 0.81655
Epoch 60: Loss = 0.00886, Training (Code) = 0.02119, Validation (Code) = 0.02292, Training (X) = 0.80728, Validation (X) = 0.81091, Training (Z) = 0.82301, Validation (Z) = 0.83636
Epoch 61: Loss = 0.00885, Training (Code) = 0.02127, Validation (Code) = 0.02225, Training (X) = 0.81097, Validation (X) = 0.81648, Training (Z) = 0.83546, Validation (Z) = 0.83521
Epoch 62: Loss = 0.00885, Training (Code) = 0.02142, Validation (Code) = 0.02292, Training (X) = 0.81323, Validation (X) = 0.81455, Training (Z) = 0.82296, Validation (Z) = 0.79273
Epoch 63: Loss = 0.00885, Training (Code) = 0.0214, Validation (Code) = 0.02275, Training (X) = 0.82278, Validation (X) = 0.80586, Training (Z) = 0.83252, Validation (Z) = 0.82418
Epoch 64: Loss = 0.00885, Training (Code) = 0.02135, Validation (Code) = 0.02283, Training (X) = 0.81854, Validation (X) = 0.80657, Training (Z) = 0.81951, Validation (Z) = 0.81752
Epoch 65: Loss = 0.00885, Training (Code) = 0.02106, Validation (Code) = 0.02267, Training (X) = 0.81108, Validation (X) = 0.81618, Training (Z) = 0.83086, Validation (Z) = 0.84926
Epoch 66: Loss = 0.00884, Training (Code) = 0.02127, Validation (Code) = 0.02275, Training (X) = 0.81293, Validation (X) = 0.79853, Training (Z) = 0.81978, Validation (Z) = 0.8022
Epoch 67: Loss = 0.00884, Training (Code) = 0.02104, Validation (Code) = 0.02283, Training (X) = 0.81881, Validation (X) = 0.81022, Training (Z) = 0.8297, Validation (Z) = 0.83212
Epoch 68: Loss = 0.00884, Training (Code) = 0.02123, Validation (Code) = 0.02283, Training (X) = 0.81452, Validation (X) = 0.79927, Training (Z) = 0.82041, Validation (Z) = 0.84307
Epoch 69: Loss = 0.00884, Training (Code) = 0.02131, Validation (Code) = 0.023, Training (X) = 0.81916, Validation (X) = 0.80797, Training (Z) = 0.83187, Validation (Z) = 0.83696
Epoch 70: Loss = 0.00884, Training (Code) = 0.02121, Validation (Code) = 0.02325, Training (X) = 0.82122, Validation (X) = 0.80645, Training (Z) = 0.83104, Validation (Z) = 0.84588
Epoch 71: Loss = 0.00884, Training (Code) = 0.02135, Validation (Code) = 0.02267, Training (X) = 0.81366, Validation (X) = 0.80515, Training (Z) = 0.83122, Validation (Z) = 0.84926
Epoch 72: Loss = 0.00884, Training (Code) = 0.02115, Validation (Code) = 0.02292, Training (X) = 0.82266, Validation (X) = 0.80364, Training (Z) = 0.8197, Validation (Z) = 0.81818
Epoch 73: Loss = 0.00884, Training (Code) = 0.02133, Validation (Code) = 0.02325, Training (X) = 0.82715, Validation (X) = 0.82437, Training (Z) = 0.81543, Validation (Z) = 0.81004
Epoch 74: Loss = 0.00884, Training (Code) = 0.02148, Validation (Code) = 0.023, Training (X) = 0.80795, Validation (X) = 0.80435, Training (Z) = 0.83026, Validation (Z) = 0.81159
Epoch 75: Loss = 0.00884, Training (Code) = 0.02119, Validation (Code) = 0.02292, Training (X) = 0.82006, Validation (X) = 0.81455, Training (Z) = 0.83382, Validation (Z) = 0.83273
Epoch 76: Loss = 0.00885, Training (Code) = 0.02133, Validation (Code) = 0.02283, Training (X) = 0.81445, Validation (X) = 0.80292, Training (Z) = 0.82227, Validation (Z) = 0.81387
Epoch 77: Loss = 0.00885, Training (Code) = 0.02135, Validation (Code) = 0.02275, Training (X) = 0.82146, Validation (X) = 0.81319, Training (Z) = 0.81951, Validation (Z) = 0.81685
Epoch 78: Loss = 0.00885, Training (Code) = 0.02129, Validation (Code) = 0.02242, Training (X) = 0.82681, Validation (X) = 0.80297, Training (Z) = 0.81605, Validation (Z) = 0.79554
Epoch 79: Loss = 0.00885, Training (Code) = 0.02135, Validation (Code) = 0.02292, Training (X) = 0.82146, Validation (X) = 0.78545, Training (Z) = 0.8322, Validation (Z) = 0.80727
Epoch 80: Loss = 0.00886, Training (Code) = 0.02129, Validation (Code) = 0.023, Training (X) = 0.82485, Validation (X) = 0.80797, Training (Z) = 0.82975, Validation (Z) = 0.82971
Epoch 81: Loss = 0.00886, Training (Code) = 0.02135, Validation (Code) = 0.02267, Training (X) = 0.81171, Validation (X) = 0.8125, Training (Z) = 0.83024, Validation (Z) = 0.83456
Epoch 82: Loss = 0.00886, Training (Code) = 0.02138, Validation (Code) = 0.02292, Training (X) = 0.80799, Validation (X) = 0.83636, Training (Z) = 0.83333, Validation (Z) = 0.82909
Epoch 83: Loss = 0.00887, Training (Code) = 0.02135, Validation (Code) = 0.02308, Training (X) = 0.82439, Validation (X) = 0.79783, Training (Z) = 0.82927, Validation (Z) = 0.84477
Epoch 84: Loss = 0.00887, Training (Code) = 0.02135, Validation (Code) = 0.02292, Training (X) = 0.81951, Validation (X) = 0.79636, Training (Z) = 0.82439, Validation (Z) = 0.82182
Epoch 85: Loss = 0.00888, Training (Code) = 0.02156, Validation (Code) = 0.02325, Training (X) = 0.82319, Validation (X) = 0.81362, Training (Z) = 0.83382, Validation (Z) = 0.82437
Epoch 86: Loss = 0.00888, Training (Code) = 0.02158, Validation (Code) = 0.02283, Training (X) = 0.81371, Validation (X) = 0.81752, Training (Z) = 0.83012, Validation (Z) = 0.83212
Epoch 87: Loss = 0.00889, Training (Code) = 0.02129, Validation (Code) = 0.02283, Training (X) = 0.818, Validation (X) = 0.81022, Training (Z) = 0.81898, Validation (Z) = 0.82482
Epoch 88: Loss = 0.00889, Training (Code) = 0.02146, Validation (Code) = 0.02308, Training (X) = 0.82233, Validation (X) = 0.80866, Training (Z) = 0.83495, Validation (Z) = 0.83394
Epoch 89: Loss = 0.0089, Training (Code) = 0.02152, Validation (Code) = 0.02283, Training (X) = 0.81994, Validation (X) = 0.81752, Training (Z) = 0.84027, Validation (Z) = 0.80657
Epoch 90: Loss = 0.00891, Training (Code) = 0.0214, Validation (Code) = 0.02275, Training (X) = 0.815, Validation (X) = 0.83516, Training (Z) = 0.82181, Validation (Z) = 0.82784
Epoch 91: Loss = 0.00892, Training (Code) = 0.02142, Validation (Code) = 0.02308, Training (X) = 0.81031, Validation (X) = 0.80144, Training (Z) = 0.82977, Validation (Z) = 0.81949
Epoch 92: Loss = 0.00892, Training (Code) = 0.02148, Validation (Code) = 0.02275, Training (X) = 0.81474, Validation (X) = 0.8022, Training (Z) = 0.83511, Validation (Z) = 0.83516
Epoch 93: Loss = 0.00893, Training (Code) = 0.02135, Validation (Code) = 0.02275, Training (X) = 0.81561, Validation (X) = 0.79853, Training (Z) = 0.82732, Validation (Z) = 0.81685
Epoch 94: Loss = 0.00894, Training (Code) = 0.02133, Validation (Code) = 0.023, Training (X) = 0.81055, Validation (X) = 0.82609, Training (Z) = 0.82617, Validation (Z) = 0.82246
Epoch 95: Loss = 0.00895, Training (Code) = 0.02129, Validation (Code) = 0.02283, Training (X) = 0.81703, Validation (X) = 0.81022, Training (Z) = 0.84442, Validation (Z) = 0.83942
Epoch 96: Loss = 0.00895, Training (Code) = 0.02156, Validation (Code) = 0.02292, Training (X) = 0.83865, Validation (X) = 0.82545, Training (Z) = 0.82899, Validation (Z) = 0.81818
Epoch 97: Loss = 0.00896, Training (Code) = 0.02152, Validation (Code) = 0.02317, Training (X) = 0.81897, Validation (X) = 0.78777, Training (Z) = 0.83156, Validation (Z) = 0.83453
Epoch 98: Loss = 0.00897, Training (Code) = 0.02152, Validation (Code) = 0.02333, Training (X) = 0.82188, Validation (X) = 0.79286, Training (Z) = 0.83156, Validation (Z) = 0.825
Epoch 99: Loss = 0.00898, Training (Code) = 0.02146, Validation (Code) = 0.023, Training (X) = 0.81942, Validation (X) = 0.80435, Training (Z) = 0.81942, Validation (Z) = 0.82971
Epoch 100: Loss = 0.00898, Training (Code) = 0.0216, Validation (Code) = 0.023, Training (X) = 0.83124, Validation (X) = 0.81159, Training (Z) = 0.83317, Validation (Z) = 0.84058
Epoch 101: Loss = 0.00899, Training (Code) = 0.02138, Validation (Code) = 0.02308, Training (X) = 0.82359, Validation (X) = 0.81949, Training (Z) = 0.83528, Validation (Z) = 0.84838
Epoch 102: Loss = 0.009, Training (Code) = 0.02156, Validation (Code) = 0.02267, Training (X) = 0.81739, Validation (X) = 0.83456, Training (Z) = 0.82705, Validation (Z) = 0.83456
Epoch 103: Loss = 0.00901, Training (Code) = 0.02152, Validation (Code) = 0.023, Training (X) = 0.81994, Validation (X) = 0.81884, Training (Z) = 0.83349, Validation (Z) = 0.85145
Epoch 104: Loss = 0.00901, Training (Code) = 0.02152, Validation (Code) = 0.02317, Training (X) = 0.81317, Validation (X) = 0.82734, Training (Z) = 0.83833, Validation (Z) = 0.83094
Epoch 105: Loss = 0.00902, Training (Code) = 0.02152, Validation (Code) = 0.02325, Training (X) = 0.81897, Validation (X) = 0.81362, Training (Z) = 0.82865, Validation (Z) = 0.82079
Epoch 106: Loss = 0.00903, Training (Code) = 0.02146, Validation (Code) = 0.02283, Training (X) = 0.8233, Validation (X) = 0.81752, Training (Z) = 0.83689, Validation (Z) = 0.83577
Epoch 107: Loss = 0.00903, Training (Code) = 0.02165, Validation (Code) = 0.02317, Training (X) = 0.82676, Validation (X) = 0.84173, Training (Z) = 0.83734, Validation (Z) = 0.80576
Epoch 108: Loss = 0.00904, Training (Code) = 0.02158, Validation (Code) = 0.0235, Training (X) = 0.82239, Validation (X) = 0.83688, Training (Z) = 0.84363, Validation (Z) = 0.83333
Epoch 109: Loss = 0.00904, Training (Code) = 0.02158, Validation (Code) = 0.02333, Training (X) = 0.81467, Validation (X) = 0.83214, Training (Z) = 0.82239, Validation (Z) = 0.83214
Epoch 110: Loss = 0.00904, Training (Code) = 0.0216, Validation (Code) = 0.02325, Training (X) = 0.83124, Validation (X) = 0.8172, Training (Z) = 0.83703, Validation (Z) = 0.83513
Epoch 111: Loss = 0.00905, Training (Code) = 0.0216, Validation (Code) = 0.02325, Training (X) = 0.83028, Validation (X) = 0.8172, Training (Z) = 0.8351, Validation (Z) = 0.83154
Epoch 112: Loss = 0.00905, Training (Code) = 0.0215, Validation (Code) = 0.02325, Training (X) = 0.83236, Validation (X) = 0.83154, Training (Z) = 0.8343, Validation (Z) = 0.8172
Epoch 113: Loss = 0.00905, Training (Code) = 0.02154, Validation (Code) = 0.02325, Training (X) = 0.82882, Validation (X) = 0.82437, Training (Z) = 0.83172, Validation (Z) = 0.83513
Epoch 114: Loss = 0.00905, Training (Code) = 0.02158, Validation (Code) = 0.02308, Training (X) = 0.82529, Validation (X) = 0.83394, Training (Z) = 0.82336, Validation (Z) = 0.83032
Epoch 115: Loss = 0.00906, Training (Code) = 0.02165, Validation (Code) = 0.023, Training (X) = 0.82772, Validation (X) = 0.81522, Training (Z) = 0.83927, Validation (Z) = 0.83333
Epoch 116: Loss = 0.00906, Training (Code) = 0.02158, Validation (Code) = 0.02317, Training (X) = 0.8388, Validation (X) = 0.82734, Training (Z) = 0.83687, Validation (Z) = 0.83453
Epoch 117: Loss = 0.00906, Training (Code) = 0.0216, Validation (Code) = 0.02317, Training (X) = 0.81099, Validation (X) = 0.82014, Training (Z) = 0.8351, Validation (Z) = 0.83094
Epoch 118: Loss = 0.00906, Training (Code) = 0.02167, Validation (Code) = 0.02342, Training (X) = 0.825, Validation (X) = 0.82206, Training (Z) = 0.82692, Validation (Z) = 0.8363
Epoch 119: Loss = 0.00906, Training (Code) = 0.02162, Validation (Code) = 0.02317, Training (X) = 0.81503, Validation (X) = 0.80935, Training (Z) = 0.83719, Validation (Z) = 0.83094
Epoch 120: Loss = 0.00906, Training (Code) = 0.0216, Validation (Code) = 0.02308, Training (X) = 0.81967, Validation (X) = 0.83394, Training (Z) = 0.8351, Validation (Z) = 0.82671
Epoch 121: Loss = 0.00906, Training (Code) = 0.02165, Validation (Code) = 0.02333, Training (X) = 0.83253, Validation (X) = 0.825, Training (Z) = 0.84023, Validation (Z) = 0.83571
Epoch 122: Loss = 0.00906, Training (Code) = 0.02165, Validation (Code) = 0.02342, Training (X) = 0.83157, Validation (X) = 0.81495, Training (Z) = 0.82964, Validation (Z) = 0.83274
Epoch 123: Loss = 0.00905, Training (Code) = 0.02167, Validation (Code) = 0.02325, Training (X) = 0.83077, Validation (X) = 0.79211, Training (Z) = 0.82692, Validation (Z) = 0.81362
Epoch 124: Loss = 0.00905, Training (Code) = 0.02152, Validation (Code) = 0.02333, Training (X) = 0.83156, Validation (X) = 0.82143, Training (Z) = 0.83446, Validation (Z) = 0.81786
Epoch 125: Loss = 0.00905, Training (Code) = 0.02156, Validation (Code) = 0.0235, Training (X) = 0.82995, Validation (X) = 0.80851, Training (Z) = 0.83671, Validation (Z) = 0.82624
Epoch 126: Loss = 0.00905, Training (Code) = 0.02167, Validation (Code) = 0.02333, Training (X) = 0.80673, Validation (X) = 0.81429, Training (Z) = 0.83654, Validation (Z) = 0.84286
Epoch 127: Loss = 0.00904, Training (Code) = 0.02175, Validation (Code) = 0.02333, Training (X) = 0.83716, Validation (X) = 0.80357, Training (Z) = 0.82663, Validation (Z) = 0.81429
Epoch 128: Loss = 0.00904, Training (Code) = 0.02171, Validation (Code) = 0.02342, Training (X) = 0.82438, Validation (X) = 0.80427, Training (Z) = 0.83397, Validation (Z) = 0.82562
Epoch 129: Loss = 0.00903, Training (Code) = 0.02175, Validation (Code) = 0.02333, Training (X) = 0.82663, Validation (X) = 0.82143, Training (Z) = 0.84195, Validation (Z) = 0.83214
Epoch 130: Loss = 0.00902, Training (Code) = 0.02165, Validation (Code) = 0.02342, Training (X) = 0.82387, Validation (X) = 0.80783, Training (Z) = 0.83542, Validation (Z) = 0.81139
Epoch 131: Loss = 0.00902, Training (Code) = 0.02162, Validation (Code) = 0.02333, Training (X) = 0.82466, Validation (X) = 0.81071, Training (Z) = 0.83622, Validation (Z) = 0.83214
Epoch 132: Loss = 0.00901, Training (Code) = 0.02171, Validation (Code) = 0.02342, Training (X) = 0.83205, Validation (X) = 0.80071, Training (Z) = 0.83589, Validation (Z) = 0.82918
Epoch 133: Loss = 0.009, Training (Code) = 0.02167, Validation (Code) = 0.02333, Training (X) = 0.84808, Validation (X) = 0.82143, Training (Z) = 0.82692, Validation (Z) = 0.83214
Epoch 134: Loss = 0.009, Training (Code) = 0.02152, Validation (Code) = 0.02342, Training (X) = 0.82381, Validation (X) = 0.80071, Training (Z) = 0.83253, Validation (Z) = 0.82562
Epoch 135: Loss = 0.00899, Training (Code) = 0.02177, Validation (Code) = 0.02333, Training (X) = 0.82871, Validation (X) = 0.81071, Training (Z) = 0.83732, Validation (Z) = 0.83571
Epoch 136: Loss = 0.00898, Training (Code) = 0.02165, Validation (Code) = 0.02333, Training (X) = 0.82676, Validation (X) = 0.83571, Training (Z) = 0.84408, Validation (Z) = 0.825
Epoch 137: Loss = 0.00897, Training (Code) = 0.02165, Validation (Code) = 0.02325, Training (X) = 0.82964, Validation (X) = 0.7957, Training (Z) = 0.83542, Validation (Z) = 0.84229
Epoch 138: Loss = 0.00896, Training (Code) = 0.02171, Validation (Code) = 0.02333, Training (X) = 0.83109, Validation (X) = 0.825, Training (Z) = 0.83685, Validation (Z) = 0.83571
Epoch 139: Loss = 0.00896, Training (Code) = 0.02171, Validation (Code) = 0.02342, Training (X) = 0.82726, Validation (X) = 0.82206, Training (Z) = 0.85125, Validation (Z) = 0.84698
Epoch 140: Loss = 0.00895, Training (Code) = 0.02169, Validation (Code) = 0.0235, Training (X) = 0.82709, Validation (X) = 0.8156, Training (Z) = 0.83862, Validation (Z) = 0.82979
Epoch 141: Loss = 0.00894, Training (Code) = 0.02175, Validation (Code) = 0.0235, Training (X) = 0.82375, Validation (X) = 0.8156, Training (Z) = 0.8295, Validation (Z) = 0.8227
Epoch 142: Loss = 0.00894, Training (Code) = 0.02173, Validation (Code) = 0.02333, Training (X) = 0.83126, Validation (X) = 0.81071, Training (Z) = 0.83126, Validation (Z) = 0.83571
Epoch 143: Loss = 0.00893, Training (Code) = 0.02177, Validation (Code) = 0.02342, Training (X) = 0.83062, Validation (X) = 0.81495, Training (Z) = 0.84306, Validation (Z) = 0.84698
Epoch 144: Loss = 0.00892, Training (Code) = 0.02173, Validation (Code) = 0.02342, Training (X) = 0.83317, Validation (X) = 0.82562, Training (Z) = 0.84372, Validation (Z) = 0.84342
Epoch 145: Loss = 0.00891, Training (Code) = 0.02171, Validation (Code) = 0.02325, Training (X) = 0.83301, Validation (X) = 0.83154, Training (Z) = 0.84165, Validation (Z) = 0.85663
Epoch 146: Loss = 0.00891, Training (Code) = 0.02169, Validation (Code) = 0.02333, Training (X) = 0.82229, Validation (X) = 0.80714, Training (Z) = 0.83862, Validation (Z) = 0.83571
Epoch 147: Loss = 0.0089, Training (Code) = 0.02177, Validation (Code) = 0.02333, Training (X) = 0.84498, Validation (X) = 0.8, Training (Z) = 0.84211, Validation (Z) = 0.82857
Epoch 148: Loss = 0.00889, Training (Code) = 0.02179, Validation (Code) = 0.02342, Training (X) = 0.8327, Validation (X) = 0.82918, Training (Z) = 0.83843, Validation (Z) = 0.84698
Epoch 149: Loss = 0.00889, Training (Code) = 0.02179, Validation (Code) = 0.0235, Training (X) = 0.83843, Validation (X) = 0.8156, Training (Z) = 0.83652, Validation (Z) = 0.84043
Epoch 150: Loss = 0.00888, Training (Code) = 0.02181, Validation (Code) = 0.02333, Training (X) = 0.82904, Validation (X) = 0.80357, Training (Z) = 0.8233, Validation (Z) = 0.82143
Epoch 151: Loss = 0.00887, Training (Code) = 0.02179, Validation (Code) = 0.02342, Training (X) = 0.82792, Validation (X) = 0.83274, Training (Z) = 0.84034, Validation (Z) = 0.8363
Epoch 152: Loss = 0.00887, Training (Code) = 0.0216, Validation (Code) = 0.02325, Training (X) = 0.82932, Validation (X) = 0.81362, Training (Z) = 0.83992, Validation (Z) = 0.83871
Epoch 153: Loss = 0.00886, Training (Code) = 0.02177, Validation (Code) = 0.0235, Training (X) = 0.82871, Validation (X) = 0.82624, Training (Z) = 0.83445, Validation (Z) = 0.84043
Epoch 154: Loss = 0.00885, Training (Code) = 0.02183, Validation (Code) = 0.0235, Training (X) = 0.83492, Validation (X) = 0.82979, Training (Z) = 0.83111, Validation (Z) = 0.81915
Epoch 155: Loss = 0.00884, Training (Code) = 0.02162, Validation (Code) = 0.02342, Training (X) = 0.82081, Validation (X) = 0.82918, Training (Z) = 0.83622, Validation (Z) = 0.81139
Epoch 156: Loss = 0.00884, Training (Code) = 0.02181, Validation (Code) = 0.02333, Training (X) = 0.82617, Validation (X) = 0.81429, Training (Z) = 0.83859, Validation (Z) = 0.84286
Epoch 157: Loss = 0.00883, Training (Code) = 0.02181, Validation (Code) = 0.02342, Training (X) = 0.83286, Validation (X) = 0.81851, Training (Z) = 0.84336, Validation (Z) = 0.85053
Epoch 158: Loss = 0.00882, Training (Code) = 0.02179, Validation (Code) = 0.02342, Training (X) = 0.83748, Validation (X) = 0.83986, Training (Z) = 0.82696, Validation (Z) = 0.84342
Epoch 159: Loss = 0.00882, Training (Code) = 0.02181, Validation (Code) = 0.02342, Training (X) = 0.82999, Validation (X) = 0.83274, Training (Z) = 0.82904, Validation (Z) = 0.83274
Epoch 160: Loss = 0.00881, Training (Code) = 0.02175, Validation (Code) = 0.0235, Training (X) = 0.82088, Validation (X) = 0.84397, Training (Z) = 0.83716, Validation (Z) = 0.84043
Epoch 161: Loss = 0.0088, Training (Code) = 0.02181, Validation (Code) = 0.02342, Training (X) = 0.83668, Validation (X) = 0.82206, Training (Z) = 0.84909, Validation (Z) = 0.84342
Epoch 162: Loss = 0.00879, Training (Code) = 0.02167, Validation (Code) = 0.02342, Training (X) = 0.83173, Validation (X) = 0.80427, Training (Z) = 0.83173, Validation (Z) = 0.83274
Epoch 163: Loss = 0.00879, Training (Code) = 0.02177, Validation (Code) = 0.02342, Training (X) = 0.82392, Validation (X) = 0.82562, Training (Z) = 0.82679, Validation (Z) = 0.82562
Epoch 164: Loss = 0.00878, Training (Code) = 0.02175, Validation (Code) = 0.0235, Training (X) = 0.83621, Validation (X) = 0.82624, Training (Z) = 0.83908, Validation (Z) = 0.8227
Epoch 165: Loss = 0.00877, Training (Code) = 0.02173, Validation (Code) = 0.0235, Training (X) = 0.82263, Validation (X) = 0.83688, Training (Z) = 0.83797, Validation (Z) = 0.84043
Epoch 166: Loss = 0.00876, Training (Code) = 0.02171, Validation (Code) = 0.0235, Training (X) = 0.83877, Validation (X) = 0.84043, Training (Z) = 0.84069, Validation (Z) = 0.84397
Epoch 167: Loss = 0.00875, Training (Code) = 0.02177, Validation (Code) = 0.0235, Training (X) = 0.83828, Validation (X) = 0.82624, Training (Z) = 0.84019, Validation (Z) = 0.84043
Epoch 168: Loss = 0.00875, Training (Code) = 0.02179, Validation (Code) = 0.0235, Training (X) = 0.8413, Validation (X) = 0.80851, Training (Z) = 0.83843, Validation (Z) = 0.84397
Epoch 169: Loss = 0.00874, Training (Code) = 0.02181, Validation (Code) = 0.02342, Training (X) = 0.82808, Validation (X) = 0.82562, Training (Z) = 0.83763, Validation (Z) = 0.82562
Epoch 170: Loss = 0.00873, Training (Code) = 0.02173, Validation (Code) = 0.02342, Training (X) = 0.82454, Validation (X) = 0.79359, Training (Z) = 0.85043, Validation (Z) = 0.83274
Epoch 171: Loss = 0.00872, Training (Code) = 0.02171, Validation (Code) = 0.0235, Training (X) = 0.83493, Validation (X) = 0.82624, Training (Z) = 0.84453, Validation (Z) = 0.83333
Epoch 172: Loss = 0.00871, Training (Code) = 0.02173, Validation (Code) = 0.02317, Training (X) = 0.83413, Validation (X) = 0.82014, Training (Z) = 0.83413, Validation (Z) = 0.82374
Epoch 173: Loss = 0.0087, Training (Code) = 0.02171, Validation (Code) = 0.02333, Training (X) = 0.83013, Validation (X) = 0.81786, Training (Z) = 0.84453, Validation (Z) = 0.83929
Epoch 174: Loss = 0.00869, Training (Code) = 0.02167, Validation (Code) = 0.02342, Training (X) = 0.84038, Validation (X) = 0.82206, Training (Z) = 0.83462, Validation (Z) = 0.8363
Epoch 175: Loss = 0.00868, Training (Code) = 0.02179, Validation (Code) = 0.02342, Training (X) = 0.82792, Validation (X) = 0.84342, Training (Z) = 0.82887, Validation (Z) = 0.83986
Epoch 176: Loss = 0.00867, Training (Code) = 0.02177, Validation (Code) = 0.02333, Training (X) = 0.83541, Validation (X) = 0.82143, Training (Z) = 0.83541, Validation (Z) = 0.83929
Epoch 177: Loss = 0.00866, Training (Code) = 0.02179, Validation (Code) = 0.02333, Training (X) = 0.8327, Validation (X) = 0.82143, Training (Z) = 0.83461, Validation (Z) = 0.83929
Epoch 178: Loss = 0.00865, Training (Code) = 0.02173, Validation (Code) = 0.02333, Training (X) = 0.84276, Validation (X) = 0.80357, Training (Z) = 0.83701, Validation (Z) = 0.84286
Epoch 179: Loss = 0.00864, Training (Code) = 0.02179, Validation (Code) = 0.02333, Training (X) = 0.83843, Validation (X) = 0.82143, Training (Z) = 0.83843, Validation (Z) = 0.82143
Epoch 180: Loss = 0.00863, Training (Code) = 0.02171, Validation (Code) = 0.02333, Training (X) = 0.83109, Validation (X) = 0.81786, Training (Z) = 0.83973, Validation (Z) = 0.83929
Epoch 181: Loss = 0.00862, Training (Code) = 0.02177, Validation (Code) = 0.02342, Training (X) = 0.82871, Validation (X) = 0.80783, Training (Z) = 0.83828, Validation (Z) = 0.83986
Epoch 182: Loss = 0.0086, Training (Code) = 0.02177, Validation (Code) = 0.02333, Training (X) = 0.83541, Validation (X) = 0.82143, Training (Z) = 0.84785, Validation (Z) = 0.82857
Epoch 183: Loss = 0.00859, Training (Code) = 0.02179, Validation (Code) = 0.02342, Training (X) = 0.83078, Validation (X) = 0.81851, Training (Z) = 0.83843, Validation (Z) = 0.82562
Epoch 184: Loss = 0.00858, Training (Code) = 0.02179, Validation (Code) = 0.0235, Training (X) = 0.83939, Validation (X) = 0.83333, Training (Z) = 0.83652, Validation (Z) = 0.83333
Epoch 185: Loss = 0.00857, Training (Code) = 0.02179, Validation (Code) = 0.0235, Training (X) = 0.83556, Validation (X) = 0.81206, Training (Z) = 0.82792, Validation (Z) = 0.82624
Epoch 186: Loss = 0.00856, Training (Code) = 0.02175, Validation (Code) = 0.02325, Training (X) = 0.8295, Validation (X) = 0.81362, Training (Z) = 0.84387, Validation (Z) = 0.83871
Epoch 187: Loss = 0.00855, Training (Code) = 0.02177, Validation (Code) = 0.0235, Training (X) = 0.82871, Validation (X) = 0.83333, Training (Z) = 0.83254, Validation (Z) = 0.83688
Epoch 188: Loss = 0.00853, Training (Code) = 0.02171, Validation (Code) = 0.0235, Training (X) = 0.83685, Validation (X) = 0.8227, Training (Z) = 0.84357, Validation (Z) = 0.84397
Epoch 189: Loss = 0.00852, Training (Code) = 0.02175, Validation (Code) = 0.02333, Training (X) = 0.83812, Validation (X) = 0.84643, Training (Z) = 0.84291, Validation (Z) = 0.84286
Epoch 190: Loss = 0.00851, Training (Code) = 0.02179, Validation (Code) = 0.02342, Training (X) = 0.83365, Validation (X) = 0.83986, Training (Z) = 0.83939, Validation (Z) = 0.8363
Epoch 191: Loss = 0.0085, Training (Code) = 0.02175, Validation (Code) = 0.02342, Training (X) = 0.82759, Validation (X) = 0.81851, Training (Z) = 0.84004, Validation (Z) = 0.83274
Epoch 192: Loss = 0.00849, Training (Code) = 0.02177, Validation (Code) = 0.02333, Training (X) = 0.83349, Validation (X) = 0.84286, Training (Z) = 0.83636, Validation (Z) = 0.83214
Epoch 193: Loss = 0.00848, Training (Code) = 0.02179, Validation (Code) = 0.0235, Training (X) = 0.82122, Validation (X) = 0.82624, Training (Z) = 0.83748, Validation (Z) = 0.85106
Epoch 194: Loss = 0.00847, Training (Code) = 0.02177, Validation (Code) = 0.02342, Training (X) = 0.83158, Validation (X) = 0.82562, Training (Z) = 0.84689, Validation (Z) = 0.8363
Epoch 195: Loss = 0.00847, Training (Code) = 0.02175, Validation (Code) = 0.02342, Training (X) = 0.8228, Validation (X) = 0.82206, Training (Z) = 0.83429, Validation (Z) = 0.82562
Epoch 196: Loss = 0.00846, Training (Code) = 0.02177, Validation (Code) = 0.02342, Training (X) = 0.83923, Validation (X) = 0.82206, Training (Z) = 0.83732, Validation (Z) = 0.82206
Epoch 197: Loss = 0.00845, Training (Code) = 0.02183, Validation (Code) = 0.02333, Training (X) = 0.83397, Validation (X) = 0.825, Training (Z) = 0.84351, Validation (Z) = 0.84286
Epoch 198: Loss = 0.00844, Training (Code) = 0.02175, Validation (Code) = 0.02317, Training (X) = 0.84291, Validation (X) = 0.81295, Training (Z) = 0.841, Validation (Z) = 0.82014
Epoch 199: Loss = 0.00844, Training (Code) = 0.02181, Validation (Code) = 0.02333, Training (X) = 0.83763, Validation (X) = 0.82143, Training (Z) = 0.84241, Validation (Z) = 0.83214
Epoch 200: Loss = 0.00843, Training (Code) = 0.02171, Validation (Code) = 0.0235, Training (X) = 0.83973, Validation (X) = 0.82624, Training (Z) = 0.83877, Validation (Z) = 0.85816
