==========================================
SLURM_JOB_ID = 6161433
SLURM_JOB_NODELIST = e16-13
TMPDIR = /tmp/SLURM_6161433
==========================================
10_11_08_55_57_934 [6, 40, 40, 40, 40, 14] [Tanh(), Tanh(), Tanh(), Tanh(), Tanh(), Sigmoid()] 200 5e-05 25
Epoch 1: Loss = 0.38284, Training (Code) = 0.63429, Validation (Code) = 0.63392, Training (X) = 0.89667, Validation (X) = 0.89326, Training (Z) = 0.89384, Validation (Z) = 0.89654
Epoch 2: Loss = 0.3148, Training (Code) = 0.71358, Validation (Code) = 0.70642, Training (X) = 0.89247, Validation (X) = 0.891, Training (Z) = 0.8904, Validation (Z) = 0.89525
Epoch 3: Loss = 0.26396, Training (Code) = 0.77267, Validation (Code) = 0.7705, Training (X) = 0.89328, Validation (X) = 0.88947, Training (Z) = 0.88905, Validation (Z) = 0.88579
Epoch 4: Loss = 0.24483, Training (Code) = 0.80552, Validation (Code) = 0.80733, Training (X) = 0.89404, Validation (X) = 0.8909, Training (Z) = 0.88923, Validation (Z) = 0.88594
Epoch 5: Loss = 0.23748, Training (Code) = 0.82437, Validation (Code) = 0.82325, Training (X) = 0.88971, Validation (X) = 0.89139, Training (Z) = 0.88934, Validation (Z) = 0.88855
Epoch 6: Loss = 0.23429, Training (Code) = 0.83529, Validation (Code) = 0.83858, Training (X) = 0.89096, Validation (X) = 0.88731, Training (Z) = 0.88861, Validation (Z) = 0.89019
Epoch 7: Loss = 0.23282, Training (Code) = 0.84296, Validation (Code) = 0.84025, Training (X) = 0.8915, Validation (X) = 0.88902, Training (Z) = 0.88817, Validation (Z) = 0.88614
Epoch 8: Loss = 0.23207, Training (Code) = 0.8451, Validation (Code) = 0.843, Training (X) = 0.89116, Validation (X) = 0.89185, Training (Z) = 0.88727, Validation (Z) = 0.89126
Epoch 9: Loss = 0.23161, Training (Code) = 0.85025, Validation (Code) = 0.84992, Training (X) = 0.889, Validation (X) = 0.88773, Training (Z) = 0.88785, Validation (Z) = 0.88852
Epoch 10: Loss = 0.23123, Training (Code) = 0.85594, Validation (Code) = 0.854, Training (X) = 0.89125, Validation (X) = 0.88681, Training (Z) = 0.88823, Validation (Z) = 0.88329
Epoch 11: Loss = 0.2309, Training (Code) = 0.85608, Validation (Code) = 0.86192, Training (X) = 0.88978, Validation (X) = 0.8835, Training (Z) = 0.88708, Validation (Z) = 0.88833
Epoch 12: Loss = 0.2306, Training (Code) = 0.86181, Validation (Code) = 0.85925, Training (X) = 0.8865, Validation (X) = 0.88876, Training (Z) = 0.88517, Validation (Z) = 0.8875
Epoch 13: Loss = 0.23034, Training (Code) = 0.8641, Validation (Code) = 0.86292, Training (X) = 0.88775, Validation (X) = 0.88836, Training (Z) = 0.88553, Validation (Z) = 0.88595
Epoch 14: Loss = 0.23015, Training (Code) = 0.86787, Validation (Code) = 0.86058, Training (X) = 0.88708, Validation (X) = 0.8839, Training (Z) = 0.88463, Validation (Z) = 0.88864
Epoch 15: Loss = 0.23, Training (Code) = 0.86898, Validation (Code) = 0.86692, Training (X) = 0.88739, Validation (X) = 0.88532, Training (Z) = 0.88531, Validation (Z) = 0.8859
Epoch 16: Loss = 0.22989, Training (Code) = 0.87152, Validation (Code) = 0.86992, Training (X) = 0.88774, Validation (X) = 0.88581, Training (Z) = 0.88595, Validation (Z) = 0.88332
Epoch 17: Loss = 0.22979, Training (Code) = 0.87294, Validation (Code) = 0.86917, Training (X) = 0.88707, Validation (X) = 0.88936, Training (Z) = 0.88626, Validation (Z) = 0.88639
Epoch 18: Loss = 0.2297, Training (Code) = 0.87381, Validation (Code) = 0.8725, Training (X) = 0.88711, Validation (X) = 0.88653, Training (Z) = 0.88415, Validation (Z) = 0.88424
Epoch 19: Loss = 0.22957, Training (Code) = 0.87515, Validation (Code) = 0.87333, Training (X) = 0.88692, Validation (X) = 0.89218, Training (Z) = 0.88376, Validation (Z) = 0.88235
Epoch 20: Loss = 0.22941, Training (Code) = 0.87567, Validation (Code) = 0.87758, Training (X) = 0.88701, Validation (X) = 0.88434, Training (Z) = 0.88307, Validation (Z) = 0.8871
Epoch 21: Loss = 0.22922, Training (Code) = 0.87596, Validation (Code) = 0.8765, Training (X) = 0.8851, Validation (X) = 0.88876, Training (Z) = 0.88572, Validation (Z) = 0.88325
Epoch 22: Loss = 0.22901, Training (Code) = 0.87735, Validation (Code) = 0.87292, Training (X) = 0.88659, Validation (X) = 0.88544, Training (Z) = 0.88469, Validation (Z) = 0.88535
Epoch 23: Loss = 0.2288, Training (Code) = 0.87758, Validation (Code) = 0.87742, Training (X) = 0.88634, Validation (X) = 0.88764, Training (Z) = 0.8828, Validation (Z) = 0.88356
Epoch 24: Loss = 0.2286, Training (Code) = 0.87833, Validation (Code) = 0.8785, Training (X) = 0.88795, Validation (X) = 0.88427, Training (Z) = 0.88532, Validation (Z) = 0.88475
Epoch 25: Loss = 0.22839, Training (Code) = 0.87985, Validation (Code) = 0.88042, Training (X) = 0.88724, Validation (X) = 0.88945, Training (Z) = 0.88289, Validation (Z) = 0.88377
Epoch 26: Loss = 0.22819, Training (Code) = 0.8804, Validation (Code) = 0.8775, Training (X) = 0.88488, Validation (X) = 0.88395, Training (Z) = 0.88488, Validation (Z) = 0.88177
Epoch 27: Loss = 0.22798, Training (Code) = 0.88377, Validation (Code) = 0.88558, Training (X) = 0.88685, Validation (X) = 0.8836, Training (Z) = 0.88322, Validation (Z) = 0.88586
Epoch 28: Loss = 0.22776, Training (Code) = 0.88171, Validation (Code) = 0.88083, Training (X) = 0.88673, Validation (X) = 0.88694, Training (Z) = 0.88228, Validation (Z) = 0.88411
Epoch 29: Loss = 0.22754, Training (Code) = 0.88273, Validation (Code) = 0.88233, Training (X) = 0.88601, Validation (X) = 0.88478, Training (Z) = 0.88381, Validation (Z) = 0.8878
Epoch 30: Loss = 0.2273, Training (Code) = 0.88273, Validation (Code) = 0.88, Training (X) = 0.88518, Validation (X) = 0.88759, Training (Z) = 0.88405, Validation (Z) = 0.88627
Epoch 31: Loss = 0.22706, Training (Code) = 0.88483, Validation (Code) = 0.88225, Training (X) = 0.88771, Validation (X) = 0.88543, Training (Z) = 0.88225, Validation (Z) = 0.88335
Epoch 32: Loss = 0.22682, Training (Code) = 0.88392, Validation (Code) = 0.88442, Training (X) = 0.88635, Validation (X) = 0.88505, Training (Z) = 0.88559, Validation (Z) = 0.88307
Epoch 33: Loss = 0.22656, Training (Code) = 0.88542, Validation (Code) = 0.88267, Training (X) = 0.886, Validation (X) = 0.88529, Training (Z) = 0.88376, Validation (Z) = 0.88312
Epoch 34: Loss = 0.22631, Training (Code) = 0.88687, Validation (Code) = 0.88125, Training (X) = 0.88558, Validation (X) = 0.8835, Training (Z) = 0.88311, Validation (Z) = 0.88331
Epoch 35: Loss = 0.22605, Training (Code) = 0.88542, Validation (Code) = 0.88717, Training (X) = 0.88666, Validation (X) = 0.8854, Training (Z) = 0.88395, Validation (Z) = 0.88108
Epoch 36: Loss = 0.22579, Training (Code) = 0.88635, Validation (Code) = 0.88608, Training (X) = 0.88671, Validation (X) = 0.89015, Training (Z) = 0.8864, Validation (Z) = 0.8894
Epoch 37: Loss = 0.22552, Training (Code) = 0.88944, Validation (Code) = 0.88192, Training (X) = 0.88724, Validation (X) = 0.88756, Training (Z) = 0.8831, Validation (Z) = 0.88444
Epoch 38: Loss = 0.22526, Training (Code) = 0.88538, Validation (Code) = 0.88883, Training (X) = 0.88677, Validation (X) = 0.88515, Training (Z) = 0.88559, Validation (Z) = 0.88309
Epoch 39: Loss = 0.225, Training (Code) = 0.8874, Validation (Code) = 0.88417, Training (X) = 0.88546, Validation (X) = 0.88624, Training (Z) = 0.88532, Validation (Z) = 0.88549
Epoch 40: Loss = 0.22473, Training (Code) = 0.88858, Validation (Code) = 0.88525, Training (X) = 0.88477, Validation (X) = 0.88374, Training (Z) = 0.88423, Validation (Z) = 0.88365
Epoch 41: Loss = 0.22447, Training (Code) = 0.88815, Validation (Code) = 0.8855, Training (X) = 0.88569, Validation (X) = 0.88425, Training (Z) = 0.884, Validation (Z) = 0.88858
Epoch 42: Loss = 0.22422, Training (Code) = 0.88625, Validation (Code) = 0.8845, Training (X) = 0.88787, Validation (X) = 0.88939, Training (Z) = 0.88611, Validation (Z) = 0.89024
Epoch 43: Loss = 0.22396, Training (Code) = 0.88858, Validation (Code) = 0.88692, Training (X) = 0.88605, Validation (X) = 0.88565, Training (Z) = 0.88434, Validation (Z) = 0.8849
Epoch 44: Loss = 0.22371, Training (Code) = 0.88798, Validation (Code) = 0.8835, Training (X) = 0.88537, Validation (X) = 0.88653, Training (Z) = 0.88494, Validation (Z) = 0.8887
Epoch 45: Loss = 0.22346, Training (Code) = 0.88648, Validation (Code) = 0.88942, Training (X) = 0.88778, Validation (X) = 0.88419, Training (Z) = 0.88433, Validation (Z) = 0.88344
Epoch 46: Loss = 0.22322, Training (Code) = 0.89069, Validation (Code) = 0.89117, Training (X) = 0.88513, Validation (X) = 0.88667, Training (Z) = 0.88427, Validation (Z) = 0.8848
Epoch 47: Loss = 0.22298, Training (Code) = 0.88896, Validation (Code) = 0.88908, Training (X) = 0.88601, Validation (X) = 0.88818, Training (Z) = 0.88521, Validation (Z) = 0.88499
Epoch 48: Loss = 0.22274, Training (Code) = 0.88998, Validation (Code) = 0.88908, Training (X) = 0.88567, Validation (X) = 0.88406, Training (Z) = 0.88551, Validation (Z) = 0.88284
Epoch 49: Loss = 0.22252, Training (Code) = 0.88742, Validation (Code) = 0.8855, Training (X) = 0.88722, Validation (X) = 0.88406, Training (Z) = 0.8859, Validation (Z) = 0.88406
Epoch 50: Loss = 0.22229, Training (Code) = 0.89077, Validation (Code) = 0.8925, Training (X) = 0.88664, Validation (X) = 0.88562, Training (Z) = 0.8829, Validation (Z) = 0.88441
Epoch 51: Loss = 0.22207, Training (Code) = 0.89121, Validation (Code) = 0.88925, Training (X) = 0.88555, Validation (X) = 0.88342, Training (Z) = 0.8834, Validation (Z) = 0.88605
Epoch 52: Loss = 0.22186, Training (Code) = 0.88902, Validation (Code) = 0.89283, Training (X) = 0.88649, Validation (X) = 0.88398, Training (Z) = 0.88698, Validation (Z) = 0.88473
Traceback (most recent call last):
  File "source/pprabhu_driver.py", line 95, in <module>
  File "/project/tbrun_769/qdec/source/neural_net.py", line 67, in train
  File "/project/tbrun_769/envs/qdec/lib/python3.8/site-packages/torch/serialization.py", line 376, in save
    with _open_file_like(f, 'wb') as opened_file:
  File "/project/tbrun_769/envs/qdec/lib/python3.8/site-packages/torch/serialization.py", line 230, in _open_file_like
    return _open_file(name_or_buffer, mode)
  File "/project/tbrun_769/envs/qdec/lib/python3.8/site-packages/torch/serialization.py", line 211, in __init__
    super(_open_file, self).__init__(open(name, mode))
PermissionError: [Errno 13] Permission denied: '/project/tbrun_769/qdec/models/model_10_11_08_55_57_934.pt'
